   1              		.cpu cortex-m3
   2              		.eabi_attribute 20, 1
   3              		.eabi_attribute 21, 1
   4              		.eabi_attribute 23, 3
   5              		.eabi_attribute 24, 1
   6              		.eabi_attribute 25, 1
   7              		.eabi_attribute 26, 1
   8              		.eabi_attribute 30, 4
   9              		.eabi_attribute 34, 1
  10              		.eabi_attribute 18, 4
  11              		.file	"motorSettings.cpp"
  12              		.text
  13              	.Ltext0:
  14              		.cfi_sections	.debug_frame
  15              		.align	1
  16              		.global	_ZN13motorSettingsC2Ev
  17              		.syntax unified
  18              		.thumb
  19              		.thumb_func
  20              		.fpu softvfp
  22              	_ZN13motorSettingsC2Ev:
  23              		.fnstart
  24              	.LFB1139:
  25              		.file 1 "src/motorSettings.cpp"
   1:src/motorSettings.cpp **** #include "motorSettings.h"
   2:src/motorSettings.cpp **** #include "servo.h"
   3:src/motorSettings.cpp **** //#include "dcMotor.h"
   4:src/motorSettings.cpp **** 
   5:src/motorSettings.cpp **** 
   6:src/motorSettings.cpp **** motorSettings::motorSettings()
  26              		.loc 1 6 0
  27              		.cfi_startproc
  28              		@ args = 0, pretend = 0, frame = 0
  29              		@ frame_needed = 0, uses_anonymous_args = 0
  30              		@ link register save eliminated.
  31              	.LVL0:
  32              	.LBB2:
   7:src/motorSettings.cpp **** {
   8:src/motorSettings.cpp ****     //  preset general defaults
   9:src/motorSettings.cpp **** 
  10:src/motorSettings.cpp ****     m_motorType = 0;
  33              		.loc 1 10 0
  34 0000 0022     		movs	r2, #0
  35 0002 0260     		str	r2, [r0]
  36              	.LBE2:
  11:src/motorSettings.cpp **** 
  12:src/motorSettings.cpp ****     //  motor defaults
  13:src/motorSettings.cpp **** 
  14:src/motorSettings.cpp ****     /*m_MPU9150GyroAccelSampleRate = 50;
  15:src/motorSettings.cpp ****     m_MPU9150CompassSampleRate = 25;
  16:src/motorSettings.cpp ****     m_MPU9150GyroAccelLpf = MPU9150_LPF_20;
  17:src/motorSettings.cpp ****     m_MPU9150GyroFsr = MPU9150_GYROFSR_1000;
  18:src/motorSettings.cpp ****     m_MPU9150AccelFsr = MPU9150_ACCELFSR_8;*/
  19:src/motorSettings.cpp **** }
  37              		.loc 1 19 0
  38 0004 7047     		bx	lr
  39              		.cfi_endproc
  40              	.LFE1139:
  41              		.cantunwind
  42              		.fnend
  44              		.global	_ZN13motorSettingsC1Ev
  45              		.thumb_set _ZN13motorSettingsC1Ev,_ZN13motorSettingsC2Ev
  46              		.align	1
  47              		.global	_ZN13motorSettingsC2EiPKcP11TIM_TypeDefi
  48              		.syntax unified
  49              		.thumb
  50              		.thumb_func
  51              		.fpu softvfp
  53              	_ZN13motorSettingsC2EiPKcP11TIM_TypeDefi:
  54              		.fnstart
  55              	.LFB1142:
  20:src/motorSettings.cpp **** 
  21:src/motorSettings.cpp **** motorSettings::motorSettings(int type, const char* name, TIM_TypeDef* timer, int timerChannel)
  56              		.loc 1 21 0
  57              		.cfi_startproc
  58              		@ args = 4, pretend = 0, frame = 0
  59              		@ frame_needed = 0, uses_anonymous_args = 0
  60              	.LVL1:
  61 0006 10B5     		push	{r4, lr}
  62              	.LCFI0:
  63              		.cfi_def_cfa_offset 8
  64              		.cfi_offset 4, -8
  65              		.cfi_offset 14, -4
  66              	.LBB3:
  22:src/motorSettings.cpp **** {
  23:src/motorSettings.cpp ****     //  preset general defaults
  24:src/motorSettings.cpp **** 
  25:src/motorSettings.cpp ****     m_motorType = type;
  26:src/motorSettings.cpp ****     m_motorName = name;
  27:src/motorSettings.cpp ****     m_Timer = timer;
  67              		.loc 1 27 0
  68 0008 80E80E00 		stm	r0, {r1, r2, r3}
  28:src/motorSettings.cpp ****     m_TimerChannel = timerChannel;
  69              		.loc 1 28 0
  70 000c 029B     		ldr	r3, [sp, #8]
  71              	.LVL2:
  72 000e C360     		str	r3, [r0, #12]
  73              	.LBE3:
  29:src/motorSettings.cpp **** 
  30:src/motorSettings.cpp ****     //  motor defaults
  31:src/motorSettings.cpp **** 
  32:src/motorSettings.cpp ****     /*m_MPU9150GyroAccelSampleRate = 50;
  33:src/motorSettings.cpp ****     m_MPU9150CompassSampleRate = 25;
  34:src/motorSettings.cpp ****     m_MPU9150GyroAccelLpf = MPU9150_LPF_20;
  35:src/motorSettings.cpp ****     m_MPU9150GyroFsr = MPU9150_GYROFSR_1000;
  36:src/motorSettings.cpp ****     m_MPU9150AccelFsr = MPU9150_ACCELFSR_8;*/
  37:src/motorSettings.cpp **** }
  74              		.loc 1 37 0
  75 0010 10BD     		pop	{r4, pc}
  76              		.cfi_endproc
  77              	.LFE1142:
  78              		.cantunwind
  79              		.fnend
  81              		.global	_ZN13motorSettingsC1EiPKcP11TIM_TypeDefi
  82              		.thumb_set _ZN13motorSettingsC1EiPKcP11TIM_TypeDefi,_ZN13motorSettingsC2EiPKcP11TIM_TypeDefi
  83              		.align	1
  84              		.global	_ZN13motorSettings9setDCPinsEiP12GPIO_TypeDefiS1_iS1_iS1_iS1_
  85              		.syntax unified
  86              		.thumb
  87              		.thumb_func
  88              		.fpu softvfp
  90              	_ZN13motorSettings9setDCPinsEiP12GPIO_TypeDefiS1_iS1_iS1_iS1_:
  91              		.fnstart
  92              	.LFB1144:
  38:src/motorSettings.cpp **** 
  39:src/motorSettings.cpp **** void motorSettings::setDCPins(int m_DCInAPin_, GPIO_TypeDef* m_DCInAPort_, int m_DCEnAPin_, GPIO_Ty
  40:src/motorSettings.cpp ****                                  int m_DCInBPin_, GPIO_TypeDef* m_DCInBPort_, int m_DCEnBPin_, 
  41:src/motorSettings.cpp ****                                  GPIO_TypeDef* m_DCEnBPort_, int m_DCPWMPin_, GPIO_TypeDef* m_DCPWM
  93              		.loc 1 41 0
  94              		.cfi_startproc
  95              		@ args = 28, pretend = 0, frame = 0
  96              		@ frame_needed = 0, uses_anonymous_args = 0
  97              		@ link register save eliminated.
  98              	.LVL3:
  42:src/motorSettings.cpp **** 
  43:src/motorSettings.cpp ****     m_DCInAPin = m_DCInAPin_;
  44:src/motorSettings.cpp ****     m_DCInAPort = m_DCInAPort_;
  45:src/motorSettings.cpp ****     m_DCEnAPin = m_DCEnAPin_;
  99              		.loc 1 45 0
 100 0012 8362     		str	r3, [r0, #40]
  46:src/motorSettings.cpp ****     m_DCEnAPort = m_DCEnAPort_;
 101              		.loc 1 46 0
 102 0014 009B     		ldr	r3, [sp]
 103              	.LVL4:
  43:src/motorSettings.cpp ****     m_DCInAPort = m_DCInAPort_;
 104              		.loc 1 43 0
 105 0016 0162     		str	r1, [r0, #32]
 106              		.loc 1 46 0
 107 0018 C362     		str	r3, [r0, #44]
  47:src/motorSettings.cpp ****     m_DCInBPin = m_DCInBPin_;
 108              		.loc 1 47 0
 109 001a 019B     		ldr	r3, [sp, #4]
  44:src/motorSettings.cpp ****     m_DCEnAPin = m_DCEnAPin_;
 110              		.loc 1 44 0
 111 001c 4262     		str	r2, [r0, #36]
 112              		.loc 1 47 0
 113 001e 0363     		str	r3, [r0, #48]
  48:src/motorSettings.cpp ****     m_DCInBPort = m_DCInBPort_;
 114              		.loc 1 48 0
 115 0020 029B     		ldr	r3, [sp, #8]
 116 0022 4363     		str	r3, [r0, #52]
  49:src/motorSettings.cpp ****     m_DCEnBPin = m_DCEnBPin_;
 117              		.loc 1 49 0
 118 0024 039B     		ldr	r3, [sp, #12]
 119 0026 8363     		str	r3, [r0, #56]
  50:src/motorSettings.cpp ****     m_DCEnBPort = m_DCEnBPort_;
 120              		.loc 1 50 0
 121 0028 049B     		ldr	r3, [sp, #16]
 122 002a C363     		str	r3, [r0, #60]
  51:src/motorSettings.cpp ****     m_DCPWMPin = m_DCPWMPin_;
 123              		.loc 1 51 0
 124 002c 059B     		ldr	r3, [sp, #20]
 125 002e 0364     		str	r3, [r0, #64]
  52:src/motorSettings.cpp ****     m_DCPWMPort = m_DCPWMPort_;
 126              		.loc 1 52 0
 127 0030 069B     		ldr	r3, [sp, #24]
 128 0032 4364     		str	r3, [r0, #68]
 129 0034 7047     		bx	lr
 130              		.cfi_endproc
 131              	.LFE1144:
 132              		.cantunwind
 133              		.fnend
 135              		.align	1
 136              		.global	_ZN13motorSettings12setRegulatorEfffff
 137              		.syntax unified
 138              		.thumb
 139              		.thumb_func
 140              		.fpu softvfp
 142              	_ZN13motorSettings12setRegulatorEfffff:
 143              		.fnstart
 144              	.LFB1145:
  53:src/motorSettings.cpp **** }
  54:src/motorSettings.cpp **** 
  55:src/motorSettings.cpp **** void motorSettings::setRegulator(float FF_, float KP_, float KI_, float KD_, float integralSaturati
 145              		.loc 1 55 0
 146              		.cfi_startproc
 147              		@ args = 8, pretend = 0, frame = 0
 148              		@ frame_needed = 0, uses_anonymous_args = 0
 149              		@ link register save eliminated.
 150              	.LVL5:
  56:src/motorSettings.cpp ****     FF = FF_;
  57:src/motorSettings.cpp ****     KP = KP_;
  58:src/motorSettings.cpp ****     KI = KI_;
 151              		.loc 1 58 0
 152 0036 8365     		str	r3, [r0, #88]	@ float
  59:src/motorSettings.cpp ****     KD = KD_;
 153              		.loc 1 59 0
 154 0038 009B     		ldr	r3, [sp]	@ float
 155              	.LVL6:
  56:src/motorSettings.cpp ****     FF = FF_;
 156              		.loc 1 56 0
 157 003a 0165     		str	r1, [r0, #80]	@ float
 158              		.loc 1 59 0
 159 003c C365     		str	r3, [r0, #92]	@ float
  60:src/motorSettings.cpp ****     integralSaturation = integralSaturation_;
 160              		.loc 1 60 0
 161 003e 019B     		ldr	r3, [sp, #4]	@ float
  57:src/motorSettings.cpp ****     KI = KI_;
 162              		.loc 1 57 0
 163 0040 4265     		str	r2, [r0, #84]	@ float
 164              		.loc 1 60 0
 165 0042 0366     		str	r3, [r0, #96]	@ float
 166 0044 7047     		bx	lr
 167              		.cfi_endproc
 168              	.LFE1145:
 169              		.cantunwind
 170              		.fnend
 172              	.Letext0:
 173              		.file 2 "/opt/gcc-arm/gcc-arm-none-eabi-6_2-2016q4/arm-none-eabi/include/machine/_default_types.h"
 174              		.file 3 "/opt/gcc-arm/gcc-arm-none-eabi-6_2-2016q4/arm-none-eabi/include/sys/_stdint.h"
 175              		.file 4 "/opt/gcc-arm/gcc-arm-none-eabi-6_2-2016q4/arm-none-eabi/include/stdint.h"
 176              		.file 5 "./lib/CMSIS/CM3/CoreSupport/core_cm3.h"
 177              		.file 6 "./lib/CMSIS/CM3/DeviceSupport/ST/STM32F10x/system_stm32f10x.h"
 178              		.file 7 "./lib/CMSIS/CM3/DeviceSupport/ST/STM32F10x/stm32f10x.h"
 179              		.file 8 "./inc/motorSettings.h"
 180              		.file 9 "/opt/gcc-arm/gcc-arm-none-eabi-6_2-2016q4/lib/gcc/arm-none-eabi/6.2.1/include/stddef.h"
 181              		.file 10 "/opt/gcc-arm/gcc-arm-none-eabi-6_2-2016q4/lib/gcc/arm-none-eabi/6.2.1/include/stdarg.h"
 182              		.file 11 "/opt/gcc-arm/gcc-arm-none-eabi-6_2-2016q4/arm-none-eabi/include/sys/lock.h"
 183              		.file 12 "/opt/gcc-arm/gcc-arm-none-eabi-6_2-2016q4/arm-none-eabi/include/sys/_types.h"
 184              		.file 13 "/opt/gcc-arm/gcc-arm-none-eabi-6_2-2016q4/arm-none-eabi/include/sys/reent.h"
 185              		.file 14 "<built-in>"
 186              		.file 15 "/opt/gcc-arm/gcc-arm-none-eabi-6_2-2016q4/arm-none-eabi/include/stdio.h"
 187              		.file 16 "/opt/gcc-arm/gcc-arm-none-eabi-6_2-2016q4/arm-none-eabi/include/c++/6.2.1/type_traits"
 188              		.file 17 "/opt/gcc-arm/gcc-arm-none-eabi-6_2-2016q4/arm-none-eabi/include/c++/6.2.1/arm-none-eabi/
 189              		.file 18 "/opt/gcc-arm/gcc-arm-none-eabi-6_2-2016q4/arm-none-eabi/include/c++/6.2.1/bits/stl_pair.
 190              		.file 19 "/opt/gcc-arm/gcc-arm-none-eabi-6_2-2016q4/arm-none-eabi/include/c++/6.2.1/bits/exception
 191              		.file 20 "/opt/gcc-arm/gcc-arm-none-eabi-6_2-2016q4/arm-none-eabi/include/c++/6.2.1/debug/debug.h"
 192              		.file 21 "/opt/gcc-arm/gcc-arm-none-eabi-6_2-2016q4/arm-none-eabi/include/c++/6.2.1/cwchar"
 193              		.file 22 "/opt/gcc-arm/gcc-arm-none-eabi-6_2-2016q4/arm-none-eabi/include/c++/6.2.1/cstdint"
 194              		.file 23 "/opt/gcc-arm/gcc-arm-none-eabi-6_2-2016q4/arm-none-eabi/include/c++/6.2.1/new"
 195              		.file 24 "/opt/gcc-arm/gcc-arm-none-eabi-6_2-2016q4/arm-none-eabi/include/c++/6.2.1/clocale"
 196              		.file 25 "/opt/gcc-arm/gcc-arm-none-eabi-6_2-2016q4/arm-none-eabi/include/c++/6.2.1/cstdlib"
 197              		.file 26 "/opt/gcc-arm/gcc-arm-none-eabi-6_2-2016q4/arm-none-eabi/include/c++/6.2.1/cstdio"
 198              		.file 27 "/opt/gcc-arm/gcc-arm-none-eabi-6_2-2016q4/arm-none-eabi/include/c++/6.2.1/bits/uses_allo
 199              		.file 28 "/opt/gcc-arm/gcc-arm-none-eabi-6_2-2016q4/arm-none-eabi/include/c++/6.2.1/tuple"
 200              		.file 29 "/opt/gcc-arm/gcc-arm-none-eabi-6_2-2016q4/arm-none-eabi/include/c++/6.2.1/bits/predefine
 201              		.file 30 "/opt/gcc-arm/gcc-arm-none-eabi-6_2-2016q4/arm-none-eabi/include/c++/6.2.1/ext/new_alloca
 202              		.file 31 "/opt/gcc-arm/gcc-arm-none-eabi-6_2-2016q4/arm-none-eabi/include/c++/6.2.1/ext/numeric_tr
 203              		.file 32 "/opt/gcc-arm/gcc-arm-none-eabi-6_2-2016q4/arm-none-eabi/include/wchar.h"
 204              		.file 33 "/opt/gcc-arm/gcc-arm-none-eabi-6_2-2016q4/arm-none-eabi/include/locale.h"
 205              		.file 34 "/opt/gcc-arm/gcc-arm-none-eabi-6_2-2016q4/arm-none-eabi/include/ctype.h"
 206              		.file 35 "/opt/gcc-arm/gcc-arm-none-eabi-6_2-2016q4/arm-none-eabi/include/stdlib.h"
 207              		.file 36 "/opt/gcc-arm/gcc-arm-none-eabi-6_2-2016q4/arm-none-eabi/include/sys/errno.h"
DEFINED SYMBOLS
                            *ABS*:0000000000000000 motorSettings.cpp
     /tmp/cc6ETmQQ.s:15     .text:0000000000000000 $t
     /tmp/cc6ETmQQ.s:22     .text:0000000000000000 _ZN13motorSettingsC2Ev
                       .ARM.exidx:0000000000000000 $d
     /tmp/cc6ETmQQ.s:22     .text:0000000000000000 _ZN13motorSettingsC1Ev
     /tmp/cc6ETmQQ.s:53     .text:0000000000000006 _ZN13motorSettingsC2EiPKcP11TIM_TypeDefi
     /tmp/cc6ETmQQ.s:53     .text:0000000000000006 _ZN13motorSettingsC1EiPKcP11TIM_TypeDefi
     /tmp/cc6ETmQQ.s:90     .text:0000000000000012 _ZN13motorSettings9setDCPinsEiP12GPIO_TypeDefiS1_iS1_iS1_iS1_
     /tmp/cc6ETmQQ.s:142    .text:0000000000000036 _ZN13motorSettings12setRegulatorEfffff
                     .debug_frame:0000000000000010 $d

NO UNDEFINED SYMBOLS
