   1              		.cpu cortex-m3
   2              		.eabi_attribute 20, 1
   3              		.eabi_attribute 21, 1
   4              		.eabi_attribute 23, 3
   5              		.eabi_attribute 24, 1
   6              		.eabi_attribute 25, 1
   7              		.eabi_attribute 26, 1
   8              		.eabi_attribute 30, 4
   9              		.eabi_attribute 34, 1
  10              		.eabi_attribute 18, 4
  11              		.file	"misc.c"
  12              		.text
  13              	.Ltext0:
  14              		.cfi_sections	.debug_frame
  15              		.align	1
  16              		.global	NVIC_PriorityGroupConfig
  17              		.syntax unified
  18              		.thumb
  19              		.thumb_func
  20              		.fpu softvfp
  22              	NVIC_PriorityGroupConfig:
  23              	.LFB29:
  24              		.file 1 "lib/STM32F10x_StdPeriph_Driver/src/misc.c"
   1:lib/STM32F10x_StdPeriph_Driver/src/misc.c **** /**
   2:lib/STM32F10x_StdPeriph_Driver/src/misc.c ****   ******************************************************************************
   3:lib/STM32F10x_StdPeriph_Driver/src/misc.c ****   * @file    misc.c
   4:lib/STM32F10x_StdPeriph_Driver/src/misc.c ****   * @author  MCD Application Team
   5:lib/STM32F10x_StdPeriph_Driver/src/misc.c ****   * @version V3.5.0
   6:lib/STM32F10x_StdPeriph_Driver/src/misc.c ****   * @date    11-March-2011
   7:lib/STM32F10x_StdPeriph_Driver/src/misc.c ****   * @brief   This file provides all the miscellaneous firmware functions (add-on
   8:lib/STM32F10x_StdPeriph_Driver/src/misc.c ****   *          to CMSIS functions).
   9:lib/STM32F10x_StdPeriph_Driver/src/misc.c ****   ******************************************************************************
  10:lib/STM32F10x_StdPeriph_Driver/src/misc.c ****   * @attention
  11:lib/STM32F10x_StdPeriph_Driver/src/misc.c ****   *
  12:lib/STM32F10x_StdPeriph_Driver/src/misc.c ****   * THE PRESENT FIRMWARE WHICH IS FOR GUIDANCE ONLY AIMS AT PROVIDING CUSTOMERS
  13:lib/STM32F10x_StdPeriph_Driver/src/misc.c ****   * WITH CODING INFORMATION REGARDING THEIR PRODUCTS IN ORDER FOR THEM TO SAVE
  14:lib/STM32F10x_StdPeriph_Driver/src/misc.c ****   * TIME. AS A RESULT, STMICROELECTRONICS SHALL NOT BE HELD LIABLE FOR ANY
  15:lib/STM32F10x_StdPeriph_Driver/src/misc.c ****   * DIRECT, INDIRECT OR CONSEQUENTIAL DAMAGES WITH RESPECT TO ANY CLAIMS ARISING
  16:lib/STM32F10x_StdPeriph_Driver/src/misc.c ****   * FROM THE CONTENT OF SUCH FIRMWARE AND/OR THE USE MADE BY CUSTOMERS OF THE
  17:lib/STM32F10x_StdPeriph_Driver/src/misc.c ****   * CODING INFORMATION CONTAINED HEREIN IN CONNECTION WITH THEIR PRODUCTS.
  18:lib/STM32F10x_StdPeriph_Driver/src/misc.c ****   *
  19:lib/STM32F10x_StdPeriph_Driver/src/misc.c ****   * <h2><center>&copy; COPYRIGHT 2011 STMicroelectronics</center></h2>
  20:lib/STM32F10x_StdPeriph_Driver/src/misc.c ****   ******************************************************************************
  21:lib/STM32F10x_StdPeriph_Driver/src/misc.c ****   */
  22:lib/STM32F10x_StdPeriph_Driver/src/misc.c **** 
  23:lib/STM32F10x_StdPeriph_Driver/src/misc.c **** /* Includes ------------------------------------------------------------------*/
  24:lib/STM32F10x_StdPeriph_Driver/src/misc.c **** #include "misc.h"
  25:lib/STM32F10x_StdPeriph_Driver/src/misc.c **** 
  26:lib/STM32F10x_StdPeriph_Driver/src/misc.c **** /** @addtogroup STM32F10x_StdPeriph_Driver
  27:lib/STM32F10x_StdPeriph_Driver/src/misc.c ****   * @{
  28:lib/STM32F10x_StdPeriph_Driver/src/misc.c ****   */
  29:lib/STM32F10x_StdPeriph_Driver/src/misc.c **** 
  30:lib/STM32F10x_StdPeriph_Driver/src/misc.c **** /** @defgroup MISC 
  31:lib/STM32F10x_StdPeriph_Driver/src/misc.c ****   * @brief MISC driver modules
  32:lib/STM32F10x_StdPeriph_Driver/src/misc.c ****   * @{
  33:lib/STM32F10x_StdPeriph_Driver/src/misc.c ****   */
  34:lib/STM32F10x_StdPeriph_Driver/src/misc.c **** 
  35:lib/STM32F10x_StdPeriph_Driver/src/misc.c **** /** @defgroup MISC_Private_TypesDefinitions
  36:lib/STM32F10x_StdPeriph_Driver/src/misc.c ****   * @{
  37:lib/STM32F10x_StdPeriph_Driver/src/misc.c ****   */
  38:lib/STM32F10x_StdPeriph_Driver/src/misc.c **** 
  39:lib/STM32F10x_StdPeriph_Driver/src/misc.c **** /**
  40:lib/STM32F10x_StdPeriph_Driver/src/misc.c ****   * @}
  41:lib/STM32F10x_StdPeriph_Driver/src/misc.c ****   */ 
  42:lib/STM32F10x_StdPeriph_Driver/src/misc.c **** 
  43:lib/STM32F10x_StdPeriph_Driver/src/misc.c **** /** @defgroup MISC_Private_Defines
  44:lib/STM32F10x_StdPeriph_Driver/src/misc.c ****   * @{
  45:lib/STM32F10x_StdPeriph_Driver/src/misc.c ****   */
  46:lib/STM32F10x_StdPeriph_Driver/src/misc.c **** 
  47:lib/STM32F10x_StdPeriph_Driver/src/misc.c **** #define AIRCR_VECTKEY_MASK    ((uint32_t)0x05FA0000)
  48:lib/STM32F10x_StdPeriph_Driver/src/misc.c **** /**
  49:lib/STM32F10x_StdPeriph_Driver/src/misc.c ****   * @}
  50:lib/STM32F10x_StdPeriph_Driver/src/misc.c ****   */
  51:lib/STM32F10x_StdPeriph_Driver/src/misc.c **** 
  52:lib/STM32F10x_StdPeriph_Driver/src/misc.c **** /** @defgroup MISC_Private_Macros
  53:lib/STM32F10x_StdPeriph_Driver/src/misc.c ****   * @{
  54:lib/STM32F10x_StdPeriph_Driver/src/misc.c ****   */
  55:lib/STM32F10x_StdPeriph_Driver/src/misc.c **** 
  56:lib/STM32F10x_StdPeriph_Driver/src/misc.c **** /**
  57:lib/STM32F10x_StdPeriph_Driver/src/misc.c ****   * @}
  58:lib/STM32F10x_StdPeriph_Driver/src/misc.c ****   */
  59:lib/STM32F10x_StdPeriph_Driver/src/misc.c **** 
  60:lib/STM32F10x_StdPeriph_Driver/src/misc.c **** /** @defgroup MISC_Private_Variables
  61:lib/STM32F10x_StdPeriph_Driver/src/misc.c ****   * @{
  62:lib/STM32F10x_StdPeriph_Driver/src/misc.c ****   */
  63:lib/STM32F10x_StdPeriph_Driver/src/misc.c **** 
  64:lib/STM32F10x_StdPeriph_Driver/src/misc.c **** /**
  65:lib/STM32F10x_StdPeriph_Driver/src/misc.c ****   * @}
  66:lib/STM32F10x_StdPeriph_Driver/src/misc.c ****   */
  67:lib/STM32F10x_StdPeriph_Driver/src/misc.c **** 
  68:lib/STM32F10x_StdPeriph_Driver/src/misc.c **** /** @defgroup MISC_Private_FunctionPrototypes
  69:lib/STM32F10x_StdPeriph_Driver/src/misc.c ****   * @{
  70:lib/STM32F10x_StdPeriph_Driver/src/misc.c ****   */
  71:lib/STM32F10x_StdPeriph_Driver/src/misc.c **** 
  72:lib/STM32F10x_StdPeriph_Driver/src/misc.c **** /**
  73:lib/STM32F10x_StdPeriph_Driver/src/misc.c ****   * @}
  74:lib/STM32F10x_StdPeriph_Driver/src/misc.c ****   */
  75:lib/STM32F10x_StdPeriph_Driver/src/misc.c **** 
  76:lib/STM32F10x_StdPeriph_Driver/src/misc.c **** /** @defgroup MISC_Private_Functions
  77:lib/STM32F10x_StdPeriph_Driver/src/misc.c ****   * @{
  78:lib/STM32F10x_StdPeriph_Driver/src/misc.c ****   */
  79:lib/STM32F10x_StdPeriph_Driver/src/misc.c **** 
  80:lib/STM32F10x_StdPeriph_Driver/src/misc.c **** /**
  81:lib/STM32F10x_StdPeriph_Driver/src/misc.c ****   * @brief  Configures the priority grouping: pre-emption priority and subpriority.
  82:lib/STM32F10x_StdPeriph_Driver/src/misc.c ****   * @param  NVIC_PriorityGroup: specifies the priority grouping bits length. 
  83:lib/STM32F10x_StdPeriph_Driver/src/misc.c ****   *   This parameter can be one of the following values:
  84:lib/STM32F10x_StdPeriph_Driver/src/misc.c ****   *     @arg NVIC_PriorityGroup_0: 0 bits for pre-emption priority
  85:lib/STM32F10x_StdPeriph_Driver/src/misc.c ****   *                                4 bits for subpriority
  86:lib/STM32F10x_StdPeriph_Driver/src/misc.c ****   *     @arg NVIC_PriorityGroup_1: 1 bits for pre-emption priority
  87:lib/STM32F10x_StdPeriph_Driver/src/misc.c ****   *                                3 bits for subpriority
  88:lib/STM32F10x_StdPeriph_Driver/src/misc.c ****   *     @arg NVIC_PriorityGroup_2: 2 bits for pre-emption priority
  89:lib/STM32F10x_StdPeriph_Driver/src/misc.c ****   *                                2 bits for subpriority
  90:lib/STM32F10x_StdPeriph_Driver/src/misc.c ****   *     @arg NVIC_PriorityGroup_3: 3 bits for pre-emption priority
  91:lib/STM32F10x_StdPeriph_Driver/src/misc.c ****   *                                1 bits for subpriority
  92:lib/STM32F10x_StdPeriph_Driver/src/misc.c ****   *     @arg NVIC_PriorityGroup_4: 4 bits for pre-emption priority
  93:lib/STM32F10x_StdPeriph_Driver/src/misc.c ****   *                                0 bits for subpriority
  94:lib/STM32F10x_StdPeriph_Driver/src/misc.c ****   * @retval None
  95:lib/STM32F10x_StdPeriph_Driver/src/misc.c ****   */
  96:lib/STM32F10x_StdPeriph_Driver/src/misc.c **** void NVIC_PriorityGroupConfig(uint32_t NVIC_PriorityGroup)
  97:lib/STM32F10x_StdPeriph_Driver/src/misc.c **** {
  25              		.loc 1 97 0
  26              		.cfi_startproc
  27              		@ args = 0, pretend = 0, frame = 0
  28              		@ frame_needed = 0, uses_anonymous_args = 0
  29              		@ link register save eliminated.
  30              	.LVL0:
  98:lib/STM32F10x_StdPeriph_Driver/src/misc.c ****   /* Check the parameters */
  99:lib/STM32F10x_StdPeriph_Driver/src/misc.c ****   assert_param(IS_NVIC_PRIORITY_GROUP(NVIC_PriorityGroup));
 100:lib/STM32F10x_StdPeriph_Driver/src/misc.c ****   
 101:lib/STM32F10x_StdPeriph_Driver/src/misc.c ****   /* Set the PRIGROUP[10:8] bits according to NVIC_PriorityGroup value */
 102:lib/STM32F10x_StdPeriph_Driver/src/misc.c ****   SCB->AIRCR = AIRCR_VECTKEY_MASK | NVIC_PriorityGroup;
  31              		.loc 1 102 0
  32 0000 40F0BF60 		orr	r0, r0, #100139008
  33              	.LVL1:
  34 0004 024B     		ldr	r3, .L2
  35 0006 40F40030 		orr	r0, r0, #131072
  36 000a D860     		str	r0, [r3, #12]
  37 000c 7047     		bx	lr
  38              	.L3:
  39 000e 00BF     		.align	2
  40              	.L2:
  41 0010 00ED00E0 		.word	-536810240
  42              		.cfi_endproc
  43              	.LFE29:
  45              		.align	1
  46              		.global	NVIC_Init
  47              		.syntax unified
  48              		.thumb
  49              		.thumb_func
  50              		.fpu softvfp
  52              	NVIC_Init:
  53              	.LFB30:
 103:lib/STM32F10x_StdPeriph_Driver/src/misc.c **** }
 104:lib/STM32F10x_StdPeriph_Driver/src/misc.c **** 
 105:lib/STM32F10x_StdPeriph_Driver/src/misc.c **** /**
 106:lib/STM32F10x_StdPeriph_Driver/src/misc.c ****   * @brief  Initializes the NVIC peripheral according to the specified
 107:lib/STM32F10x_StdPeriph_Driver/src/misc.c ****   *         parameters in the NVIC_InitStruct.
 108:lib/STM32F10x_StdPeriph_Driver/src/misc.c ****   * @param  NVIC_InitStruct: pointer to a NVIC_InitTypeDef structure that contains
 109:lib/STM32F10x_StdPeriph_Driver/src/misc.c ****   *         the configuration information for the specified NVIC peripheral.
 110:lib/STM32F10x_StdPeriph_Driver/src/misc.c ****   * @retval None
 111:lib/STM32F10x_StdPeriph_Driver/src/misc.c ****   */
 112:lib/STM32F10x_StdPeriph_Driver/src/misc.c **** void NVIC_Init(NVIC_InitTypeDef* NVIC_InitStruct)
 113:lib/STM32F10x_StdPeriph_Driver/src/misc.c **** {
  54              		.loc 1 113 0
  55              		.cfi_startproc
  56              		@ args = 0, pretend = 0, frame = 0
  57              		@ frame_needed = 0, uses_anonymous_args = 0
  58              	.LVL2:
  59 0014 10B5     		push	{r4, lr}
  60              	.LCFI0:
  61              		.cfi_def_cfa_offset 8
  62              		.cfi_offset 4, -8
  63              		.cfi_offset 14, -4
 114:lib/STM32F10x_StdPeriph_Driver/src/misc.c ****   uint32_t tmppriority = 0x00, tmppre = 0x00, tmpsub = 0x0F;
 115:lib/STM32F10x_StdPeriph_Driver/src/misc.c ****   
 116:lib/STM32F10x_StdPeriph_Driver/src/misc.c ****   /* Check the parameters */
 117:lib/STM32F10x_StdPeriph_Driver/src/misc.c ****   assert_param(IS_FUNCTIONAL_STATE(NVIC_InitStruct->NVIC_IRQChannelCmd));
 118:lib/STM32F10x_StdPeriph_Driver/src/misc.c ****   assert_param(IS_NVIC_PREEMPTION_PRIORITY(NVIC_InitStruct->NVIC_IRQChannelPreemptionPriority));  
 119:lib/STM32F10x_StdPeriph_Driver/src/misc.c ****   assert_param(IS_NVIC_SUB_PRIORITY(NVIC_InitStruct->NVIC_IRQChannelSubPriority));
 120:lib/STM32F10x_StdPeriph_Driver/src/misc.c ****     
 121:lib/STM32F10x_StdPeriph_Driver/src/misc.c ****   if (NVIC_InitStruct->NVIC_IRQChannelCmd != DISABLE)
  64              		.loc 1 121 0
  65 0016 C278     		ldrb	r2, [r0, #3]	@ zero_extendqisi2
  66 0018 0378     		ldrb	r3, [r0]	@ zero_extendqisi2
  67 001a E2B1     		cbz	r2, .L5
 122:lib/STM32F10x_StdPeriph_Driver/src/misc.c ****   {
 123:lib/STM32F10x_StdPeriph_Driver/src/misc.c ****     /* Compute the Corresponding IRQ Priority --------------------------------*/    
 124:lib/STM32F10x_StdPeriph_Driver/src/misc.c ****     tmppriority = (0x700 - ((SCB->AIRCR) & (uint32_t)0x700))>> 0x08;
  68              		.loc 1 124 0
  69 001c 124A     		ldr	r2, .L8
  70 001e D168     		ldr	r1, [r2, #12]
 125:lib/STM32F10x_StdPeriph_Driver/src/misc.c ****     tmppre = (0x4 - tmppriority);
 126:lib/STM32F10x_StdPeriph_Driver/src/misc.c ****     tmpsub = tmpsub >> tmppriority;
 127:lib/STM32F10x_StdPeriph_Driver/src/misc.c **** 
 128:lib/STM32F10x_StdPeriph_Driver/src/misc.c ****     tmppriority = (uint32_t)NVIC_InitStruct->NVIC_IRQChannelPreemptionPriority << tmppre;
  71              		.loc 1 128 0
  72 0020 4278     		ldrb	r2, [r0, #1]	@ zero_extendqisi2
 124:lib/STM32F10x_StdPeriph_Driver/src/misc.c ****     tmppre = (0x4 - tmppriority);
  73              		.loc 1 124 0
  74 0022 C943     		mvns	r1, r1
  75 0024 C1F30221 		ubfx	r1, r1, #8, #3
  76              	.LVL3:
 125:lib/STM32F10x_StdPeriph_Driver/src/misc.c ****     tmppre = (0x4 - tmppriority);
  77              		.loc 1 125 0
  78 0028 C1F10404 		rsb	r4, r1, #4
  79              	.LVL4:
  80              		.loc 1 128 0
  81 002c A240     		lsls	r2, r2, r4
  82              	.LVL5:
 126:lib/STM32F10x_StdPeriph_Driver/src/misc.c **** 
  83              		.loc 1 126 0
  84 002e 0F24     		movs	r4, #15
  85              	.LVL6:
 129:lib/STM32F10x_StdPeriph_Driver/src/misc.c ****     tmppriority |=  NVIC_InitStruct->NVIC_IRQChannelSubPriority & tmpsub;
  86              		.loc 1 129 0
  87 0030 8078     		ldrb	r0, [r0, #2]	@ zero_extendqisi2
  88              	.LVL7:
 126:lib/STM32F10x_StdPeriph_Driver/src/misc.c **** 
  89              		.loc 1 126 0
  90 0032 24FA01F1 		lsr	r1, r4, r1
  91              	.LVL8:
  92              		.loc 1 129 0
  93 0036 0140     		ands	r1, r1, r0
  94              	.LVL9:
  95 0038 0A43     		orrs	r2, r2, r1
  96              	.LVL10:
 130:lib/STM32F10x_StdPeriph_Driver/src/misc.c ****     tmppriority = tmppriority << 0x04;
 131:lib/STM32F10x_StdPeriph_Driver/src/misc.c ****         
 132:lib/STM32F10x_StdPeriph_Driver/src/misc.c ****     NVIC->IP[NVIC_InitStruct->NVIC_IRQChannel] = tmppriority;
  97              		.loc 1 132 0
  98 003a 0C49     		ldr	r1, .L8+4
 130:lib/STM32F10x_StdPeriph_Driver/src/misc.c ****     tmppriority = tmppriority << 0x04;
  99              		.loc 1 130 0
 100 003c 1201     		lsls	r2, r2, #4
 101              	.LVL11:
 102              		.loc 1 132 0
 103 003e C818     		adds	r0, r1, r3
 104 0040 D2B2     		uxtb	r2, r2
 105              	.LVL12:
 106 0042 80F80023 		strb	r2, [r0, #768]
 133:lib/STM32F10x_StdPeriph_Driver/src/misc.c ****     
 134:lib/STM32F10x_StdPeriph_Driver/src/misc.c ****     /* Enable the Selected IRQ Channels --------------------------------------*/
 135:lib/STM32F10x_StdPeriph_Driver/src/misc.c ****     NVIC->ISER[NVIC_InitStruct->NVIC_IRQChannel >> 0x05] =
 136:lib/STM32F10x_StdPeriph_Driver/src/misc.c ****       (uint32_t)0x01 << (NVIC_InitStruct->NVIC_IRQChannel & (uint8_t)0x1F);
 107              		.loc 1 136 0
 108 0046 03F01F00 		and	r0, r3, #31
 135:lib/STM32F10x_StdPeriph_Driver/src/misc.c ****       (uint32_t)0x01 << (NVIC_InitStruct->NVIC_IRQChannel & (uint8_t)0x1F);
 109              		.loc 1 135 0
 110 004a 5A09     		lsrs	r2, r3, #5
 111              		.loc 1 136 0
 112 004c 0123     		movs	r3, #1
 113 004e 8340     		lsls	r3, r3, r0
 114              	.L7:
 137:lib/STM32F10x_StdPeriph_Driver/src/misc.c ****   }
 138:lib/STM32F10x_StdPeriph_Driver/src/misc.c ****   else
 139:lib/STM32F10x_StdPeriph_Driver/src/misc.c ****   {
 140:lib/STM32F10x_StdPeriph_Driver/src/misc.c ****     /* Disable the Selected IRQ Channels -------------------------------------*/
 141:lib/STM32F10x_StdPeriph_Driver/src/misc.c ****     NVIC->ICER[NVIC_InitStruct->NVIC_IRQChannel >> 0x05] =
 115              		.loc 1 141 0
 116 0050 41F82230 		str	r3, [r1, r2, lsl #2]
 117 0054 10BD     		pop	{r4, pc}
 118              	.LVL13:
 119              	.L5:
 142:lib/STM32F10x_StdPeriph_Driver/src/misc.c ****       (uint32_t)0x01 << (NVIC_InitStruct->NVIC_IRQChannel & (uint8_t)0x1F);
 120              		.loc 1 142 0
 121 0056 0121     		movs	r1, #1
 141:lib/STM32F10x_StdPeriph_Driver/src/misc.c ****       (uint32_t)0x01 << (NVIC_InitStruct->NVIC_IRQChannel & (uint8_t)0x1F);
 122              		.loc 1 141 0
 123 0058 5A09     		lsrs	r2, r3, #5
 124              		.loc 1 142 0
 125 005a 03F01F03 		and	r3, r3, #31
 126 005e 01FA03F3 		lsl	r3, r1, r3
 141:lib/STM32F10x_StdPeriph_Driver/src/misc.c ****       (uint32_t)0x01 << (NVIC_InitStruct->NVIC_IRQChannel & (uint8_t)0x1F);
 127              		.loc 1 141 0
 128 0062 2032     		adds	r2, r2, #32
 129 0064 0149     		ldr	r1, .L8+4
 130 0066 F3E7     		b	.L7
 131              	.L9:
 132              		.align	2
 133              	.L8:
 134 0068 00ED00E0 		.word	-536810240
 135 006c 00E100E0 		.word	-536813312
 136              		.cfi_endproc
 137              	.LFE30:
 139              		.align	1
 140              		.global	NVIC_SetVectorTable
 141              		.syntax unified
 142              		.thumb
 143              		.thumb_func
 144              		.fpu softvfp
 146              	NVIC_SetVectorTable:
 147              	.LFB31:
 143:lib/STM32F10x_StdPeriph_Driver/src/misc.c ****   }
 144:lib/STM32F10x_StdPeriph_Driver/src/misc.c **** }
 145:lib/STM32F10x_StdPeriph_Driver/src/misc.c **** 
 146:lib/STM32F10x_StdPeriph_Driver/src/misc.c **** /**
 147:lib/STM32F10x_StdPeriph_Driver/src/misc.c ****   * @brief  Sets the vector table location and Offset.
 148:lib/STM32F10x_StdPeriph_Driver/src/misc.c ****   * @param  NVIC_VectTab: specifies if the vector table is in RAM or FLASH memory.
 149:lib/STM32F10x_StdPeriph_Driver/src/misc.c ****   *   This parameter can be one of the following values:
 150:lib/STM32F10x_StdPeriph_Driver/src/misc.c ****   *     @arg NVIC_VectTab_RAM
 151:lib/STM32F10x_StdPeriph_Driver/src/misc.c ****   *     @arg NVIC_VectTab_FLASH
 152:lib/STM32F10x_StdPeriph_Driver/src/misc.c ****   * @param  Offset: Vector Table base offset field. This value must be a multiple 
 153:lib/STM32F10x_StdPeriph_Driver/src/misc.c ****   *         of 0x200.
 154:lib/STM32F10x_StdPeriph_Driver/src/misc.c ****   * @retval None
 155:lib/STM32F10x_StdPeriph_Driver/src/misc.c ****   */
 156:lib/STM32F10x_StdPeriph_Driver/src/misc.c **** void NVIC_SetVectorTable(uint32_t NVIC_VectTab, uint32_t Offset)
 157:lib/STM32F10x_StdPeriph_Driver/src/misc.c **** { 
 148              		.loc 1 157 0
 149              		.cfi_startproc
 150              		@ args = 0, pretend = 0, frame = 0
 151              		@ frame_needed = 0, uses_anonymous_args = 0
 152              		@ link register save eliminated.
 153              	.LVL14:
 158:lib/STM32F10x_StdPeriph_Driver/src/misc.c ****   /* Check the parameters */
 159:lib/STM32F10x_StdPeriph_Driver/src/misc.c ****   assert_param(IS_NVIC_VECTTAB(NVIC_VectTab));
 160:lib/STM32F10x_StdPeriph_Driver/src/misc.c ****   assert_param(IS_NVIC_OFFSET(Offset));  
 161:lib/STM32F10x_StdPeriph_Driver/src/misc.c ****    
 162:lib/STM32F10x_StdPeriph_Driver/src/misc.c ****   SCB->VTOR = NVIC_VectTab | (Offset & (uint32_t)0x1FFFFF80);
 154              		.loc 1 162 0
 155 0070 21F06041 		bic	r1, r1, #-536870912
 156              	.LVL15:
 157 0074 21F07F01 		bic	r1, r1, #127
 158 0078 014B     		ldr	r3, .L11
 159 007a 0143     		orrs	r1, r1, r0
 160 007c 9960     		str	r1, [r3, #8]
 161 007e 7047     		bx	lr
 162              	.L12:
 163              		.align	2
 164              	.L11:
 165 0080 00ED00E0 		.word	-536810240
 166              		.cfi_endproc
 167              	.LFE31:
 169              		.align	1
 170              		.global	NVIC_SystemLPConfig
 171              		.syntax unified
 172              		.thumb
 173              		.thumb_func
 174              		.fpu softvfp
 176              	NVIC_SystemLPConfig:
 177              	.LFB32:
 163:lib/STM32F10x_StdPeriph_Driver/src/misc.c **** }
 164:lib/STM32F10x_StdPeriph_Driver/src/misc.c **** 
 165:lib/STM32F10x_StdPeriph_Driver/src/misc.c **** /**
 166:lib/STM32F10x_StdPeriph_Driver/src/misc.c ****   * @brief  Selects the condition for the system to enter low power mode.
 167:lib/STM32F10x_StdPeriph_Driver/src/misc.c ****   * @param  LowPowerMode: Specifies the new mode for the system to enter low power mode.
 168:lib/STM32F10x_StdPeriph_Driver/src/misc.c ****   *   This parameter can be one of the following values:
 169:lib/STM32F10x_StdPeriph_Driver/src/misc.c ****   *     @arg NVIC_LP_SEVONPEND
 170:lib/STM32F10x_StdPeriph_Driver/src/misc.c ****   *     @arg NVIC_LP_SLEEPDEEP
 171:lib/STM32F10x_StdPeriph_Driver/src/misc.c ****   *     @arg NVIC_LP_SLEEPONEXIT
 172:lib/STM32F10x_StdPeriph_Driver/src/misc.c ****   * @param  NewState: new state of LP condition. This parameter can be: ENABLE or DISABLE.
 173:lib/STM32F10x_StdPeriph_Driver/src/misc.c ****   * @retval None
 174:lib/STM32F10x_StdPeriph_Driver/src/misc.c ****   */
 175:lib/STM32F10x_StdPeriph_Driver/src/misc.c **** void NVIC_SystemLPConfig(uint8_t LowPowerMode, FunctionalState NewState)
 176:lib/STM32F10x_StdPeriph_Driver/src/misc.c **** {
 178              		.loc 1 176 0
 179              		.cfi_startproc
 180              		@ args = 0, pretend = 0, frame = 0
 181              		@ frame_needed = 0, uses_anonymous_args = 0
 182              		@ link register save eliminated.
 183              	.LVL16:
 184 0084 044B     		ldr	r3, .L17
 177:lib/STM32F10x_StdPeriph_Driver/src/misc.c ****   /* Check the parameters */
 178:lib/STM32F10x_StdPeriph_Driver/src/misc.c ****   assert_param(IS_NVIC_LP(LowPowerMode));
 179:lib/STM32F10x_StdPeriph_Driver/src/misc.c ****   assert_param(IS_FUNCTIONAL_STATE(NewState));  
 180:lib/STM32F10x_StdPeriph_Driver/src/misc.c ****   
 181:lib/STM32F10x_StdPeriph_Driver/src/misc.c ****   if (NewState != DISABLE)
 182:lib/STM32F10x_StdPeriph_Driver/src/misc.c ****   {
 183:lib/STM32F10x_StdPeriph_Driver/src/misc.c ****     SCB->SCR |= LowPowerMode;
 185              		.loc 1 183 0
 186 0086 1A69     		ldr	r2, [r3, #16]
 181:lib/STM32F10x_StdPeriph_Driver/src/misc.c ****   {
 187              		.loc 1 181 0
 188 0088 11B1     		cbz	r1, .L14
 189              		.loc 1 183 0
 190 008a 1043     		orrs	r0, r0, r2
 191              	.LVL17:
 192              	.L16:
 184:lib/STM32F10x_StdPeriph_Driver/src/misc.c ****   }
 185:lib/STM32F10x_StdPeriph_Driver/src/misc.c ****   else
 186:lib/STM32F10x_StdPeriph_Driver/src/misc.c ****   {
 187:lib/STM32F10x_StdPeriph_Driver/src/misc.c ****     SCB->SCR &= (uint32_t)(~(uint32_t)LowPowerMode);
 193              		.loc 1 187 0
 194 008c 1861     		str	r0, [r3, #16]
 195 008e 7047     		bx	lr
 196              	.LVL18:
 197              	.L14:
 198 0090 22EA0000 		bic	r0, r2, r0
 199              	.LVL19:
 200 0094 FAE7     		b	.L16
 201              	.L18:
 202 0096 00BF     		.align	2
 203              	.L17:
 204 0098 00ED00E0 		.word	-536810240
 205              		.cfi_endproc
 206              	.LFE32:
 208              		.align	1
 209              		.global	SysTick_CLKSourceConfig
 210              		.syntax unified
 211              		.thumb
 212              		.thumb_func
 213              		.fpu softvfp
 215              	SysTick_CLKSourceConfig:
 216              	.LFB33:
 188:lib/STM32F10x_StdPeriph_Driver/src/misc.c ****   }
 189:lib/STM32F10x_StdPeriph_Driver/src/misc.c **** }
 190:lib/STM32F10x_StdPeriph_Driver/src/misc.c **** 
 191:lib/STM32F10x_StdPeriph_Driver/src/misc.c **** /**
 192:lib/STM32F10x_StdPeriph_Driver/src/misc.c ****   * @brief  Configures the SysTick clock source.
 193:lib/STM32F10x_StdPeriph_Driver/src/misc.c ****   * @param  SysTick_CLKSource: specifies the SysTick clock source.
 194:lib/STM32F10x_StdPeriph_Driver/src/misc.c ****   *   This parameter can be one of the following values:
 195:lib/STM32F10x_StdPeriph_Driver/src/misc.c ****   *     @arg SysTick_CLKSource_HCLK_Div8: AHB clock divided by 8 selected as SysTick clock source.
 196:lib/STM32F10x_StdPeriph_Driver/src/misc.c ****   *     @arg SysTick_CLKSource_HCLK: AHB clock selected as SysTick clock source.
 197:lib/STM32F10x_StdPeriph_Driver/src/misc.c ****   * @retval None
 198:lib/STM32F10x_StdPeriph_Driver/src/misc.c ****   */
 199:lib/STM32F10x_StdPeriph_Driver/src/misc.c **** void SysTick_CLKSourceConfig(uint32_t SysTick_CLKSource)
 200:lib/STM32F10x_StdPeriph_Driver/src/misc.c **** {
 217              		.loc 1 200 0
 218              		.cfi_startproc
 219              		@ args = 0, pretend = 0, frame = 0
 220              		@ frame_needed = 0, uses_anonymous_args = 0
 221              		@ link register save eliminated.
 222              	.LVL20:
 223 009c 044B     		ldr	r3, .L23
 201:lib/STM32F10x_StdPeriph_Driver/src/misc.c ****   /* Check the parameters */
 202:lib/STM32F10x_StdPeriph_Driver/src/misc.c ****   assert_param(IS_SYSTICK_CLK_SOURCE(SysTick_CLKSource));
 203:lib/STM32F10x_StdPeriph_Driver/src/misc.c ****   if (SysTick_CLKSource == SysTick_CLKSource_HCLK)
 224              		.loc 1 203 0
 225 009e 0428     		cmp	r0, #4
 204:lib/STM32F10x_StdPeriph_Driver/src/misc.c ****   {
 205:lib/STM32F10x_StdPeriph_Driver/src/misc.c ****     SysTick->CTRL |= SysTick_CLKSource_HCLK;
 226              		.loc 1 205 0
 227 00a0 1A68     		ldr	r2, [r3]
 228 00a2 0CBF     		ite	eq
 229 00a4 42F00402 		orreq	r2, r2, #4
 206:lib/STM32F10x_StdPeriph_Driver/src/misc.c ****   }
 207:lib/STM32F10x_StdPeriph_Driver/src/misc.c ****   else
 208:lib/STM32F10x_StdPeriph_Driver/src/misc.c ****   {
 209:lib/STM32F10x_StdPeriph_Driver/src/misc.c ****     SysTick->CTRL &= SysTick_CLKSource_HCLK_Div8;
 230              		.loc 1 209 0
 231 00a8 22F00402 		bicne	r2, r2, #4
 232 00ac 1A60     		str	r2, [r3]
 233 00ae 7047     		bx	lr
 234              	.L24:
 235              		.align	2
 236              	.L23:
 237 00b0 10E000E0 		.word	-536813552
 238              		.cfi_endproc
 239              	.LFE33:
 241              	.Letext0:
 242              		.file 2 "/opt/gcc-arm/gcc-arm-none-eabi-6_2-2016q4/arm-none-eabi/include/machine/_default_types.h"
 243              		.file 3 "/opt/gcc-arm/gcc-arm-none-eabi-6_2-2016q4/arm-none-eabi/include/sys/_stdint.h"
 244              		.file 4 "./lib/CMSIS/CM3/CoreSupport/core_cm3.h"
 245              		.file 5 "./lib/CMSIS/CM3/DeviceSupport/ST/STM32F10x/system_stm32f10x.h"
 246              		.file 6 "./lib/CMSIS/CM3/DeviceSupport/ST/STM32F10x/stm32f10x.h"
 247              		.file 7 "./lib/STM32F10x_StdPeriph_Driver/inc/misc.h"
DEFINED SYMBOLS
                            *ABS*:0000000000000000 misc.c
     /tmp/ccZVhECm.s:15     .text:0000000000000000 $t
     /tmp/ccZVhECm.s:22     .text:0000000000000000 NVIC_PriorityGroupConfig
     /tmp/ccZVhECm.s:41     .text:0000000000000010 $d
     /tmp/ccZVhECm.s:45     .text:0000000000000014 $t
     /tmp/ccZVhECm.s:52     .text:0000000000000014 NVIC_Init
     /tmp/ccZVhECm.s:134    .text:0000000000000068 $d
     /tmp/ccZVhECm.s:139    .text:0000000000000070 $t
     /tmp/ccZVhECm.s:146    .text:0000000000000070 NVIC_SetVectorTable
     /tmp/ccZVhECm.s:165    .text:0000000000000080 $d
     /tmp/ccZVhECm.s:169    .text:0000000000000084 $t
     /tmp/ccZVhECm.s:176    .text:0000000000000084 NVIC_SystemLPConfig
     /tmp/ccZVhECm.s:204    .text:0000000000000098 $d
     /tmp/ccZVhECm.s:208    .text:000000000000009c $t
     /tmp/ccZVhECm.s:215    .text:000000000000009c SysTick_CLKSourceConfig
     /tmp/ccZVhECm.s:237    .text:00000000000000b0 $d
                     .debug_frame:0000000000000010 $d

NO UNDEFINED SYMBOLS
