   1              		.cpu cortex-m3
   2              		.eabi_attribute 20, 1
   3              		.eabi_attribute 21, 1
   4              		.eabi_attribute 23, 3
   5              		.eabi_attribute 24, 1
   6              		.eabi_attribute 25, 1
   7              		.eabi_attribute 26, 1
   8              		.eabi_attribute 30, 4
   9              		.eabi_attribute 34, 1
  10              		.eabi_attribute 18, 4
  11              		.file	"stm32f10x_crc.c"
  12              		.text
  13              	.Ltext0:
  14              		.cfi_sections	.debug_frame
  15              		.align	1
  16              		.global	CRC_ResetDR
  17              		.syntax unified
  18              		.thumb
  19              		.thumb_func
  20              		.fpu softvfp
  22              	CRC_ResetDR:
  23              	.LFB29:
  24              		.file 1 "lib/STM32F10x_StdPeriph_Driver/src/stm32f10x_crc.c"
   1:lib/STM32F10x_StdPeriph_Driver/src/stm32f10x_crc.c **** /**
   2:lib/STM32F10x_StdPeriph_Driver/src/stm32f10x_crc.c ****   ******************************************************************************
   3:lib/STM32F10x_StdPeriph_Driver/src/stm32f10x_crc.c ****   * @file    stm32f10x_crc.c
   4:lib/STM32F10x_StdPeriph_Driver/src/stm32f10x_crc.c ****   * @author  MCD Application Team
   5:lib/STM32F10x_StdPeriph_Driver/src/stm32f10x_crc.c ****   * @version V3.5.0
   6:lib/STM32F10x_StdPeriph_Driver/src/stm32f10x_crc.c ****   * @date    11-March-2011
   7:lib/STM32F10x_StdPeriph_Driver/src/stm32f10x_crc.c ****   * @brief   This file provides all the CRC firmware functions.
   8:lib/STM32F10x_StdPeriph_Driver/src/stm32f10x_crc.c ****   ******************************************************************************
   9:lib/STM32F10x_StdPeriph_Driver/src/stm32f10x_crc.c ****   * @attention
  10:lib/STM32F10x_StdPeriph_Driver/src/stm32f10x_crc.c ****   *
  11:lib/STM32F10x_StdPeriph_Driver/src/stm32f10x_crc.c ****   * THE PRESENT FIRMWARE WHICH IS FOR GUIDANCE ONLY AIMS AT PROVIDING CUSTOMERS
  12:lib/STM32F10x_StdPeriph_Driver/src/stm32f10x_crc.c ****   * WITH CODING INFORMATION REGARDING THEIR PRODUCTS IN ORDER FOR THEM TO SAVE
  13:lib/STM32F10x_StdPeriph_Driver/src/stm32f10x_crc.c ****   * TIME. AS A RESULT, STMICROELECTRONICS SHALL NOT BE HELD LIABLE FOR ANY
  14:lib/STM32F10x_StdPeriph_Driver/src/stm32f10x_crc.c ****   * DIRECT, INDIRECT OR CONSEQUENTIAL DAMAGES WITH RESPECT TO ANY CLAIMS ARISING
  15:lib/STM32F10x_StdPeriph_Driver/src/stm32f10x_crc.c ****   * FROM THE CONTENT OF SUCH FIRMWARE AND/OR THE USE MADE BY CUSTOMERS OF THE
  16:lib/STM32F10x_StdPeriph_Driver/src/stm32f10x_crc.c ****   * CODING INFORMATION CONTAINED HEREIN IN CONNECTION WITH THEIR PRODUCTS.
  17:lib/STM32F10x_StdPeriph_Driver/src/stm32f10x_crc.c ****   *
  18:lib/STM32F10x_StdPeriph_Driver/src/stm32f10x_crc.c ****   * <h2><center>&copy; COPYRIGHT 2011 STMicroelectronics</center></h2>
  19:lib/STM32F10x_StdPeriph_Driver/src/stm32f10x_crc.c ****   ******************************************************************************
  20:lib/STM32F10x_StdPeriph_Driver/src/stm32f10x_crc.c ****   */
  21:lib/STM32F10x_StdPeriph_Driver/src/stm32f10x_crc.c **** 
  22:lib/STM32F10x_StdPeriph_Driver/src/stm32f10x_crc.c **** /* Includes ------------------------------------------------------------------*/
  23:lib/STM32F10x_StdPeriph_Driver/src/stm32f10x_crc.c **** #include "stm32f10x_crc.h"
  24:lib/STM32F10x_StdPeriph_Driver/src/stm32f10x_crc.c **** 
  25:lib/STM32F10x_StdPeriph_Driver/src/stm32f10x_crc.c **** /** @addtogroup STM32F10x_StdPeriph_Driver
  26:lib/STM32F10x_StdPeriph_Driver/src/stm32f10x_crc.c ****   * @{
  27:lib/STM32F10x_StdPeriph_Driver/src/stm32f10x_crc.c ****   */
  28:lib/STM32F10x_StdPeriph_Driver/src/stm32f10x_crc.c **** 
  29:lib/STM32F10x_StdPeriph_Driver/src/stm32f10x_crc.c **** /** @defgroup CRC 
  30:lib/STM32F10x_StdPeriph_Driver/src/stm32f10x_crc.c ****   * @brief CRC driver modules
  31:lib/STM32F10x_StdPeriph_Driver/src/stm32f10x_crc.c ****   * @{
  32:lib/STM32F10x_StdPeriph_Driver/src/stm32f10x_crc.c ****   */
  33:lib/STM32F10x_StdPeriph_Driver/src/stm32f10x_crc.c **** 
  34:lib/STM32F10x_StdPeriph_Driver/src/stm32f10x_crc.c **** /** @defgroup CRC_Private_TypesDefinitions
  35:lib/STM32F10x_StdPeriph_Driver/src/stm32f10x_crc.c ****   * @{
  36:lib/STM32F10x_StdPeriph_Driver/src/stm32f10x_crc.c ****   */
  37:lib/STM32F10x_StdPeriph_Driver/src/stm32f10x_crc.c **** 
  38:lib/STM32F10x_StdPeriph_Driver/src/stm32f10x_crc.c **** /**
  39:lib/STM32F10x_StdPeriph_Driver/src/stm32f10x_crc.c ****   * @}
  40:lib/STM32F10x_StdPeriph_Driver/src/stm32f10x_crc.c ****   */
  41:lib/STM32F10x_StdPeriph_Driver/src/stm32f10x_crc.c **** 
  42:lib/STM32F10x_StdPeriph_Driver/src/stm32f10x_crc.c **** /** @defgroup CRC_Private_Defines
  43:lib/STM32F10x_StdPeriph_Driver/src/stm32f10x_crc.c ****   * @{
  44:lib/STM32F10x_StdPeriph_Driver/src/stm32f10x_crc.c ****   */
  45:lib/STM32F10x_StdPeriph_Driver/src/stm32f10x_crc.c **** 
  46:lib/STM32F10x_StdPeriph_Driver/src/stm32f10x_crc.c **** /**
  47:lib/STM32F10x_StdPeriph_Driver/src/stm32f10x_crc.c ****   * @}
  48:lib/STM32F10x_StdPeriph_Driver/src/stm32f10x_crc.c ****   */
  49:lib/STM32F10x_StdPeriph_Driver/src/stm32f10x_crc.c **** 
  50:lib/STM32F10x_StdPeriph_Driver/src/stm32f10x_crc.c **** /** @defgroup CRC_Private_Macros
  51:lib/STM32F10x_StdPeriph_Driver/src/stm32f10x_crc.c ****   * @{
  52:lib/STM32F10x_StdPeriph_Driver/src/stm32f10x_crc.c ****   */
  53:lib/STM32F10x_StdPeriph_Driver/src/stm32f10x_crc.c **** 
  54:lib/STM32F10x_StdPeriph_Driver/src/stm32f10x_crc.c **** /**
  55:lib/STM32F10x_StdPeriph_Driver/src/stm32f10x_crc.c ****   * @}
  56:lib/STM32F10x_StdPeriph_Driver/src/stm32f10x_crc.c ****   */
  57:lib/STM32F10x_StdPeriph_Driver/src/stm32f10x_crc.c **** 
  58:lib/STM32F10x_StdPeriph_Driver/src/stm32f10x_crc.c **** /** @defgroup CRC_Private_Variables
  59:lib/STM32F10x_StdPeriph_Driver/src/stm32f10x_crc.c ****   * @{
  60:lib/STM32F10x_StdPeriph_Driver/src/stm32f10x_crc.c ****   */
  61:lib/STM32F10x_StdPeriph_Driver/src/stm32f10x_crc.c **** 
  62:lib/STM32F10x_StdPeriph_Driver/src/stm32f10x_crc.c **** /**
  63:lib/STM32F10x_StdPeriph_Driver/src/stm32f10x_crc.c ****   * @}
  64:lib/STM32F10x_StdPeriph_Driver/src/stm32f10x_crc.c ****   */
  65:lib/STM32F10x_StdPeriph_Driver/src/stm32f10x_crc.c **** 
  66:lib/STM32F10x_StdPeriph_Driver/src/stm32f10x_crc.c **** /** @defgroup CRC_Private_FunctionPrototypes
  67:lib/STM32F10x_StdPeriph_Driver/src/stm32f10x_crc.c ****   * @{
  68:lib/STM32F10x_StdPeriph_Driver/src/stm32f10x_crc.c ****   */
  69:lib/STM32F10x_StdPeriph_Driver/src/stm32f10x_crc.c **** 
  70:lib/STM32F10x_StdPeriph_Driver/src/stm32f10x_crc.c **** /**
  71:lib/STM32F10x_StdPeriph_Driver/src/stm32f10x_crc.c ****   * @}
  72:lib/STM32F10x_StdPeriph_Driver/src/stm32f10x_crc.c ****   */
  73:lib/STM32F10x_StdPeriph_Driver/src/stm32f10x_crc.c **** 
  74:lib/STM32F10x_StdPeriph_Driver/src/stm32f10x_crc.c **** /** @defgroup CRC_Private_Functions
  75:lib/STM32F10x_StdPeriph_Driver/src/stm32f10x_crc.c ****   * @{
  76:lib/STM32F10x_StdPeriph_Driver/src/stm32f10x_crc.c ****   */
  77:lib/STM32F10x_StdPeriph_Driver/src/stm32f10x_crc.c **** 
  78:lib/STM32F10x_StdPeriph_Driver/src/stm32f10x_crc.c **** /**
  79:lib/STM32F10x_StdPeriph_Driver/src/stm32f10x_crc.c ****   * @brief  Resets the CRC Data register (DR).
  80:lib/STM32F10x_StdPeriph_Driver/src/stm32f10x_crc.c ****   * @param  None
  81:lib/STM32F10x_StdPeriph_Driver/src/stm32f10x_crc.c ****   * @retval None
  82:lib/STM32F10x_StdPeriph_Driver/src/stm32f10x_crc.c ****   */
  83:lib/STM32F10x_StdPeriph_Driver/src/stm32f10x_crc.c **** void CRC_ResetDR(void)
  84:lib/STM32F10x_StdPeriph_Driver/src/stm32f10x_crc.c **** {
  25              		.loc 1 84 0
  26              		.cfi_startproc
  27              		@ args = 0, pretend = 0, frame = 0
  28              		@ frame_needed = 0, uses_anonymous_args = 0
  29              		@ link register save eliminated.
  85:lib/STM32F10x_StdPeriph_Driver/src/stm32f10x_crc.c ****   /* Reset CRC generator */
  86:lib/STM32F10x_StdPeriph_Driver/src/stm32f10x_crc.c ****   CRC->CR = CRC_CR_RESET;
  30              		.loc 1 86 0
  31 0000 0122     		movs	r2, #1
  32 0002 014B     		ldr	r3, .L2
  33 0004 9A60     		str	r2, [r3, #8]
  34 0006 7047     		bx	lr
  35              	.L3:
  36              		.align	2
  37              	.L2:
  38 0008 00300240 		.word	1073885184
  39              		.cfi_endproc
  40              	.LFE29:
  42              		.align	1
  43              		.global	CRC_CalcCRC
  44              		.syntax unified
  45              		.thumb
  46              		.thumb_func
  47              		.fpu softvfp
  49              	CRC_CalcCRC:
  50              	.LFB30:
  87:lib/STM32F10x_StdPeriph_Driver/src/stm32f10x_crc.c **** }
  88:lib/STM32F10x_StdPeriph_Driver/src/stm32f10x_crc.c **** 
  89:lib/STM32F10x_StdPeriph_Driver/src/stm32f10x_crc.c **** /**
  90:lib/STM32F10x_StdPeriph_Driver/src/stm32f10x_crc.c ****   * @brief  Computes the 32-bit CRC of a given data word(32-bit).
  91:lib/STM32F10x_StdPeriph_Driver/src/stm32f10x_crc.c ****   * @param  Data: data word(32-bit) to compute its CRC
  92:lib/STM32F10x_StdPeriph_Driver/src/stm32f10x_crc.c ****   * @retval 32-bit CRC
  93:lib/STM32F10x_StdPeriph_Driver/src/stm32f10x_crc.c ****   */
  94:lib/STM32F10x_StdPeriph_Driver/src/stm32f10x_crc.c **** uint32_t CRC_CalcCRC(uint32_t Data)
  95:lib/STM32F10x_StdPeriph_Driver/src/stm32f10x_crc.c **** {
  51              		.loc 1 95 0
  52              		.cfi_startproc
  53              		@ args = 0, pretend = 0, frame = 0
  54              		@ frame_needed = 0, uses_anonymous_args = 0
  55              		@ link register save eliminated.
  56              	.LVL0:
  96:lib/STM32F10x_StdPeriph_Driver/src/stm32f10x_crc.c ****   CRC->DR = Data;
  57              		.loc 1 96 0
  58 000c 014B     		ldr	r3, .L5
  59 000e 1860     		str	r0, [r3]
  97:lib/STM32F10x_StdPeriph_Driver/src/stm32f10x_crc.c ****   
  98:lib/STM32F10x_StdPeriph_Driver/src/stm32f10x_crc.c ****   return (CRC->DR);
  60              		.loc 1 98 0
  61 0010 1868     		ldr	r0, [r3]
  62              	.LVL1:
  99:lib/STM32F10x_StdPeriph_Driver/src/stm32f10x_crc.c **** }
  63              		.loc 1 99 0
  64 0012 7047     		bx	lr
  65              	.L6:
  66              		.align	2
  67              	.L5:
  68 0014 00300240 		.word	1073885184
  69              		.cfi_endproc
  70              	.LFE30:
  72              		.align	1
  73              		.global	CRC_CalcBlockCRC
  74              		.syntax unified
  75              		.thumb
  76              		.thumb_func
  77              		.fpu softvfp
  79              	CRC_CalcBlockCRC:
  80              	.LFB31:
 100:lib/STM32F10x_StdPeriph_Driver/src/stm32f10x_crc.c **** 
 101:lib/STM32F10x_StdPeriph_Driver/src/stm32f10x_crc.c **** /**
 102:lib/STM32F10x_StdPeriph_Driver/src/stm32f10x_crc.c ****   * @brief  Computes the 32-bit CRC of a given buffer of data word(32-bit).
 103:lib/STM32F10x_StdPeriph_Driver/src/stm32f10x_crc.c ****   * @param  pBuffer: pointer to the buffer containing the data to be computed
 104:lib/STM32F10x_StdPeriph_Driver/src/stm32f10x_crc.c ****   * @param  BufferLength: length of the buffer to be computed					
 105:lib/STM32F10x_StdPeriph_Driver/src/stm32f10x_crc.c ****   * @retval 32-bit CRC
 106:lib/STM32F10x_StdPeriph_Driver/src/stm32f10x_crc.c ****   */
 107:lib/STM32F10x_StdPeriph_Driver/src/stm32f10x_crc.c **** uint32_t CRC_CalcBlockCRC(uint32_t pBuffer[], uint32_t BufferLength)
 108:lib/STM32F10x_StdPeriph_Driver/src/stm32f10x_crc.c **** {
  81              		.loc 1 108 0
  82              		.cfi_startproc
  83              		@ args = 0, pretend = 0, frame = 0
  84              		@ frame_needed = 0, uses_anonymous_args = 0
  85              		@ link register save eliminated.
  86              	.LVL2:
  87 0018 054B     		ldr	r3, .L10
  88 001a 00EB8101 		add	r1, r0, r1, lsl #2
  89              	.LVL3:
  90              	.L8:
 109:lib/STM32F10x_StdPeriph_Driver/src/stm32f10x_crc.c ****   uint32_t index = 0;
 110:lib/STM32F10x_StdPeriph_Driver/src/stm32f10x_crc.c ****   
 111:lib/STM32F10x_StdPeriph_Driver/src/stm32f10x_crc.c ****   for(index = 0; index < BufferLength; index++)
  91              		.loc 1 111 0 discriminator 1
  92 001e 8842     		cmp	r0, r1
  93 0020 01D1     		bne	.L9
 112:lib/STM32F10x_StdPeriph_Driver/src/stm32f10x_crc.c ****   {
 113:lib/STM32F10x_StdPeriph_Driver/src/stm32f10x_crc.c ****     CRC->DR = pBuffer[index];
 114:lib/STM32F10x_StdPeriph_Driver/src/stm32f10x_crc.c ****   }
 115:lib/STM32F10x_StdPeriph_Driver/src/stm32f10x_crc.c ****   return (CRC->DR);
  94              		.loc 1 115 0
  95 0022 1868     		ldr	r0, [r3]
 116:lib/STM32F10x_StdPeriph_Driver/src/stm32f10x_crc.c **** }
  96              		.loc 1 116 0
  97 0024 7047     		bx	lr
  98              	.L9:
 113:lib/STM32F10x_StdPeriph_Driver/src/stm32f10x_crc.c ****   }
  99              		.loc 1 113 0 discriminator 3
 100 0026 50F8042B 		ldr	r2, [r0], #4
 101 002a 1A60     		str	r2, [r3]
 102 002c F7E7     		b	.L8
 103              	.L11:
 104 002e 00BF     		.align	2
 105              	.L10:
 106 0030 00300240 		.word	1073885184
 107              		.cfi_endproc
 108              	.LFE31:
 110              		.align	1
 111              		.global	CRC_GetCRC
 112              		.syntax unified
 113              		.thumb
 114              		.thumb_func
 115              		.fpu softvfp
 117              	CRC_GetCRC:
 118              	.LFB32:
 117:lib/STM32F10x_StdPeriph_Driver/src/stm32f10x_crc.c **** 
 118:lib/STM32F10x_StdPeriph_Driver/src/stm32f10x_crc.c **** /**
 119:lib/STM32F10x_StdPeriph_Driver/src/stm32f10x_crc.c ****   * @brief  Returns the current CRC value.
 120:lib/STM32F10x_StdPeriph_Driver/src/stm32f10x_crc.c ****   * @param  None
 121:lib/STM32F10x_StdPeriph_Driver/src/stm32f10x_crc.c ****   * @retval 32-bit CRC
 122:lib/STM32F10x_StdPeriph_Driver/src/stm32f10x_crc.c ****   */
 123:lib/STM32F10x_StdPeriph_Driver/src/stm32f10x_crc.c **** uint32_t CRC_GetCRC(void)
 124:lib/STM32F10x_StdPeriph_Driver/src/stm32f10x_crc.c **** {
 119              		.loc 1 124 0
 120              		.cfi_startproc
 121              		@ args = 0, pretend = 0, frame = 0
 122              		@ frame_needed = 0, uses_anonymous_args = 0
 123              		@ link register save eliminated.
 125:lib/STM32F10x_StdPeriph_Driver/src/stm32f10x_crc.c ****   return (CRC->DR);
 124              		.loc 1 125 0
 125 0034 014B     		ldr	r3, .L13
 126 0036 1868     		ldr	r0, [r3]
 126:lib/STM32F10x_StdPeriph_Driver/src/stm32f10x_crc.c **** }
 127              		.loc 1 126 0
 128 0038 7047     		bx	lr
 129              	.L14:
 130 003a 00BF     		.align	2
 131              	.L13:
 132 003c 00300240 		.word	1073885184
 133              		.cfi_endproc
 134              	.LFE32:
 136              		.align	1
 137              		.global	CRC_SetIDRegister
 138              		.syntax unified
 139              		.thumb
 140              		.thumb_func
 141              		.fpu softvfp
 143              	CRC_SetIDRegister:
 144              	.LFB33:
 127:lib/STM32F10x_StdPeriph_Driver/src/stm32f10x_crc.c **** 
 128:lib/STM32F10x_StdPeriph_Driver/src/stm32f10x_crc.c **** /**
 129:lib/STM32F10x_StdPeriph_Driver/src/stm32f10x_crc.c ****   * @brief  Stores a 8-bit data in the Independent Data(ID) register.
 130:lib/STM32F10x_StdPeriph_Driver/src/stm32f10x_crc.c ****   * @param  IDValue: 8-bit value to be stored in the ID register 					
 131:lib/STM32F10x_StdPeriph_Driver/src/stm32f10x_crc.c ****   * @retval None
 132:lib/STM32F10x_StdPeriph_Driver/src/stm32f10x_crc.c ****   */
 133:lib/STM32F10x_StdPeriph_Driver/src/stm32f10x_crc.c **** void CRC_SetIDRegister(uint8_t IDValue)
 134:lib/STM32F10x_StdPeriph_Driver/src/stm32f10x_crc.c **** {
 145              		.loc 1 134 0
 146              		.cfi_startproc
 147              		@ args = 0, pretend = 0, frame = 0
 148              		@ frame_needed = 0, uses_anonymous_args = 0
 149              		@ link register save eliminated.
 150              	.LVL4:
 135:lib/STM32F10x_StdPeriph_Driver/src/stm32f10x_crc.c ****   CRC->IDR = IDValue;
 151              		.loc 1 135 0
 152 0040 014B     		ldr	r3, .L16
 153 0042 1871     		strb	r0, [r3, #4]
 154 0044 7047     		bx	lr
 155              	.L17:
 156 0046 00BF     		.align	2
 157              	.L16:
 158 0048 00300240 		.word	1073885184
 159              		.cfi_endproc
 160              	.LFE33:
 162              		.align	1
 163              		.global	CRC_GetIDRegister
 164              		.syntax unified
 165              		.thumb
 166              		.thumb_func
 167              		.fpu softvfp
 169              	CRC_GetIDRegister:
 170              	.LFB34:
 136:lib/STM32F10x_StdPeriph_Driver/src/stm32f10x_crc.c **** }
 137:lib/STM32F10x_StdPeriph_Driver/src/stm32f10x_crc.c **** 
 138:lib/STM32F10x_StdPeriph_Driver/src/stm32f10x_crc.c **** /**
 139:lib/STM32F10x_StdPeriph_Driver/src/stm32f10x_crc.c ****   * @brief  Returns the 8-bit data stored in the Independent Data(ID) register
 140:lib/STM32F10x_StdPeriph_Driver/src/stm32f10x_crc.c ****   * @param  None
 141:lib/STM32F10x_StdPeriph_Driver/src/stm32f10x_crc.c ****   * @retval 8-bit value of the ID register 
 142:lib/STM32F10x_StdPeriph_Driver/src/stm32f10x_crc.c ****   */
 143:lib/STM32F10x_StdPeriph_Driver/src/stm32f10x_crc.c **** uint8_t CRC_GetIDRegister(void)
 144:lib/STM32F10x_StdPeriph_Driver/src/stm32f10x_crc.c **** {
 171              		.loc 1 144 0
 172              		.cfi_startproc
 173              		@ args = 0, pretend = 0, frame = 0
 174              		@ frame_needed = 0, uses_anonymous_args = 0
 175              		@ link register save eliminated.
 145:lib/STM32F10x_StdPeriph_Driver/src/stm32f10x_crc.c ****   return (CRC->IDR);
 176              		.loc 1 145 0
 177 004c 014B     		ldr	r3, .L19
 178 004e 1879     		ldrb	r0, [r3, #4]	@ zero_extendqisi2
 146:lib/STM32F10x_StdPeriph_Driver/src/stm32f10x_crc.c **** }
 179              		.loc 1 146 0
 180 0050 7047     		bx	lr
 181              	.L20:
 182 0052 00BF     		.align	2
 183              	.L19:
 184 0054 00300240 		.word	1073885184
 185              		.cfi_endproc
 186              	.LFE34:
 188              	.Letext0:
 189              		.file 2 "/opt/gcc-arm/gcc-arm-none-eabi-6_2-2016q4/arm-none-eabi/include/machine/_default_types.h"
 190              		.file 3 "/opt/gcc-arm/gcc-arm-none-eabi-6_2-2016q4/arm-none-eabi/include/sys/_stdint.h"
 191              		.file 4 "./lib/CMSIS/CM3/CoreSupport/core_cm3.h"
 192              		.file 5 "./lib/CMSIS/CM3/DeviceSupport/ST/STM32F10x/system_stm32f10x.h"
 193              		.file 6 "./lib/CMSIS/CM3/DeviceSupport/ST/STM32F10x/stm32f10x.h"
DEFINED SYMBOLS
                            *ABS*:0000000000000000 stm32f10x_crc.c
     /tmp/ccSB7baq.s:15     .text:0000000000000000 $t
     /tmp/ccSB7baq.s:22     .text:0000000000000000 CRC_ResetDR
     /tmp/ccSB7baq.s:38     .text:0000000000000008 $d
     /tmp/ccSB7baq.s:42     .text:000000000000000c $t
     /tmp/ccSB7baq.s:49     .text:000000000000000c CRC_CalcCRC
     /tmp/ccSB7baq.s:68     .text:0000000000000014 $d
     /tmp/ccSB7baq.s:72     .text:0000000000000018 $t
     /tmp/ccSB7baq.s:79     .text:0000000000000018 CRC_CalcBlockCRC
     /tmp/ccSB7baq.s:106    .text:0000000000000030 $d
     /tmp/ccSB7baq.s:110    .text:0000000000000034 $t
     /tmp/ccSB7baq.s:117    .text:0000000000000034 CRC_GetCRC
     /tmp/ccSB7baq.s:132    .text:000000000000003c $d
     /tmp/ccSB7baq.s:136    .text:0000000000000040 $t
     /tmp/ccSB7baq.s:143    .text:0000000000000040 CRC_SetIDRegister
     /tmp/ccSB7baq.s:158    .text:0000000000000048 $d
     /tmp/ccSB7baq.s:162    .text:000000000000004c $t
     /tmp/ccSB7baq.s:169    .text:000000000000004c CRC_GetIDRegister
     /tmp/ccSB7baq.s:184    .text:0000000000000054 $d
                     .debug_frame:0000000000000010 $d

NO UNDEFINED SYMBOLS
