   1              		.cpu cortex-m3
   2              		.eabi_attribute 20, 1
   3              		.eabi_attribute 21, 1
   4              		.eabi_attribute 23, 3
   5              		.eabi_attribute 24, 1
   6              		.eabi_attribute 25, 1
   7              		.eabi_attribute 26, 1
   8              		.eabi_attribute 30, 4
   9              		.eabi_attribute 34, 1
  10              		.eabi_attribute 18, 4
  11              		.file	"stm32f10x_gpio.c"
  12              		.text
  13              	.Ltext0:
  14              		.cfi_sections	.debug_frame
  15              		.align	1
  16              		.global	GPIO_DeInit
  17              		.syntax unified
  18              		.thumb
  19              		.thumb_func
  20              		.fpu softvfp
  22              	GPIO_DeInit:
  23              	.LFB29:
  24              		.file 1 "lib/STM32F10x_StdPeriph_Driver/src/stm32f10x_gpio.c"
   1:lib/STM32F10x_StdPeriph_Driver/src/stm32f10x_gpio.c **** /**
   2:lib/STM32F10x_StdPeriph_Driver/src/stm32f10x_gpio.c ****   ******************************************************************************
   3:lib/STM32F10x_StdPeriph_Driver/src/stm32f10x_gpio.c ****   * @file    stm32f10x_gpio.c
   4:lib/STM32F10x_StdPeriph_Driver/src/stm32f10x_gpio.c ****   * @author  MCD Application Team
   5:lib/STM32F10x_StdPeriph_Driver/src/stm32f10x_gpio.c ****   * @version V3.5.0
   6:lib/STM32F10x_StdPeriph_Driver/src/stm32f10x_gpio.c ****   * @date    11-March-2011
   7:lib/STM32F10x_StdPeriph_Driver/src/stm32f10x_gpio.c ****   * @brief   This file provides all the GPIO firmware functions.
   8:lib/STM32F10x_StdPeriph_Driver/src/stm32f10x_gpio.c ****   ******************************************************************************
   9:lib/STM32F10x_StdPeriph_Driver/src/stm32f10x_gpio.c ****   * @attention
  10:lib/STM32F10x_StdPeriph_Driver/src/stm32f10x_gpio.c ****   *
  11:lib/STM32F10x_StdPeriph_Driver/src/stm32f10x_gpio.c ****   * THE PRESENT FIRMWARE WHICH IS FOR GUIDANCE ONLY AIMS AT PROVIDING CUSTOMERS
  12:lib/STM32F10x_StdPeriph_Driver/src/stm32f10x_gpio.c ****   * WITH CODING INFORMATION REGARDING THEIR PRODUCTS IN ORDER FOR THEM TO SAVE
  13:lib/STM32F10x_StdPeriph_Driver/src/stm32f10x_gpio.c ****   * TIME. AS A RESULT, STMICROELECTRONICS SHALL NOT BE HELD LIABLE FOR ANY
  14:lib/STM32F10x_StdPeriph_Driver/src/stm32f10x_gpio.c ****   * DIRECT, INDIRECT OR CONSEQUENTIAL DAMAGES WITH RESPECT TO ANY CLAIMS ARISING
  15:lib/STM32F10x_StdPeriph_Driver/src/stm32f10x_gpio.c ****   * FROM THE CONTENT OF SUCH FIRMWARE AND/OR THE USE MADE BY CUSTOMERS OF THE
  16:lib/STM32F10x_StdPeriph_Driver/src/stm32f10x_gpio.c ****   * CODING INFORMATION CONTAINED HEREIN IN CONNECTION WITH THEIR PRODUCTS.
  17:lib/STM32F10x_StdPeriph_Driver/src/stm32f10x_gpio.c ****   *
  18:lib/STM32F10x_StdPeriph_Driver/src/stm32f10x_gpio.c ****   * <h2><center>&copy; COPYRIGHT 2011 STMicroelectronics</center></h2>
  19:lib/STM32F10x_StdPeriph_Driver/src/stm32f10x_gpio.c ****   ******************************************************************************
  20:lib/STM32F10x_StdPeriph_Driver/src/stm32f10x_gpio.c ****   */
  21:lib/STM32F10x_StdPeriph_Driver/src/stm32f10x_gpio.c **** 
  22:lib/STM32F10x_StdPeriph_Driver/src/stm32f10x_gpio.c **** /* Includes ------------------------------------------------------------------*/
  23:lib/STM32F10x_StdPeriph_Driver/src/stm32f10x_gpio.c **** #include "stm32f10x_gpio.h"
  24:lib/STM32F10x_StdPeriph_Driver/src/stm32f10x_gpio.c **** #include "stm32f10x_rcc.h"
  25:lib/STM32F10x_StdPeriph_Driver/src/stm32f10x_gpio.c **** 
  26:lib/STM32F10x_StdPeriph_Driver/src/stm32f10x_gpio.c **** /** @addtogroup STM32F10x_StdPeriph_Driver
  27:lib/STM32F10x_StdPeriph_Driver/src/stm32f10x_gpio.c ****   * @{
  28:lib/STM32F10x_StdPeriph_Driver/src/stm32f10x_gpio.c ****   */
  29:lib/STM32F10x_StdPeriph_Driver/src/stm32f10x_gpio.c **** 
  30:lib/STM32F10x_StdPeriph_Driver/src/stm32f10x_gpio.c **** /** @defgroup GPIO 
  31:lib/STM32F10x_StdPeriph_Driver/src/stm32f10x_gpio.c ****   * @brief GPIO driver modules
  32:lib/STM32F10x_StdPeriph_Driver/src/stm32f10x_gpio.c ****   * @{
  33:lib/STM32F10x_StdPeriph_Driver/src/stm32f10x_gpio.c ****   */ 
  34:lib/STM32F10x_StdPeriph_Driver/src/stm32f10x_gpio.c **** 
  35:lib/STM32F10x_StdPeriph_Driver/src/stm32f10x_gpio.c **** /** @defgroup GPIO_Private_TypesDefinitions
  36:lib/STM32F10x_StdPeriph_Driver/src/stm32f10x_gpio.c ****   * @{
  37:lib/STM32F10x_StdPeriph_Driver/src/stm32f10x_gpio.c ****   */
  38:lib/STM32F10x_StdPeriph_Driver/src/stm32f10x_gpio.c **** 
  39:lib/STM32F10x_StdPeriph_Driver/src/stm32f10x_gpio.c **** /**
  40:lib/STM32F10x_StdPeriph_Driver/src/stm32f10x_gpio.c ****   * @}
  41:lib/STM32F10x_StdPeriph_Driver/src/stm32f10x_gpio.c ****   */
  42:lib/STM32F10x_StdPeriph_Driver/src/stm32f10x_gpio.c **** 
  43:lib/STM32F10x_StdPeriph_Driver/src/stm32f10x_gpio.c **** /** @defgroup GPIO_Private_Defines
  44:lib/STM32F10x_StdPeriph_Driver/src/stm32f10x_gpio.c ****   * @{
  45:lib/STM32F10x_StdPeriph_Driver/src/stm32f10x_gpio.c ****   */
  46:lib/STM32F10x_StdPeriph_Driver/src/stm32f10x_gpio.c **** 
  47:lib/STM32F10x_StdPeriph_Driver/src/stm32f10x_gpio.c **** /* ------------ RCC registers bit address in the alias region ----------------*/
  48:lib/STM32F10x_StdPeriph_Driver/src/stm32f10x_gpio.c **** #define AFIO_OFFSET                 (AFIO_BASE - PERIPH_BASE)
  49:lib/STM32F10x_StdPeriph_Driver/src/stm32f10x_gpio.c **** 
  50:lib/STM32F10x_StdPeriph_Driver/src/stm32f10x_gpio.c **** /* --- EVENTCR Register -----*/
  51:lib/STM32F10x_StdPeriph_Driver/src/stm32f10x_gpio.c **** 
  52:lib/STM32F10x_StdPeriph_Driver/src/stm32f10x_gpio.c **** /* Alias word address of EVOE bit */
  53:lib/STM32F10x_StdPeriph_Driver/src/stm32f10x_gpio.c **** #define EVCR_OFFSET                 (AFIO_OFFSET + 0x00)
  54:lib/STM32F10x_StdPeriph_Driver/src/stm32f10x_gpio.c **** #define EVOE_BitNumber              ((uint8_t)0x07)
  55:lib/STM32F10x_StdPeriph_Driver/src/stm32f10x_gpio.c **** #define EVCR_EVOE_BB                (PERIPH_BB_BASE + (EVCR_OFFSET * 32) + (EVOE_BitNumber * 4))
  56:lib/STM32F10x_StdPeriph_Driver/src/stm32f10x_gpio.c **** 
  57:lib/STM32F10x_StdPeriph_Driver/src/stm32f10x_gpio.c **** 
  58:lib/STM32F10x_StdPeriph_Driver/src/stm32f10x_gpio.c **** /* ---  MAPR Register ---*/ 
  59:lib/STM32F10x_StdPeriph_Driver/src/stm32f10x_gpio.c **** /* Alias word address of MII_RMII_SEL bit */ 
  60:lib/STM32F10x_StdPeriph_Driver/src/stm32f10x_gpio.c **** #define MAPR_OFFSET                 (AFIO_OFFSET + 0x04) 
  61:lib/STM32F10x_StdPeriph_Driver/src/stm32f10x_gpio.c **** #define MII_RMII_SEL_BitNumber      ((u8)0x17) 
  62:lib/STM32F10x_StdPeriph_Driver/src/stm32f10x_gpio.c **** #define MAPR_MII_RMII_SEL_BB        (PERIPH_BB_BASE + (MAPR_OFFSET * 32) + (MII_RMII_SEL_BitNumber 
  63:lib/STM32F10x_StdPeriph_Driver/src/stm32f10x_gpio.c **** 
  64:lib/STM32F10x_StdPeriph_Driver/src/stm32f10x_gpio.c **** 
  65:lib/STM32F10x_StdPeriph_Driver/src/stm32f10x_gpio.c **** #define EVCR_PORTPINCONFIG_MASK     ((uint16_t)0xFF80)
  66:lib/STM32F10x_StdPeriph_Driver/src/stm32f10x_gpio.c **** #define LSB_MASK                    ((uint16_t)0xFFFF)
  67:lib/STM32F10x_StdPeriph_Driver/src/stm32f10x_gpio.c **** #define DBGAFR_POSITION_MASK        ((uint32_t)0x000F0000)
  68:lib/STM32F10x_StdPeriph_Driver/src/stm32f10x_gpio.c **** #define DBGAFR_SWJCFG_MASK          ((uint32_t)0xF0FFFFFF)
  69:lib/STM32F10x_StdPeriph_Driver/src/stm32f10x_gpio.c **** #define DBGAFR_LOCATION_MASK        ((uint32_t)0x00200000)
  70:lib/STM32F10x_StdPeriph_Driver/src/stm32f10x_gpio.c **** #define DBGAFR_NUMBITS_MASK         ((uint32_t)0x00100000)
  71:lib/STM32F10x_StdPeriph_Driver/src/stm32f10x_gpio.c **** /**
  72:lib/STM32F10x_StdPeriph_Driver/src/stm32f10x_gpio.c ****   * @}
  73:lib/STM32F10x_StdPeriph_Driver/src/stm32f10x_gpio.c ****   */
  74:lib/STM32F10x_StdPeriph_Driver/src/stm32f10x_gpio.c **** 
  75:lib/STM32F10x_StdPeriph_Driver/src/stm32f10x_gpio.c **** /** @defgroup GPIO_Private_Macros
  76:lib/STM32F10x_StdPeriph_Driver/src/stm32f10x_gpio.c ****   * @{
  77:lib/STM32F10x_StdPeriph_Driver/src/stm32f10x_gpio.c ****   */
  78:lib/STM32F10x_StdPeriph_Driver/src/stm32f10x_gpio.c **** 
  79:lib/STM32F10x_StdPeriph_Driver/src/stm32f10x_gpio.c **** /**
  80:lib/STM32F10x_StdPeriph_Driver/src/stm32f10x_gpio.c ****   * @}
  81:lib/STM32F10x_StdPeriph_Driver/src/stm32f10x_gpio.c ****   */
  82:lib/STM32F10x_StdPeriph_Driver/src/stm32f10x_gpio.c **** 
  83:lib/STM32F10x_StdPeriph_Driver/src/stm32f10x_gpio.c **** /** @defgroup GPIO_Private_Variables
  84:lib/STM32F10x_StdPeriph_Driver/src/stm32f10x_gpio.c ****   * @{
  85:lib/STM32F10x_StdPeriph_Driver/src/stm32f10x_gpio.c ****   */
  86:lib/STM32F10x_StdPeriph_Driver/src/stm32f10x_gpio.c **** 
  87:lib/STM32F10x_StdPeriph_Driver/src/stm32f10x_gpio.c **** /**
  88:lib/STM32F10x_StdPeriph_Driver/src/stm32f10x_gpio.c ****   * @}
  89:lib/STM32F10x_StdPeriph_Driver/src/stm32f10x_gpio.c ****   */
  90:lib/STM32F10x_StdPeriph_Driver/src/stm32f10x_gpio.c **** 
  91:lib/STM32F10x_StdPeriph_Driver/src/stm32f10x_gpio.c **** /** @defgroup GPIO_Private_FunctionPrototypes
  92:lib/STM32F10x_StdPeriph_Driver/src/stm32f10x_gpio.c ****   * @{
  93:lib/STM32F10x_StdPeriph_Driver/src/stm32f10x_gpio.c ****   */
  94:lib/STM32F10x_StdPeriph_Driver/src/stm32f10x_gpio.c **** 
  95:lib/STM32F10x_StdPeriph_Driver/src/stm32f10x_gpio.c **** /**
  96:lib/STM32F10x_StdPeriph_Driver/src/stm32f10x_gpio.c ****   * @}
  97:lib/STM32F10x_StdPeriph_Driver/src/stm32f10x_gpio.c ****   */
  98:lib/STM32F10x_StdPeriph_Driver/src/stm32f10x_gpio.c **** 
  99:lib/STM32F10x_StdPeriph_Driver/src/stm32f10x_gpio.c **** /** @defgroup GPIO_Private_Functions
 100:lib/STM32F10x_StdPeriph_Driver/src/stm32f10x_gpio.c ****   * @{
 101:lib/STM32F10x_StdPeriph_Driver/src/stm32f10x_gpio.c ****   */
 102:lib/STM32F10x_StdPeriph_Driver/src/stm32f10x_gpio.c **** 
 103:lib/STM32F10x_StdPeriph_Driver/src/stm32f10x_gpio.c **** /**
 104:lib/STM32F10x_StdPeriph_Driver/src/stm32f10x_gpio.c ****   * @brief  Deinitializes the GPIOx peripheral registers to their default reset values.
 105:lib/STM32F10x_StdPeriph_Driver/src/stm32f10x_gpio.c ****   * @param  GPIOx: where x can be (A..G) to select the GPIO peripheral.
 106:lib/STM32F10x_StdPeriph_Driver/src/stm32f10x_gpio.c ****   * @retval None
 107:lib/STM32F10x_StdPeriph_Driver/src/stm32f10x_gpio.c ****   */
 108:lib/STM32F10x_StdPeriph_Driver/src/stm32f10x_gpio.c **** void GPIO_DeInit(GPIO_TypeDef* GPIOx)
 109:lib/STM32F10x_StdPeriph_Driver/src/stm32f10x_gpio.c **** {
  25              		.loc 1 109 0
  26              		.cfi_startproc
  27              		@ args = 0, pretend = 0, frame = 0
  28              		@ frame_needed = 0, uses_anonymous_args = 0
  29              	.LVL0:
  30 0000 08B5     		push	{r3, lr}
  31              	.LCFI0:
  32              		.cfi_def_cfa_offset 8
  33              		.cfi_offset 3, -8
  34              		.cfi_offset 14, -4
 110:lib/STM32F10x_StdPeriph_Driver/src/stm32f10x_gpio.c ****   /* Check the parameters */
 111:lib/STM32F10x_StdPeriph_Driver/src/stm32f10x_gpio.c ****   assert_param(IS_GPIO_ALL_PERIPH(GPIOx));
 112:lib/STM32F10x_StdPeriph_Driver/src/stm32f10x_gpio.c ****   
 113:lib/STM32F10x_StdPeriph_Driver/src/stm32f10x_gpio.c ****   if (GPIOx == GPIOA)
  35              		.loc 1 113 0
  36 0002 264B     		ldr	r3, .L10
  37 0004 9842     		cmp	r0, r3
  38 0006 09D1     		bne	.L2
 114:lib/STM32F10x_StdPeriph_Driver/src/stm32f10x_gpio.c ****   {
 115:lib/STM32F10x_StdPeriph_Driver/src/stm32f10x_gpio.c ****     RCC_APB2PeriphResetCmd(RCC_APB2Periph_GPIOA, ENABLE);
  39              		.loc 1 115 0
  40 0008 0121     		movs	r1, #1
  41 000a 0420     		movs	r0, #4
  42              	.LVL1:
  43 000c FFF7FEFF 		bl	RCC_APB2PeriphResetCmd
  44              	.LVL2:
 116:lib/STM32F10x_StdPeriph_Driver/src/stm32f10x_gpio.c ****     RCC_APB2PeriphResetCmd(RCC_APB2Periph_GPIOA, DISABLE);
  45              		.loc 1 116 0
  46 0010 0021     		movs	r1, #0
  47 0012 0420     		movs	r0, #4
  48              	.L9:
 117:lib/STM32F10x_StdPeriph_Driver/src/stm32f10x_gpio.c ****   }
 118:lib/STM32F10x_StdPeriph_Driver/src/stm32f10x_gpio.c ****   else if (GPIOx == GPIOB)
 119:lib/STM32F10x_StdPeriph_Driver/src/stm32f10x_gpio.c ****   {
 120:lib/STM32F10x_StdPeriph_Driver/src/stm32f10x_gpio.c ****     RCC_APB2PeriphResetCmd(RCC_APB2Periph_GPIOB, ENABLE);
 121:lib/STM32F10x_StdPeriph_Driver/src/stm32f10x_gpio.c ****     RCC_APB2PeriphResetCmd(RCC_APB2Periph_GPIOB, DISABLE);
 122:lib/STM32F10x_StdPeriph_Driver/src/stm32f10x_gpio.c ****   }
 123:lib/STM32F10x_StdPeriph_Driver/src/stm32f10x_gpio.c ****   else if (GPIOx == GPIOC)
 124:lib/STM32F10x_StdPeriph_Driver/src/stm32f10x_gpio.c ****   {
 125:lib/STM32F10x_StdPeriph_Driver/src/stm32f10x_gpio.c ****     RCC_APB2PeriphResetCmd(RCC_APB2Periph_GPIOC, ENABLE);
 126:lib/STM32F10x_StdPeriph_Driver/src/stm32f10x_gpio.c ****     RCC_APB2PeriphResetCmd(RCC_APB2Periph_GPIOC, DISABLE);
 127:lib/STM32F10x_StdPeriph_Driver/src/stm32f10x_gpio.c ****   }
 128:lib/STM32F10x_StdPeriph_Driver/src/stm32f10x_gpio.c ****   else if (GPIOx == GPIOD)
 129:lib/STM32F10x_StdPeriph_Driver/src/stm32f10x_gpio.c ****   {
 130:lib/STM32F10x_StdPeriph_Driver/src/stm32f10x_gpio.c ****     RCC_APB2PeriphResetCmd(RCC_APB2Periph_GPIOD, ENABLE);
 131:lib/STM32F10x_StdPeriph_Driver/src/stm32f10x_gpio.c ****     RCC_APB2PeriphResetCmd(RCC_APB2Periph_GPIOD, DISABLE);
 132:lib/STM32F10x_StdPeriph_Driver/src/stm32f10x_gpio.c ****   }    
 133:lib/STM32F10x_StdPeriph_Driver/src/stm32f10x_gpio.c ****   else if (GPIOx == GPIOE)
 134:lib/STM32F10x_StdPeriph_Driver/src/stm32f10x_gpio.c ****   {
 135:lib/STM32F10x_StdPeriph_Driver/src/stm32f10x_gpio.c ****     RCC_APB2PeriphResetCmd(RCC_APB2Periph_GPIOE, ENABLE);
 136:lib/STM32F10x_StdPeriph_Driver/src/stm32f10x_gpio.c ****     RCC_APB2PeriphResetCmd(RCC_APB2Periph_GPIOE, DISABLE);
 137:lib/STM32F10x_StdPeriph_Driver/src/stm32f10x_gpio.c ****   } 
 138:lib/STM32F10x_StdPeriph_Driver/src/stm32f10x_gpio.c ****   else if (GPIOx == GPIOF)
 139:lib/STM32F10x_StdPeriph_Driver/src/stm32f10x_gpio.c ****   {
 140:lib/STM32F10x_StdPeriph_Driver/src/stm32f10x_gpio.c ****     RCC_APB2PeriphResetCmd(RCC_APB2Periph_GPIOF, ENABLE);
 141:lib/STM32F10x_StdPeriph_Driver/src/stm32f10x_gpio.c ****     RCC_APB2PeriphResetCmd(RCC_APB2Periph_GPIOF, DISABLE);
 142:lib/STM32F10x_StdPeriph_Driver/src/stm32f10x_gpio.c ****   }
 143:lib/STM32F10x_StdPeriph_Driver/src/stm32f10x_gpio.c ****   else
 144:lib/STM32F10x_StdPeriph_Driver/src/stm32f10x_gpio.c ****   {
 145:lib/STM32F10x_StdPeriph_Driver/src/stm32f10x_gpio.c ****     if (GPIOx == GPIOG)
 146:lib/STM32F10x_StdPeriph_Driver/src/stm32f10x_gpio.c ****     {
 147:lib/STM32F10x_StdPeriph_Driver/src/stm32f10x_gpio.c ****       RCC_APB2PeriphResetCmd(RCC_APB2Periph_GPIOG, ENABLE);
 148:lib/STM32F10x_StdPeriph_Driver/src/stm32f10x_gpio.c ****       RCC_APB2PeriphResetCmd(RCC_APB2Periph_GPIOG, DISABLE);
 149:lib/STM32F10x_StdPeriph_Driver/src/stm32f10x_gpio.c ****     }
 150:lib/STM32F10x_StdPeriph_Driver/src/stm32f10x_gpio.c ****   }
 151:lib/STM32F10x_StdPeriph_Driver/src/stm32f10x_gpio.c **** }
  49              		.loc 1 151 0
  50 0014 BDE80840 		pop	{r3, lr}
  51              	.LCFI1:
  52              		.cfi_remember_state
  53              		.cfi_restore 14
  54              		.cfi_restore 3
  55              		.cfi_def_cfa_offset 0
 148:lib/STM32F10x_StdPeriph_Driver/src/stm32f10x_gpio.c ****     }
  56              		.loc 1 148 0
  57 0018 FFF7FEBF 		b	RCC_APB2PeriphResetCmd
  58              	.LVL3:
  59              	.L2:
  60              	.LCFI2:
  61              		.cfi_restore_state
 118:lib/STM32F10x_StdPeriph_Driver/src/stm32f10x_gpio.c ****   {
  62              		.loc 1 118 0
  63 001c 204B     		ldr	r3, .L10+4
  64 001e 9842     		cmp	r0, r3
  65 0020 06D1     		bne	.L3
 120:lib/STM32F10x_StdPeriph_Driver/src/stm32f10x_gpio.c ****     RCC_APB2PeriphResetCmd(RCC_APB2Periph_GPIOB, DISABLE);
  66              		.loc 1 120 0
  67 0022 0121     		movs	r1, #1
  68 0024 0820     		movs	r0, #8
  69              	.LVL4:
  70 0026 FFF7FEFF 		bl	RCC_APB2PeriphResetCmd
  71              	.LVL5:
 121:lib/STM32F10x_StdPeriph_Driver/src/stm32f10x_gpio.c ****   }
  72              		.loc 1 121 0
  73 002a 0021     		movs	r1, #0
  74 002c 0820     		movs	r0, #8
  75 002e F1E7     		b	.L9
  76              	.LVL6:
  77              	.L3:
 123:lib/STM32F10x_StdPeriph_Driver/src/stm32f10x_gpio.c ****   {
  78              		.loc 1 123 0
  79 0030 1C4B     		ldr	r3, .L10+8
  80 0032 9842     		cmp	r0, r3
  81 0034 06D1     		bne	.L4
 125:lib/STM32F10x_StdPeriph_Driver/src/stm32f10x_gpio.c ****     RCC_APB2PeriphResetCmd(RCC_APB2Periph_GPIOC, DISABLE);
  82              		.loc 1 125 0
  83 0036 0121     		movs	r1, #1
  84 0038 1020     		movs	r0, #16
  85              	.LVL7:
  86 003a FFF7FEFF 		bl	RCC_APB2PeriphResetCmd
  87              	.LVL8:
 126:lib/STM32F10x_StdPeriph_Driver/src/stm32f10x_gpio.c ****   }
  88              		.loc 1 126 0
  89 003e 0021     		movs	r1, #0
  90 0040 1020     		movs	r0, #16
  91 0042 E7E7     		b	.L9
  92              	.LVL9:
  93              	.L4:
 128:lib/STM32F10x_StdPeriph_Driver/src/stm32f10x_gpio.c ****   {
  94              		.loc 1 128 0
  95 0044 184B     		ldr	r3, .L10+12
  96 0046 9842     		cmp	r0, r3
  97 0048 06D1     		bne	.L5
 130:lib/STM32F10x_StdPeriph_Driver/src/stm32f10x_gpio.c ****     RCC_APB2PeriphResetCmd(RCC_APB2Periph_GPIOD, DISABLE);
  98              		.loc 1 130 0
  99 004a 0121     		movs	r1, #1
 100 004c 2020     		movs	r0, #32
 101              	.LVL10:
 102 004e FFF7FEFF 		bl	RCC_APB2PeriphResetCmd
 103              	.LVL11:
 131:lib/STM32F10x_StdPeriph_Driver/src/stm32f10x_gpio.c ****   }    
 104              		.loc 1 131 0
 105 0052 0021     		movs	r1, #0
 106 0054 2020     		movs	r0, #32
 107 0056 DDE7     		b	.L9
 108              	.LVL12:
 109              	.L5:
 133:lib/STM32F10x_StdPeriph_Driver/src/stm32f10x_gpio.c ****   {
 110              		.loc 1 133 0
 111 0058 144B     		ldr	r3, .L10+16
 112 005a 9842     		cmp	r0, r3
 113 005c 06D1     		bne	.L6
 135:lib/STM32F10x_StdPeriph_Driver/src/stm32f10x_gpio.c ****     RCC_APB2PeriphResetCmd(RCC_APB2Periph_GPIOE, DISABLE);
 114              		.loc 1 135 0
 115 005e 0121     		movs	r1, #1
 116 0060 4020     		movs	r0, #64
 117              	.LVL13:
 118 0062 FFF7FEFF 		bl	RCC_APB2PeriphResetCmd
 119              	.LVL14:
 136:lib/STM32F10x_StdPeriph_Driver/src/stm32f10x_gpio.c ****   } 
 120              		.loc 1 136 0
 121 0066 0021     		movs	r1, #0
 122 0068 4020     		movs	r0, #64
 123 006a D3E7     		b	.L9
 124              	.LVL15:
 125              	.L6:
 138:lib/STM32F10x_StdPeriph_Driver/src/stm32f10x_gpio.c ****   {
 126              		.loc 1 138 0
 127 006c 104B     		ldr	r3, .L10+20
 128 006e 9842     		cmp	r0, r3
 129 0070 06D1     		bne	.L7
 140:lib/STM32F10x_StdPeriph_Driver/src/stm32f10x_gpio.c ****     RCC_APB2PeriphResetCmd(RCC_APB2Periph_GPIOF, DISABLE);
 130              		.loc 1 140 0
 131 0072 0121     		movs	r1, #1
 132 0074 8020     		movs	r0, #128
 133              	.LVL16:
 134 0076 FFF7FEFF 		bl	RCC_APB2PeriphResetCmd
 135              	.LVL17:
 141:lib/STM32F10x_StdPeriph_Driver/src/stm32f10x_gpio.c ****   }
 136              		.loc 1 141 0
 137 007a 0021     		movs	r1, #0
 138 007c 8020     		movs	r0, #128
 139 007e C9E7     		b	.L9
 140              	.LVL18:
 141              	.L7:
 145:lib/STM32F10x_StdPeriph_Driver/src/stm32f10x_gpio.c ****     {
 142              		.loc 1 145 0
 143 0080 0C4B     		ldr	r3, .L10+24
 144 0082 9842     		cmp	r0, r3
 145 0084 08D1     		bne	.L1
 147:lib/STM32F10x_StdPeriph_Driver/src/stm32f10x_gpio.c ****       RCC_APB2PeriphResetCmd(RCC_APB2Periph_GPIOG, DISABLE);
 146              		.loc 1 147 0
 147 0086 0121     		movs	r1, #1
 148 0088 4FF48070 		mov	r0, #256
 149              	.LVL19:
 150 008c FFF7FEFF 		bl	RCC_APB2PeriphResetCmd
 151              	.LVL20:
 148:lib/STM32F10x_StdPeriph_Driver/src/stm32f10x_gpio.c ****     }
 152              		.loc 1 148 0
 153 0090 0021     		movs	r1, #0
 154 0092 4FF48070 		mov	r0, #256
 155 0096 BDE7     		b	.L9
 156              	.LVL21:
 157              	.L1:
 158 0098 08BD     		pop	{r3, pc}
 159              	.L11:
 160 009a 00BF     		.align	2
 161              	.L10:
 162 009c 00080140 		.word	1073809408
 163 00a0 000C0140 		.word	1073810432
 164 00a4 00100140 		.word	1073811456
 165 00a8 00140140 		.word	1073812480
 166 00ac 00180140 		.word	1073813504
 167 00b0 001C0140 		.word	1073814528
 168 00b4 00200140 		.word	1073815552
 169              		.cfi_endproc
 170              	.LFE29:
 172              		.align	1
 173              		.global	GPIO_AFIODeInit
 174              		.syntax unified
 175              		.thumb
 176              		.thumb_func
 177              		.fpu softvfp
 179              	GPIO_AFIODeInit:
 180              	.LFB30:
 152:lib/STM32F10x_StdPeriph_Driver/src/stm32f10x_gpio.c **** 
 153:lib/STM32F10x_StdPeriph_Driver/src/stm32f10x_gpio.c **** /**
 154:lib/STM32F10x_StdPeriph_Driver/src/stm32f10x_gpio.c ****   * @brief  Deinitializes the Alternate Functions (remap, event control
 155:lib/STM32F10x_StdPeriph_Driver/src/stm32f10x_gpio.c ****   *   and EXTI configuration) registers to their default reset values.
 156:lib/STM32F10x_StdPeriph_Driver/src/stm32f10x_gpio.c ****   * @param  None
 157:lib/STM32F10x_StdPeriph_Driver/src/stm32f10x_gpio.c ****   * @retval None
 158:lib/STM32F10x_StdPeriph_Driver/src/stm32f10x_gpio.c ****   */
 159:lib/STM32F10x_StdPeriph_Driver/src/stm32f10x_gpio.c **** void GPIO_AFIODeInit(void)
 160:lib/STM32F10x_StdPeriph_Driver/src/stm32f10x_gpio.c **** {
 181              		.loc 1 160 0
 182              		.cfi_startproc
 183              		@ args = 0, pretend = 0, frame = 0
 184              		@ frame_needed = 0, uses_anonymous_args = 0
 161:lib/STM32F10x_StdPeriph_Driver/src/stm32f10x_gpio.c ****   RCC_APB2PeriphResetCmd(RCC_APB2Periph_AFIO, ENABLE);
 185              		.loc 1 161 0
 186 00b8 0121     		movs	r1, #1
 160:lib/STM32F10x_StdPeriph_Driver/src/stm32f10x_gpio.c ****   RCC_APB2PeriphResetCmd(RCC_APB2Periph_AFIO, ENABLE);
 187              		.loc 1 160 0
 188 00ba 08B5     		push	{r3, lr}
 189              	.LCFI3:
 190              		.cfi_def_cfa_offset 8
 191              		.cfi_offset 3, -8
 192              		.cfi_offset 14, -4
 193              		.loc 1 161 0
 194 00bc 0846     		mov	r0, r1
 195 00be FFF7FEFF 		bl	RCC_APB2PeriphResetCmd
 196              	.LVL22:
 162:lib/STM32F10x_StdPeriph_Driver/src/stm32f10x_gpio.c ****   RCC_APB2PeriphResetCmd(RCC_APB2Periph_AFIO, DISABLE);
 163:lib/STM32F10x_StdPeriph_Driver/src/stm32f10x_gpio.c **** }
 197              		.loc 1 163 0
 198 00c2 BDE80840 		pop	{r3, lr}
 199              	.LCFI4:
 200              		.cfi_restore 14
 201              		.cfi_restore 3
 202              		.cfi_def_cfa_offset 0
 162:lib/STM32F10x_StdPeriph_Driver/src/stm32f10x_gpio.c ****   RCC_APB2PeriphResetCmd(RCC_APB2Periph_AFIO, DISABLE);
 203              		.loc 1 162 0
 204 00c6 0021     		movs	r1, #0
 205 00c8 0120     		movs	r0, #1
 206 00ca FFF7FEBF 		b	RCC_APB2PeriphResetCmd
 207              	.LVL23:
 208              		.cfi_endproc
 209              	.LFE30:
 211              		.align	1
 212              		.global	GPIO_Init
 213              		.syntax unified
 214              		.thumb
 215              		.thumb_func
 216              		.fpu softvfp
 218              	GPIO_Init:
 219              	.LFB31:
 164:lib/STM32F10x_StdPeriph_Driver/src/stm32f10x_gpio.c **** 
 165:lib/STM32F10x_StdPeriph_Driver/src/stm32f10x_gpio.c **** /**
 166:lib/STM32F10x_StdPeriph_Driver/src/stm32f10x_gpio.c ****   * @brief  Initializes the GPIOx peripheral according to the specified
 167:lib/STM32F10x_StdPeriph_Driver/src/stm32f10x_gpio.c ****   *         parameters in the GPIO_InitStruct.
 168:lib/STM32F10x_StdPeriph_Driver/src/stm32f10x_gpio.c ****   * @param  GPIOx: where x can be (A..G) to select the GPIO peripheral.
 169:lib/STM32F10x_StdPeriph_Driver/src/stm32f10x_gpio.c ****   * @param  GPIO_InitStruct: pointer to a GPIO_InitTypeDef structure that
 170:lib/STM32F10x_StdPeriph_Driver/src/stm32f10x_gpio.c ****   *         contains the configuration information for the specified GPIO peripheral.
 171:lib/STM32F10x_StdPeriph_Driver/src/stm32f10x_gpio.c ****   * @retval None
 172:lib/STM32F10x_StdPeriph_Driver/src/stm32f10x_gpio.c ****   */
 173:lib/STM32F10x_StdPeriph_Driver/src/stm32f10x_gpio.c **** void GPIO_Init(GPIO_TypeDef* GPIOx, GPIO_InitTypeDef* GPIO_InitStruct)
 174:lib/STM32F10x_StdPeriph_Driver/src/stm32f10x_gpio.c **** {
 220              		.loc 1 174 0
 221              		.cfi_startproc
 222              		@ args = 0, pretend = 0, frame = 0
 223              		@ frame_needed = 0, uses_anonymous_args = 0
 224              	.LVL24:
 175:lib/STM32F10x_StdPeriph_Driver/src/stm32f10x_gpio.c ****   uint32_t currentmode = 0x00, currentpin = 0x00, pinpos = 0x00, pos = 0x00;
 176:lib/STM32F10x_StdPeriph_Driver/src/stm32f10x_gpio.c ****   uint32_t tmpreg = 0x00, pinmask = 0x00;
 177:lib/STM32F10x_StdPeriph_Driver/src/stm32f10x_gpio.c ****   /* Check the parameters */
 178:lib/STM32F10x_StdPeriph_Driver/src/stm32f10x_gpio.c ****   assert_param(IS_GPIO_ALL_PERIPH(GPIOx));
 179:lib/STM32F10x_StdPeriph_Driver/src/stm32f10x_gpio.c ****   assert_param(IS_GPIO_MODE(GPIO_InitStruct->GPIO_Mode));
 180:lib/STM32F10x_StdPeriph_Driver/src/stm32f10x_gpio.c ****   assert_param(IS_GPIO_PIN(GPIO_InitStruct->GPIO_Pin));  
 181:lib/STM32F10x_StdPeriph_Driver/src/stm32f10x_gpio.c ****   
 182:lib/STM32F10x_StdPeriph_Driver/src/stm32f10x_gpio.c **** /*---------------------------- GPIO Mode Configuration -----------------------*/
 183:lib/STM32F10x_StdPeriph_Driver/src/stm32f10x_gpio.c ****   currentmode = ((uint32_t)GPIO_InitStruct->GPIO_Mode) & ((uint32_t)0x0F);
 225              		.loc 1 183 0
 226 00ce CB78     		ldrb	r3, [r1, #3]	@ zero_extendqisi2
 174:lib/STM32F10x_StdPeriph_Driver/src/stm32f10x_gpio.c ****   uint32_t currentmode = 0x00, currentpin = 0x00, pinpos = 0x00, pos = 0x00;
 227              		.loc 1 174 0
 228 00d0 2DE9F041 		push	{r4, r5, r6, r7, r8, lr}
 229              	.LCFI5:
 230              		.cfi_def_cfa_offset 24
 231              		.cfi_offset 4, -24
 232              		.cfi_offset 5, -20
 233              		.cfi_offset 6, -16
 234              		.cfi_offset 7, -12
 235              		.cfi_offset 8, -8
 236              		.cfi_offset 14, -4
 184:lib/STM32F10x_StdPeriph_Driver/src/stm32f10x_gpio.c ****   if ((((uint32_t)GPIO_InitStruct->GPIO_Mode) & ((uint32_t)0x10)) != 0x00)
 237              		.loc 1 184 0
 238 00d4 DA06     		lsls	r2, r3, #27
 239 00d6 48BF     		it	mi
 240 00d8 8A78     		ldrbmi	r2, [r1, #2]	@ zero_extendqisi2
 185:lib/STM32F10x_StdPeriph_Driver/src/stm32f10x_gpio.c ****   { 
 186:lib/STM32F10x_StdPeriph_Driver/src/stm32f10x_gpio.c ****     /* Check the parameters */
 187:lib/STM32F10x_StdPeriph_Driver/src/stm32f10x_gpio.c ****     assert_param(IS_GPIO_SPEED(GPIO_InitStruct->GPIO_Speed));
 188:lib/STM32F10x_StdPeriph_Driver/src/stm32f10x_gpio.c ****     /* Output mode */
 189:lib/STM32F10x_StdPeriph_Driver/src/stm32f10x_gpio.c ****     currentmode |= (uint32_t)GPIO_InitStruct->GPIO_Speed;
 190:lib/STM32F10x_StdPeriph_Driver/src/stm32f10x_gpio.c ****   }
 191:lib/STM32F10x_StdPeriph_Driver/src/stm32f10x_gpio.c **** /*---------------------------- GPIO CRL Configuration ------------------------*/
 192:lib/STM32F10x_StdPeriph_Driver/src/stm32f10x_gpio.c ****   /* Configure the eight low port pins */
 193:lib/STM32F10x_StdPeriph_Driver/src/stm32f10x_gpio.c ****   if (((uint32_t)GPIO_InitStruct->GPIO_Pin & ((uint32_t)0x00FF)) != 0x00)
 241              		.loc 1 193 0
 242 00da 0E88     		ldrh	r6, [r1]
 243 00dc 03F00F05 		and	r5, r3, #15
 244              	.LVL25:
 245 00e0 48BF     		it	mi
 246 00e2 1543     		orrmi	r5, r5, r2
 247              	.LVL26:
 248 00e4 16F0FF0F 		tst	r6, #255
 249 00e8 1AD0     		beq	.L15
 194:lib/STM32F10x_StdPeriph_Driver/src/stm32f10x_gpio.c ****   {
 195:lib/STM32F10x_StdPeriph_Driver/src/stm32f10x_gpio.c ****     tmpreg = GPIOx->CRL;
 196:lib/STM32F10x_StdPeriph_Driver/src/stm32f10x_gpio.c ****     for (pinpos = 0x00; pinpos < 0x08; pinpos++)
 250              		.loc 1 196 0
 251 00ea 0021     		movs	r1, #0
 252              	.LVL27:
 197:lib/STM32F10x_StdPeriph_Driver/src/stm32f10x_gpio.c ****     {
 198:lib/STM32F10x_StdPeriph_Driver/src/stm32f10x_gpio.c ****       pos = ((uint32_t)0x01) << pinpos;
 253              		.loc 1 198 0
 254 00ec 4FF0010E 		mov	lr, #1
 199:lib/STM32F10x_StdPeriph_Driver/src/stm32f10x_gpio.c ****       /* Get the port pins position */
 200:lib/STM32F10x_StdPeriph_Driver/src/stm32f10x_gpio.c ****       currentpin = (GPIO_InitStruct->GPIO_Pin) & pos;
 201:lib/STM32F10x_StdPeriph_Driver/src/stm32f10x_gpio.c ****       if (currentpin == pos)
 202:lib/STM32F10x_StdPeriph_Driver/src/stm32f10x_gpio.c ****       {
 203:lib/STM32F10x_StdPeriph_Driver/src/stm32f10x_gpio.c ****         pos = pinpos << 2;
 204:lib/STM32F10x_StdPeriph_Driver/src/stm32f10x_gpio.c ****         /* Clear the corresponding low control register bits */
 205:lib/STM32F10x_StdPeriph_Driver/src/stm32f10x_gpio.c ****         pinmask = ((uint32_t)0x0F) << pos;
 255              		.loc 1 205 0
 256 00f0 4FF00F0C 		mov	ip, #15
 195:lib/STM32F10x_StdPeriph_Driver/src/stm32f10x_gpio.c ****     for (pinpos = 0x00; pinpos < 0x08; pinpos++)
 257              		.loc 1 195 0
 258 00f4 0268     		ldr	r2, [r0]
 259              	.LVL28:
 260              	.L18:
 198:lib/STM32F10x_StdPeriph_Driver/src/stm32f10x_gpio.c ****       /* Get the port pins position */
 261              		.loc 1 198 0
 262 00f6 0EFA01F7 		lsl	r7, lr, r1
 263              	.LVL29:
 201:lib/STM32F10x_StdPeriph_Driver/src/stm32f10x_gpio.c ****       {
 264              		.loc 1 201 0
 265 00fa 37EA0604 		bics	r4, r7, r6
 266 00fe 0BD1     		bne	.L16
 203:lib/STM32F10x_StdPeriph_Driver/src/stm32f10x_gpio.c ****         /* Clear the corresponding low control register bits */
 267              		.loc 1 203 0
 268 0100 8C00     		lsls	r4, r1, #2
 269              	.LVL30:
 270              		.loc 1 205 0
 271 0102 0CFA04F8 		lsl	r8, ip, r4
 206:lib/STM32F10x_StdPeriph_Driver/src/stm32f10x_gpio.c ****         tmpreg &= ~pinmask;
 272              		.loc 1 206 0
 273 0106 22EA0802 		bic	r2, r2, r8
 274              	.LVL31:
 207:lib/STM32F10x_StdPeriph_Driver/src/stm32f10x_gpio.c ****         /* Write the mode configuration in the corresponding bits */
 208:lib/STM32F10x_StdPeriph_Driver/src/stm32f10x_gpio.c ****         tmpreg |= (currentmode << pos);
 275              		.loc 1 208 0
 276 010a 05FA04F4 		lsl	r4, r5, r4
 277              	.LVL32:
 209:lib/STM32F10x_StdPeriph_Driver/src/stm32f10x_gpio.c ****         /* Reset the corresponding ODR bit */
 210:lib/STM32F10x_StdPeriph_Driver/src/stm32f10x_gpio.c ****         if (GPIO_InitStruct->GPIO_Mode == GPIO_Mode_IPD)
 278              		.loc 1 210 0
 279 010e 282B     		cmp	r3, #40
 208:lib/STM32F10x_StdPeriph_Driver/src/stm32f10x_gpio.c ****         /* Reset the corresponding ODR bit */
 280              		.loc 1 208 0
 281 0110 42EA0402 		orr	r2, r2, r4
 282              	.LVL33:
 283              		.loc 1 210 0
 284 0114 25D1     		bne	.L17
 211:lib/STM32F10x_StdPeriph_Driver/src/stm32f10x_gpio.c ****         {
 212:lib/STM32F10x_StdPeriph_Driver/src/stm32f10x_gpio.c ****           GPIOx->BRR = (((uint32_t)0x01) << pinpos);
 285              		.loc 1 212 0
 286 0116 4761     		str	r7, [r0, #20]
 287              	.LVL34:
 288              	.L16:
 196:lib/STM32F10x_StdPeriph_Driver/src/stm32f10x_gpio.c ****     {
 289              		.loc 1 196 0 discriminator 2
 290 0118 0131     		adds	r1, r1, #1
 291              	.LVL35:
 292 011a 0829     		cmp	r1, #8
 293 011c EBD1     		bne	.L18
 213:lib/STM32F10x_StdPeriph_Driver/src/stm32f10x_gpio.c ****         }
 214:lib/STM32F10x_StdPeriph_Driver/src/stm32f10x_gpio.c ****         else
 215:lib/STM32F10x_StdPeriph_Driver/src/stm32f10x_gpio.c ****         {
 216:lib/STM32F10x_StdPeriph_Driver/src/stm32f10x_gpio.c ****           /* Set the corresponding ODR bit */
 217:lib/STM32F10x_StdPeriph_Driver/src/stm32f10x_gpio.c ****           if (GPIO_InitStruct->GPIO_Mode == GPIO_Mode_IPU)
 218:lib/STM32F10x_StdPeriph_Driver/src/stm32f10x_gpio.c ****           {
 219:lib/STM32F10x_StdPeriph_Driver/src/stm32f10x_gpio.c ****             GPIOx->BSRR = (((uint32_t)0x01) << pinpos);
 220:lib/STM32F10x_StdPeriph_Driver/src/stm32f10x_gpio.c ****           }
 221:lib/STM32F10x_StdPeriph_Driver/src/stm32f10x_gpio.c ****         }
 222:lib/STM32F10x_StdPeriph_Driver/src/stm32f10x_gpio.c ****       }
 223:lib/STM32F10x_StdPeriph_Driver/src/stm32f10x_gpio.c ****     }
 224:lib/STM32F10x_StdPeriph_Driver/src/stm32f10x_gpio.c ****     GPIOx->CRL = tmpreg;
 294              		.loc 1 224 0
 295 011e 0260     		str	r2, [r0]
 296              	.LVL36:
 297              	.L15:
 225:lib/STM32F10x_StdPeriph_Driver/src/stm32f10x_gpio.c ****   }
 226:lib/STM32F10x_StdPeriph_Driver/src/stm32f10x_gpio.c **** /*---------------------------- GPIO CRH Configuration ------------------------*/
 227:lib/STM32F10x_StdPeriph_Driver/src/stm32f10x_gpio.c ****   /* Configure the eight high port pins */
 228:lib/STM32F10x_StdPeriph_Driver/src/stm32f10x_gpio.c ****   if (GPIO_InitStruct->GPIO_Pin > 0x00FF)
 298              		.loc 1 228 0
 299 0120 FF2E     		cmp	r6, #255
 300 0122 1CD9     		bls	.L13
 229:lib/STM32F10x_StdPeriph_Driver/src/stm32f10x_gpio.c ****   {
 230:lib/STM32F10x_StdPeriph_Driver/src/stm32f10x_gpio.c ****     tmpreg = GPIOx->CRH;
 231:lib/STM32F10x_StdPeriph_Driver/src/stm32f10x_gpio.c ****     for (pinpos = 0x00; pinpos < 0x08; pinpos++)
 301              		.loc 1 231 0
 302 0124 0021     		movs	r1, #0
 232:lib/STM32F10x_StdPeriph_Driver/src/stm32f10x_gpio.c ****     {
 233:lib/STM32F10x_StdPeriph_Driver/src/stm32f10x_gpio.c ****       pos = (((uint32_t)0x01) << (pinpos + 0x08));
 303              		.loc 1 233 0
 304 0126 4FF0010E 		mov	lr, #1
 234:lib/STM32F10x_StdPeriph_Driver/src/stm32f10x_gpio.c ****       /* Get the port pins position */
 235:lib/STM32F10x_StdPeriph_Driver/src/stm32f10x_gpio.c ****       currentpin = ((GPIO_InitStruct->GPIO_Pin) & pos);
 236:lib/STM32F10x_StdPeriph_Driver/src/stm32f10x_gpio.c ****       if (currentpin == pos)
 237:lib/STM32F10x_StdPeriph_Driver/src/stm32f10x_gpio.c ****       {
 238:lib/STM32F10x_StdPeriph_Driver/src/stm32f10x_gpio.c ****         pos = pinpos << 2;
 239:lib/STM32F10x_StdPeriph_Driver/src/stm32f10x_gpio.c ****         /* Clear the corresponding high control register bits */
 240:lib/STM32F10x_StdPeriph_Driver/src/stm32f10x_gpio.c ****         pinmask = ((uint32_t)0x0F) << pos;
 305              		.loc 1 240 0
 306 012a 4FF00F0C 		mov	ip, #15
 230:lib/STM32F10x_StdPeriph_Driver/src/stm32f10x_gpio.c ****     for (pinpos = 0x00; pinpos < 0x08; pinpos++)
 307              		.loc 1 230 0
 308 012e 4268     		ldr	r2, [r0, #4]
 309              	.LVL37:
 310              	.L22:
 233:lib/STM32F10x_StdPeriph_Driver/src/stm32f10x_gpio.c ****       /* Get the port pins position */
 311              		.loc 1 233 0
 312 0130 01F10804 		add	r4, r1, #8
 313 0134 0EFA04F4 		lsl	r4, lr, r4
 314              	.LVL38:
 236:lib/STM32F10x_StdPeriph_Driver/src/stm32f10x_gpio.c ****       {
 315              		.loc 1 236 0
 316 0138 34EA0607 		bics	r7, r4, r6
 317 013c 0BD1     		bne	.L20
 238:lib/STM32F10x_StdPeriph_Driver/src/stm32f10x_gpio.c ****         /* Clear the corresponding high control register bits */
 318              		.loc 1 238 0
 319 013e 8F00     		lsls	r7, r1, #2
 320              	.LVL39:
 321              		.loc 1 240 0
 322 0140 0CFA07F8 		lsl	r8, ip, r7
 241:lib/STM32F10x_StdPeriph_Driver/src/stm32f10x_gpio.c ****         tmpreg &= ~pinmask;
 323              		.loc 1 241 0
 324 0144 22EA0802 		bic	r2, r2, r8
 325              	.LVL40:
 242:lib/STM32F10x_StdPeriph_Driver/src/stm32f10x_gpio.c ****         /* Write the mode configuration in the corresponding bits */
 243:lib/STM32F10x_StdPeriph_Driver/src/stm32f10x_gpio.c ****         tmpreg |= (currentmode << pos);
 326              		.loc 1 243 0
 327 0148 05FA07F7 		lsl	r7, r5, r7
 328              	.LVL41:
 244:lib/STM32F10x_StdPeriph_Driver/src/stm32f10x_gpio.c ****         /* Reset the corresponding ODR bit */
 245:lib/STM32F10x_StdPeriph_Driver/src/stm32f10x_gpio.c ****         if (GPIO_InitStruct->GPIO_Mode == GPIO_Mode_IPD)
 329              		.loc 1 245 0
 330 014c 282B     		cmp	r3, #40
 243:lib/STM32F10x_StdPeriph_Driver/src/stm32f10x_gpio.c ****         /* Reset the corresponding ODR bit */
 331              		.loc 1 243 0
 332 014e 42EA0702 		orr	r2, r2, r7
 333              	.LVL42:
 334              		.loc 1 245 0
 335 0152 0AD1     		bne	.L21
 246:lib/STM32F10x_StdPeriph_Driver/src/stm32f10x_gpio.c ****         {
 247:lib/STM32F10x_StdPeriph_Driver/src/stm32f10x_gpio.c ****           GPIOx->BRR = (((uint32_t)0x01) << (pinpos + 0x08));
 336              		.loc 1 247 0
 337 0154 4461     		str	r4, [r0, #20]
 338              	.LVL43:
 339              	.L20:
 231:lib/STM32F10x_StdPeriph_Driver/src/stm32f10x_gpio.c ****     {
 340              		.loc 1 231 0 discriminator 2
 341 0156 0131     		adds	r1, r1, #1
 342              	.LVL44:
 343 0158 0829     		cmp	r1, #8
 344 015a E9D1     		bne	.L22
 248:lib/STM32F10x_StdPeriph_Driver/src/stm32f10x_gpio.c ****         }
 249:lib/STM32F10x_StdPeriph_Driver/src/stm32f10x_gpio.c ****         /* Set the corresponding ODR bit */
 250:lib/STM32F10x_StdPeriph_Driver/src/stm32f10x_gpio.c ****         if (GPIO_InitStruct->GPIO_Mode == GPIO_Mode_IPU)
 251:lib/STM32F10x_StdPeriph_Driver/src/stm32f10x_gpio.c ****         {
 252:lib/STM32F10x_StdPeriph_Driver/src/stm32f10x_gpio.c ****           GPIOx->BSRR = (((uint32_t)0x01) << (pinpos + 0x08));
 253:lib/STM32F10x_StdPeriph_Driver/src/stm32f10x_gpio.c ****         }
 254:lib/STM32F10x_StdPeriph_Driver/src/stm32f10x_gpio.c ****       }
 255:lib/STM32F10x_StdPeriph_Driver/src/stm32f10x_gpio.c ****     }
 256:lib/STM32F10x_StdPeriph_Driver/src/stm32f10x_gpio.c ****     GPIOx->CRH = tmpreg;
 345              		.loc 1 256 0
 346 015c 4260     		str	r2, [r0, #4]
 347              	.LVL45:
 348              	.L13:
 349 015e BDE8F081 		pop	{r4, r5, r6, r7, r8, pc}
 350              	.LVL46:
 351              	.L17:
 217:lib/STM32F10x_StdPeriph_Driver/src/stm32f10x_gpio.c ****           {
 352              		.loc 1 217 0
 353 0162 482B     		cmp	r3, #72
 219:lib/STM32F10x_StdPeriph_Driver/src/stm32f10x_gpio.c ****           }
 354              		.loc 1 219 0
 355 0164 08BF     		it	eq
 356 0166 0761     		streq	r7, [r0, #16]
 357 0168 D6E7     		b	.L16
 358              	.LVL47:
 359              	.L21:
 250:lib/STM32F10x_StdPeriph_Driver/src/stm32f10x_gpio.c ****         {
 360              		.loc 1 250 0
 361 016a 482B     		cmp	r3, #72
 252:lib/STM32F10x_StdPeriph_Driver/src/stm32f10x_gpio.c ****         }
 362              		.loc 1 252 0
 363 016c 08BF     		it	eq
 364 016e 0461     		streq	r4, [r0, #16]
 365 0170 F1E7     		b	.L20
 366              		.cfi_endproc
 367              	.LFE31:
 369              		.align	1
 370              		.global	GPIO_StructInit
 371              		.syntax unified
 372              		.thumb
 373              		.thumb_func
 374              		.fpu softvfp
 376              	GPIO_StructInit:
 377              	.LFB32:
 257:lib/STM32F10x_StdPeriph_Driver/src/stm32f10x_gpio.c ****   }
 258:lib/STM32F10x_StdPeriph_Driver/src/stm32f10x_gpio.c **** }
 259:lib/STM32F10x_StdPeriph_Driver/src/stm32f10x_gpio.c **** 
 260:lib/STM32F10x_StdPeriph_Driver/src/stm32f10x_gpio.c **** /**
 261:lib/STM32F10x_StdPeriph_Driver/src/stm32f10x_gpio.c ****   * @brief  Fills each GPIO_InitStruct member with its default value.
 262:lib/STM32F10x_StdPeriph_Driver/src/stm32f10x_gpio.c ****   * @param  GPIO_InitStruct : pointer to a GPIO_InitTypeDef structure which will
 263:lib/STM32F10x_StdPeriph_Driver/src/stm32f10x_gpio.c ****   *         be initialized.
 264:lib/STM32F10x_StdPeriph_Driver/src/stm32f10x_gpio.c ****   * @retval None
 265:lib/STM32F10x_StdPeriph_Driver/src/stm32f10x_gpio.c ****   */
 266:lib/STM32F10x_StdPeriph_Driver/src/stm32f10x_gpio.c **** void GPIO_StructInit(GPIO_InitTypeDef* GPIO_InitStruct)
 267:lib/STM32F10x_StdPeriph_Driver/src/stm32f10x_gpio.c **** {
 378              		.loc 1 267 0
 379              		.cfi_startproc
 380              		@ args = 0, pretend = 0, frame = 0
 381              		@ frame_needed = 0, uses_anonymous_args = 0
 382              		@ link register save eliminated.
 383              	.LVL48:
 268:lib/STM32F10x_StdPeriph_Driver/src/stm32f10x_gpio.c ****   /* Reset GPIO init structure parameters values */
 269:lib/STM32F10x_StdPeriph_Driver/src/stm32f10x_gpio.c ****   GPIO_InitStruct->GPIO_Pin  = GPIO_Pin_All;
 384              		.loc 1 269 0
 385 0172 4FF6FF73 		movw	r3, #65535
 386 0176 0380     		strh	r3, [r0]	@ movhi
 270:lib/STM32F10x_StdPeriph_Driver/src/stm32f10x_gpio.c ****   GPIO_InitStruct->GPIO_Speed = GPIO_Speed_2MHz;
 387              		.loc 1 270 0
 388 0178 0223     		movs	r3, #2
 389 017a 8370     		strb	r3, [r0, #2]
 271:lib/STM32F10x_StdPeriph_Driver/src/stm32f10x_gpio.c ****   GPIO_InitStruct->GPIO_Mode = GPIO_Mode_IN_FLOATING;
 390              		.loc 1 271 0
 391 017c 0423     		movs	r3, #4
 392 017e C370     		strb	r3, [r0, #3]
 393 0180 7047     		bx	lr
 394              		.cfi_endproc
 395              	.LFE32:
 397              		.align	1
 398              		.global	GPIO_ReadInputDataBit
 399              		.syntax unified
 400              		.thumb
 401              		.thumb_func
 402              		.fpu softvfp
 404              	GPIO_ReadInputDataBit:
 405              	.LFB33:
 272:lib/STM32F10x_StdPeriph_Driver/src/stm32f10x_gpio.c **** }
 273:lib/STM32F10x_StdPeriph_Driver/src/stm32f10x_gpio.c **** 
 274:lib/STM32F10x_StdPeriph_Driver/src/stm32f10x_gpio.c **** /**
 275:lib/STM32F10x_StdPeriph_Driver/src/stm32f10x_gpio.c ****   * @brief  Reads the specified input port pin.
 276:lib/STM32F10x_StdPeriph_Driver/src/stm32f10x_gpio.c ****   * @param  GPIOx: where x can be (A..G) to select the GPIO peripheral.
 277:lib/STM32F10x_StdPeriph_Driver/src/stm32f10x_gpio.c ****   * @param  GPIO_Pin:  specifies the port bit to read.
 278:lib/STM32F10x_StdPeriph_Driver/src/stm32f10x_gpio.c ****   *   This parameter can be GPIO_Pin_x where x can be (0..15).
 279:lib/STM32F10x_StdPeriph_Driver/src/stm32f10x_gpio.c ****   * @retval The input port pin value.
 280:lib/STM32F10x_StdPeriph_Driver/src/stm32f10x_gpio.c ****   */
 281:lib/STM32F10x_StdPeriph_Driver/src/stm32f10x_gpio.c **** uint8_t GPIO_ReadInputDataBit(GPIO_TypeDef* GPIOx, uint16_t GPIO_Pin)
 282:lib/STM32F10x_StdPeriph_Driver/src/stm32f10x_gpio.c **** {
 406              		.loc 1 282 0
 407              		.cfi_startproc
 408              		@ args = 0, pretend = 0, frame = 0
 409              		@ frame_needed = 0, uses_anonymous_args = 0
 410              		@ link register save eliminated.
 411              	.LVL49:
 283:lib/STM32F10x_StdPeriph_Driver/src/stm32f10x_gpio.c ****   uint8_t bitstatus = 0x00;
 284:lib/STM32F10x_StdPeriph_Driver/src/stm32f10x_gpio.c ****   
 285:lib/STM32F10x_StdPeriph_Driver/src/stm32f10x_gpio.c ****   /* Check the parameters */
 286:lib/STM32F10x_StdPeriph_Driver/src/stm32f10x_gpio.c ****   assert_param(IS_GPIO_ALL_PERIPH(GPIOx));
 287:lib/STM32F10x_StdPeriph_Driver/src/stm32f10x_gpio.c ****   assert_param(IS_GET_GPIO_PIN(GPIO_Pin)); 
 288:lib/STM32F10x_StdPeriph_Driver/src/stm32f10x_gpio.c ****   
 289:lib/STM32F10x_StdPeriph_Driver/src/stm32f10x_gpio.c ****   if ((GPIOx->IDR & GPIO_Pin) != (uint32_t)Bit_RESET)
 412              		.loc 1 289 0
 413 0182 8368     		ldr	r3, [r0, #8]
 414              	.LVL50:
 415 0184 1942     		tst	r1, r3
 290:lib/STM32F10x_StdPeriph_Driver/src/stm32f10x_gpio.c ****   {
 291:lib/STM32F10x_StdPeriph_Driver/src/stm32f10x_gpio.c ****     bitstatus = (uint8_t)Bit_SET;
 292:lib/STM32F10x_StdPeriph_Driver/src/stm32f10x_gpio.c ****   }
 293:lib/STM32F10x_StdPeriph_Driver/src/stm32f10x_gpio.c ****   else
 294:lib/STM32F10x_StdPeriph_Driver/src/stm32f10x_gpio.c ****   {
 295:lib/STM32F10x_StdPeriph_Driver/src/stm32f10x_gpio.c ****     bitstatus = (uint8_t)Bit_RESET;
 296:lib/STM32F10x_StdPeriph_Driver/src/stm32f10x_gpio.c ****   }
 297:lib/STM32F10x_StdPeriph_Driver/src/stm32f10x_gpio.c ****   return bitstatus;
 298:lib/STM32F10x_StdPeriph_Driver/src/stm32f10x_gpio.c **** }
 416              		.loc 1 298 0
 417 0186 14BF     		ite	ne
 418 0188 0120     		movne	r0, #1
 419              	.LVL51:
 420 018a 0020     		moveq	r0, #0
 421 018c 7047     		bx	lr
 422              		.cfi_endproc
 423              	.LFE33:
 425              		.align	1
 426              		.global	GPIO_ReadInputData
 427              		.syntax unified
 428              		.thumb
 429              		.thumb_func
 430              		.fpu softvfp
 432              	GPIO_ReadInputData:
 433              	.LFB34:
 299:lib/STM32F10x_StdPeriph_Driver/src/stm32f10x_gpio.c **** 
 300:lib/STM32F10x_StdPeriph_Driver/src/stm32f10x_gpio.c **** /**
 301:lib/STM32F10x_StdPeriph_Driver/src/stm32f10x_gpio.c ****   * @brief  Reads the specified GPIO input data port.
 302:lib/STM32F10x_StdPeriph_Driver/src/stm32f10x_gpio.c ****   * @param  GPIOx: where x can be (A..G) to select the GPIO peripheral.
 303:lib/STM32F10x_StdPeriph_Driver/src/stm32f10x_gpio.c ****   * @retval GPIO input data port value.
 304:lib/STM32F10x_StdPeriph_Driver/src/stm32f10x_gpio.c ****   */
 305:lib/STM32F10x_StdPeriph_Driver/src/stm32f10x_gpio.c **** uint16_t GPIO_ReadInputData(GPIO_TypeDef* GPIOx)
 306:lib/STM32F10x_StdPeriph_Driver/src/stm32f10x_gpio.c **** {
 434              		.loc 1 306 0
 435              		.cfi_startproc
 436              		@ args = 0, pretend = 0, frame = 0
 437              		@ frame_needed = 0, uses_anonymous_args = 0
 438              		@ link register save eliminated.
 439              	.LVL52:
 307:lib/STM32F10x_StdPeriph_Driver/src/stm32f10x_gpio.c ****   /* Check the parameters */
 308:lib/STM32F10x_StdPeriph_Driver/src/stm32f10x_gpio.c ****   assert_param(IS_GPIO_ALL_PERIPH(GPIOx));
 309:lib/STM32F10x_StdPeriph_Driver/src/stm32f10x_gpio.c ****   
 310:lib/STM32F10x_StdPeriph_Driver/src/stm32f10x_gpio.c ****   return ((uint16_t)GPIOx->IDR);
 440              		.loc 1 310 0
 441 018e 8068     		ldr	r0, [r0, #8]
 442              	.LVL53:
 311:lib/STM32F10x_StdPeriph_Driver/src/stm32f10x_gpio.c **** }
 443              		.loc 1 311 0
 444 0190 80B2     		uxth	r0, r0
 445 0192 7047     		bx	lr
 446              		.cfi_endproc
 447              	.LFE34:
 449              		.align	1
 450              		.global	GPIO_ReadOutputDataBit
 451              		.syntax unified
 452              		.thumb
 453              		.thumb_func
 454              		.fpu softvfp
 456              	GPIO_ReadOutputDataBit:
 457              	.LFB35:
 312:lib/STM32F10x_StdPeriph_Driver/src/stm32f10x_gpio.c **** 
 313:lib/STM32F10x_StdPeriph_Driver/src/stm32f10x_gpio.c **** /**
 314:lib/STM32F10x_StdPeriph_Driver/src/stm32f10x_gpio.c ****   * @brief  Reads the specified output data port bit.
 315:lib/STM32F10x_StdPeriph_Driver/src/stm32f10x_gpio.c ****   * @param  GPIOx: where x can be (A..G) to select the GPIO peripheral.
 316:lib/STM32F10x_StdPeriph_Driver/src/stm32f10x_gpio.c ****   * @param  GPIO_Pin:  specifies the port bit to read.
 317:lib/STM32F10x_StdPeriph_Driver/src/stm32f10x_gpio.c ****   *   This parameter can be GPIO_Pin_x where x can be (0..15).
 318:lib/STM32F10x_StdPeriph_Driver/src/stm32f10x_gpio.c ****   * @retval The output port pin value.
 319:lib/STM32F10x_StdPeriph_Driver/src/stm32f10x_gpio.c ****   */
 320:lib/STM32F10x_StdPeriph_Driver/src/stm32f10x_gpio.c **** uint8_t GPIO_ReadOutputDataBit(GPIO_TypeDef* GPIOx, uint16_t GPIO_Pin)
 321:lib/STM32F10x_StdPeriph_Driver/src/stm32f10x_gpio.c **** {
 458              		.loc 1 321 0
 459              		.cfi_startproc
 460              		@ args = 0, pretend = 0, frame = 0
 461              		@ frame_needed = 0, uses_anonymous_args = 0
 462              		@ link register save eliminated.
 463              	.LVL54:
 322:lib/STM32F10x_StdPeriph_Driver/src/stm32f10x_gpio.c ****   uint8_t bitstatus = 0x00;
 323:lib/STM32F10x_StdPeriph_Driver/src/stm32f10x_gpio.c ****   /* Check the parameters */
 324:lib/STM32F10x_StdPeriph_Driver/src/stm32f10x_gpio.c ****   assert_param(IS_GPIO_ALL_PERIPH(GPIOx));
 325:lib/STM32F10x_StdPeriph_Driver/src/stm32f10x_gpio.c ****   assert_param(IS_GET_GPIO_PIN(GPIO_Pin)); 
 326:lib/STM32F10x_StdPeriph_Driver/src/stm32f10x_gpio.c ****   
 327:lib/STM32F10x_StdPeriph_Driver/src/stm32f10x_gpio.c ****   if ((GPIOx->ODR & GPIO_Pin) != (uint32_t)Bit_RESET)
 464              		.loc 1 327 0
 465 0194 C368     		ldr	r3, [r0, #12]
 466              	.LVL55:
 467 0196 1942     		tst	r1, r3
 328:lib/STM32F10x_StdPeriph_Driver/src/stm32f10x_gpio.c ****   {
 329:lib/STM32F10x_StdPeriph_Driver/src/stm32f10x_gpio.c ****     bitstatus = (uint8_t)Bit_SET;
 330:lib/STM32F10x_StdPeriph_Driver/src/stm32f10x_gpio.c ****   }
 331:lib/STM32F10x_StdPeriph_Driver/src/stm32f10x_gpio.c ****   else
 332:lib/STM32F10x_StdPeriph_Driver/src/stm32f10x_gpio.c ****   {
 333:lib/STM32F10x_StdPeriph_Driver/src/stm32f10x_gpio.c ****     bitstatus = (uint8_t)Bit_RESET;
 334:lib/STM32F10x_StdPeriph_Driver/src/stm32f10x_gpio.c ****   }
 335:lib/STM32F10x_StdPeriph_Driver/src/stm32f10x_gpio.c ****   return bitstatus;
 336:lib/STM32F10x_StdPeriph_Driver/src/stm32f10x_gpio.c **** }
 468              		.loc 1 336 0
 469 0198 14BF     		ite	ne
 470 019a 0120     		movne	r0, #1
 471              	.LVL56:
 472 019c 0020     		moveq	r0, #0
 473 019e 7047     		bx	lr
 474              		.cfi_endproc
 475              	.LFE35:
 477              		.align	1
 478              		.global	GPIO_ReadOutputData
 479              		.syntax unified
 480              		.thumb
 481              		.thumb_func
 482              		.fpu softvfp
 484              	GPIO_ReadOutputData:
 485              	.LFB36:
 337:lib/STM32F10x_StdPeriph_Driver/src/stm32f10x_gpio.c **** 
 338:lib/STM32F10x_StdPeriph_Driver/src/stm32f10x_gpio.c **** /**
 339:lib/STM32F10x_StdPeriph_Driver/src/stm32f10x_gpio.c ****   * @brief  Reads the specified GPIO output data port.
 340:lib/STM32F10x_StdPeriph_Driver/src/stm32f10x_gpio.c ****   * @param  GPIOx: where x can be (A..G) to select the GPIO peripheral.
 341:lib/STM32F10x_StdPeriph_Driver/src/stm32f10x_gpio.c ****   * @retval GPIO output data port value.
 342:lib/STM32F10x_StdPeriph_Driver/src/stm32f10x_gpio.c ****   */
 343:lib/STM32F10x_StdPeriph_Driver/src/stm32f10x_gpio.c **** uint16_t GPIO_ReadOutputData(GPIO_TypeDef* GPIOx)
 344:lib/STM32F10x_StdPeriph_Driver/src/stm32f10x_gpio.c **** {
 486              		.loc 1 344 0
 487              		.cfi_startproc
 488              		@ args = 0, pretend = 0, frame = 0
 489              		@ frame_needed = 0, uses_anonymous_args = 0
 490              		@ link register save eliminated.
 491              	.LVL57:
 345:lib/STM32F10x_StdPeriph_Driver/src/stm32f10x_gpio.c ****   /* Check the parameters */
 346:lib/STM32F10x_StdPeriph_Driver/src/stm32f10x_gpio.c ****   assert_param(IS_GPIO_ALL_PERIPH(GPIOx));
 347:lib/STM32F10x_StdPeriph_Driver/src/stm32f10x_gpio.c ****     
 348:lib/STM32F10x_StdPeriph_Driver/src/stm32f10x_gpio.c ****   return ((uint16_t)GPIOx->ODR);
 492              		.loc 1 348 0
 493 01a0 C068     		ldr	r0, [r0, #12]
 494              	.LVL58:
 349:lib/STM32F10x_StdPeriph_Driver/src/stm32f10x_gpio.c **** }
 495              		.loc 1 349 0
 496 01a2 80B2     		uxth	r0, r0
 497 01a4 7047     		bx	lr
 498              		.cfi_endproc
 499              	.LFE36:
 501              		.align	1
 502              		.global	GPIO_SetBits
 503              		.syntax unified
 504              		.thumb
 505              		.thumb_func
 506              		.fpu softvfp
 508              	GPIO_SetBits:
 509              	.LFB37:
 350:lib/STM32F10x_StdPeriph_Driver/src/stm32f10x_gpio.c **** 
 351:lib/STM32F10x_StdPeriph_Driver/src/stm32f10x_gpio.c **** /**
 352:lib/STM32F10x_StdPeriph_Driver/src/stm32f10x_gpio.c ****   * @brief  Sets the selected data port bits.
 353:lib/STM32F10x_StdPeriph_Driver/src/stm32f10x_gpio.c ****   * @param  GPIOx: where x can be (A..G) to select the GPIO peripheral.
 354:lib/STM32F10x_StdPeriph_Driver/src/stm32f10x_gpio.c ****   * @param  GPIO_Pin: specifies the port bits to be written.
 355:lib/STM32F10x_StdPeriph_Driver/src/stm32f10x_gpio.c ****   *   This parameter can be any combination of GPIO_Pin_x where x can be (0..15).
 356:lib/STM32F10x_StdPeriph_Driver/src/stm32f10x_gpio.c ****   * @retval None
 357:lib/STM32F10x_StdPeriph_Driver/src/stm32f10x_gpio.c ****   */
 358:lib/STM32F10x_StdPeriph_Driver/src/stm32f10x_gpio.c **** void GPIO_SetBits(GPIO_TypeDef* GPIOx, uint16_t GPIO_Pin)
 359:lib/STM32F10x_StdPeriph_Driver/src/stm32f10x_gpio.c **** {
 510              		.loc 1 359 0
 511              		.cfi_startproc
 512              		@ args = 0, pretend = 0, frame = 0
 513              		@ frame_needed = 0, uses_anonymous_args = 0
 514              		@ link register save eliminated.
 515              	.LVL59:
 360:lib/STM32F10x_StdPeriph_Driver/src/stm32f10x_gpio.c ****   /* Check the parameters */
 361:lib/STM32F10x_StdPeriph_Driver/src/stm32f10x_gpio.c ****   assert_param(IS_GPIO_ALL_PERIPH(GPIOx));
 362:lib/STM32F10x_StdPeriph_Driver/src/stm32f10x_gpio.c ****   assert_param(IS_GPIO_PIN(GPIO_Pin));
 363:lib/STM32F10x_StdPeriph_Driver/src/stm32f10x_gpio.c ****   
 364:lib/STM32F10x_StdPeriph_Driver/src/stm32f10x_gpio.c ****   GPIOx->BSRR = GPIO_Pin;
 516              		.loc 1 364 0
 517 01a6 0161     		str	r1, [r0, #16]
 518 01a8 7047     		bx	lr
 519              		.cfi_endproc
 520              	.LFE37:
 522              		.align	1
 523              		.global	GPIO_ResetBits
 524              		.syntax unified
 525              		.thumb
 526              		.thumb_func
 527              		.fpu softvfp
 529              	GPIO_ResetBits:
 530              	.LFB38:
 365:lib/STM32F10x_StdPeriph_Driver/src/stm32f10x_gpio.c **** }
 366:lib/STM32F10x_StdPeriph_Driver/src/stm32f10x_gpio.c **** 
 367:lib/STM32F10x_StdPeriph_Driver/src/stm32f10x_gpio.c **** /**
 368:lib/STM32F10x_StdPeriph_Driver/src/stm32f10x_gpio.c ****   * @brief  Clears the selected data port bits.
 369:lib/STM32F10x_StdPeriph_Driver/src/stm32f10x_gpio.c ****   * @param  GPIOx: where x can be (A..G) to select the GPIO peripheral.
 370:lib/STM32F10x_StdPeriph_Driver/src/stm32f10x_gpio.c ****   * @param  GPIO_Pin: specifies the port bits to be written.
 371:lib/STM32F10x_StdPeriph_Driver/src/stm32f10x_gpio.c ****   *   This parameter can be any combination of GPIO_Pin_x where x can be (0..15).
 372:lib/STM32F10x_StdPeriph_Driver/src/stm32f10x_gpio.c ****   * @retval None
 373:lib/STM32F10x_StdPeriph_Driver/src/stm32f10x_gpio.c ****   */
 374:lib/STM32F10x_StdPeriph_Driver/src/stm32f10x_gpio.c **** void GPIO_ResetBits(GPIO_TypeDef* GPIOx, uint16_t GPIO_Pin)
 375:lib/STM32F10x_StdPeriph_Driver/src/stm32f10x_gpio.c **** {
 531              		.loc 1 375 0
 532              		.cfi_startproc
 533              		@ args = 0, pretend = 0, frame = 0
 534              		@ frame_needed = 0, uses_anonymous_args = 0
 535              		@ link register save eliminated.
 536              	.LVL60:
 376:lib/STM32F10x_StdPeriph_Driver/src/stm32f10x_gpio.c ****   /* Check the parameters */
 377:lib/STM32F10x_StdPeriph_Driver/src/stm32f10x_gpio.c ****   assert_param(IS_GPIO_ALL_PERIPH(GPIOx));
 378:lib/STM32F10x_StdPeriph_Driver/src/stm32f10x_gpio.c ****   assert_param(IS_GPIO_PIN(GPIO_Pin));
 379:lib/STM32F10x_StdPeriph_Driver/src/stm32f10x_gpio.c ****   
 380:lib/STM32F10x_StdPeriph_Driver/src/stm32f10x_gpio.c ****   GPIOx->BRR = GPIO_Pin;
 537              		.loc 1 380 0
 538 01aa 4161     		str	r1, [r0, #20]
 539 01ac 7047     		bx	lr
 540              		.cfi_endproc
 541              	.LFE38:
 543              		.align	1
 544              		.global	GPIO_WriteBit
 545              		.syntax unified
 546              		.thumb
 547              		.thumb_func
 548              		.fpu softvfp
 550              	GPIO_WriteBit:
 551              	.LFB39:
 381:lib/STM32F10x_StdPeriph_Driver/src/stm32f10x_gpio.c **** }
 382:lib/STM32F10x_StdPeriph_Driver/src/stm32f10x_gpio.c **** 
 383:lib/STM32F10x_StdPeriph_Driver/src/stm32f10x_gpio.c **** /**
 384:lib/STM32F10x_StdPeriph_Driver/src/stm32f10x_gpio.c ****   * @brief  Sets or clears the selected data port bit.
 385:lib/STM32F10x_StdPeriph_Driver/src/stm32f10x_gpio.c ****   * @param  GPIOx: where x can be (A..G) to select the GPIO peripheral.
 386:lib/STM32F10x_StdPeriph_Driver/src/stm32f10x_gpio.c ****   * @param  GPIO_Pin: specifies the port bit to be written.
 387:lib/STM32F10x_StdPeriph_Driver/src/stm32f10x_gpio.c ****   *   This parameter can be one of GPIO_Pin_x where x can be (0..15).
 388:lib/STM32F10x_StdPeriph_Driver/src/stm32f10x_gpio.c ****   * @param  BitVal: specifies the value to be written to the selected bit.
 389:lib/STM32F10x_StdPeriph_Driver/src/stm32f10x_gpio.c ****   *   This parameter can be one of the BitAction enum values:
 390:lib/STM32F10x_StdPeriph_Driver/src/stm32f10x_gpio.c ****   *     @arg Bit_RESET: to clear the port pin
 391:lib/STM32F10x_StdPeriph_Driver/src/stm32f10x_gpio.c ****   *     @arg Bit_SET: to set the port pin
 392:lib/STM32F10x_StdPeriph_Driver/src/stm32f10x_gpio.c ****   * @retval None
 393:lib/STM32F10x_StdPeriph_Driver/src/stm32f10x_gpio.c ****   */
 394:lib/STM32F10x_StdPeriph_Driver/src/stm32f10x_gpio.c **** void GPIO_WriteBit(GPIO_TypeDef* GPIOx, uint16_t GPIO_Pin, BitAction BitVal)
 395:lib/STM32F10x_StdPeriph_Driver/src/stm32f10x_gpio.c **** {
 552              		.loc 1 395 0
 553              		.cfi_startproc
 554              		@ args = 0, pretend = 0, frame = 0
 555              		@ frame_needed = 0, uses_anonymous_args = 0
 556              		@ link register save eliminated.
 557              	.LVL61:
 396:lib/STM32F10x_StdPeriph_Driver/src/stm32f10x_gpio.c ****   /* Check the parameters */
 397:lib/STM32F10x_StdPeriph_Driver/src/stm32f10x_gpio.c ****   assert_param(IS_GPIO_ALL_PERIPH(GPIOx));
 398:lib/STM32F10x_StdPeriph_Driver/src/stm32f10x_gpio.c ****   assert_param(IS_GET_GPIO_PIN(GPIO_Pin));
 399:lib/STM32F10x_StdPeriph_Driver/src/stm32f10x_gpio.c ****   assert_param(IS_GPIO_BIT_ACTION(BitVal)); 
 400:lib/STM32F10x_StdPeriph_Driver/src/stm32f10x_gpio.c ****   
 401:lib/STM32F10x_StdPeriph_Driver/src/stm32f10x_gpio.c ****   if (BitVal != Bit_RESET)
 558              		.loc 1 401 0
 559 01ae 0AB1     		cbz	r2, .L39
 402:lib/STM32F10x_StdPeriph_Driver/src/stm32f10x_gpio.c ****   {
 403:lib/STM32F10x_StdPeriph_Driver/src/stm32f10x_gpio.c ****     GPIOx->BSRR = GPIO_Pin;
 560              		.loc 1 403 0
 561 01b0 0161     		str	r1, [r0, #16]
 562 01b2 7047     		bx	lr
 563              	.L39:
 404:lib/STM32F10x_StdPeriph_Driver/src/stm32f10x_gpio.c ****   }
 405:lib/STM32F10x_StdPeriph_Driver/src/stm32f10x_gpio.c ****   else
 406:lib/STM32F10x_StdPeriph_Driver/src/stm32f10x_gpio.c ****   {
 407:lib/STM32F10x_StdPeriph_Driver/src/stm32f10x_gpio.c ****     GPIOx->BRR = GPIO_Pin;
 564              		.loc 1 407 0
 565 01b4 4161     		str	r1, [r0, #20]
 566 01b6 7047     		bx	lr
 567              		.cfi_endproc
 568              	.LFE39:
 570              		.align	1
 571              		.global	GPIO_Write
 572              		.syntax unified
 573              		.thumb
 574              		.thumb_func
 575              		.fpu softvfp
 577              	GPIO_Write:
 578              	.LFB40:
 408:lib/STM32F10x_StdPeriph_Driver/src/stm32f10x_gpio.c ****   }
 409:lib/STM32F10x_StdPeriph_Driver/src/stm32f10x_gpio.c **** }
 410:lib/STM32F10x_StdPeriph_Driver/src/stm32f10x_gpio.c **** 
 411:lib/STM32F10x_StdPeriph_Driver/src/stm32f10x_gpio.c **** /**
 412:lib/STM32F10x_StdPeriph_Driver/src/stm32f10x_gpio.c ****   * @brief  Writes data to the specified GPIO data port.
 413:lib/STM32F10x_StdPeriph_Driver/src/stm32f10x_gpio.c ****   * @param  GPIOx: where x can be (A..G) to select the GPIO peripheral.
 414:lib/STM32F10x_StdPeriph_Driver/src/stm32f10x_gpio.c ****   * @param  PortVal: specifies the value to be written to the port output data register.
 415:lib/STM32F10x_StdPeriph_Driver/src/stm32f10x_gpio.c ****   * @retval None
 416:lib/STM32F10x_StdPeriph_Driver/src/stm32f10x_gpio.c ****   */
 417:lib/STM32F10x_StdPeriph_Driver/src/stm32f10x_gpio.c **** void GPIO_Write(GPIO_TypeDef* GPIOx, uint16_t PortVal)
 418:lib/STM32F10x_StdPeriph_Driver/src/stm32f10x_gpio.c **** {
 579              		.loc 1 418 0
 580              		.cfi_startproc
 581              		@ args = 0, pretend = 0, frame = 0
 582              		@ frame_needed = 0, uses_anonymous_args = 0
 583              		@ link register save eliminated.
 584              	.LVL62:
 419:lib/STM32F10x_StdPeriph_Driver/src/stm32f10x_gpio.c ****   /* Check the parameters */
 420:lib/STM32F10x_StdPeriph_Driver/src/stm32f10x_gpio.c ****   assert_param(IS_GPIO_ALL_PERIPH(GPIOx));
 421:lib/STM32F10x_StdPeriph_Driver/src/stm32f10x_gpio.c ****   
 422:lib/STM32F10x_StdPeriph_Driver/src/stm32f10x_gpio.c ****   GPIOx->ODR = PortVal;
 585              		.loc 1 422 0
 586 01b8 C160     		str	r1, [r0, #12]
 587 01ba 7047     		bx	lr
 588              		.cfi_endproc
 589              	.LFE40:
 591              		.align	1
 592              		.global	GPIO_PinLockConfig
 593              		.syntax unified
 594              		.thumb
 595              		.thumb_func
 596              		.fpu softvfp
 598              	GPIO_PinLockConfig:
 599              	.LFB41:
 423:lib/STM32F10x_StdPeriph_Driver/src/stm32f10x_gpio.c **** }
 424:lib/STM32F10x_StdPeriph_Driver/src/stm32f10x_gpio.c **** 
 425:lib/STM32F10x_StdPeriph_Driver/src/stm32f10x_gpio.c **** /**
 426:lib/STM32F10x_StdPeriph_Driver/src/stm32f10x_gpio.c ****   * @brief  Locks GPIO Pins configuration registers.
 427:lib/STM32F10x_StdPeriph_Driver/src/stm32f10x_gpio.c ****   * @param  GPIOx: where x can be (A..G) to select the GPIO peripheral.
 428:lib/STM32F10x_StdPeriph_Driver/src/stm32f10x_gpio.c ****   * @param  GPIO_Pin: specifies the port bit to be written.
 429:lib/STM32F10x_StdPeriph_Driver/src/stm32f10x_gpio.c ****   *   This parameter can be any combination of GPIO_Pin_x where x can be (0..15).
 430:lib/STM32F10x_StdPeriph_Driver/src/stm32f10x_gpio.c ****   * @retval None
 431:lib/STM32F10x_StdPeriph_Driver/src/stm32f10x_gpio.c ****   */
 432:lib/STM32F10x_StdPeriph_Driver/src/stm32f10x_gpio.c **** void GPIO_PinLockConfig(GPIO_TypeDef* GPIOx, uint16_t GPIO_Pin)
 433:lib/STM32F10x_StdPeriph_Driver/src/stm32f10x_gpio.c **** {
 600              		.loc 1 433 0
 601              		.cfi_startproc
 602              		@ args = 0, pretend = 0, frame = 0
 603              		@ frame_needed = 0, uses_anonymous_args = 0
 604              		@ link register save eliminated.
 605              	.LVL63:
 434:lib/STM32F10x_StdPeriph_Driver/src/stm32f10x_gpio.c ****   uint32_t tmp = 0x00010000;
 435:lib/STM32F10x_StdPeriph_Driver/src/stm32f10x_gpio.c ****   
 436:lib/STM32F10x_StdPeriph_Driver/src/stm32f10x_gpio.c ****   /* Check the parameters */
 437:lib/STM32F10x_StdPeriph_Driver/src/stm32f10x_gpio.c ****   assert_param(IS_GPIO_ALL_PERIPH(GPIOx));
 438:lib/STM32F10x_StdPeriph_Driver/src/stm32f10x_gpio.c ****   assert_param(IS_GPIO_PIN(GPIO_Pin));
 439:lib/STM32F10x_StdPeriph_Driver/src/stm32f10x_gpio.c ****   
 440:lib/STM32F10x_StdPeriph_Driver/src/stm32f10x_gpio.c ****   tmp |= GPIO_Pin;
 606              		.loc 1 440 0
 607 01bc 41F48033 		orr	r3, r1, #65536
 608              	.LVL64:
 441:lib/STM32F10x_StdPeriph_Driver/src/stm32f10x_gpio.c ****   /* Set LCKK bit */
 442:lib/STM32F10x_StdPeriph_Driver/src/stm32f10x_gpio.c ****   GPIOx->LCKR = tmp;
 609              		.loc 1 442 0
 610 01c0 8361     		str	r3, [r0, #24]
 443:lib/STM32F10x_StdPeriph_Driver/src/stm32f10x_gpio.c ****   /* Reset LCKK bit */
 444:lib/STM32F10x_StdPeriph_Driver/src/stm32f10x_gpio.c ****   GPIOx->LCKR =  GPIO_Pin;
 611              		.loc 1 444 0
 612 01c2 8161     		str	r1, [r0, #24]
 445:lib/STM32F10x_StdPeriph_Driver/src/stm32f10x_gpio.c ****   /* Set LCKK bit */
 446:lib/STM32F10x_StdPeriph_Driver/src/stm32f10x_gpio.c ****   GPIOx->LCKR = tmp;
 613              		.loc 1 446 0
 614 01c4 8361     		str	r3, [r0, #24]
 447:lib/STM32F10x_StdPeriph_Driver/src/stm32f10x_gpio.c ****   /* Read LCKK bit*/
 448:lib/STM32F10x_StdPeriph_Driver/src/stm32f10x_gpio.c ****   tmp = GPIOx->LCKR;
 615              		.loc 1 448 0
 616 01c6 8369     		ldr	r3, [r0, #24]
 617              	.LVL65:
 449:lib/STM32F10x_StdPeriph_Driver/src/stm32f10x_gpio.c ****   /* Read LCKK bit*/
 450:lib/STM32F10x_StdPeriph_Driver/src/stm32f10x_gpio.c ****   tmp = GPIOx->LCKR;
 618              		.loc 1 450 0
 619 01c8 8369     		ldr	r3, [r0, #24]
 620 01ca 7047     		bx	lr
 621              		.cfi_endproc
 622              	.LFE41:
 624              		.align	1
 625              		.global	GPIO_EventOutputConfig
 626              		.syntax unified
 627              		.thumb
 628              		.thumb_func
 629              		.fpu softvfp
 631              	GPIO_EventOutputConfig:
 632              	.LFB42:
 451:lib/STM32F10x_StdPeriph_Driver/src/stm32f10x_gpio.c **** }
 452:lib/STM32F10x_StdPeriph_Driver/src/stm32f10x_gpio.c **** 
 453:lib/STM32F10x_StdPeriph_Driver/src/stm32f10x_gpio.c **** /**
 454:lib/STM32F10x_StdPeriph_Driver/src/stm32f10x_gpio.c ****   * @brief  Selects the GPIO pin used as Event output.
 455:lib/STM32F10x_StdPeriph_Driver/src/stm32f10x_gpio.c ****   * @param  GPIO_PortSource: selects the GPIO port to be used as source
 456:lib/STM32F10x_StdPeriph_Driver/src/stm32f10x_gpio.c ****   *   for Event output.
 457:lib/STM32F10x_StdPeriph_Driver/src/stm32f10x_gpio.c ****   *   This parameter can be GPIO_PortSourceGPIOx where x can be (A..E).
 458:lib/STM32F10x_StdPeriph_Driver/src/stm32f10x_gpio.c ****   * @param  GPIO_PinSource: specifies the pin for the Event output.
 459:lib/STM32F10x_StdPeriph_Driver/src/stm32f10x_gpio.c ****   *   This parameter can be GPIO_PinSourcex where x can be (0..15).
 460:lib/STM32F10x_StdPeriph_Driver/src/stm32f10x_gpio.c ****   * @retval None
 461:lib/STM32F10x_StdPeriph_Driver/src/stm32f10x_gpio.c ****   */
 462:lib/STM32F10x_StdPeriph_Driver/src/stm32f10x_gpio.c **** void GPIO_EventOutputConfig(uint8_t GPIO_PortSource, uint8_t GPIO_PinSource)
 463:lib/STM32F10x_StdPeriph_Driver/src/stm32f10x_gpio.c **** {
 633              		.loc 1 463 0
 634              		.cfi_startproc
 635              		@ args = 0, pretend = 0, frame = 0
 636              		@ frame_needed = 0, uses_anonymous_args = 0
 637              		@ link register save eliminated.
 638              	.LVL66:
 464:lib/STM32F10x_StdPeriph_Driver/src/stm32f10x_gpio.c ****   uint32_t tmpreg = 0x00;
 465:lib/STM32F10x_StdPeriph_Driver/src/stm32f10x_gpio.c ****   /* Check the parameters */
 466:lib/STM32F10x_StdPeriph_Driver/src/stm32f10x_gpio.c ****   assert_param(IS_GPIO_EVENTOUT_PORT_SOURCE(GPIO_PortSource));
 467:lib/STM32F10x_StdPeriph_Driver/src/stm32f10x_gpio.c ****   assert_param(IS_GPIO_PIN_SOURCE(GPIO_PinSource));
 468:lib/STM32F10x_StdPeriph_Driver/src/stm32f10x_gpio.c ****     
 469:lib/STM32F10x_StdPeriph_Driver/src/stm32f10x_gpio.c ****   tmpreg = AFIO->EVCR;
 639              		.loc 1 469 0
 640 01cc 054A     		ldr	r2, .L44
 641 01ce 1368     		ldr	r3, [r2]
 642              	.LVL67:
 470:lib/STM32F10x_StdPeriph_Driver/src/stm32f10x_gpio.c ****   /* Clear the PORT[6:4] and PIN[3:0] bits */
 471:lib/STM32F10x_StdPeriph_Driver/src/stm32f10x_gpio.c ****   tmpreg &= EVCR_PORTPINCONFIG_MASK;
 643              		.loc 1 471 0
 644 01d0 23F07F03 		bic	r3, r3, #127
 645              	.LVL68:
 646 01d4 1B04     		lsls	r3, r3, #16
 647 01d6 1B0C     		lsrs	r3, r3, #16
 648 01d8 1943     		orrs	r1, r1, r3
 649              	.LVL69:
 472:lib/STM32F10x_StdPeriph_Driver/src/stm32f10x_gpio.c ****   tmpreg |= (uint32_t)GPIO_PortSource << 0x04;
 473:lib/STM32F10x_StdPeriph_Driver/src/stm32f10x_gpio.c ****   tmpreg |= GPIO_PinSource;
 650              		.loc 1 473 0
 651 01da 41EA0011 		orr	r1, r1, r0, lsl #4
 652              	.LVL70:
 474:lib/STM32F10x_StdPeriph_Driver/src/stm32f10x_gpio.c ****   AFIO->EVCR = tmpreg;
 653              		.loc 1 474 0
 654 01de 1160     		str	r1, [r2]
 655 01e0 7047     		bx	lr
 656              	.L45:
 657 01e2 00BF     		.align	2
 658              	.L44:
 659 01e4 00000140 		.word	1073807360
 660              		.cfi_endproc
 661              	.LFE42:
 663              		.align	1
 664              		.global	GPIO_EventOutputCmd
 665              		.syntax unified
 666              		.thumb
 667              		.thumb_func
 668              		.fpu softvfp
 670              	GPIO_EventOutputCmd:
 671              	.LFB43:
 475:lib/STM32F10x_StdPeriph_Driver/src/stm32f10x_gpio.c **** }
 476:lib/STM32F10x_StdPeriph_Driver/src/stm32f10x_gpio.c **** 
 477:lib/STM32F10x_StdPeriph_Driver/src/stm32f10x_gpio.c **** /**
 478:lib/STM32F10x_StdPeriph_Driver/src/stm32f10x_gpio.c ****   * @brief  Enables or disables the Event Output.
 479:lib/STM32F10x_StdPeriph_Driver/src/stm32f10x_gpio.c ****   * @param  NewState: new state of the Event output.
 480:lib/STM32F10x_StdPeriph_Driver/src/stm32f10x_gpio.c ****   *   This parameter can be: ENABLE or DISABLE.
 481:lib/STM32F10x_StdPeriph_Driver/src/stm32f10x_gpio.c ****   * @retval None
 482:lib/STM32F10x_StdPeriph_Driver/src/stm32f10x_gpio.c ****   */
 483:lib/STM32F10x_StdPeriph_Driver/src/stm32f10x_gpio.c **** void GPIO_EventOutputCmd(FunctionalState NewState)
 484:lib/STM32F10x_StdPeriph_Driver/src/stm32f10x_gpio.c **** {
 672              		.loc 1 484 0
 673              		.cfi_startproc
 674              		@ args = 0, pretend = 0, frame = 0
 675              		@ frame_needed = 0, uses_anonymous_args = 0
 676              		@ link register save eliminated.
 677              	.LVL71:
 485:lib/STM32F10x_StdPeriph_Driver/src/stm32f10x_gpio.c ****   /* Check the parameters */
 486:lib/STM32F10x_StdPeriph_Driver/src/stm32f10x_gpio.c ****   assert_param(IS_FUNCTIONAL_STATE(NewState));
 487:lib/STM32F10x_StdPeriph_Driver/src/stm32f10x_gpio.c ****   
 488:lib/STM32F10x_StdPeriph_Driver/src/stm32f10x_gpio.c ****   *(__IO uint32_t *) EVCR_EVOE_BB = (uint32_t)NewState;
 678              		.loc 1 488 0
 679 01e8 014B     		ldr	r3, .L47
 680 01ea 1860     		str	r0, [r3]
 681 01ec 7047     		bx	lr
 682              	.L48:
 683 01ee 00BF     		.align	2
 684              	.L47:
 685 01f0 1C002042 		.word	1109393436
 686              		.cfi_endproc
 687              	.LFE43:
 689              		.align	1
 690              		.global	GPIO_PinRemapConfig
 691              		.syntax unified
 692              		.thumb
 693              		.thumb_func
 694              		.fpu softvfp
 696              	GPIO_PinRemapConfig:
 697              	.LFB44:
 489:lib/STM32F10x_StdPeriph_Driver/src/stm32f10x_gpio.c **** }
 490:lib/STM32F10x_StdPeriph_Driver/src/stm32f10x_gpio.c **** 
 491:lib/STM32F10x_StdPeriph_Driver/src/stm32f10x_gpio.c **** /**
 492:lib/STM32F10x_StdPeriph_Driver/src/stm32f10x_gpio.c ****   * @brief  Changes the mapping of the specified pin.
 493:lib/STM32F10x_StdPeriph_Driver/src/stm32f10x_gpio.c ****   * @param  GPIO_Remap: selects the pin to remap.
 494:lib/STM32F10x_StdPeriph_Driver/src/stm32f10x_gpio.c ****   *   This parameter can be one of the following values:
 495:lib/STM32F10x_StdPeriph_Driver/src/stm32f10x_gpio.c ****   *     @arg GPIO_Remap_SPI1             : SPI1 Alternate Function mapping
 496:lib/STM32F10x_StdPeriph_Driver/src/stm32f10x_gpio.c ****   *     @arg GPIO_Remap_I2C1             : I2C1 Alternate Function mapping
 497:lib/STM32F10x_StdPeriph_Driver/src/stm32f10x_gpio.c ****   *     @arg GPIO_Remap_USART1           : USART1 Alternate Function mapping
 498:lib/STM32F10x_StdPeriph_Driver/src/stm32f10x_gpio.c ****   *     @arg GPIO_Remap_USART2           : USART2 Alternate Function mapping
 499:lib/STM32F10x_StdPeriph_Driver/src/stm32f10x_gpio.c ****   *     @arg GPIO_PartialRemap_USART3    : USART3 Partial Alternate Function mapping
 500:lib/STM32F10x_StdPeriph_Driver/src/stm32f10x_gpio.c ****   *     @arg GPIO_FullRemap_USART3       : USART3 Full Alternate Function mapping
 501:lib/STM32F10x_StdPeriph_Driver/src/stm32f10x_gpio.c ****   *     @arg GPIO_PartialRemap_TIM1      : TIM1 Partial Alternate Function mapping
 502:lib/STM32F10x_StdPeriph_Driver/src/stm32f10x_gpio.c ****   *     @arg GPIO_FullRemap_TIM1         : TIM1 Full Alternate Function mapping
 503:lib/STM32F10x_StdPeriph_Driver/src/stm32f10x_gpio.c ****   *     @arg GPIO_PartialRemap1_TIM2     : TIM2 Partial1 Alternate Function mapping
 504:lib/STM32F10x_StdPeriph_Driver/src/stm32f10x_gpio.c ****   *     @arg GPIO_PartialRemap2_TIM2     : TIM2 Partial2 Alternate Function mapping
 505:lib/STM32F10x_StdPeriph_Driver/src/stm32f10x_gpio.c ****   *     @arg GPIO_FullRemap_TIM2         : TIM2 Full Alternate Function mapping
 506:lib/STM32F10x_StdPeriph_Driver/src/stm32f10x_gpio.c ****   *     @arg GPIO_PartialRemap_TIM3      : TIM3 Partial Alternate Function mapping
 507:lib/STM32F10x_StdPeriph_Driver/src/stm32f10x_gpio.c ****   *     @arg GPIO_FullRemap_TIM3         : TIM3 Full Alternate Function mapping
 508:lib/STM32F10x_StdPeriph_Driver/src/stm32f10x_gpio.c ****   *     @arg GPIO_Remap_TIM4             : TIM4 Alternate Function mapping
 509:lib/STM32F10x_StdPeriph_Driver/src/stm32f10x_gpio.c ****   *     @arg GPIO_Remap1_CAN1            : CAN1 Alternate Function mapping
 510:lib/STM32F10x_StdPeriph_Driver/src/stm32f10x_gpio.c ****   *     @arg GPIO_Remap2_CAN1            : CAN1 Alternate Function mapping
 511:lib/STM32F10x_StdPeriph_Driver/src/stm32f10x_gpio.c ****   *     @arg GPIO_Remap_PD01             : PD01 Alternate Function mapping
 512:lib/STM32F10x_StdPeriph_Driver/src/stm32f10x_gpio.c ****   *     @arg GPIO_Remap_TIM5CH4_LSI      : LSI connected to TIM5 Channel4 input capture for calibra
 513:lib/STM32F10x_StdPeriph_Driver/src/stm32f10x_gpio.c ****   *     @arg GPIO_Remap_ADC1_ETRGINJ     : ADC1 External Trigger Injected Conversion remapping
 514:lib/STM32F10x_StdPeriph_Driver/src/stm32f10x_gpio.c ****   *     @arg GPIO_Remap_ADC1_ETRGREG     : ADC1 External Trigger Regular Conversion remapping
 515:lib/STM32F10x_StdPeriph_Driver/src/stm32f10x_gpio.c ****   *     @arg GPIO_Remap_ADC2_ETRGINJ     : ADC2 External Trigger Injected Conversion remapping
 516:lib/STM32F10x_StdPeriph_Driver/src/stm32f10x_gpio.c ****   *     @arg GPIO_Remap_ADC2_ETRGREG     : ADC2 External Trigger Regular Conversion remapping
 517:lib/STM32F10x_StdPeriph_Driver/src/stm32f10x_gpio.c ****   *     @arg GPIO_Remap_ETH              : Ethernet remapping (only for Connectivity line devices)
 518:lib/STM32F10x_StdPeriph_Driver/src/stm32f10x_gpio.c ****   *     @arg GPIO_Remap_CAN2             : CAN2 remapping (only for Connectivity line devices)
 519:lib/STM32F10x_StdPeriph_Driver/src/stm32f10x_gpio.c ****   *     @arg GPIO_Remap_SWJ_NoJTRST      : Full SWJ Enabled (JTAG-DP + SW-DP) but without JTRST
 520:lib/STM32F10x_StdPeriph_Driver/src/stm32f10x_gpio.c ****   *     @arg GPIO_Remap_SWJ_JTAGDisable  : JTAG-DP Disabled and SW-DP Enabled
 521:lib/STM32F10x_StdPeriph_Driver/src/stm32f10x_gpio.c ****   *     @arg GPIO_Remap_SWJ_Disable      : Full SWJ Disabled (JTAG-DP + SW-DP)
 522:lib/STM32F10x_StdPeriph_Driver/src/stm32f10x_gpio.c ****   *     @arg GPIO_Remap_SPI3             : SPI3/I2S3 Alternate Function mapping (only for Connectiv
 523:lib/STM32F10x_StdPeriph_Driver/src/stm32f10x_gpio.c ****   *                                        When the SPI3/I2S3 is remapped using this function, the 
 524:lib/STM32F10x_StdPeriph_Driver/src/stm32f10x_gpio.c ****   *                                        to Full SWJ Enabled (JTAG-DP + SW-DP) but without JTRST.
 525:lib/STM32F10x_StdPeriph_Driver/src/stm32f10x_gpio.c ****   *     @arg GPIO_Remap_TIM2ITR1_PTP_SOF : Ethernet PTP output or USB OTG SOF (Start of Frame) conn
 526:lib/STM32F10x_StdPeriph_Driver/src/stm32f10x_gpio.c ****   *                                        to TIM2 Internal Trigger 1 for calibration (only for Con
 527:lib/STM32F10x_StdPeriph_Driver/src/stm32f10x_gpio.c ****   *                                        If the GPIO_Remap_TIM2ITR1_PTP_SOF is enabled the TIM2 I
 528:lib/STM32F10x_StdPeriph_Driver/src/stm32f10x_gpio.c ****   *                                        Ethernet PTP output. When Reset TIM2 ITR1 is connected t
 529:lib/STM32F10x_StdPeriph_Driver/src/stm32f10x_gpio.c ****   *     @arg GPIO_Remap_PTP_PPS          : Ethernet MAC PPS_PTS output on PB05 (only for Connectivi
 530:lib/STM32F10x_StdPeriph_Driver/src/stm32f10x_gpio.c ****   *     @arg GPIO_Remap_TIM15            : TIM15 Alternate Function mapping (only for Value line de
 531:lib/STM32F10x_StdPeriph_Driver/src/stm32f10x_gpio.c ****   *     @arg GPIO_Remap_TIM16            : TIM16 Alternate Function mapping (only for Value line de
 532:lib/STM32F10x_StdPeriph_Driver/src/stm32f10x_gpio.c ****   *     @arg GPIO_Remap_TIM17            : TIM17 Alternate Function mapping (only for Value line de
 533:lib/STM32F10x_StdPeriph_Driver/src/stm32f10x_gpio.c ****   *     @arg GPIO_Remap_CEC              : CEC Alternate Function mapping (only for Value line devi
 534:lib/STM32F10x_StdPeriph_Driver/src/stm32f10x_gpio.c ****   *     @arg GPIO_Remap_TIM1_DMA         : TIM1 DMA requests mapping (only for Value line devices)
 535:lib/STM32F10x_StdPeriph_Driver/src/stm32f10x_gpio.c ****   *     @arg GPIO_Remap_TIM9             : TIM9 Alternate Function mapping (only for XL-density dev
 536:lib/STM32F10x_StdPeriph_Driver/src/stm32f10x_gpio.c ****   *     @arg GPIO_Remap_TIM10            : TIM10 Alternate Function mapping (only for XL-density de
 537:lib/STM32F10x_StdPeriph_Driver/src/stm32f10x_gpio.c ****   *     @arg GPIO_Remap_TIM11            : TIM11 Alternate Function mapping (only for XL-density de
 538:lib/STM32F10x_StdPeriph_Driver/src/stm32f10x_gpio.c ****   *     @arg GPIO_Remap_TIM13            : TIM13 Alternate Function mapping (only for High density 
 539:lib/STM32F10x_StdPeriph_Driver/src/stm32f10x_gpio.c ****   *     @arg GPIO_Remap_TIM14            : TIM14 Alternate Function mapping (only for High density 
 540:lib/STM32F10x_StdPeriph_Driver/src/stm32f10x_gpio.c ****   *     @arg GPIO_Remap_FSMC_NADV        : FSMC_NADV Alternate Function mapping (only for High dens
 541:lib/STM32F10x_StdPeriph_Driver/src/stm32f10x_gpio.c ****   *     @arg GPIO_Remap_TIM67_DAC_DMA    : TIM6/TIM7 and DAC DMA requests remapping (only for High 
 542:lib/STM32F10x_StdPeriph_Driver/src/stm32f10x_gpio.c ****   *     @arg GPIO_Remap_TIM12            : TIM12 Alternate Function mapping (only for High density 
 543:lib/STM32F10x_StdPeriph_Driver/src/stm32f10x_gpio.c ****   *     @arg GPIO_Remap_MISC             : Miscellaneous Remap (DMA2 Channel5 Position and DAC Trig
 544:lib/STM32F10x_StdPeriph_Driver/src/stm32f10x_gpio.c ****   *                                        only for High density Value line devices)     
 545:lib/STM32F10x_StdPeriph_Driver/src/stm32f10x_gpio.c ****   * @param  NewState: new state of the port pin remapping.
 546:lib/STM32F10x_StdPeriph_Driver/src/stm32f10x_gpio.c ****   *   This parameter can be: ENABLE or DISABLE.
 547:lib/STM32F10x_StdPeriph_Driver/src/stm32f10x_gpio.c ****   * @retval None
 548:lib/STM32F10x_StdPeriph_Driver/src/stm32f10x_gpio.c ****   */
 549:lib/STM32F10x_StdPeriph_Driver/src/stm32f10x_gpio.c **** void GPIO_PinRemapConfig(uint32_t GPIO_Remap, FunctionalState NewState)
 550:lib/STM32F10x_StdPeriph_Driver/src/stm32f10x_gpio.c **** {
 698              		.loc 1 550 0
 699              		.cfi_startproc
 700              		@ args = 0, pretend = 0, frame = 0
 701              		@ frame_needed = 0, uses_anonymous_args = 0
 702              	.LVL72:
 551:lib/STM32F10x_StdPeriph_Driver/src/stm32f10x_gpio.c ****   uint32_t tmp = 0x00, tmp1 = 0x00, tmpreg = 0x00, tmpmask = 0x00;
 552:lib/STM32F10x_StdPeriph_Driver/src/stm32f10x_gpio.c **** 
 553:lib/STM32F10x_StdPeriph_Driver/src/stm32f10x_gpio.c ****   /* Check the parameters */
 554:lib/STM32F10x_StdPeriph_Driver/src/stm32f10x_gpio.c ****   assert_param(IS_GPIO_REMAP(GPIO_Remap));
 555:lib/STM32F10x_StdPeriph_Driver/src/stm32f10x_gpio.c ****   assert_param(IS_FUNCTIONAL_STATE(NewState));  
 556:lib/STM32F10x_StdPeriph_Driver/src/stm32f10x_gpio.c ****   
 557:lib/STM32F10x_StdPeriph_Driver/src/stm32f10x_gpio.c ****   if((GPIO_Remap & 0x80000000) == 0x80000000)
 703              		.loc 1 557 0
 704 01f4 0028     		cmp	r0, #0
 705 01f6 164A     		ldr	r2, .L62
 550:lib/STM32F10x_StdPeriph_Driver/src/stm32f10x_gpio.c ****   uint32_t tmp = 0x00, tmp1 = 0x00, tmpreg = 0x00, tmpmask = 0x00;
 706              		.loc 1 550 0
 707 01f8 30B5     		push	{r4, r5, lr}
 708              	.LCFI6:
 709              		.cfi_def_cfa_offset 12
 710              		.cfi_offset 4, -12
 711              		.cfi_offset 5, -8
 712              		.cfi_offset 14, -4
 558:lib/STM32F10x_StdPeriph_Driver/src/stm32f10x_gpio.c ****   {
 559:lib/STM32F10x_StdPeriph_Driver/src/stm32f10x_gpio.c ****     tmpreg = AFIO->MAPR2;
 560:lib/STM32F10x_StdPeriph_Driver/src/stm32f10x_gpio.c ****   }
 561:lib/STM32F10x_StdPeriph_Driver/src/stm32f10x_gpio.c ****   else
 562:lib/STM32F10x_StdPeriph_Driver/src/stm32f10x_gpio.c ****   {
 563:lib/STM32F10x_StdPeriph_Driver/src/stm32f10x_gpio.c ****     tmpreg = AFIO->MAPR;
 564:lib/STM32F10x_StdPeriph_Driver/src/stm32f10x_gpio.c ****   }
 565:lib/STM32F10x_StdPeriph_Driver/src/stm32f10x_gpio.c **** 
 566:lib/STM32F10x_StdPeriph_Driver/src/stm32f10x_gpio.c ****   tmpmask = (GPIO_Remap & DBGAFR_POSITION_MASK) >> 0x10;
 567:lib/STM32F10x_StdPeriph_Driver/src/stm32f10x_gpio.c ****   tmp = GPIO_Remap & LSB_MASK;
 568:lib/STM32F10x_StdPeriph_Driver/src/stm32f10x_gpio.c **** 
 569:lib/STM32F10x_StdPeriph_Driver/src/stm32f10x_gpio.c ****   if ((GPIO_Remap & (DBGAFR_LOCATION_MASK | DBGAFR_NUMBITS_MASK)) == (DBGAFR_LOCATION_MASK | DBGAFR
 713              		.loc 1 569 0
 714 01fa 00F44015 		and	r5, r0, #3145728
 559:lib/STM32F10x_StdPeriph_Driver/src/stm32f10x_gpio.c ****   }
 715              		.loc 1 559 0
 716 01fe B4BF     		ite	lt
 717 0200 D369     		ldrlt	r3, [r2, #28]
 718              	.LVL73:
 563:lib/STM32F10x_StdPeriph_Driver/src/stm32f10x_gpio.c ****   }
 719              		.loc 1 563 0
 720 0202 5368     		ldrge	r3, [r2, #4]
 721              	.LVL74:
 722              		.loc 1 569 0
 723 0204 B5F5401F 		cmp	r5, #3145728
 567:lib/STM32F10x_StdPeriph_Driver/src/stm32f10x_gpio.c **** 
 724              		.loc 1 567 0
 725 0208 84B2     		uxth	r4, r0
 726              	.LVL75:
 727              		.loc 1 569 0
 728 020a 10D1     		bne	.L52
 570:lib/STM32F10x_StdPeriph_Driver/src/stm32f10x_gpio.c ****   {
 571:lib/STM32F10x_StdPeriph_Driver/src/stm32f10x_gpio.c ****     tmpreg &= DBGAFR_SWJCFG_MASK;
 572:lib/STM32F10x_StdPeriph_Driver/src/stm32f10x_gpio.c ****     AFIO->MAPR &= DBGAFR_SWJCFG_MASK;
 729              		.loc 1 572 0
 730 020c 5568     		ldr	r5, [r2, #4]
 571:lib/STM32F10x_StdPeriph_Driver/src/stm32f10x_gpio.c ****     AFIO->MAPR &= DBGAFR_SWJCFG_MASK;
 731              		.loc 1 571 0
 732 020e 23F07063 		bic	r3, r3, #251658240
 733              	.LVL76:
 734              		.loc 1 572 0
 735 0212 25F07065 		bic	r5, r5, #251658240
 736 0216 5560     		str	r5, [r2, #4]
 737              	.LVL77:
 738              	.L53:
 573:lib/STM32F10x_StdPeriph_Driver/src/stm32f10x_gpio.c ****   }
 574:lib/STM32F10x_StdPeriph_Driver/src/stm32f10x_gpio.c ****   else if ((GPIO_Remap & DBGAFR_NUMBITS_MASK) == DBGAFR_NUMBITS_MASK)
 575:lib/STM32F10x_StdPeriph_Driver/src/stm32f10x_gpio.c ****   {
 576:lib/STM32F10x_StdPeriph_Driver/src/stm32f10x_gpio.c ****     tmp1 = ((uint32_t)0x03) << tmpmask;
 577:lib/STM32F10x_StdPeriph_Driver/src/stm32f10x_gpio.c ****     tmpreg &= ~tmp1;
 578:lib/STM32F10x_StdPeriph_Driver/src/stm32f10x_gpio.c ****     tmpreg |= ~DBGAFR_SWJCFG_MASK;
 579:lib/STM32F10x_StdPeriph_Driver/src/stm32f10x_gpio.c ****   }
 580:lib/STM32F10x_StdPeriph_Driver/src/stm32f10x_gpio.c ****   else
 581:lib/STM32F10x_StdPeriph_Driver/src/stm32f10x_gpio.c ****   {
 582:lib/STM32F10x_StdPeriph_Driver/src/stm32f10x_gpio.c ****     tmpreg &= ~(tmp << ((GPIO_Remap >> 0x15)*0x10));
 583:lib/STM32F10x_StdPeriph_Driver/src/stm32f10x_gpio.c ****     tmpreg |= ~DBGAFR_SWJCFG_MASK;
 584:lib/STM32F10x_StdPeriph_Driver/src/stm32f10x_gpio.c ****   }
 585:lib/STM32F10x_StdPeriph_Driver/src/stm32f10x_gpio.c **** 
 586:lib/STM32F10x_StdPeriph_Driver/src/stm32f10x_gpio.c ****   if (NewState != DISABLE)
 739              		.loc 1 586 0
 740 0218 19B1     		cbz	r1, .L55
 587:lib/STM32F10x_StdPeriph_Driver/src/stm32f10x_gpio.c ****   {
 588:lib/STM32F10x_StdPeriph_Driver/src/stm32f10x_gpio.c ****     tmpreg |= (tmp << ((GPIO_Remap >> 0x15)*0x10));
 741              		.loc 1 588 0
 742 021a 420D     		lsrs	r2, r0, #21
 743 021c 1201     		lsls	r2, r2, #4
 744 021e 9440     		lsls	r4, r4, r2
 745              	.LVL78:
 746 0220 2343     		orrs	r3, r3, r4
 747              	.LVL79:
 748              	.L55:
 749 0222 0B4A     		ldr	r2, .L62
 589:lib/STM32F10x_StdPeriph_Driver/src/stm32f10x_gpio.c ****   }
 590:lib/STM32F10x_StdPeriph_Driver/src/stm32f10x_gpio.c **** 
 591:lib/STM32F10x_StdPeriph_Driver/src/stm32f10x_gpio.c ****   if((GPIO_Remap & 0x80000000) == 0x80000000)
 750              		.loc 1 591 0
 751 0224 0028     		cmp	r0, #0
 592:lib/STM32F10x_StdPeriph_Driver/src/stm32f10x_gpio.c ****   {
 593:lib/STM32F10x_StdPeriph_Driver/src/stm32f10x_gpio.c ****     AFIO->MAPR2 = tmpreg;
 752              		.loc 1 593 0
 753 0226 B4BF     		ite	lt
 754 0228 D361     		strlt	r3, [r2, #28]
 594:lib/STM32F10x_StdPeriph_Driver/src/stm32f10x_gpio.c ****   }
 595:lib/STM32F10x_StdPeriph_Driver/src/stm32f10x_gpio.c ****   else
 596:lib/STM32F10x_StdPeriph_Driver/src/stm32f10x_gpio.c ****   {
 597:lib/STM32F10x_StdPeriph_Driver/src/stm32f10x_gpio.c ****     AFIO->MAPR = tmpreg;
 755              		.loc 1 597 0
 756 022a 5360     		strge	r3, [r2, #4]
 757 022c 30BD     		pop	{r4, r5, pc}
 758              	.LVL80:
 759              	.L52:
 574:lib/STM32F10x_StdPeriph_Driver/src/stm32f10x_gpio.c ****   {
 760              		.loc 1 574 0
 761 022e C202     		lsls	r2, r0, #11
 762              	.LVL81:
 576:lib/STM32F10x_StdPeriph_Driver/src/stm32f10x_gpio.c ****     tmpreg &= ~tmp1;
 763              		.loc 1 576 0
 764 0230 4DBF     		iteet	mi
 765 0232 0322     		movmi	r2, #3
 582:lib/STM32F10x_StdPeriph_Driver/src/stm32f10x_gpio.c ****     tmpreg |= ~DBGAFR_SWJCFG_MASK;
 766              		.loc 1 582 0
 767 0234 420D     		lsrpl	r2, r0, #21
 768 0236 1201     		lslpl	r2, r2, #4
 566:lib/STM32F10x_StdPeriph_Driver/src/stm32f10x_gpio.c ****   tmp = GPIO_Remap & LSB_MASK;
 769              		.loc 1 566 0
 770 0238 C0F30345 		ubfxmi	r5, r0, #16, #4
 576:lib/STM32F10x_StdPeriph_Driver/src/stm32f10x_gpio.c ****     tmpreg &= ~tmp1;
 771              		.loc 1 576 0
 772 023c 4CBF     		ite	mi
 773 023e AA40     		lslmi	r2, r2, r5
 582:lib/STM32F10x_StdPeriph_Driver/src/stm32f10x_gpio.c ****     tmpreg |= ~DBGAFR_SWJCFG_MASK;
 774              		.loc 1 582 0
 775 0240 04FA02F2 		lslpl	r2, r4, r2
 776 0244 23EA0203 		bic	r3, r3, r2
 777              	.LVL82:
 583:lib/STM32F10x_StdPeriph_Driver/src/stm32f10x_gpio.c ****   }
 778              		.loc 1 583 0
 779 0248 43F07063 		orr	r3, r3, #251658240
 780              	.LVL83:
 781 024c E4E7     		b	.L53
 782              	.L63:
 783 024e 00BF     		.align	2
 784              	.L62:
 785 0250 00000140 		.word	1073807360
 786              		.cfi_endproc
 787              	.LFE44:
 789              		.align	1
 790              		.global	GPIO_EXTILineConfig
 791              		.syntax unified
 792              		.thumb
 793              		.thumb_func
 794              		.fpu softvfp
 796              	GPIO_EXTILineConfig:
 797              	.LFB45:
 598:lib/STM32F10x_StdPeriph_Driver/src/stm32f10x_gpio.c ****   }  
 599:lib/STM32F10x_StdPeriph_Driver/src/stm32f10x_gpio.c **** }
 600:lib/STM32F10x_StdPeriph_Driver/src/stm32f10x_gpio.c **** 
 601:lib/STM32F10x_StdPeriph_Driver/src/stm32f10x_gpio.c **** /**
 602:lib/STM32F10x_StdPeriph_Driver/src/stm32f10x_gpio.c ****   * @brief  Selects the GPIO pin used as EXTI Line.
 603:lib/STM32F10x_StdPeriph_Driver/src/stm32f10x_gpio.c ****   * @param  GPIO_PortSource: selects the GPIO port to be used as source for EXTI lines.
 604:lib/STM32F10x_StdPeriph_Driver/src/stm32f10x_gpio.c ****   *   This parameter can be GPIO_PortSourceGPIOx where x can be (A..G).
 605:lib/STM32F10x_StdPeriph_Driver/src/stm32f10x_gpio.c ****   * @param  GPIO_PinSource: specifies the EXTI line to be configured.
 606:lib/STM32F10x_StdPeriph_Driver/src/stm32f10x_gpio.c ****   *   This parameter can be GPIO_PinSourcex where x can be (0..15).
 607:lib/STM32F10x_StdPeriph_Driver/src/stm32f10x_gpio.c ****   * @retval None
 608:lib/STM32F10x_StdPeriph_Driver/src/stm32f10x_gpio.c ****   */
 609:lib/STM32F10x_StdPeriph_Driver/src/stm32f10x_gpio.c **** void GPIO_EXTILineConfig(uint8_t GPIO_PortSource, uint8_t GPIO_PinSource)
 610:lib/STM32F10x_StdPeriph_Driver/src/stm32f10x_gpio.c **** {
 798              		.loc 1 610 0
 799              		.cfi_startproc
 800              		@ args = 0, pretend = 0, frame = 0
 801              		@ frame_needed = 0, uses_anonymous_args = 0
 802              	.LVL84:
 803 0254 10B5     		push	{r4, lr}
 804              	.LCFI7:
 805              		.cfi_def_cfa_offset 8
 806              		.cfi_offset 4, -8
 807              		.cfi_offset 14, -4
 611:lib/STM32F10x_StdPeriph_Driver/src/stm32f10x_gpio.c ****   uint32_t tmp = 0x00;
 612:lib/STM32F10x_StdPeriph_Driver/src/stm32f10x_gpio.c ****   /* Check the parameters */
 613:lib/STM32F10x_StdPeriph_Driver/src/stm32f10x_gpio.c ****   assert_param(IS_GPIO_EXTI_PORT_SOURCE(GPIO_PortSource));
 614:lib/STM32F10x_StdPeriph_Driver/src/stm32f10x_gpio.c ****   assert_param(IS_GPIO_PIN_SOURCE(GPIO_PinSource));
 615:lib/STM32F10x_StdPeriph_Driver/src/stm32f10x_gpio.c ****   
 616:lib/STM32F10x_StdPeriph_Driver/src/stm32f10x_gpio.c ****   tmp = ((uint32_t)0x0F) << (0x04 * (GPIO_PinSource & (uint8_t)0x03));
 808              		.loc 1 616 0
 809 0256 0F24     		movs	r4, #15
 810 0258 01F00303 		and	r3, r1, #3
 811 025c 01F0FC01 		and	r1, r1, #252
 812              	.LVL85:
 813 0260 01F18041 		add	r1, r1, #1073741824
 814 0264 01F58031 		add	r1, r1, #65536
 617:lib/STM32F10x_StdPeriph_Driver/src/stm32f10x_gpio.c ****   AFIO->EXTICR[GPIO_PinSource >> 0x02] &= ~tmp;
 815              		.loc 1 617 0
 816 0268 8A68     		ldr	r2, [r1, #8]
 616:lib/STM32F10x_StdPeriph_Driver/src/stm32f10x_gpio.c ****   AFIO->EXTICR[GPIO_PinSource >> 0x02] &= ~tmp;
 817              		.loc 1 616 0
 818 026a 9B00     		lsls	r3, r3, #2
 819              	.LVL86:
 820 026c 9C40     		lsls	r4, r4, r3
 821              	.LVL87:
 822              		.loc 1 617 0
 823 026e 22EA0402 		bic	r2, r2, r4
 824 0272 8A60     		str	r2, [r1, #8]
 618:lib/STM32F10x_StdPeriph_Driver/src/stm32f10x_gpio.c ****   AFIO->EXTICR[GPIO_PinSource >> 0x02] |= (((uint32_t)GPIO_PortSource) << (0x04 * (GPIO_PinSource &
 825              		.loc 1 618 0
 826 0274 8A68     		ldr	r2, [r1, #8]
 827 0276 9840     		lsls	r0, r0, r3
 828              	.LVL88:
 829 0278 1043     		orrs	r0, r0, r2
 830 027a 8860     		str	r0, [r1, #8]
 831 027c 10BD     		pop	{r4, pc}
 832              		.cfi_endproc
 833              	.LFE45:
 835              		.align	1
 836              		.global	GPIO_ETH_MediaInterfaceConfig
 837              		.syntax unified
 838              		.thumb
 839              		.thumb_func
 840              		.fpu softvfp
 842              	GPIO_ETH_MediaInterfaceConfig:
 843              	.LFB46:
 619:lib/STM32F10x_StdPeriph_Driver/src/stm32f10x_gpio.c **** }
 620:lib/STM32F10x_StdPeriph_Driver/src/stm32f10x_gpio.c **** 
 621:lib/STM32F10x_StdPeriph_Driver/src/stm32f10x_gpio.c **** /**
 622:lib/STM32F10x_StdPeriph_Driver/src/stm32f10x_gpio.c ****   * @brief  Selects the Ethernet media interface.
 623:lib/STM32F10x_StdPeriph_Driver/src/stm32f10x_gpio.c ****   * @note   This function applies only to STM32 Connectivity line devices.  
 624:lib/STM32F10x_StdPeriph_Driver/src/stm32f10x_gpio.c ****   * @param  GPIO_ETH_MediaInterface: specifies the Media Interface mode.
 625:lib/STM32F10x_StdPeriph_Driver/src/stm32f10x_gpio.c ****   *   This parameter can be one of the following values:
 626:lib/STM32F10x_StdPeriph_Driver/src/stm32f10x_gpio.c ****   *     @arg GPIO_ETH_MediaInterface_MII: MII mode
 627:lib/STM32F10x_StdPeriph_Driver/src/stm32f10x_gpio.c ****   *     @arg GPIO_ETH_MediaInterface_RMII: RMII mode    
 628:lib/STM32F10x_StdPeriph_Driver/src/stm32f10x_gpio.c ****   * @retval None
 629:lib/STM32F10x_StdPeriph_Driver/src/stm32f10x_gpio.c ****   */
 630:lib/STM32F10x_StdPeriph_Driver/src/stm32f10x_gpio.c **** void GPIO_ETH_MediaInterfaceConfig(uint32_t GPIO_ETH_MediaInterface) 
 631:lib/STM32F10x_StdPeriph_Driver/src/stm32f10x_gpio.c **** { 
 844              		.loc 1 631 0
 845              		.cfi_startproc
 846              		@ args = 0, pretend = 0, frame = 0
 847              		@ frame_needed = 0, uses_anonymous_args = 0
 848              		@ link register save eliminated.
 849              	.LVL89:
 632:lib/STM32F10x_StdPeriph_Driver/src/stm32f10x_gpio.c ****   assert_param(IS_GPIO_ETH_MEDIA_INTERFACE(GPIO_ETH_MediaInterface)); 
 633:lib/STM32F10x_StdPeriph_Driver/src/stm32f10x_gpio.c **** 
 634:lib/STM32F10x_StdPeriph_Driver/src/stm32f10x_gpio.c ****   /* Configure MII_RMII selection bit */ 
 635:lib/STM32F10x_StdPeriph_Driver/src/stm32f10x_gpio.c ****   *(__IO uint32_t *) MAPR_MII_RMII_SEL_BB = GPIO_ETH_MediaInterface; 
 850              		.loc 1 635 0
 851 027e 014B     		ldr	r3, .L66
 852 0280 1860     		str	r0, [r3]
 853 0282 7047     		bx	lr
 854              	.L67:
 855              		.align	2
 856              	.L66:
 857 0284 DC002042 		.word	1109393628
 858              		.cfi_endproc
 859              	.LFE46:
 861              	.Letext0:
 862              		.file 2 "/opt/gcc-arm/gcc-arm-none-eabi-6_2-2016q4/arm-none-eabi/include/machine/_default_types.h"
 863              		.file 3 "/opt/gcc-arm/gcc-arm-none-eabi-6_2-2016q4/arm-none-eabi/include/sys/_stdint.h"
 864              		.file 4 "./lib/CMSIS/CM3/CoreSupport/core_cm3.h"
 865              		.file 5 "./lib/CMSIS/CM3/DeviceSupport/ST/STM32F10x/system_stm32f10x.h"
 866              		.file 6 "./lib/CMSIS/CM3/DeviceSupport/ST/STM32F10x/stm32f10x.h"
 867              		.file 7 "./lib/STM32F10x_StdPeriph_Driver/inc/stm32f10x_gpio.h"
 868              		.file 8 "./lib/STM32F10x_StdPeriph_Driver/inc/stm32f10x_rcc.h"
DEFINED SYMBOLS
                            *ABS*:0000000000000000 stm32f10x_gpio.c
     /tmp/cc0wwvV0.s:15     .text:0000000000000000 $t
     /tmp/cc0wwvV0.s:22     .text:0000000000000000 GPIO_DeInit
     /tmp/cc0wwvV0.s:162    .text:000000000000009c $d
     /tmp/cc0wwvV0.s:172    .text:00000000000000b8 $t
     /tmp/cc0wwvV0.s:179    .text:00000000000000b8 GPIO_AFIODeInit
     /tmp/cc0wwvV0.s:218    .text:00000000000000ce GPIO_Init
     /tmp/cc0wwvV0.s:376    .text:0000000000000172 GPIO_StructInit
     /tmp/cc0wwvV0.s:404    .text:0000000000000182 GPIO_ReadInputDataBit
     /tmp/cc0wwvV0.s:432    .text:000000000000018e GPIO_ReadInputData
     /tmp/cc0wwvV0.s:456    .text:0000000000000194 GPIO_ReadOutputDataBit
     /tmp/cc0wwvV0.s:484    .text:00000000000001a0 GPIO_ReadOutputData
     /tmp/cc0wwvV0.s:508    .text:00000000000001a6 GPIO_SetBits
     /tmp/cc0wwvV0.s:529    .text:00000000000001aa GPIO_ResetBits
     /tmp/cc0wwvV0.s:550    .text:00000000000001ae GPIO_WriteBit
     /tmp/cc0wwvV0.s:577    .text:00000000000001b8 GPIO_Write
     /tmp/cc0wwvV0.s:598    .text:00000000000001bc GPIO_PinLockConfig
     /tmp/cc0wwvV0.s:631    .text:00000000000001cc GPIO_EventOutputConfig
     /tmp/cc0wwvV0.s:659    .text:00000000000001e4 $d
     /tmp/cc0wwvV0.s:663    .text:00000000000001e8 $t
     /tmp/cc0wwvV0.s:670    .text:00000000000001e8 GPIO_EventOutputCmd
     /tmp/cc0wwvV0.s:685    .text:00000000000001f0 $d
     /tmp/cc0wwvV0.s:689    .text:00000000000001f4 $t
     /tmp/cc0wwvV0.s:696    .text:00000000000001f4 GPIO_PinRemapConfig
     /tmp/cc0wwvV0.s:785    .text:0000000000000250 $d
     /tmp/cc0wwvV0.s:789    .text:0000000000000254 $t
     /tmp/cc0wwvV0.s:796    .text:0000000000000254 GPIO_EXTILineConfig
     /tmp/cc0wwvV0.s:842    .text:000000000000027e GPIO_ETH_MediaInterfaceConfig
     /tmp/cc0wwvV0.s:857    .text:0000000000000284 $d
                     .debug_frame:0000000000000010 $d

UNDEFINED SYMBOLS
RCC_APB2PeriphResetCmd
