   1              		.cpu cortex-m3
   2              		.eabi_attribute 20, 1
   3              		.eabi_attribute 21, 1
   4              		.eabi_attribute 23, 3
   5              		.eabi_attribute 24, 1
   6              		.eabi_attribute 25, 1
   7              		.eabi_attribute 26, 1
   8              		.eabi_attribute 30, 4
   9              		.eabi_attribute 34, 1
  10              		.eabi_attribute 18, 4
  11              		.file	"stm32f10x_exti.c"
  12              		.text
  13              	.Ltext0:
  14              		.cfi_sections	.debug_frame
  15              		.align	1
  16              		.global	EXTI_DeInit
  17              		.syntax unified
  18              		.thumb
  19              		.thumb_func
  20              		.fpu softvfp
  22              	EXTI_DeInit:
  23              	.LFB29:
  24              		.file 1 "lib/STM32F10x_StdPeriph_Driver/src/stm32f10x_exti.c"
   1:lib/STM32F10x_StdPeriph_Driver/src/stm32f10x_exti.c **** /**
   2:lib/STM32F10x_StdPeriph_Driver/src/stm32f10x_exti.c ****   ******************************************************************************
   3:lib/STM32F10x_StdPeriph_Driver/src/stm32f10x_exti.c ****   * @file    stm32f10x_exti.c
   4:lib/STM32F10x_StdPeriph_Driver/src/stm32f10x_exti.c ****   * @author  MCD Application Team
   5:lib/STM32F10x_StdPeriph_Driver/src/stm32f10x_exti.c ****   * @version V3.5.0
   6:lib/STM32F10x_StdPeriph_Driver/src/stm32f10x_exti.c ****   * @date    11-March-2011
   7:lib/STM32F10x_StdPeriph_Driver/src/stm32f10x_exti.c ****   * @brief   This file provides all the EXTI firmware functions.
   8:lib/STM32F10x_StdPeriph_Driver/src/stm32f10x_exti.c ****   ******************************************************************************
   9:lib/STM32F10x_StdPeriph_Driver/src/stm32f10x_exti.c ****   * @attention
  10:lib/STM32F10x_StdPeriph_Driver/src/stm32f10x_exti.c ****   *
  11:lib/STM32F10x_StdPeriph_Driver/src/stm32f10x_exti.c ****   * THE PRESENT FIRMWARE WHICH IS FOR GUIDANCE ONLY AIMS AT PROVIDING CUSTOMERS
  12:lib/STM32F10x_StdPeriph_Driver/src/stm32f10x_exti.c ****   * WITH CODING INFORMATION REGARDING THEIR PRODUCTS IN ORDER FOR THEM TO SAVE
  13:lib/STM32F10x_StdPeriph_Driver/src/stm32f10x_exti.c ****   * TIME. AS A RESULT, STMICROELECTRONICS SHALL NOT BE HELD LIABLE FOR ANY
  14:lib/STM32F10x_StdPeriph_Driver/src/stm32f10x_exti.c ****   * DIRECT, INDIRECT OR CONSEQUENTIAL DAMAGES WITH RESPECT TO ANY CLAIMS ARISING
  15:lib/STM32F10x_StdPeriph_Driver/src/stm32f10x_exti.c ****   * FROM THE CONTENT OF SUCH FIRMWARE AND/OR THE USE MADE BY CUSTOMERS OF THE
  16:lib/STM32F10x_StdPeriph_Driver/src/stm32f10x_exti.c ****   * CODING INFORMATION CONTAINED HEREIN IN CONNECTION WITH THEIR PRODUCTS.
  17:lib/STM32F10x_StdPeriph_Driver/src/stm32f10x_exti.c ****   *
  18:lib/STM32F10x_StdPeriph_Driver/src/stm32f10x_exti.c ****   * <h2><center>&copy; COPYRIGHT 2011 STMicroelectronics</center></h2>
  19:lib/STM32F10x_StdPeriph_Driver/src/stm32f10x_exti.c ****   ******************************************************************************
  20:lib/STM32F10x_StdPeriph_Driver/src/stm32f10x_exti.c ****   */
  21:lib/STM32F10x_StdPeriph_Driver/src/stm32f10x_exti.c **** 
  22:lib/STM32F10x_StdPeriph_Driver/src/stm32f10x_exti.c **** /* Includes ------------------------------------------------------------------*/
  23:lib/STM32F10x_StdPeriph_Driver/src/stm32f10x_exti.c **** #include "stm32f10x_exti.h"
  24:lib/STM32F10x_StdPeriph_Driver/src/stm32f10x_exti.c **** 
  25:lib/STM32F10x_StdPeriph_Driver/src/stm32f10x_exti.c **** /** @addtogroup STM32F10x_StdPeriph_Driver
  26:lib/STM32F10x_StdPeriph_Driver/src/stm32f10x_exti.c ****   * @{
  27:lib/STM32F10x_StdPeriph_Driver/src/stm32f10x_exti.c ****   */
  28:lib/STM32F10x_StdPeriph_Driver/src/stm32f10x_exti.c **** 
  29:lib/STM32F10x_StdPeriph_Driver/src/stm32f10x_exti.c **** /** @defgroup EXTI 
  30:lib/STM32F10x_StdPeriph_Driver/src/stm32f10x_exti.c ****   * @brief EXTI driver modules
  31:lib/STM32F10x_StdPeriph_Driver/src/stm32f10x_exti.c ****   * @{
  32:lib/STM32F10x_StdPeriph_Driver/src/stm32f10x_exti.c ****   */
  33:lib/STM32F10x_StdPeriph_Driver/src/stm32f10x_exti.c **** 
  34:lib/STM32F10x_StdPeriph_Driver/src/stm32f10x_exti.c **** /** @defgroup EXTI_Private_TypesDefinitions
  35:lib/STM32F10x_StdPeriph_Driver/src/stm32f10x_exti.c ****   * @{
  36:lib/STM32F10x_StdPeriph_Driver/src/stm32f10x_exti.c ****   */
  37:lib/STM32F10x_StdPeriph_Driver/src/stm32f10x_exti.c **** 
  38:lib/STM32F10x_StdPeriph_Driver/src/stm32f10x_exti.c **** /**
  39:lib/STM32F10x_StdPeriph_Driver/src/stm32f10x_exti.c ****   * @}
  40:lib/STM32F10x_StdPeriph_Driver/src/stm32f10x_exti.c ****   */
  41:lib/STM32F10x_StdPeriph_Driver/src/stm32f10x_exti.c **** 
  42:lib/STM32F10x_StdPeriph_Driver/src/stm32f10x_exti.c **** /** @defgroup EXTI_Private_Defines
  43:lib/STM32F10x_StdPeriph_Driver/src/stm32f10x_exti.c ****   * @{
  44:lib/STM32F10x_StdPeriph_Driver/src/stm32f10x_exti.c ****   */
  45:lib/STM32F10x_StdPeriph_Driver/src/stm32f10x_exti.c **** 
  46:lib/STM32F10x_StdPeriph_Driver/src/stm32f10x_exti.c **** #define EXTI_LINENONE    ((uint32_t)0x00000)  /* No interrupt selected */
  47:lib/STM32F10x_StdPeriph_Driver/src/stm32f10x_exti.c **** 
  48:lib/STM32F10x_StdPeriph_Driver/src/stm32f10x_exti.c **** /**
  49:lib/STM32F10x_StdPeriph_Driver/src/stm32f10x_exti.c ****   * @}
  50:lib/STM32F10x_StdPeriph_Driver/src/stm32f10x_exti.c ****   */
  51:lib/STM32F10x_StdPeriph_Driver/src/stm32f10x_exti.c **** 
  52:lib/STM32F10x_StdPeriph_Driver/src/stm32f10x_exti.c **** /** @defgroup EXTI_Private_Macros
  53:lib/STM32F10x_StdPeriph_Driver/src/stm32f10x_exti.c ****   * @{
  54:lib/STM32F10x_StdPeriph_Driver/src/stm32f10x_exti.c ****   */
  55:lib/STM32F10x_StdPeriph_Driver/src/stm32f10x_exti.c **** 
  56:lib/STM32F10x_StdPeriph_Driver/src/stm32f10x_exti.c **** /**
  57:lib/STM32F10x_StdPeriph_Driver/src/stm32f10x_exti.c ****   * @}
  58:lib/STM32F10x_StdPeriph_Driver/src/stm32f10x_exti.c ****   */
  59:lib/STM32F10x_StdPeriph_Driver/src/stm32f10x_exti.c **** 
  60:lib/STM32F10x_StdPeriph_Driver/src/stm32f10x_exti.c **** /** @defgroup EXTI_Private_Variables
  61:lib/STM32F10x_StdPeriph_Driver/src/stm32f10x_exti.c ****   * @{
  62:lib/STM32F10x_StdPeriph_Driver/src/stm32f10x_exti.c ****   */
  63:lib/STM32F10x_StdPeriph_Driver/src/stm32f10x_exti.c **** 
  64:lib/STM32F10x_StdPeriph_Driver/src/stm32f10x_exti.c **** /**
  65:lib/STM32F10x_StdPeriph_Driver/src/stm32f10x_exti.c ****   * @}
  66:lib/STM32F10x_StdPeriph_Driver/src/stm32f10x_exti.c ****   */
  67:lib/STM32F10x_StdPeriph_Driver/src/stm32f10x_exti.c **** 
  68:lib/STM32F10x_StdPeriph_Driver/src/stm32f10x_exti.c **** /** @defgroup EXTI_Private_FunctionPrototypes
  69:lib/STM32F10x_StdPeriph_Driver/src/stm32f10x_exti.c ****   * @{
  70:lib/STM32F10x_StdPeriph_Driver/src/stm32f10x_exti.c ****   */
  71:lib/STM32F10x_StdPeriph_Driver/src/stm32f10x_exti.c **** 
  72:lib/STM32F10x_StdPeriph_Driver/src/stm32f10x_exti.c **** /**
  73:lib/STM32F10x_StdPeriph_Driver/src/stm32f10x_exti.c ****   * @}
  74:lib/STM32F10x_StdPeriph_Driver/src/stm32f10x_exti.c ****   */
  75:lib/STM32F10x_StdPeriph_Driver/src/stm32f10x_exti.c **** 
  76:lib/STM32F10x_StdPeriph_Driver/src/stm32f10x_exti.c **** /** @defgroup EXTI_Private_Functions
  77:lib/STM32F10x_StdPeriph_Driver/src/stm32f10x_exti.c ****   * @{
  78:lib/STM32F10x_StdPeriph_Driver/src/stm32f10x_exti.c ****   */
  79:lib/STM32F10x_StdPeriph_Driver/src/stm32f10x_exti.c **** 
  80:lib/STM32F10x_StdPeriph_Driver/src/stm32f10x_exti.c **** /**
  81:lib/STM32F10x_StdPeriph_Driver/src/stm32f10x_exti.c ****   * @brief  Deinitializes the EXTI peripheral registers to their default reset values.
  82:lib/STM32F10x_StdPeriph_Driver/src/stm32f10x_exti.c ****   * @param  None
  83:lib/STM32F10x_StdPeriph_Driver/src/stm32f10x_exti.c ****   * @retval None
  84:lib/STM32F10x_StdPeriph_Driver/src/stm32f10x_exti.c ****   */
  85:lib/STM32F10x_StdPeriph_Driver/src/stm32f10x_exti.c **** void EXTI_DeInit(void)
  86:lib/STM32F10x_StdPeriph_Driver/src/stm32f10x_exti.c **** {
  25              		.loc 1 86 0
  26              		.cfi_startproc
  27              		@ args = 0, pretend = 0, frame = 0
  28              		@ frame_needed = 0, uses_anonymous_args = 0
  29              		@ link register save eliminated.
  87:lib/STM32F10x_StdPeriph_Driver/src/stm32f10x_exti.c ****   EXTI->IMR = 0x00000000;
  30              		.loc 1 87 0
  31 0000 0022     		movs	r2, #0
  32 0002 044B     		ldr	r3, .L2
  33 0004 1A60     		str	r2, [r3]
  88:lib/STM32F10x_StdPeriph_Driver/src/stm32f10x_exti.c ****   EXTI->EMR = 0x00000000;
  34              		.loc 1 88 0
  35 0006 5A60     		str	r2, [r3, #4]
  89:lib/STM32F10x_StdPeriph_Driver/src/stm32f10x_exti.c ****   EXTI->RTSR = 0x00000000; 
  36              		.loc 1 89 0
  37 0008 9A60     		str	r2, [r3, #8]
  90:lib/STM32F10x_StdPeriph_Driver/src/stm32f10x_exti.c ****   EXTI->FTSR = 0x00000000; 
  38              		.loc 1 90 0
  39 000a DA60     		str	r2, [r3, #12]
  91:lib/STM32F10x_StdPeriph_Driver/src/stm32f10x_exti.c ****   EXTI->PR = 0x000FFFFF;
  40              		.loc 1 91 0
  41 000c 024A     		ldr	r2, .L2+4
  42 000e 5A61     		str	r2, [r3, #20]
  43 0010 7047     		bx	lr
  44              	.L3:
  45 0012 00BF     		.align	2
  46              	.L2:
  47 0014 00040140 		.word	1073808384
  48 0018 FFFF0F00 		.word	1048575
  49              		.cfi_endproc
  50              	.LFE29:
  52              		.align	1
  53              		.global	EXTI_Init
  54              		.syntax unified
  55              		.thumb
  56              		.thumb_func
  57              		.fpu softvfp
  59              	EXTI_Init:
  60              	.LFB30:
  92:lib/STM32F10x_StdPeriph_Driver/src/stm32f10x_exti.c **** }
  93:lib/STM32F10x_StdPeriph_Driver/src/stm32f10x_exti.c **** 
  94:lib/STM32F10x_StdPeriph_Driver/src/stm32f10x_exti.c **** /**
  95:lib/STM32F10x_StdPeriph_Driver/src/stm32f10x_exti.c ****   * @brief  Initializes the EXTI peripheral according to the specified
  96:lib/STM32F10x_StdPeriph_Driver/src/stm32f10x_exti.c ****   *         parameters in the EXTI_InitStruct.
  97:lib/STM32F10x_StdPeriph_Driver/src/stm32f10x_exti.c ****   * @param  EXTI_InitStruct: pointer to a EXTI_InitTypeDef structure
  98:lib/STM32F10x_StdPeriph_Driver/src/stm32f10x_exti.c ****   *         that contains the configuration information for the EXTI peripheral.
  99:lib/STM32F10x_StdPeriph_Driver/src/stm32f10x_exti.c ****   * @retval None
 100:lib/STM32F10x_StdPeriph_Driver/src/stm32f10x_exti.c ****   */
 101:lib/STM32F10x_StdPeriph_Driver/src/stm32f10x_exti.c **** void EXTI_Init(EXTI_InitTypeDef* EXTI_InitStruct)
 102:lib/STM32F10x_StdPeriph_Driver/src/stm32f10x_exti.c **** {
  61              		.loc 1 102 0
  62              		.cfi_startproc
  63              		@ args = 0, pretend = 0, frame = 0
  64              		@ frame_needed = 0, uses_anonymous_args = 0
  65              	.LVL0:
 103:lib/STM32F10x_StdPeriph_Driver/src/stm32f10x_exti.c ****   uint32_t tmp = 0;
 104:lib/STM32F10x_StdPeriph_Driver/src/stm32f10x_exti.c **** 
 105:lib/STM32F10x_StdPeriph_Driver/src/stm32f10x_exti.c ****   /* Check the parameters */
 106:lib/STM32F10x_StdPeriph_Driver/src/stm32f10x_exti.c ****   assert_param(IS_EXTI_MODE(EXTI_InitStruct->EXTI_Mode));
 107:lib/STM32F10x_StdPeriph_Driver/src/stm32f10x_exti.c ****   assert_param(IS_EXTI_TRIGGER(EXTI_InitStruct->EXTI_Trigger));
 108:lib/STM32F10x_StdPeriph_Driver/src/stm32f10x_exti.c ****   assert_param(IS_EXTI_LINE(EXTI_InitStruct->EXTI_Line));  
 109:lib/STM32F10x_StdPeriph_Driver/src/stm32f10x_exti.c ****   assert_param(IS_FUNCTIONAL_STATE(EXTI_InitStruct->EXTI_LineCmd));
 110:lib/STM32F10x_StdPeriph_Driver/src/stm32f10x_exti.c **** 
 111:lib/STM32F10x_StdPeriph_Driver/src/stm32f10x_exti.c ****   tmp = (uint32_t)EXTI_BASE;
 112:lib/STM32F10x_StdPeriph_Driver/src/stm32f10x_exti.c ****      
 113:lib/STM32F10x_StdPeriph_Driver/src/stm32f10x_exti.c ****   if (EXTI_InitStruct->EXTI_LineCmd != DISABLE)
  66              		.loc 1 113 0
  67 001c 8279     		ldrb	r2, [r0, #6]	@ zero_extendqisi2
 102:lib/STM32F10x_StdPeriph_Driver/src/stm32f10x_exti.c ****   uint32_t tmp = 0;
  68              		.loc 1 102 0
  69 001e 30B5     		push	{r4, r5, lr}
  70              	.LCFI0:
  71              		.cfi_def_cfa_offset 12
  72              		.cfi_offset 4, -12
  73              		.cfi_offset 5, -8
  74              		.cfi_offset 14, -4
  75 0020 0168     		ldr	r1, [r0]
  76 0022 0379     		ldrb	r3, [r0, #4]	@ zero_extendqisi2
  77              		.loc 1 113 0
  78 0024 42B3     		cbz	r2, .L5
 114:lib/STM32F10x_StdPeriph_Driver/src/stm32f10x_exti.c ****   {
 115:lib/STM32F10x_StdPeriph_Driver/src/stm32f10x_exti.c ****     /* Clear EXTI line configuration */
 116:lib/STM32F10x_StdPeriph_Driver/src/stm32f10x_exti.c ****     EXTI->IMR &= ~EXTI_InitStruct->EXTI_Line;
  79              		.loc 1 116 0
  80 0026 CC43     		mvns	r4, r1
  81 0028 184A     		ldr	r2, .L8
 117:lib/STM32F10x_StdPeriph_Driver/src/stm32f10x_exti.c ****     EXTI->EMR &= ~EXTI_InitStruct->EXTI_Line;
 118:lib/STM32F10x_StdPeriph_Driver/src/stm32f10x_exti.c ****     
 119:lib/STM32F10x_StdPeriph_Driver/src/stm32f10x_exti.c ****     tmp += EXTI_InitStruct->EXTI_Mode;
  82              		.loc 1 119 0
  83 002a 03F18043 		add	r3, r3, #1073741824
 116:lib/STM32F10x_StdPeriph_Driver/src/stm32f10x_exti.c ****     EXTI->EMR &= ~EXTI_InitStruct->EXTI_Line;
  84              		.loc 1 116 0
  85 002e 1568     		ldr	r5, [r2]
  86              		.loc 1 119 0
  87 0030 03F58233 		add	r3, r3, #66560
 116:lib/STM32F10x_StdPeriph_Driver/src/stm32f10x_exti.c ****     EXTI->EMR &= ~EXTI_InitStruct->EXTI_Line;
  88              		.loc 1 116 0
  89 0034 2540     		ands	r5, r5, r4
  90 0036 1560     		str	r5, [r2]
 117:lib/STM32F10x_StdPeriph_Driver/src/stm32f10x_exti.c ****     EXTI->EMR &= ~EXTI_InitStruct->EXTI_Line;
  91              		.loc 1 117 0
  92 0038 5568     		ldr	r5, [r2, #4]
  93 003a 2C40     		ands	r4, r4, r5
  94 003c 5460     		str	r4, [r2, #4]
  95              	.LVL1:
 120:lib/STM32F10x_StdPeriph_Driver/src/stm32f10x_exti.c **** 
 121:lib/STM32F10x_StdPeriph_Driver/src/stm32f10x_exti.c ****     *(__IO uint32_t *) tmp |= EXTI_InitStruct->EXTI_Line;
  96              		.loc 1 121 0
  97 003e 1C68     		ldr	r4, [r3]
  98 0040 2143     		orrs	r1, r1, r4
  99 0042 1960     		str	r1, [r3]
 122:lib/STM32F10x_StdPeriph_Driver/src/stm32f10x_exti.c **** 
 123:lib/STM32F10x_StdPeriph_Driver/src/stm32f10x_exti.c ****     /* Clear Rising Falling edge configuration */
 124:lib/STM32F10x_StdPeriph_Driver/src/stm32f10x_exti.c ****     EXTI->RTSR &= ~EXTI_InitStruct->EXTI_Line;
 100              		.loc 1 124 0
 101 0044 0368     		ldr	r3, [r0]
 102 0046 9468     		ldr	r4, [r2, #8]
 103 0048 D943     		mvns	r1, r3
 104 004a 0C40     		ands	r4, r4, r1
 105 004c 9460     		str	r4, [r2, #8]
 125:lib/STM32F10x_StdPeriph_Driver/src/stm32f10x_exti.c ****     EXTI->FTSR &= ~EXTI_InitStruct->EXTI_Line;
 106              		.loc 1 125 0
 107 004e D468     		ldr	r4, [r2, #12]
 108 0050 2140     		ands	r1, r1, r4
 109 0052 D160     		str	r1, [r2, #12]
 126:lib/STM32F10x_StdPeriph_Driver/src/stm32f10x_exti.c ****     
 127:lib/STM32F10x_StdPeriph_Driver/src/stm32f10x_exti.c ****     /* Select the trigger for the selected external interrupts */
 128:lib/STM32F10x_StdPeriph_Driver/src/stm32f10x_exti.c ****     if (EXTI_InitStruct->EXTI_Trigger == EXTI_Trigger_Rising_Falling)
 110              		.loc 1 128 0
 111 0054 4179     		ldrb	r1, [r0, #5]	@ zero_extendqisi2
 112 0056 1029     		cmp	r1, #16
 113 0058 06D1     		bne	.L6
 129:lib/STM32F10x_StdPeriph_Driver/src/stm32f10x_exti.c ****     {
 130:lib/STM32F10x_StdPeriph_Driver/src/stm32f10x_exti.c ****       /* Rising Falling edge */
 131:lib/STM32F10x_StdPeriph_Driver/src/stm32f10x_exti.c ****       EXTI->RTSR |= EXTI_InitStruct->EXTI_Line;
 114              		.loc 1 131 0
 115 005a 9168     		ldr	r1, [r2, #8]
 116 005c 1943     		orrs	r1, r1, r3
 117 005e 9160     		str	r1, [r2, #8]
 132:lib/STM32F10x_StdPeriph_Driver/src/stm32f10x_exti.c ****       EXTI->FTSR |= EXTI_InitStruct->EXTI_Line;
 118              		.loc 1 132 0
 119 0060 D168     		ldr	r1, [r2, #12]
 120 0062 0B43     		orrs	r3, r3, r1
 121 0064 D360     		str	r3, [r2, #12]
 122 0066 30BD     		pop	{r4, r5, pc}
 123              	.L6:
 124              	.LVL2:
 133:lib/STM32F10x_StdPeriph_Driver/src/stm32f10x_exti.c ****     }
 134:lib/STM32F10x_StdPeriph_Driver/src/stm32f10x_exti.c ****     else
 135:lib/STM32F10x_StdPeriph_Driver/src/stm32f10x_exti.c ****     {
 136:lib/STM32F10x_StdPeriph_Driver/src/stm32f10x_exti.c ****       tmp = (uint32_t)EXTI_BASE;
 137:lib/STM32F10x_StdPeriph_Driver/src/stm32f10x_exti.c ****       tmp += EXTI_InitStruct->EXTI_Trigger;
 125              		.loc 1 137 0
 126 0068 01F18042 		add	r2, r1, #1073741824
 127 006c 02F58232 		add	r2, r2, #66560
 138:lib/STM32F10x_StdPeriph_Driver/src/stm32f10x_exti.c **** 
 139:lib/STM32F10x_StdPeriph_Driver/src/stm32f10x_exti.c ****       *(__IO uint32_t *) tmp |= EXTI_InitStruct->EXTI_Line;
 128              		.loc 1 139 0
 129 0070 1168     		ldr	r1, [r2]
 130              	.LVL3:
 131 0072 0B43     		orrs	r3, r3, r1
 132 0074 1360     		str	r3, [r2]
 133 0076 30BD     		pop	{r4, r5, pc}
 134              	.LVL4:
 135              	.L5:
 140:lib/STM32F10x_StdPeriph_Driver/src/stm32f10x_exti.c ****     }
 141:lib/STM32F10x_StdPeriph_Driver/src/stm32f10x_exti.c ****   }
 142:lib/STM32F10x_StdPeriph_Driver/src/stm32f10x_exti.c ****   else
 143:lib/STM32F10x_StdPeriph_Driver/src/stm32f10x_exti.c ****   {
 144:lib/STM32F10x_StdPeriph_Driver/src/stm32f10x_exti.c ****     tmp += EXTI_InitStruct->EXTI_Mode;
 136              		.loc 1 144 0
 137 0078 03F18043 		add	r3, r3, #1073741824
 138 007c 03F58233 		add	r3, r3, #66560
 145:lib/STM32F10x_StdPeriph_Driver/src/stm32f10x_exti.c **** 
 146:lib/STM32F10x_StdPeriph_Driver/src/stm32f10x_exti.c ****     /* Disable the selected external lines */
 147:lib/STM32F10x_StdPeriph_Driver/src/stm32f10x_exti.c ****     *(__IO uint32_t *) tmp &= ~EXTI_InitStruct->EXTI_Line;
 139              		.loc 1 147 0
 140 0080 1A68     		ldr	r2, [r3]
 141 0082 22EA0101 		bic	r1, r2, r1
 142 0086 1960     		str	r1, [r3]
 143 0088 30BD     		pop	{r4, r5, pc}
 144              	.L9:
 145 008a 00BF     		.align	2
 146              	.L8:
 147 008c 00040140 		.word	1073808384
 148              		.cfi_endproc
 149              	.LFE30:
 151              		.align	1
 152              		.global	EXTI_StructInit
 153              		.syntax unified
 154              		.thumb
 155              		.thumb_func
 156              		.fpu softvfp
 158              	EXTI_StructInit:
 159              	.LFB31:
 148:lib/STM32F10x_StdPeriph_Driver/src/stm32f10x_exti.c ****   }
 149:lib/STM32F10x_StdPeriph_Driver/src/stm32f10x_exti.c **** }
 150:lib/STM32F10x_StdPeriph_Driver/src/stm32f10x_exti.c **** 
 151:lib/STM32F10x_StdPeriph_Driver/src/stm32f10x_exti.c **** /**
 152:lib/STM32F10x_StdPeriph_Driver/src/stm32f10x_exti.c ****   * @brief  Fills each EXTI_InitStruct member with its reset value.
 153:lib/STM32F10x_StdPeriph_Driver/src/stm32f10x_exti.c ****   * @param  EXTI_InitStruct: pointer to a EXTI_InitTypeDef structure which will
 154:lib/STM32F10x_StdPeriph_Driver/src/stm32f10x_exti.c ****   *         be initialized.
 155:lib/STM32F10x_StdPeriph_Driver/src/stm32f10x_exti.c ****   * @retval None
 156:lib/STM32F10x_StdPeriph_Driver/src/stm32f10x_exti.c ****   */
 157:lib/STM32F10x_StdPeriph_Driver/src/stm32f10x_exti.c **** void EXTI_StructInit(EXTI_InitTypeDef* EXTI_InitStruct)
 158:lib/STM32F10x_StdPeriph_Driver/src/stm32f10x_exti.c **** {
 160              		.loc 1 158 0
 161              		.cfi_startproc
 162              		@ args = 0, pretend = 0, frame = 0
 163              		@ frame_needed = 0, uses_anonymous_args = 0
 164              		@ link register save eliminated.
 165              	.LVL5:
 159:lib/STM32F10x_StdPeriph_Driver/src/stm32f10x_exti.c ****   EXTI_InitStruct->EXTI_Line = EXTI_LINENONE;
 166              		.loc 1 159 0
 167 0090 0023     		movs	r3, #0
 160:lib/STM32F10x_StdPeriph_Driver/src/stm32f10x_exti.c ****   EXTI_InitStruct->EXTI_Mode = EXTI_Mode_Interrupt;
 161:lib/STM32F10x_StdPeriph_Driver/src/stm32f10x_exti.c ****   EXTI_InitStruct->EXTI_Trigger = EXTI_Trigger_Falling;
 168              		.loc 1 161 0
 169 0092 0C22     		movs	r2, #12
 159:lib/STM32F10x_StdPeriph_Driver/src/stm32f10x_exti.c ****   EXTI_InitStruct->EXTI_Line = EXTI_LINENONE;
 170              		.loc 1 159 0
 171 0094 0360     		str	r3, [r0]
 160:lib/STM32F10x_StdPeriph_Driver/src/stm32f10x_exti.c ****   EXTI_InitStruct->EXTI_Mode = EXTI_Mode_Interrupt;
 172              		.loc 1 160 0
 173 0096 0371     		strb	r3, [r0, #4]
 174              		.loc 1 161 0
 175 0098 4271     		strb	r2, [r0, #5]
 162:lib/STM32F10x_StdPeriph_Driver/src/stm32f10x_exti.c ****   EXTI_InitStruct->EXTI_LineCmd = DISABLE;
 176              		.loc 1 162 0
 177 009a 8371     		strb	r3, [r0, #6]
 178 009c 7047     		bx	lr
 179              		.cfi_endproc
 180              	.LFE31:
 182              		.align	1
 183              		.global	EXTI_GenerateSWInterrupt
 184              		.syntax unified
 185              		.thumb
 186              		.thumb_func
 187              		.fpu softvfp
 189              	EXTI_GenerateSWInterrupt:
 190              	.LFB32:
 163:lib/STM32F10x_StdPeriph_Driver/src/stm32f10x_exti.c **** }
 164:lib/STM32F10x_StdPeriph_Driver/src/stm32f10x_exti.c **** 
 165:lib/STM32F10x_StdPeriph_Driver/src/stm32f10x_exti.c **** /**
 166:lib/STM32F10x_StdPeriph_Driver/src/stm32f10x_exti.c ****   * @brief  Generates a Software interrupt.
 167:lib/STM32F10x_StdPeriph_Driver/src/stm32f10x_exti.c ****   * @param  EXTI_Line: specifies the EXTI lines to be enabled or disabled.
 168:lib/STM32F10x_StdPeriph_Driver/src/stm32f10x_exti.c ****   *   This parameter can be any combination of EXTI_Linex where x can be (0..19).
 169:lib/STM32F10x_StdPeriph_Driver/src/stm32f10x_exti.c ****   * @retval None
 170:lib/STM32F10x_StdPeriph_Driver/src/stm32f10x_exti.c ****   */
 171:lib/STM32F10x_StdPeriph_Driver/src/stm32f10x_exti.c **** void EXTI_GenerateSWInterrupt(uint32_t EXTI_Line)
 172:lib/STM32F10x_StdPeriph_Driver/src/stm32f10x_exti.c **** {
 191              		.loc 1 172 0
 192              		.cfi_startproc
 193              		@ args = 0, pretend = 0, frame = 0
 194              		@ frame_needed = 0, uses_anonymous_args = 0
 195              		@ link register save eliminated.
 196              	.LVL6:
 173:lib/STM32F10x_StdPeriph_Driver/src/stm32f10x_exti.c ****   /* Check the parameters */
 174:lib/STM32F10x_StdPeriph_Driver/src/stm32f10x_exti.c ****   assert_param(IS_EXTI_LINE(EXTI_Line));
 175:lib/STM32F10x_StdPeriph_Driver/src/stm32f10x_exti.c ****   
 176:lib/STM32F10x_StdPeriph_Driver/src/stm32f10x_exti.c ****   EXTI->SWIER |= EXTI_Line;
 197              		.loc 1 176 0
 198 009e 024A     		ldr	r2, .L12
 199 00a0 1369     		ldr	r3, [r2, #16]
 200 00a2 1843     		orrs	r0, r0, r3
 201              	.LVL7:
 202 00a4 1061     		str	r0, [r2, #16]
 203 00a6 7047     		bx	lr
 204              	.L13:
 205              		.align	2
 206              	.L12:
 207 00a8 00040140 		.word	1073808384
 208              		.cfi_endproc
 209              	.LFE32:
 211              		.align	1
 212              		.global	EXTI_GetFlagStatus
 213              		.syntax unified
 214              		.thumb
 215              		.thumb_func
 216              		.fpu softvfp
 218              	EXTI_GetFlagStatus:
 219              	.LFB33:
 177:lib/STM32F10x_StdPeriph_Driver/src/stm32f10x_exti.c **** }
 178:lib/STM32F10x_StdPeriph_Driver/src/stm32f10x_exti.c **** 
 179:lib/STM32F10x_StdPeriph_Driver/src/stm32f10x_exti.c **** /**
 180:lib/STM32F10x_StdPeriph_Driver/src/stm32f10x_exti.c ****   * @brief  Checks whether the specified EXTI line flag is set or not.
 181:lib/STM32F10x_StdPeriph_Driver/src/stm32f10x_exti.c ****   * @param  EXTI_Line: specifies the EXTI line flag to check.
 182:lib/STM32F10x_StdPeriph_Driver/src/stm32f10x_exti.c ****   *   This parameter can be:
 183:lib/STM32F10x_StdPeriph_Driver/src/stm32f10x_exti.c ****   *     @arg EXTI_Linex: External interrupt line x where x(0..19)
 184:lib/STM32F10x_StdPeriph_Driver/src/stm32f10x_exti.c ****   * @retval The new state of EXTI_Line (SET or RESET).
 185:lib/STM32F10x_StdPeriph_Driver/src/stm32f10x_exti.c ****   */
 186:lib/STM32F10x_StdPeriph_Driver/src/stm32f10x_exti.c **** FlagStatus EXTI_GetFlagStatus(uint32_t EXTI_Line)
 187:lib/STM32F10x_StdPeriph_Driver/src/stm32f10x_exti.c **** {
 220              		.loc 1 187 0
 221              		.cfi_startproc
 222              		@ args = 0, pretend = 0, frame = 0
 223              		@ frame_needed = 0, uses_anonymous_args = 0
 224              		@ link register save eliminated.
 225              	.LVL8:
 188:lib/STM32F10x_StdPeriph_Driver/src/stm32f10x_exti.c ****   FlagStatus bitstatus = RESET;
 189:lib/STM32F10x_StdPeriph_Driver/src/stm32f10x_exti.c ****   /* Check the parameters */
 190:lib/STM32F10x_StdPeriph_Driver/src/stm32f10x_exti.c ****   assert_param(IS_GET_EXTI_LINE(EXTI_Line));
 191:lib/STM32F10x_StdPeriph_Driver/src/stm32f10x_exti.c ****   
 192:lib/STM32F10x_StdPeriph_Driver/src/stm32f10x_exti.c ****   if ((EXTI->PR & EXTI_Line) != (uint32_t)RESET)
 226              		.loc 1 192 0
 227 00ac 034B     		ldr	r3, .L15
 228 00ae 5B69     		ldr	r3, [r3, #20]
 229              	.LVL9:
 230 00b0 0342     		tst	r3, r0
 193:lib/STM32F10x_StdPeriph_Driver/src/stm32f10x_exti.c ****   {
 194:lib/STM32F10x_StdPeriph_Driver/src/stm32f10x_exti.c ****     bitstatus = SET;
 195:lib/STM32F10x_StdPeriph_Driver/src/stm32f10x_exti.c ****   }
 196:lib/STM32F10x_StdPeriph_Driver/src/stm32f10x_exti.c ****   else
 197:lib/STM32F10x_StdPeriph_Driver/src/stm32f10x_exti.c ****   {
 198:lib/STM32F10x_StdPeriph_Driver/src/stm32f10x_exti.c ****     bitstatus = RESET;
 199:lib/STM32F10x_StdPeriph_Driver/src/stm32f10x_exti.c ****   }
 200:lib/STM32F10x_StdPeriph_Driver/src/stm32f10x_exti.c ****   return bitstatus;
 201:lib/STM32F10x_StdPeriph_Driver/src/stm32f10x_exti.c **** }
 231              		.loc 1 201 0
 232 00b2 14BF     		ite	ne
 233 00b4 0120     		movne	r0, #1
 234              	.LVL10:
 235 00b6 0020     		moveq	r0, #0
 236 00b8 7047     		bx	lr
 237              	.L16:
 238 00ba 00BF     		.align	2
 239              	.L15:
 240 00bc 00040140 		.word	1073808384
 241              		.cfi_endproc
 242              	.LFE33:
 244              		.align	1
 245              		.global	EXTI_ClearFlag
 246              		.syntax unified
 247              		.thumb
 248              		.thumb_func
 249              		.fpu softvfp
 251              	EXTI_ClearFlag:
 252              	.LFB38:
 253              		.cfi_startproc
 254              		@ args = 0, pretend = 0, frame = 0
 255              		@ frame_needed = 0, uses_anonymous_args = 0
 256              		@ link register save eliminated.
 257 00c0 014B     		ldr	r3, .L18
 258 00c2 5861     		str	r0, [r3, #20]
 259 00c4 7047     		bx	lr
 260              	.L19:
 261 00c6 00BF     		.align	2
 262              	.L18:
 263 00c8 00040140 		.word	1073808384
 264              		.cfi_endproc
 265              	.LFE38:
 267              		.align	1
 268              		.global	EXTI_GetITStatus
 269              		.syntax unified
 270              		.thumb
 271              		.thumb_func
 272              		.fpu softvfp
 274              	EXTI_GetITStatus:
 275              	.LFB35:
 202:lib/STM32F10x_StdPeriph_Driver/src/stm32f10x_exti.c **** 
 203:lib/STM32F10x_StdPeriph_Driver/src/stm32f10x_exti.c **** /**
 204:lib/STM32F10x_StdPeriph_Driver/src/stm32f10x_exti.c ****   * @brief  Clears the EXTI's line pending flags.
 205:lib/STM32F10x_StdPeriph_Driver/src/stm32f10x_exti.c ****   * @param  EXTI_Line: specifies the EXTI lines flags to clear.
 206:lib/STM32F10x_StdPeriph_Driver/src/stm32f10x_exti.c ****   *   This parameter can be any combination of EXTI_Linex where x can be (0..19).
 207:lib/STM32F10x_StdPeriph_Driver/src/stm32f10x_exti.c ****   * @retval None
 208:lib/STM32F10x_StdPeriph_Driver/src/stm32f10x_exti.c ****   */
 209:lib/STM32F10x_StdPeriph_Driver/src/stm32f10x_exti.c **** void EXTI_ClearFlag(uint32_t EXTI_Line)
 210:lib/STM32F10x_StdPeriph_Driver/src/stm32f10x_exti.c **** {
 211:lib/STM32F10x_StdPeriph_Driver/src/stm32f10x_exti.c ****   /* Check the parameters */
 212:lib/STM32F10x_StdPeriph_Driver/src/stm32f10x_exti.c ****   assert_param(IS_EXTI_LINE(EXTI_Line));
 213:lib/STM32F10x_StdPeriph_Driver/src/stm32f10x_exti.c ****   
 214:lib/STM32F10x_StdPeriph_Driver/src/stm32f10x_exti.c ****   EXTI->PR = EXTI_Line;
 215:lib/STM32F10x_StdPeriph_Driver/src/stm32f10x_exti.c **** }
 216:lib/STM32F10x_StdPeriph_Driver/src/stm32f10x_exti.c **** 
 217:lib/STM32F10x_StdPeriph_Driver/src/stm32f10x_exti.c **** /**
 218:lib/STM32F10x_StdPeriph_Driver/src/stm32f10x_exti.c ****   * @brief  Checks whether the specified EXTI line is asserted or not.
 219:lib/STM32F10x_StdPeriph_Driver/src/stm32f10x_exti.c ****   * @param  EXTI_Line: specifies the EXTI line to check.
 220:lib/STM32F10x_StdPeriph_Driver/src/stm32f10x_exti.c ****   *   This parameter can be:
 221:lib/STM32F10x_StdPeriph_Driver/src/stm32f10x_exti.c ****   *     @arg EXTI_Linex: External interrupt line x where x(0..19)
 222:lib/STM32F10x_StdPeriph_Driver/src/stm32f10x_exti.c ****   * @retval The new state of EXTI_Line (SET or RESET).
 223:lib/STM32F10x_StdPeriph_Driver/src/stm32f10x_exti.c ****   */
 224:lib/STM32F10x_StdPeriph_Driver/src/stm32f10x_exti.c **** ITStatus EXTI_GetITStatus(uint32_t EXTI_Line)
 225:lib/STM32F10x_StdPeriph_Driver/src/stm32f10x_exti.c **** {
 276              		.loc 1 225 0
 277              		.cfi_startproc
 278              		@ args = 0, pretend = 0, frame = 0
 279              		@ frame_needed = 0, uses_anonymous_args = 0
 280              		@ link register save eliminated.
 281              	.LVL11:
 226:lib/STM32F10x_StdPeriph_Driver/src/stm32f10x_exti.c ****   ITStatus bitstatus = RESET;
 227:lib/STM32F10x_StdPeriph_Driver/src/stm32f10x_exti.c ****   uint32_t enablestatus = 0;
 228:lib/STM32F10x_StdPeriph_Driver/src/stm32f10x_exti.c ****   /* Check the parameters */
 229:lib/STM32F10x_StdPeriph_Driver/src/stm32f10x_exti.c ****   assert_param(IS_GET_EXTI_LINE(EXTI_Line));
 230:lib/STM32F10x_StdPeriph_Driver/src/stm32f10x_exti.c ****   
 231:lib/STM32F10x_StdPeriph_Driver/src/stm32f10x_exti.c ****   enablestatus =  EXTI->IMR & EXTI_Line;
 282              		.loc 1 231 0
 283 00cc 054B     		ldr	r3, .L23
 284 00ce 1A68     		ldr	r2, [r3]
 285              	.LVL12:
 232:lib/STM32F10x_StdPeriph_Driver/src/stm32f10x_exti.c ****   if (((EXTI->PR & EXTI_Line) != (uint32_t)RESET) && (enablestatus != (uint32_t)RESET))
 286              		.loc 1 232 0
 287 00d0 5B69     		ldr	r3, [r3, #20]
 288 00d2 0340     		ands	r3, r0, r3
 289 00d4 04D0     		beq	.L22
 290              		.loc 1 232 0 is_stmt 0 discriminator 1
 291 00d6 0242     		tst	r2, r0
 292 00d8 14BF     		ite	ne
 293 00da 0120     		movne	r0, #1
 294              	.LVL13:
 295 00dc 0020     		moveq	r0, #0
 296 00de 7047     		bx	lr
 297              	.LVL14:
 298              	.L22:
 299 00e0 1846     		mov	r0, r3
 300              	.LVL15:
 233:lib/STM32F10x_StdPeriph_Driver/src/stm32f10x_exti.c ****   {
 234:lib/STM32F10x_StdPeriph_Driver/src/stm32f10x_exti.c ****     bitstatus = SET;
 235:lib/STM32F10x_StdPeriph_Driver/src/stm32f10x_exti.c ****   }
 236:lib/STM32F10x_StdPeriph_Driver/src/stm32f10x_exti.c ****   else
 237:lib/STM32F10x_StdPeriph_Driver/src/stm32f10x_exti.c ****   {
 238:lib/STM32F10x_StdPeriph_Driver/src/stm32f10x_exti.c ****     bitstatus = RESET;
 239:lib/STM32F10x_StdPeriph_Driver/src/stm32f10x_exti.c ****   }
 240:lib/STM32F10x_StdPeriph_Driver/src/stm32f10x_exti.c ****   return bitstatus;
 241:lib/STM32F10x_StdPeriph_Driver/src/stm32f10x_exti.c **** }
 301              		.loc 1 241 0 is_stmt 1
 302 00e2 7047     		bx	lr
 303              	.L24:
 304              		.align	2
 305              	.L23:
 306 00e4 00040140 		.word	1073808384
 307              		.cfi_endproc
 308              	.LFE35:
 310              		.align	1
 311              		.global	EXTI_ClearITPendingBit
 312              		.syntax unified
 313              		.thumb
 314              		.thumb_func
 315              		.fpu softvfp
 317              	EXTI_ClearITPendingBit:
 318              	.LFB36:
 242:lib/STM32F10x_StdPeriph_Driver/src/stm32f10x_exti.c **** 
 243:lib/STM32F10x_StdPeriph_Driver/src/stm32f10x_exti.c **** /**
 244:lib/STM32F10x_StdPeriph_Driver/src/stm32f10x_exti.c ****   * @brief  Clears the EXTI's line pending bits.
 245:lib/STM32F10x_StdPeriph_Driver/src/stm32f10x_exti.c ****   * @param  EXTI_Line: specifies the EXTI lines to clear.
 246:lib/STM32F10x_StdPeriph_Driver/src/stm32f10x_exti.c ****   *   This parameter can be any combination of EXTI_Linex where x can be (0..19).
 247:lib/STM32F10x_StdPeriph_Driver/src/stm32f10x_exti.c ****   * @retval None
 248:lib/STM32F10x_StdPeriph_Driver/src/stm32f10x_exti.c ****   */
 249:lib/STM32F10x_StdPeriph_Driver/src/stm32f10x_exti.c **** void EXTI_ClearITPendingBit(uint32_t EXTI_Line)
 250:lib/STM32F10x_StdPeriph_Driver/src/stm32f10x_exti.c **** {
 319              		.loc 1 250 0
 320              		.cfi_startproc
 321              		@ args = 0, pretend = 0, frame = 0
 322              		@ frame_needed = 0, uses_anonymous_args = 0
 323              		@ link register save eliminated.
 324              	.LVL16:
 251:lib/STM32F10x_StdPeriph_Driver/src/stm32f10x_exti.c ****   /* Check the parameters */
 252:lib/STM32F10x_StdPeriph_Driver/src/stm32f10x_exti.c ****   assert_param(IS_EXTI_LINE(EXTI_Line));
 253:lib/STM32F10x_StdPeriph_Driver/src/stm32f10x_exti.c ****   
 254:lib/STM32F10x_StdPeriph_Driver/src/stm32f10x_exti.c ****   EXTI->PR = EXTI_Line;
 325              		.loc 1 254 0
 326 00e8 014B     		ldr	r3, .L26
 327 00ea 5861     		str	r0, [r3, #20]
 328 00ec 7047     		bx	lr
 329              	.L27:
 330 00ee 00BF     		.align	2
 331              	.L26:
 332 00f0 00040140 		.word	1073808384
 333              		.cfi_endproc
 334              	.LFE36:
 336              	.Letext0:
 337              		.file 2 "/opt/gcc-arm/gcc-arm-none-eabi-6_2-2016q4/arm-none-eabi/include/machine/_default_types.h"
 338              		.file 3 "/opt/gcc-arm/gcc-arm-none-eabi-6_2-2016q4/arm-none-eabi/include/sys/_stdint.h"
 339              		.file 4 "./lib/CMSIS/CM3/CoreSupport/core_cm3.h"
 340              		.file 5 "./lib/CMSIS/CM3/DeviceSupport/ST/STM32F10x/system_stm32f10x.h"
 341              		.file 6 "./lib/CMSIS/CM3/DeviceSupport/ST/STM32F10x/stm32f10x.h"
 342              		.file 7 "./lib/STM32F10x_StdPeriph_Driver/inc/stm32f10x_exti.h"
DEFINED SYMBOLS
                            *ABS*:0000000000000000 stm32f10x_exti.c
     /tmp/ccYo5IwE.s:15     .text:0000000000000000 $t
     /tmp/ccYo5IwE.s:22     .text:0000000000000000 EXTI_DeInit
     /tmp/ccYo5IwE.s:47     .text:0000000000000014 $d
     /tmp/ccYo5IwE.s:52     .text:000000000000001c $t
     /tmp/ccYo5IwE.s:59     .text:000000000000001c EXTI_Init
     /tmp/ccYo5IwE.s:147    .text:000000000000008c $d
     /tmp/ccYo5IwE.s:151    .text:0000000000000090 $t
     /tmp/ccYo5IwE.s:158    .text:0000000000000090 EXTI_StructInit
     /tmp/ccYo5IwE.s:189    .text:000000000000009e EXTI_GenerateSWInterrupt
     /tmp/ccYo5IwE.s:207    .text:00000000000000a8 $d
     /tmp/ccYo5IwE.s:211    .text:00000000000000ac $t
     /tmp/ccYo5IwE.s:218    .text:00000000000000ac EXTI_GetFlagStatus
     /tmp/ccYo5IwE.s:240    .text:00000000000000bc $d
     /tmp/ccYo5IwE.s:244    .text:00000000000000c0 $t
     /tmp/ccYo5IwE.s:251    .text:00000000000000c0 EXTI_ClearFlag
     /tmp/ccYo5IwE.s:263    .text:00000000000000c8 $d
     /tmp/ccYo5IwE.s:267    .text:00000000000000cc $t
     /tmp/ccYo5IwE.s:274    .text:00000000000000cc EXTI_GetITStatus
     /tmp/ccYo5IwE.s:306    .text:00000000000000e4 $d
     /tmp/ccYo5IwE.s:310    .text:00000000000000e8 $t
     /tmp/ccYo5IwE.s:317    .text:00000000000000e8 EXTI_ClearITPendingBit
     /tmp/ccYo5IwE.s:332    .text:00000000000000f0 $d
                     .debug_frame:0000000000000010 $d

NO UNDEFINED SYMBOLS
