   1              		.cpu cortex-m3
   2              		.eabi_attribute 20, 1
   3              		.eabi_attribute 21, 1
   4              		.eabi_attribute 23, 3
   5              		.eabi_attribute 24, 1
   6              		.eabi_attribute 25, 1
   7              		.eabi_attribute 26, 1
   8              		.eabi_attribute 30, 4
   9              		.eabi_attribute 34, 1
  10              		.eabi_attribute 18, 4
  11              		.file	"stm32f10x_dbgmcu.c"
  12              		.text
  13              	.Ltext0:
  14              		.cfi_sections	.debug_frame
  15              		.align	1
  16              		.global	DBGMCU_GetREVID
  17              		.syntax unified
  18              		.thumb
  19              		.thumb_func
  20              		.fpu softvfp
  22              	DBGMCU_GetREVID:
  23              	.LFB29:
  24              		.file 1 "lib/STM32F10x_StdPeriph_Driver/src/stm32f10x_dbgmcu.c"
   1:lib/STM32F10x_StdPeriph_Driver/src/stm32f10x_dbgmcu.c **** /**
   2:lib/STM32F10x_StdPeriph_Driver/src/stm32f10x_dbgmcu.c ****   ******************************************************************************
   3:lib/STM32F10x_StdPeriph_Driver/src/stm32f10x_dbgmcu.c ****   * @file    stm32f10x_dbgmcu.c
   4:lib/STM32F10x_StdPeriph_Driver/src/stm32f10x_dbgmcu.c ****   * @author  MCD Application Team
   5:lib/STM32F10x_StdPeriph_Driver/src/stm32f10x_dbgmcu.c ****   * @version V3.5.0
   6:lib/STM32F10x_StdPeriph_Driver/src/stm32f10x_dbgmcu.c ****   * @date    11-March-2011
   7:lib/STM32F10x_StdPeriph_Driver/src/stm32f10x_dbgmcu.c ****   * @brief   This file provides all the DBGMCU firmware functions.
   8:lib/STM32F10x_StdPeriph_Driver/src/stm32f10x_dbgmcu.c ****   ******************************************************************************
   9:lib/STM32F10x_StdPeriph_Driver/src/stm32f10x_dbgmcu.c ****   * @attention
  10:lib/STM32F10x_StdPeriph_Driver/src/stm32f10x_dbgmcu.c ****   *
  11:lib/STM32F10x_StdPeriph_Driver/src/stm32f10x_dbgmcu.c ****   * THE PRESENT FIRMWARE WHICH IS FOR GUIDANCE ONLY AIMS AT PROVIDING CUSTOMERS
  12:lib/STM32F10x_StdPeriph_Driver/src/stm32f10x_dbgmcu.c ****   * WITH CODING INFORMATION REGARDING THEIR PRODUCTS IN ORDER FOR THEM TO SAVE
  13:lib/STM32F10x_StdPeriph_Driver/src/stm32f10x_dbgmcu.c ****   * TIME. AS A RESULT, STMICROELECTRONICS SHALL NOT BE HELD LIABLE FOR ANY
  14:lib/STM32F10x_StdPeriph_Driver/src/stm32f10x_dbgmcu.c ****   * DIRECT, INDIRECT OR CONSEQUENTIAL DAMAGES WITH RESPECT TO ANY CLAIMS ARISING
  15:lib/STM32F10x_StdPeriph_Driver/src/stm32f10x_dbgmcu.c ****   * FROM THE CONTENT OF SUCH FIRMWARE AND/OR THE USE MADE BY CUSTOMERS OF THE
  16:lib/STM32F10x_StdPeriph_Driver/src/stm32f10x_dbgmcu.c ****   * CODING INFORMATION CONTAINED HEREIN IN CONNECTION WITH THEIR PRODUCTS.
  17:lib/STM32F10x_StdPeriph_Driver/src/stm32f10x_dbgmcu.c ****   *
  18:lib/STM32F10x_StdPeriph_Driver/src/stm32f10x_dbgmcu.c ****   * <h2><center>&copy; COPYRIGHT 2011 STMicroelectronics</center></h2>
  19:lib/STM32F10x_StdPeriph_Driver/src/stm32f10x_dbgmcu.c ****   ******************************************************************************
  20:lib/STM32F10x_StdPeriph_Driver/src/stm32f10x_dbgmcu.c ****   */
  21:lib/STM32F10x_StdPeriph_Driver/src/stm32f10x_dbgmcu.c **** 
  22:lib/STM32F10x_StdPeriph_Driver/src/stm32f10x_dbgmcu.c **** /* Includes ------------------------------------------------------------------*/
  23:lib/STM32F10x_StdPeriph_Driver/src/stm32f10x_dbgmcu.c **** #include "stm32f10x_dbgmcu.h"
  24:lib/STM32F10x_StdPeriph_Driver/src/stm32f10x_dbgmcu.c **** 
  25:lib/STM32F10x_StdPeriph_Driver/src/stm32f10x_dbgmcu.c **** /** @addtogroup STM32F10x_StdPeriph_Driver
  26:lib/STM32F10x_StdPeriph_Driver/src/stm32f10x_dbgmcu.c ****   * @{
  27:lib/STM32F10x_StdPeriph_Driver/src/stm32f10x_dbgmcu.c ****   */
  28:lib/STM32F10x_StdPeriph_Driver/src/stm32f10x_dbgmcu.c **** 
  29:lib/STM32F10x_StdPeriph_Driver/src/stm32f10x_dbgmcu.c **** /** @defgroup DBGMCU 
  30:lib/STM32F10x_StdPeriph_Driver/src/stm32f10x_dbgmcu.c ****   * @brief DBGMCU driver modules
  31:lib/STM32F10x_StdPeriph_Driver/src/stm32f10x_dbgmcu.c ****   * @{
  32:lib/STM32F10x_StdPeriph_Driver/src/stm32f10x_dbgmcu.c ****   */ 
  33:lib/STM32F10x_StdPeriph_Driver/src/stm32f10x_dbgmcu.c **** 
  34:lib/STM32F10x_StdPeriph_Driver/src/stm32f10x_dbgmcu.c **** /** @defgroup DBGMCU_Private_TypesDefinitions
  35:lib/STM32F10x_StdPeriph_Driver/src/stm32f10x_dbgmcu.c ****   * @{
  36:lib/STM32F10x_StdPeriph_Driver/src/stm32f10x_dbgmcu.c ****   */
  37:lib/STM32F10x_StdPeriph_Driver/src/stm32f10x_dbgmcu.c **** 
  38:lib/STM32F10x_StdPeriph_Driver/src/stm32f10x_dbgmcu.c **** /**
  39:lib/STM32F10x_StdPeriph_Driver/src/stm32f10x_dbgmcu.c ****   * @}
  40:lib/STM32F10x_StdPeriph_Driver/src/stm32f10x_dbgmcu.c ****   */
  41:lib/STM32F10x_StdPeriph_Driver/src/stm32f10x_dbgmcu.c **** 
  42:lib/STM32F10x_StdPeriph_Driver/src/stm32f10x_dbgmcu.c **** /** @defgroup DBGMCU_Private_Defines
  43:lib/STM32F10x_StdPeriph_Driver/src/stm32f10x_dbgmcu.c ****   * @{
  44:lib/STM32F10x_StdPeriph_Driver/src/stm32f10x_dbgmcu.c ****   */
  45:lib/STM32F10x_StdPeriph_Driver/src/stm32f10x_dbgmcu.c **** 
  46:lib/STM32F10x_StdPeriph_Driver/src/stm32f10x_dbgmcu.c **** #define IDCODE_DEVID_MASK    ((uint32_t)0x00000FFF)
  47:lib/STM32F10x_StdPeriph_Driver/src/stm32f10x_dbgmcu.c **** /**
  48:lib/STM32F10x_StdPeriph_Driver/src/stm32f10x_dbgmcu.c ****   * @}
  49:lib/STM32F10x_StdPeriph_Driver/src/stm32f10x_dbgmcu.c ****   */
  50:lib/STM32F10x_StdPeriph_Driver/src/stm32f10x_dbgmcu.c **** 
  51:lib/STM32F10x_StdPeriph_Driver/src/stm32f10x_dbgmcu.c **** /** @defgroup DBGMCU_Private_Macros
  52:lib/STM32F10x_StdPeriph_Driver/src/stm32f10x_dbgmcu.c ****   * @{
  53:lib/STM32F10x_StdPeriph_Driver/src/stm32f10x_dbgmcu.c ****   */
  54:lib/STM32F10x_StdPeriph_Driver/src/stm32f10x_dbgmcu.c **** 
  55:lib/STM32F10x_StdPeriph_Driver/src/stm32f10x_dbgmcu.c **** /**
  56:lib/STM32F10x_StdPeriph_Driver/src/stm32f10x_dbgmcu.c ****   * @}
  57:lib/STM32F10x_StdPeriph_Driver/src/stm32f10x_dbgmcu.c ****   */
  58:lib/STM32F10x_StdPeriph_Driver/src/stm32f10x_dbgmcu.c **** 
  59:lib/STM32F10x_StdPeriph_Driver/src/stm32f10x_dbgmcu.c **** /** @defgroup DBGMCU_Private_Variables
  60:lib/STM32F10x_StdPeriph_Driver/src/stm32f10x_dbgmcu.c ****   * @{
  61:lib/STM32F10x_StdPeriph_Driver/src/stm32f10x_dbgmcu.c ****   */
  62:lib/STM32F10x_StdPeriph_Driver/src/stm32f10x_dbgmcu.c **** 
  63:lib/STM32F10x_StdPeriph_Driver/src/stm32f10x_dbgmcu.c **** /**
  64:lib/STM32F10x_StdPeriph_Driver/src/stm32f10x_dbgmcu.c ****   * @}
  65:lib/STM32F10x_StdPeriph_Driver/src/stm32f10x_dbgmcu.c ****   */
  66:lib/STM32F10x_StdPeriph_Driver/src/stm32f10x_dbgmcu.c **** 
  67:lib/STM32F10x_StdPeriph_Driver/src/stm32f10x_dbgmcu.c **** /** @defgroup DBGMCU_Private_FunctionPrototypes
  68:lib/STM32F10x_StdPeriph_Driver/src/stm32f10x_dbgmcu.c ****   * @{
  69:lib/STM32F10x_StdPeriph_Driver/src/stm32f10x_dbgmcu.c ****   */
  70:lib/STM32F10x_StdPeriph_Driver/src/stm32f10x_dbgmcu.c **** 
  71:lib/STM32F10x_StdPeriph_Driver/src/stm32f10x_dbgmcu.c **** /**
  72:lib/STM32F10x_StdPeriph_Driver/src/stm32f10x_dbgmcu.c ****   * @}
  73:lib/STM32F10x_StdPeriph_Driver/src/stm32f10x_dbgmcu.c ****   */
  74:lib/STM32F10x_StdPeriph_Driver/src/stm32f10x_dbgmcu.c **** 
  75:lib/STM32F10x_StdPeriph_Driver/src/stm32f10x_dbgmcu.c **** /** @defgroup DBGMCU_Private_Functions
  76:lib/STM32F10x_StdPeriph_Driver/src/stm32f10x_dbgmcu.c ****   * @{
  77:lib/STM32F10x_StdPeriph_Driver/src/stm32f10x_dbgmcu.c ****   */
  78:lib/STM32F10x_StdPeriph_Driver/src/stm32f10x_dbgmcu.c **** 
  79:lib/STM32F10x_StdPeriph_Driver/src/stm32f10x_dbgmcu.c **** /**
  80:lib/STM32F10x_StdPeriph_Driver/src/stm32f10x_dbgmcu.c ****   * @brief  Returns the device revision identifier.
  81:lib/STM32F10x_StdPeriph_Driver/src/stm32f10x_dbgmcu.c ****   * @param  None
  82:lib/STM32F10x_StdPeriph_Driver/src/stm32f10x_dbgmcu.c ****   * @retval Device revision identifier
  83:lib/STM32F10x_StdPeriph_Driver/src/stm32f10x_dbgmcu.c ****   */
  84:lib/STM32F10x_StdPeriph_Driver/src/stm32f10x_dbgmcu.c **** uint32_t DBGMCU_GetREVID(void)
  85:lib/STM32F10x_StdPeriph_Driver/src/stm32f10x_dbgmcu.c **** {
  25              		.loc 1 85 0
  26              		.cfi_startproc
  27              		@ args = 0, pretend = 0, frame = 0
  28              		@ frame_needed = 0, uses_anonymous_args = 0
  29              		@ link register save eliminated.
  86:lib/STM32F10x_StdPeriph_Driver/src/stm32f10x_dbgmcu.c ****    return(DBGMCU->IDCODE >> 16);
  30              		.loc 1 86 0
  31 0000 014B     		ldr	r3, .L2
  32 0002 1868     		ldr	r0, [r3]
  87:lib/STM32F10x_StdPeriph_Driver/src/stm32f10x_dbgmcu.c **** }
  33              		.loc 1 87 0
  34 0004 000C     		lsrs	r0, r0, #16
  35 0006 7047     		bx	lr
  36              	.L3:
  37              		.align	2
  38              	.L2:
  39 0008 002004E0 		.word	-536600576
  40              		.cfi_endproc
  41              	.LFE29:
  43              		.align	1
  44              		.global	DBGMCU_GetDEVID
  45              		.syntax unified
  46              		.thumb
  47              		.thumb_func
  48              		.fpu softvfp
  50              	DBGMCU_GetDEVID:
  51              	.LFB30:
  88:lib/STM32F10x_StdPeriph_Driver/src/stm32f10x_dbgmcu.c **** 
  89:lib/STM32F10x_StdPeriph_Driver/src/stm32f10x_dbgmcu.c **** /**
  90:lib/STM32F10x_StdPeriph_Driver/src/stm32f10x_dbgmcu.c ****   * @brief  Returns the device identifier.
  91:lib/STM32F10x_StdPeriph_Driver/src/stm32f10x_dbgmcu.c ****   * @param  None
  92:lib/STM32F10x_StdPeriph_Driver/src/stm32f10x_dbgmcu.c ****   * @retval Device identifier
  93:lib/STM32F10x_StdPeriph_Driver/src/stm32f10x_dbgmcu.c ****   */
  94:lib/STM32F10x_StdPeriph_Driver/src/stm32f10x_dbgmcu.c **** uint32_t DBGMCU_GetDEVID(void)
  95:lib/STM32F10x_StdPeriph_Driver/src/stm32f10x_dbgmcu.c **** {
  52              		.loc 1 95 0
  53              		.cfi_startproc
  54              		@ args = 0, pretend = 0, frame = 0
  55              		@ frame_needed = 0, uses_anonymous_args = 0
  56              		@ link register save eliminated.
  96:lib/STM32F10x_StdPeriph_Driver/src/stm32f10x_dbgmcu.c ****    return(DBGMCU->IDCODE & IDCODE_DEVID_MASK);
  57              		.loc 1 96 0
  58 000c 024B     		ldr	r3, .L5
  59 000e 1868     		ldr	r0, [r3]
  97:lib/STM32F10x_StdPeriph_Driver/src/stm32f10x_dbgmcu.c **** }
  60              		.loc 1 97 0
  61 0010 C0F30B00 		ubfx	r0, r0, #0, #12
  62 0014 7047     		bx	lr
  63              	.L6:
  64 0016 00BF     		.align	2
  65              	.L5:
  66 0018 002004E0 		.word	-536600576
  67              		.cfi_endproc
  68              	.LFE30:
  70              		.align	1
  71              		.global	DBGMCU_Config
  72              		.syntax unified
  73              		.thumb
  74              		.thumb_func
  75              		.fpu softvfp
  77              	DBGMCU_Config:
  78              	.LFB31:
  98:lib/STM32F10x_StdPeriph_Driver/src/stm32f10x_dbgmcu.c **** 
  99:lib/STM32F10x_StdPeriph_Driver/src/stm32f10x_dbgmcu.c **** /**
 100:lib/STM32F10x_StdPeriph_Driver/src/stm32f10x_dbgmcu.c ****   * @brief  Configures the specified peripheral and low power mode behavior
 101:lib/STM32F10x_StdPeriph_Driver/src/stm32f10x_dbgmcu.c ****   *   when the MCU under Debug mode.
 102:lib/STM32F10x_StdPeriph_Driver/src/stm32f10x_dbgmcu.c ****   * @param  DBGMCU_Periph: specifies the peripheral and low power mode.
 103:lib/STM32F10x_StdPeriph_Driver/src/stm32f10x_dbgmcu.c ****   *   This parameter can be any combination of the following values:
 104:lib/STM32F10x_StdPeriph_Driver/src/stm32f10x_dbgmcu.c ****   *     @arg DBGMCU_SLEEP: Keep debugger connection during SLEEP mode              
 105:lib/STM32F10x_StdPeriph_Driver/src/stm32f10x_dbgmcu.c ****   *     @arg DBGMCU_STOP: Keep debugger connection during STOP mode               
 106:lib/STM32F10x_StdPeriph_Driver/src/stm32f10x_dbgmcu.c ****   *     @arg DBGMCU_STANDBY: Keep debugger connection during STANDBY mode            
 107:lib/STM32F10x_StdPeriph_Driver/src/stm32f10x_dbgmcu.c ****   *     @arg DBGMCU_IWDG_STOP: Debug IWDG stopped when Core is halted          
 108:lib/STM32F10x_StdPeriph_Driver/src/stm32f10x_dbgmcu.c ****   *     @arg DBGMCU_WWDG_STOP: Debug WWDG stopped when Core is halted          
 109:lib/STM32F10x_StdPeriph_Driver/src/stm32f10x_dbgmcu.c ****   *     @arg DBGMCU_TIM1_STOP: TIM1 counter stopped when Core is halted          
 110:lib/STM32F10x_StdPeriph_Driver/src/stm32f10x_dbgmcu.c ****   *     @arg DBGMCU_TIM2_STOP: TIM2 counter stopped when Core is halted          
 111:lib/STM32F10x_StdPeriph_Driver/src/stm32f10x_dbgmcu.c ****   *     @arg DBGMCU_TIM3_STOP: TIM3 counter stopped when Core is halted          
 112:lib/STM32F10x_StdPeriph_Driver/src/stm32f10x_dbgmcu.c ****   *     @arg DBGMCU_TIM4_STOP: TIM4 counter stopped when Core is halted          
 113:lib/STM32F10x_StdPeriph_Driver/src/stm32f10x_dbgmcu.c ****   *     @arg DBGMCU_CAN1_STOP: Debug CAN2 stopped when Core is halted           
 114:lib/STM32F10x_StdPeriph_Driver/src/stm32f10x_dbgmcu.c ****   *     @arg DBGMCU_I2C1_SMBUS_TIMEOUT: I2C1 SMBUS timeout mode stopped when Core is halted
 115:lib/STM32F10x_StdPeriph_Driver/src/stm32f10x_dbgmcu.c ****   *     @arg DBGMCU_I2C2_SMBUS_TIMEOUT: I2C2 SMBUS timeout mode stopped when Core is halted
 116:lib/STM32F10x_StdPeriph_Driver/src/stm32f10x_dbgmcu.c ****   *     @arg DBGMCU_TIM5_STOP: TIM5 counter stopped when Core is halted          
 117:lib/STM32F10x_StdPeriph_Driver/src/stm32f10x_dbgmcu.c ****   *     @arg DBGMCU_TIM6_STOP: TIM6 counter stopped when Core is halted          
 118:lib/STM32F10x_StdPeriph_Driver/src/stm32f10x_dbgmcu.c ****   *     @arg DBGMCU_TIM7_STOP: TIM7 counter stopped when Core is halted          
 119:lib/STM32F10x_StdPeriph_Driver/src/stm32f10x_dbgmcu.c ****   *     @arg DBGMCU_TIM8_STOP: TIM8 counter stopped when Core is halted
 120:lib/STM32F10x_StdPeriph_Driver/src/stm32f10x_dbgmcu.c ****   *     @arg DBGMCU_CAN2_STOP: Debug CAN2 stopped when Core is halted 
 121:lib/STM32F10x_StdPeriph_Driver/src/stm32f10x_dbgmcu.c ****   *     @arg DBGMCU_TIM15_STOP: TIM15 counter stopped when Core is halted
 122:lib/STM32F10x_StdPeriph_Driver/src/stm32f10x_dbgmcu.c ****   *     @arg DBGMCU_TIM16_STOP: TIM16 counter stopped when Core is halted
 123:lib/STM32F10x_StdPeriph_Driver/src/stm32f10x_dbgmcu.c ****   *     @arg DBGMCU_TIM17_STOP: TIM17 counter stopped when Core is halted                
 124:lib/STM32F10x_StdPeriph_Driver/src/stm32f10x_dbgmcu.c ****   *     @arg DBGMCU_TIM9_STOP: TIM9 counter stopped when Core is halted
 125:lib/STM32F10x_StdPeriph_Driver/src/stm32f10x_dbgmcu.c ****   *     @arg DBGMCU_TIM10_STOP: TIM10 counter stopped when Core is halted
 126:lib/STM32F10x_StdPeriph_Driver/src/stm32f10x_dbgmcu.c ****   *     @arg DBGMCU_TIM11_STOP: TIM11 counter stopped when Core is halted
 127:lib/STM32F10x_StdPeriph_Driver/src/stm32f10x_dbgmcu.c ****   *     @arg DBGMCU_TIM12_STOP: TIM12 counter stopped when Core is halted
 128:lib/STM32F10x_StdPeriph_Driver/src/stm32f10x_dbgmcu.c ****   *     @arg DBGMCU_TIM13_STOP: TIM13 counter stopped when Core is halted
 129:lib/STM32F10x_StdPeriph_Driver/src/stm32f10x_dbgmcu.c ****   *     @arg DBGMCU_TIM14_STOP: TIM14 counter stopped when Core is halted
 130:lib/STM32F10x_StdPeriph_Driver/src/stm32f10x_dbgmcu.c ****   * @param  NewState: new state of the specified peripheral in Debug mode.
 131:lib/STM32F10x_StdPeriph_Driver/src/stm32f10x_dbgmcu.c ****   *   This parameter can be: ENABLE or DISABLE.
 132:lib/STM32F10x_StdPeriph_Driver/src/stm32f10x_dbgmcu.c ****   * @retval None
 133:lib/STM32F10x_StdPeriph_Driver/src/stm32f10x_dbgmcu.c ****   */
 134:lib/STM32F10x_StdPeriph_Driver/src/stm32f10x_dbgmcu.c **** void DBGMCU_Config(uint32_t DBGMCU_Periph, FunctionalState NewState)
 135:lib/STM32F10x_StdPeriph_Driver/src/stm32f10x_dbgmcu.c **** {
  79              		.loc 1 135 0
  80              		.cfi_startproc
  81              		@ args = 0, pretend = 0, frame = 0
  82              		@ frame_needed = 0, uses_anonymous_args = 0
  83              		@ link register save eliminated.
  84              	.LVL0:
  85 001c 044B     		ldr	r3, .L11
 136:lib/STM32F10x_StdPeriph_Driver/src/stm32f10x_dbgmcu.c ****   /* Check the parameters */
 137:lib/STM32F10x_StdPeriph_Driver/src/stm32f10x_dbgmcu.c ****   assert_param(IS_DBGMCU_PERIPH(DBGMCU_Periph));
 138:lib/STM32F10x_StdPeriph_Driver/src/stm32f10x_dbgmcu.c ****   assert_param(IS_FUNCTIONAL_STATE(NewState));
 139:lib/STM32F10x_StdPeriph_Driver/src/stm32f10x_dbgmcu.c **** 
 140:lib/STM32F10x_StdPeriph_Driver/src/stm32f10x_dbgmcu.c ****   if (NewState != DISABLE)
 141:lib/STM32F10x_StdPeriph_Driver/src/stm32f10x_dbgmcu.c ****   {
 142:lib/STM32F10x_StdPeriph_Driver/src/stm32f10x_dbgmcu.c ****     DBGMCU->CR |= DBGMCU_Periph;
  86              		.loc 1 142 0
  87 001e 5A68     		ldr	r2, [r3, #4]
 140:lib/STM32F10x_StdPeriph_Driver/src/stm32f10x_dbgmcu.c ****   {
  88              		.loc 1 140 0
  89 0020 11B1     		cbz	r1, .L8
  90              		.loc 1 142 0
  91 0022 1043     		orrs	r0, r0, r2
  92              	.LVL1:
  93              	.L10:
 143:lib/STM32F10x_StdPeriph_Driver/src/stm32f10x_dbgmcu.c ****   }
 144:lib/STM32F10x_StdPeriph_Driver/src/stm32f10x_dbgmcu.c ****   else
 145:lib/STM32F10x_StdPeriph_Driver/src/stm32f10x_dbgmcu.c ****   {
 146:lib/STM32F10x_StdPeriph_Driver/src/stm32f10x_dbgmcu.c ****     DBGMCU->CR &= ~DBGMCU_Periph;
  94              		.loc 1 146 0
  95 0024 5860     		str	r0, [r3, #4]
  96 0026 7047     		bx	lr
  97              	.LVL2:
  98              	.L8:
  99 0028 22EA0000 		bic	r0, r2, r0
 100              	.LVL3:
 101 002c FAE7     		b	.L10
 102              	.L12:
 103 002e 00BF     		.align	2
 104              	.L11:
 105 0030 002004E0 		.word	-536600576
 106              		.cfi_endproc
 107              	.LFE31:
 109              	.Letext0:
 110              		.file 2 "/opt/gcc-arm/gcc-arm-none-eabi-6_2-2016q4/arm-none-eabi/include/machine/_default_types.h"
 111              		.file 3 "/opt/gcc-arm/gcc-arm-none-eabi-6_2-2016q4/arm-none-eabi/include/sys/_stdint.h"
 112              		.file 4 "./lib/CMSIS/CM3/CoreSupport/core_cm3.h"
 113              		.file 5 "./lib/CMSIS/CM3/DeviceSupport/ST/STM32F10x/system_stm32f10x.h"
 114              		.file 6 "./lib/CMSIS/CM3/DeviceSupport/ST/STM32F10x/stm32f10x.h"
DEFINED SYMBOLS
                            *ABS*:0000000000000000 stm32f10x_dbgmcu.c
     /tmp/ccvIxlSg.s:15     .text:0000000000000000 $t
     /tmp/ccvIxlSg.s:22     .text:0000000000000000 DBGMCU_GetREVID
     /tmp/ccvIxlSg.s:39     .text:0000000000000008 $d
     /tmp/ccvIxlSg.s:43     .text:000000000000000c $t
     /tmp/ccvIxlSg.s:50     .text:000000000000000c DBGMCU_GetDEVID
     /tmp/ccvIxlSg.s:66     .text:0000000000000018 $d
     /tmp/ccvIxlSg.s:70     .text:000000000000001c $t
     /tmp/ccvIxlSg.s:77     .text:000000000000001c DBGMCU_Config
     /tmp/ccvIxlSg.s:105    .text:0000000000000030 $d
                     .debug_frame:0000000000000010 $d

NO UNDEFINED SYMBOLS
