   1              		.cpu cortex-m3
   2              		.eabi_attribute 20, 1
   3              		.eabi_attribute 21, 1
   4              		.eabi_attribute 23, 3
   5              		.eabi_attribute 24, 1
   6              		.eabi_attribute 25, 1
   7              		.eabi_attribute 26, 1
   8              		.eabi_attribute 30, 4
   9              		.eabi_attribute 34, 1
  10              		.eabi_attribute 18, 4
  11              		.file	"stm32f10x_bkp.c"
  12              		.text
  13              	.Ltext0:
  14              		.cfi_sections	.debug_frame
  15              		.align	1
  16              		.global	BKP_DeInit
  17              		.syntax unified
  18              		.thumb
  19              		.thumb_func
  20              		.fpu softvfp
  22              	BKP_DeInit:
  23              	.LFB29:
  24              		.file 1 "lib/STM32F10x_StdPeriph_Driver/src/stm32f10x_bkp.c"
   1:lib/STM32F10x_StdPeriph_Driver/src/stm32f10x_bkp.c **** /**
   2:lib/STM32F10x_StdPeriph_Driver/src/stm32f10x_bkp.c ****   ******************************************************************************
   3:lib/STM32F10x_StdPeriph_Driver/src/stm32f10x_bkp.c ****   * @file    stm32f10x_bkp.c
   4:lib/STM32F10x_StdPeriph_Driver/src/stm32f10x_bkp.c ****   * @author  MCD Application Team
   5:lib/STM32F10x_StdPeriph_Driver/src/stm32f10x_bkp.c ****   * @version V3.5.0
   6:lib/STM32F10x_StdPeriph_Driver/src/stm32f10x_bkp.c ****   * @date    11-March-2011
   7:lib/STM32F10x_StdPeriph_Driver/src/stm32f10x_bkp.c ****   * @brief   This file provides all the BKP firmware functions.
   8:lib/STM32F10x_StdPeriph_Driver/src/stm32f10x_bkp.c ****   ******************************************************************************
   9:lib/STM32F10x_StdPeriph_Driver/src/stm32f10x_bkp.c ****   * @attention
  10:lib/STM32F10x_StdPeriph_Driver/src/stm32f10x_bkp.c ****   *
  11:lib/STM32F10x_StdPeriph_Driver/src/stm32f10x_bkp.c ****   * THE PRESENT FIRMWARE WHICH IS FOR GUIDANCE ONLY AIMS AT PROVIDING CUSTOMERS
  12:lib/STM32F10x_StdPeriph_Driver/src/stm32f10x_bkp.c ****   * WITH CODING INFORMATION REGARDING THEIR PRODUCTS IN ORDER FOR THEM TO SAVE
  13:lib/STM32F10x_StdPeriph_Driver/src/stm32f10x_bkp.c ****   * TIME. AS A RESULT, STMICROELECTRONICS SHALL NOT BE HELD LIABLE FOR ANY
  14:lib/STM32F10x_StdPeriph_Driver/src/stm32f10x_bkp.c ****   * DIRECT, INDIRECT OR CONSEQUENTIAL DAMAGES WITH RESPECT TO ANY CLAIMS ARISING
  15:lib/STM32F10x_StdPeriph_Driver/src/stm32f10x_bkp.c ****   * FROM THE CONTENT OF SUCH FIRMWARE AND/OR THE USE MADE BY CUSTOMERS OF THE
  16:lib/STM32F10x_StdPeriph_Driver/src/stm32f10x_bkp.c ****   * CODING INFORMATION CONTAINED HEREIN IN CONNECTION WITH THEIR PRODUCTS.
  17:lib/STM32F10x_StdPeriph_Driver/src/stm32f10x_bkp.c ****   *
  18:lib/STM32F10x_StdPeriph_Driver/src/stm32f10x_bkp.c ****   * <h2><center>&copy; COPYRIGHT 2011 STMicroelectronics</center></h2>
  19:lib/STM32F10x_StdPeriph_Driver/src/stm32f10x_bkp.c ****   ******************************************************************************
  20:lib/STM32F10x_StdPeriph_Driver/src/stm32f10x_bkp.c ****   */
  21:lib/STM32F10x_StdPeriph_Driver/src/stm32f10x_bkp.c **** 
  22:lib/STM32F10x_StdPeriph_Driver/src/stm32f10x_bkp.c **** /* Includes ------------------------------------------------------------------*/
  23:lib/STM32F10x_StdPeriph_Driver/src/stm32f10x_bkp.c **** #include "stm32f10x_bkp.h"
  24:lib/STM32F10x_StdPeriph_Driver/src/stm32f10x_bkp.c **** #include "stm32f10x_rcc.h"
  25:lib/STM32F10x_StdPeriph_Driver/src/stm32f10x_bkp.c **** 
  26:lib/STM32F10x_StdPeriph_Driver/src/stm32f10x_bkp.c **** /** @addtogroup STM32F10x_StdPeriph_Driver
  27:lib/STM32F10x_StdPeriph_Driver/src/stm32f10x_bkp.c ****   * @{
  28:lib/STM32F10x_StdPeriph_Driver/src/stm32f10x_bkp.c ****   */
  29:lib/STM32F10x_StdPeriph_Driver/src/stm32f10x_bkp.c **** 
  30:lib/STM32F10x_StdPeriph_Driver/src/stm32f10x_bkp.c **** /** @defgroup BKP 
  31:lib/STM32F10x_StdPeriph_Driver/src/stm32f10x_bkp.c ****   * @brief BKP driver modules
  32:lib/STM32F10x_StdPeriph_Driver/src/stm32f10x_bkp.c ****   * @{
  33:lib/STM32F10x_StdPeriph_Driver/src/stm32f10x_bkp.c ****   */
  34:lib/STM32F10x_StdPeriph_Driver/src/stm32f10x_bkp.c **** 
  35:lib/STM32F10x_StdPeriph_Driver/src/stm32f10x_bkp.c **** /** @defgroup BKP_Private_TypesDefinitions
  36:lib/STM32F10x_StdPeriph_Driver/src/stm32f10x_bkp.c ****   * @{
  37:lib/STM32F10x_StdPeriph_Driver/src/stm32f10x_bkp.c ****   */
  38:lib/STM32F10x_StdPeriph_Driver/src/stm32f10x_bkp.c **** 
  39:lib/STM32F10x_StdPeriph_Driver/src/stm32f10x_bkp.c **** /**
  40:lib/STM32F10x_StdPeriph_Driver/src/stm32f10x_bkp.c ****   * @}
  41:lib/STM32F10x_StdPeriph_Driver/src/stm32f10x_bkp.c ****   */
  42:lib/STM32F10x_StdPeriph_Driver/src/stm32f10x_bkp.c **** 
  43:lib/STM32F10x_StdPeriph_Driver/src/stm32f10x_bkp.c **** /** @defgroup BKP_Private_Defines
  44:lib/STM32F10x_StdPeriph_Driver/src/stm32f10x_bkp.c ****   * @{
  45:lib/STM32F10x_StdPeriph_Driver/src/stm32f10x_bkp.c ****   */
  46:lib/STM32F10x_StdPeriph_Driver/src/stm32f10x_bkp.c **** 
  47:lib/STM32F10x_StdPeriph_Driver/src/stm32f10x_bkp.c **** /* ------------ BKP registers bit address in the alias region --------------- */
  48:lib/STM32F10x_StdPeriph_Driver/src/stm32f10x_bkp.c **** #define BKP_OFFSET        (BKP_BASE - PERIPH_BASE)
  49:lib/STM32F10x_StdPeriph_Driver/src/stm32f10x_bkp.c **** 
  50:lib/STM32F10x_StdPeriph_Driver/src/stm32f10x_bkp.c **** /* --- CR Register ----*/
  51:lib/STM32F10x_StdPeriph_Driver/src/stm32f10x_bkp.c **** 
  52:lib/STM32F10x_StdPeriph_Driver/src/stm32f10x_bkp.c **** /* Alias word address of TPAL bit */
  53:lib/STM32F10x_StdPeriph_Driver/src/stm32f10x_bkp.c **** #define CR_OFFSET         (BKP_OFFSET + 0x30)
  54:lib/STM32F10x_StdPeriph_Driver/src/stm32f10x_bkp.c **** #define TPAL_BitNumber    0x01
  55:lib/STM32F10x_StdPeriph_Driver/src/stm32f10x_bkp.c **** #define CR_TPAL_BB        (PERIPH_BB_BASE + (CR_OFFSET * 32) + (TPAL_BitNumber * 4))
  56:lib/STM32F10x_StdPeriph_Driver/src/stm32f10x_bkp.c **** 
  57:lib/STM32F10x_StdPeriph_Driver/src/stm32f10x_bkp.c **** /* Alias word address of TPE bit */
  58:lib/STM32F10x_StdPeriph_Driver/src/stm32f10x_bkp.c **** #define TPE_BitNumber     0x00
  59:lib/STM32F10x_StdPeriph_Driver/src/stm32f10x_bkp.c **** #define CR_TPE_BB         (PERIPH_BB_BASE + (CR_OFFSET * 32) + (TPE_BitNumber * 4))
  60:lib/STM32F10x_StdPeriph_Driver/src/stm32f10x_bkp.c **** 
  61:lib/STM32F10x_StdPeriph_Driver/src/stm32f10x_bkp.c **** /* --- CSR Register ---*/
  62:lib/STM32F10x_StdPeriph_Driver/src/stm32f10x_bkp.c **** 
  63:lib/STM32F10x_StdPeriph_Driver/src/stm32f10x_bkp.c **** /* Alias word address of TPIE bit */
  64:lib/STM32F10x_StdPeriph_Driver/src/stm32f10x_bkp.c **** #define CSR_OFFSET        (BKP_OFFSET + 0x34)
  65:lib/STM32F10x_StdPeriph_Driver/src/stm32f10x_bkp.c **** #define TPIE_BitNumber    0x02
  66:lib/STM32F10x_StdPeriph_Driver/src/stm32f10x_bkp.c **** #define CSR_TPIE_BB       (PERIPH_BB_BASE + (CSR_OFFSET * 32) + (TPIE_BitNumber * 4))
  67:lib/STM32F10x_StdPeriph_Driver/src/stm32f10x_bkp.c **** 
  68:lib/STM32F10x_StdPeriph_Driver/src/stm32f10x_bkp.c **** /* Alias word address of TIF bit */
  69:lib/STM32F10x_StdPeriph_Driver/src/stm32f10x_bkp.c **** #define TIF_BitNumber     0x09
  70:lib/STM32F10x_StdPeriph_Driver/src/stm32f10x_bkp.c **** #define CSR_TIF_BB        (PERIPH_BB_BASE + (CSR_OFFSET * 32) + (TIF_BitNumber * 4))
  71:lib/STM32F10x_StdPeriph_Driver/src/stm32f10x_bkp.c **** 
  72:lib/STM32F10x_StdPeriph_Driver/src/stm32f10x_bkp.c **** /* Alias word address of TEF bit */
  73:lib/STM32F10x_StdPeriph_Driver/src/stm32f10x_bkp.c **** #define TEF_BitNumber     0x08
  74:lib/STM32F10x_StdPeriph_Driver/src/stm32f10x_bkp.c **** #define CSR_TEF_BB        (PERIPH_BB_BASE + (CSR_OFFSET * 32) + (TEF_BitNumber * 4))
  75:lib/STM32F10x_StdPeriph_Driver/src/stm32f10x_bkp.c **** 
  76:lib/STM32F10x_StdPeriph_Driver/src/stm32f10x_bkp.c **** /* ---------------------- BKP registers bit mask ------------------------ */
  77:lib/STM32F10x_StdPeriph_Driver/src/stm32f10x_bkp.c **** 
  78:lib/STM32F10x_StdPeriph_Driver/src/stm32f10x_bkp.c **** /* RTCCR register bit mask */
  79:lib/STM32F10x_StdPeriph_Driver/src/stm32f10x_bkp.c **** #define RTCCR_CAL_MASK    ((uint16_t)0xFF80)
  80:lib/STM32F10x_StdPeriph_Driver/src/stm32f10x_bkp.c **** #define RTCCR_MASK        ((uint16_t)0xFC7F)
  81:lib/STM32F10x_StdPeriph_Driver/src/stm32f10x_bkp.c **** 
  82:lib/STM32F10x_StdPeriph_Driver/src/stm32f10x_bkp.c **** /**
  83:lib/STM32F10x_StdPeriph_Driver/src/stm32f10x_bkp.c ****   * @}
  84:lib/STM32F10x_StdPeriph_Driver/src/stm32f10x_bkp.c ****   */ 
  85:lib/STM32F10x_StdPeriph_Driver/src/stm32f10x_bkp.c **** 
  86:lib/STM32F10x_StdPeriph_Driver/src/stm32f10x_bkp.c **** 
  87:lib/STM32F10x_StdPeriph_Driver/src/stm32f10x_bkp.c **** /** @defgroup BKP_Private_Macros
  88:lib/STM32F10x_StdPeriph_Driver/src/stm32f10x_bkp.c ****   * @{
  89:lib/STM32F10x_StdPeriph_Driver/src/stm32f10x_bkp.c ****   */
  90:lib/STM32F10x_StdPeriph_Driver/src/stm32f10x_bkp.c **** 
  91:lib/STM32F10x_StdPeriph_Driver/src/stm32f10x_bkp.c **** /**
  92:lib/STM32F10x_StdPeriph_Driver/src/stm32f10x_bkp.c ****   * @}
  93:lib/STM32F10x_StdPeriph_Driver/src/stm32f10x_bkp.c ****   */
  94:lib/STM32F10x_StdPeriph_Driver/src/stm32f10x_bkp.c **** 
  95:lib/STM32F10x_StdPeriph_Driver/src/stm32f10x_bkp.c **** /** @defgroup BKP_Private_Variables
  96:lib/STM32F10x_StdPeriph_Driver/src/stm32f10x_bkp.c ****   * @{
  97:lib/STM32F10x_StdPeriph_Driver/src/stm32f10x_bkp.c ****   */
  98:lib/STM32F10x_StdPeriph_Driver/src/stm32f10x_bkp.c **** 
  99:lib/STM32F10x_StdPeriph_Driver/src/stm32f10x_bkp.c **** /**
 100:lib/STM32F10x_StdPeriph_Driver/src/stm32f10x_bkp.c ****   * @}
 101:lib/STM32F10x_StdPeriph_Driver/src/stm32f10x_bkp.c ****   */
 102:lib/STM32F10x_StdPeriph_Driver/src/stm32f10x_bkp.c **** 
 103:lib/STM32F10x_StdPeriph_Driver/src/stm32f10x_bkp.c **** /** @defgroup BKP_Private_FunctionPrototypes
 104:lib/STM32F10x_StdPeriph_Driver/src/stm32f10x_bkp.c ****   * @{
 105:lib/STM32F10x_StdPeriph_Driver/src/stm32f10x_bkp.c ****   */
 106:lib/STM32F10x_StdPeriph_Driver/src/stm32f10x_bkp.c **** 
 107:lib/STM32F10x_StdPeriph_Driver/src/stm32f10x_bkp.c **** /**
 108:lib/STM32F10x_StdPeriph_Driver/src/stm32f10x_bkp.c ****   * @}
 109:lib/STM32F10x_StdPeriph_Driver/src/stm32f10x_bkp.c ****   */
 110:lib/STM32F10x_StdPeriph_Driver/src/stm32f10x_bkp.c **** 
 111:lib/STM32F10x_StdPeriph_Driver/src/stm32f10x_bkp.c **** /** @defgroup BKP_Private_Functions
 112:lib/STM32F10x_StdPeriph_Driver/src/stm32f10x_bkp.c ****   * @{
 113:lib/STM32F10x_StdPeriph_Driver/src/stm32f10x_bkp.c ****   */
 114:lib/STM32F10x_StdPeriph_Driver/src/stm32f10x_bkp.c **** 
 115:lib/STM32F10x_StdPeriph_Driver/src/stm32f10x_bkp.c **** /**
 116:lib/STM32F10x_StdPeriph_Driver/src/stm32f10x_bkp.c ****   * @brief  Deinitializes the BKP peripheral registers to their default reset values.
 117:lib/STM32F10x_StdPeriph_Driver/src/stm32f10x_bkp.c ****   * @param  None
 118:lib/STM32F10x_StdPeriph_Driver/src/stm32f10x_bkp.c ****   * @retval None
 119:lib/STM32F10x_StdPeriph_Driver/src/stm32f10x_bkp.c ****   */
 120:lib/STM32F10x_StdPeriph_Driver/src/stm32f10x_bkp.c **** void BKP_DeInit(void)
 121:lib/STM32F10x_StdPeriph_Driver/src/stm32f10x_bkp.c **** {
  25              		.loc 1 121 0
  26              		.cfi_startproc
  27              		@ args = 0, pretend = 0, frame = 0
  28              		@ frame_needed = 0, uses_anonymous_args = 0
  29 0000 08B5     		push	{r3, lr}
  30              	.LCFI0:
  31              		.cfi_def_cfa_offset 8
  32              		.cfi_offset 3, -8
  33              		.cfi_offset 14, -4
 122:lib/STM32F10x_StdPeriph_Driver/src/stm32f10x_bkp.c ****   RCC_BackupResetCmd(ENABLE);
  34              		.loc 1 122 0
  35 0002 0120     		movs	r0, #1
  36 0004 FFF7FEFF 		bl	RCC_BackupResetCmd
  37              	.LVL0:
 123:lib/STM32F10x_StdPeriph_Driver/src/stm32f10x_bkp.c ****   RCC_BackupResetCmd(DISABLE);
 124:lib/STM32F10x_StdPeriph_Driver/src/stm32f10x_bkp.c **** }
  38              		.loc 1 124 0
  39 0008 BDE80840 		pop	{r3, lr}
  40              	.LCFI1:
  41              		.cfi_restore 14
  42              		.cfi_restore 3
  43              		.cfi_def_cfa_offset 0
 123:lib/STM32F10x_StdPeriph_Driver/src/stm32f10x_bkp.c ****   RCC_BackupResetCmd(DISABLE);
  44              		.loc 1 123 0
  45 000c 0020     		movs	r0, #0
  46 000e FFF7FEBF 		b	RCC_BackupResetCmd
  47              	.LVL1:
  48              		.cfi_endproc
  49              	.LFE29:
  51              		.align	1
  52              		.global	BKP_TamperPinLevelConfig
  53              		.syntax unified
  54              		.thumb
  55              		.thumb_func
  56              		.fpu softvfp
  58              	BKP_TamperPinLevelConfig:
  59              	.LFB30:
 125:lib/STM32F10x_StdPeriph_Driver/src/stm32f10x_bkp.c **** 
 126:lib/STM32F10x_StdPeriph_Driver/src/stm32f10x_bkp.c **** /**
 127:lib/STM32F10x_StdPeriph_Driver/src/stm32f10x_bkp.c ****   * @brief  Configures the Tamper Pin active level.
 128:lib/STM32F10x_StdPeriph_Driver/src/stm32f10x_bkp.c ****   * @param  BKP_TamperPinLevel: specifies the Tamper Pin active level.
 129:lib/STM32F10x_StdPeriph_Driver/src/stm32f10x_bkp.c ****   *   This parameter can be one of the following values:
 130:lib/STM32F10x_StdPeriph_Driver/src/stm32f10x_bkp.c ****   *     @arg BKP_TamperPinLevel_High: Tamper pin active on high level
 131:lib/STM32F10x_StdPeriph_Driver/src/stm32f10x_bkp.c ****   *     @arg BKP_TamperPinLevel_Low: Tamper pin active on low level
 132:lib/STM32F10x_StdPeriph_Driver/src/stm32f10x_bkp.c ****   * @retval None
 133:lib/STM32F10x_StdPeriph_Driver/src/stm32f10x_bkp.c ****   */
 134:lib/STM32F10x_StdPeriph_Driver/src/stm32f10x_bkp.c **** void BKP_TamperPinLevelConfig(uint16_t BKP_TamperPinLevel)
 135:lib/STM32F10x_StdPeriph_Driver/src/stm32f10x_bkp.c **** {
  60              		.loc 1 135 0
  61              		.cfi_startproc
  62              		@ args = 0, pretend = 0, frame = 0
  63              		@ frame_needed = 0, uses_anonymous_args = 0
  64              		@ link register save eliminated.
  65              	.LVL2:
 136:lib/STM32F10x_StdPeriph_Driver/src/stm32f10x_bkp.c ****   /* Check the parameters */
 137:lib/STM32F10x_StdPeriph_Driver/src/stm32f10x_bkp.c ****   assert_param(IS_BKP_TAMPER_PIN_LEVEL(BKP_TamperPinLevel));
 138:lib/STM32F10x_StdPeriph_Driver/src/stm32f10x_bkp.c ****   *(__IO uint32_t *) CR_TPAL_BB = BKP_TamperPinLevel;
  66              		.loc 1 138 0
  67 0012 014B     		ldr	r3, .L3
  68 0014 1860     		str	r0, [r3]
  69 0016 7047     		bx	lr
  70              	.L4:
  71              		.align	2
  72              	.L3:
  73 0018 04860D42 		.word	1108182532
  74              		.cfi_endproc
  75              	.LFE30:
  77              		.align	1
  78              		.global	BKP_TamperPinCmd
  79              		.syntax unified
  80              		.thumb
  81              		.thumb_func
  82              		.fpu softvfp
  84              	BKP_TamperPinCmd:
  85              	.LFB31:
 139:lib/STM32F10x_StdPeriph_Driver/src/stm32f10x_bkp.c **** }
 140:lib/STM32F10x_StdPeriph_Driver/src/stm32f10x_bkp.c **** 
 141:lib/STM32F10x_StdPeriph_Driver/src/stm32f10x_bkp.c **** /**
 142:lib/STM32F10x_StdPeriph_Driver/src/stm32f10x_bkp.c ****   * @brief  Enables or disables the Tamper Pin activation.
 143:lib/STM32F10x_StdPeriph_Driver/src/stm32f10x_bkp.c ****   * @param  NewState: new state of the Tamper Pin activation.
 144:lib/STM32F10x_StdPeriph_Driver/src/stm32f10x_bkp.c ****   *   This parameter can be: ENABLE or DISABLE.
 145:lib/STM32F10x_StdPeriph_Driver/src/stm32f10x_bkp.c ****   * @retval None
 146:lib/STM32F10x_StdPeriph_Driver/src/stm32f10x_bkp.c ****   */
 147:lib/STM32F10x_StdPeriph_Driver/src/stm32f10x_bkp.c **** void BKP_TamperPinCmd(FunctionalState NewState)
 148:lib/STM32F10x_StdPeriph_Driver/src/stm32f10x_bkp.c **** {
  86              		.loc 1 148 0
  87              		.cfi_startproc
  88              		@ args = 0, pretend = 0, frame = 0
  89              		@ frame_needed = 0, uses_anonymous_args = 0
  90              		@ link register save eliminated.
  91              	.LVL3:
 149:lib/STM32F10x_StdPeriph_Driver/src/stm32f10x_bkp.c ****   /* Check the parameters */
 150:lib/STM32F10x_StdPeriph_Driver/src/stm32f10x_bkp.c ****   assert_param(IS_FUNCTIONAL_STATE(NewState));
 151:lib/STM32F10x_StdPeriph_Driver/src/stm32f10x_bkp.c ****   *(__IO uint32_t *) CR_TPE_BB = (uint32_t)NewState;
  92              		.loc 1 151 0
  93 001c 014B     		ldr	r3, .L6
  94 001e 1860     		str	r0, [r3]
  95 0020 7047     		bx	lr
  96              	.L7:
  97 0022 00BF     		.align	2
  98              	.L6:
  99 0024 00860D42 		.word	1108182528
 100              		.cfi_endproc
 101              	.LFE31:
 103              		.align	1
 104              		.global	BKP_ITConfig
 105              		.syntax unified
 106              		.thumb
 107              		.thumb_func
 108              		.fpu softvfp
 110              	BKP_ITConfig:
 111              	.LFB32:
 152:lib/STM32F10x_StdPeriph_Driver/src/stm32f10x_bkp.c **** }
 153:lib/STM32F10x_StdPeriph_Driver/src/stm32f10x_bkp.c **** 
 154:lib/STM32F10x_StdPeriph_Driver/src/stm32f10x_bkp.c **** /**
 155:lib/STM32F10x_StdPeriph_Driver/src/stm32f10x_bkp.c ****   * @brief  Enables or disables the Tamper Pin Interrupt.
 156:lib/STM32F10x_StdPeriph_Driver/src/stm32f10x_bkp.c ****   * @param  NewState: new state of the Tamper Pin Interrupt.
 157:lib/STM32F10x_StdPeriph_Driver/src/stm32f10x_bkp.c ****   *   This parameter can be: ENABLE or DISABLE.
 158:lib/STM32F10x_StdPeriph_Driver/src/stm32f10x_bkp.c ****   * @retval None
 159:lib/STM32F10x_StdPeriph_Driver/src/stm32f10x_bkp.c ****   */
 160:lib/STM32F10x_StdPeriph_Driver/src/stm32f10x_bkp.c **** void BKP_ITConfig(FunctionalState NewState)
 161:lib/STM32F10x_StdPeriph_Driver/src/stm32f10x_bkp.c **** {
 112              		.loc 1 161 0
 113              		.cfi_startproc
 114              		@ args = 0, pretend = 0, frame = 0
 115              		@ frame_needed = 0, uses_anonymous_args = 0
 116              		@ link register save eliminated.
 117              	.LVL4:
 162:lib/STM32F10x_StdPeriph_Driver/src/stm32f10x_bkp.c ****   /* Check the parameters */
 163:lib/STM32F10x_StdPeriph_Driver/src/stm32f10x_bkp.c ****   assert_param(IS_FUNCTIONAL_STATE(NewState));
 164:lib/STM32F10x_StdPeriph_Driver/src/stm32f10x_bkp.c ****   *(__IO uint32_t *) CSR_TPIE_BB = (uint32_t)NewState;
 118              		.loc 1 164 0
 119 0028 014B     		ldr	r3, .L9
 120 002a 1860     		str	r0, [r3]
 121 002c 7047     		bx	lr
 122              	.L10:
 123 002e 00BF     		.align	2
 124              	.L9:
 125 0030 88860D42 		.word	1108182664
 126              		.cfi_endproc
 127              	.LFE32:
 129              		.align	1
 130              		.global	BKP_RTCOutputConfig
 131              		.syntax unified
 132              		.thumb
 133              		.thumb_func
 134              		.fpu softvfp
 136              	BKP_RTCOutputConfig:
 137              	.LFB33:
 165:lib/STM32F10x_StdPeriph_Driver/src/stm32f10x_bkp.c **** }
 166:lib/STM32F10x_StdPeriph_Driver/src/stm32f10x_bkp.c **** 
 167:lib/STM32F10x_StdPeriph_Driver/src/stm32f10x_bkp.c **** /**
 168:lib/STM32F10x_StdPeriph_Driver/src/stm32f10x_bkp.c ****   * @brief  Select the RTC output source to output on the Tamper pin.
 169:lib/STM32F10x_StdPeriph_Driver/src/stm32f10x_bkp.c ****   * @param  BKP_RTCOutputSource: specifies the RTC output source.
 170:lib/STM32F10x_StdPeriph_Driver/src/stm32f10x_bkp.c ****   *   This parameter can be one of the following values:
 171:lib/STM32F10x_StdPeriph_Driver/src/stm32f10x_bkp.c ****   *     @arg BKP_RTCOutputSource_None: no RTC output on the Tamper pin.
 172:lib/STM32F10x_StdPeriph_Driver/src/stm32f10x_bkp.c ****   *     @arg BKP_RTCOutputSource_CalibClock: output the RTC clock with frequency
 173:lib/STM32F10x_StdPeriph_Driver/src/stm32f10x_bkp.c ****   *                                          divided by 64 on the Tamper pin.
 174:lib/STM32F10x_StdPeriph_Driver/src/stm32f10x_bkp.c ****   *     @arg BKP_RTCOutputSource_Alarm: output the RTC Alarm pulse signal on
 175:lib/STM32F10x_StdPeriph_Driver/src/stm32f10x_bkp.c ****   *                                     the Tamper pin.
 176:lib/STM32F10x_StdPeriph_Driver/src/stm32f10x_bkp.c ****   *     @arg BKP_RTCOutputSource_Second: output the RTC Second pulse signal on
 177:lib/STM32F10x_StdPeriph_Driver/src/stm32f10x_bkp.c ****   *                                      the Tamper pin.  
 178:lib/STM32F10x_StdPeriph_Driver/src/stm32f10x_bkp.c ****   * @retval None
 179:lib/STM32F10x_StdPeriph_Driver/src/stm32f10x_bkp.c ****   */
 180:lib/STM32F10x_StdPeriph_Driver/src/stm32f10x_bkp.c **** void BKP_RTCOutputConfig(uint16_t BKP_RTCOutputSource)
 181:lib/STM32F10x_StdPeriph_Driver/src/stm32f10x_bkp.c **** {
 138              		.loc 1 181 0
 139              		.cfi_startproc
 140              		@ args = 0, pretend = 0, frame = 0
 141              		@ frame_needed = 0, uses_anonymous_args = 0
 142              		@ link register save eliminated.
 143              	.LVL5:
 182:lib/STM32F10x_StdPeriph_Driver/src/stm32f10x_bkp.c ****   uint16_t tmpreg = 0;
 183:lib/STM32F10x_StdPeriph_Driver/src/stm32f10x_bkp.c ****   /* Check the parameters */
 184:lib/STM32F10x_StdPeriph_Driver/src/stm32f10x_bkp.c ****   assert_param(IS_BKP_RTC_OUTPUT_SOURCE(BKP_RTCOutputSource));
 185:lib/STM32F10x_StdPeriph_Driver/src/stm32f10x_bkp.c ****   tmpreg = BKP->RTCCR;
 144              		.loc 1 185 0
 145 0034 044A     		ldr	r2, .L12
 146 0036 938D     		ldrh	r3, [r2, #44]
 147              	.LVL6:
 186:lib/STM32F10x_StdPeriph_Driver/src/stm32f10x_bkp.c ****   /* Clear CCO, ASOE and ASOS bits */
 187:lib/STM32F10x_StdPeriph_Driver/src/stm32f10x_bkp.c ****   tmpreg &= RTCCR_MASK;
 148              		.loc 1 187 0
 149 0038 23F46073 		bic	r3, r3, #896
 150              	.LVL7:
 151 003c 1B04     		lsls	r3, r3, #16
 152 003e 1B0C     		lsrs	r3, r3, #16
 153              	.LVL8:
 188:lib/STM32F10x_StdPeriph_Driver/src/stm32f10x_bkp.c ****   
 189:lib/STM32F10x_StdPeriph_Driver/src/stm32f10x_bkp.c ****   /* Set CCO, ASOE and ASOS bits according to BKP_RTCOutputSource value */
 190:lib/STM32F10x_StdPeriph_Driver/src/stm32f10x_bkp.c ****   tmpreg |= BKP_RTCOutputSource;
 154              		.loc 1 190 0
 155 0040 1843     		orrs	r0, r0, r3
 156              	.LVL9:
 191:lib/STM32F10x_StdPeriph_Driver/src/stm32f10x_bkp.c ****   /* Store the new value */
 192:lib/STM32F10x_StdPeriph_Driver/src/stm32f10x_bkp.c ****   BKP->RTCCR = tmpreg;
 157              		.loc 1 192 0
 158 0042 9085     		strh	r0, [r2, #44]	@ movhi
 159 0044 7047     		bx	lr
 160              	.L13:
 161 0046 00BF     		.align	2
 162              	.L12:
 163 0048 006C0040 		.word	1073769472
 164              		.cfi_endproc
 165              	.LFE33:
 167              		.align	1
 168              		.global	BKP_SetRTCCalibrationValue
 169              		.syntax unified
 170              		.thumb
 171              		.thumb_func
 172              		.fpu softvfp
 174              	BKP_SetRTCCalibrationValue:
 175              	.LFB34:
 193:lib/STM32F10x_StdPeriph_Driver/src/stm32f10x_bkp.c **** }
 194:lib/STM32F10x_StdPeriph_Driver/src/stm32f10x_bkp.c **** 
 195:lib/STM32F10x_StdPeriph_Driver/src/stm32f10x_bkp.c **** /**
 196:lib/STM32F10x_StdPeriph_Driver/src/stm32f10x_bkp.c ****   * @brief  Sets RTC Clock Calibration value.
 197:lib/STM32F10x_StdPeriph_Driver/src/stm32f10x_bkp.c ****   * @param  CalibrationValue: specifies the RTC Clock Calibration value.
 198:lib/STM32F10x_StdPeriph_Driver/src/stm32f10x_bkp.c ****   *   This parameter must be a number between 0 and 0x7F.
 199:lib/STM32F10x_StdPeriph_Driver/src/stm32f10x_bkp.c ****   * @retval None
 200:lib/STM32F10x_StdPeriph_Driver/src/stm32f10x_bkp.c ****   */
 201:lib/STM32F10x_StdPeriph_Driver/src/stm32f10x_bkp.c **** void BKP_SetRTCCalibrationValue(uint8_t CalibrationValue)
 202:lib/STM32F10x_StdPeriph_Driver/src/stm32f10x_bkp.c **** {
 176              		.loc 1 202 0
 177              		.cfi_startproc
 178              		@ args = 0, pretend = 0, frame = 0
 179              		@ frame_needed = 0, uses_anonymous_args = 0
 180              		@ link register save eliminated.
 181              	.LVL10:
 203:lib/STM32F10x_StdPeriph_Driver/src/stm32f10x_bkp.c ****   uint16_t tmpreg = 0;
 204:lib/STM32F10x_StdPeriph_Driver/src/stm32f10x_bkp.c ****   /* Check the parameters */
 205:lib/STM32F10x_StdPeriph_Driver/src/stm32f10x_bkp.c ****   assert_param(IS_BKP_CALIBRATION_VALUE(CalibrationValue));
 206:lib/STM32F10x_StdPeriph_Driver/src/stm32f10x_bkp.c ****   tmpreg = BKP->RTCCR;
 182              		.loc 1 206 0
 183 004c 044A     		ldr	r2, .L15
 184 004e 938D     		ldrh	r3, [r2, #44]
 185              	.LVL11:
 207:lib/STM32F10x_StdPeriph_Driver/src/stm32f10x_bkp.c ****   /* Clear CAL[6:0] bits */
 208:lib/STM32F10x_StdPeriph_Driver/src/stm32f10x_bkp.c ****   tmpreg &= RTCCR_CAL_MASK;
 186              		.loc 1 208 0
 187 0050 23F07F03 		bic	r3, r3, #127
 188              	.LVL12:
 189 0054 1B04     		lsls	r3, r3, #16
 190 0056 1B0C     		lsrs	r3, r3, #16
 191              	.LVL13:
 209:lib/STM32F10x_StdPeriph_Driver/src/stm32f10x_bkp.c ****   /* Set CAL[6:0] bits according to CalibrationValue value */
 210:lib/STM32F10x_StdPeriph_Driver/src/stm32f10x_bkp.c ****   tmpreg |= CalibrationValue;
 192              		.loc 1 210 0
 193 0058 1843     		orrs	r0, r0, r3
 194              	.LVL14:
 211:lib/STM32F10x_StdPeriph_Driver/src/stm32f10x_bkp.c ****   /* Store the new value */
 212:lib/STM32F10x_StdPeriph_Driver/src/stm32f10x_bkp.c ****   BKP->RTCCR = tmpreg;
 195              		.loc 1 212 0
 196 005a 9085     		strh	r0, [r2, #44]	@ movhi
 197 005c 7047     		bx	lr
 198              	.L16:
 199 005e 00BF     		.align	2
 200              	.L15:
 201 0060 006C0040 		.word	1073769472
 202              		.cfi_endproc
 203              	.LFE34:
 205              		.align	1
 206              		.global	BKP_WriteBackupRegister
 207              		.syntax unified
 208              		.thumb
 209              		.thumb_func
 210              		.fpu softvfp
 212              	BKP_WriteBackupRegister:
 213              	.LFB35:
 213:lib/STM32F10x_StdPeriph_Driver/src/stm32f10x_bkp.c **** }
 214:lib/STM32F10x_StdPeriph_Driver/src/stm32f10x_bkp.c **** 
 215:lib/STM32F10x_StdPeriph_Driver/src/stm32f10x_bkp.c **** /**
 216:lib/STM32F10x_StdPeriph_Driver/src/stm32f10x_bkp.c ****   * @brief  Writes user data to the specified Data Backup Register.
 217:lib/STM32F10x_StdPeriph_Driver/src/stm32f10x_bkp.c ****   * @param  BKP_DR: specifies the Data Backup Register.
 218:lib/STM32F10x_StdPeriph_Driver/src/stm32f10x_bkp.c ****   *   This parameter can be BKP_DRx where x:[1, 42]
 219:lib/STM32F10x_StdPeriph_Driver/src/stm32f10x_bkp.c ****   * @param  Data: data to write
 220:lib/STM32F10x_StdPeriph_Driver/src/stm32f10x_bkp.c ****   * @retval None
 221:lib/STM32F10x_StdPeriph_Driver/src/stm32f10x_bkp.c ****   */
 222:lib/STM32F10x_StdPeriph_Driver/src/stm32f10x_bkp.c **** void BKP_WriteBackupRegister(uint16_t BKP_DR, uint16_t Data)
 223:lib/STM32F10x_StdPeriph_Driver/src/stm32f10x_bkp.c **** {
 214              		.loc 1 223 0
 215              		.cfi_startproc
 216              		@ args = 0, pretend = 0, frame = 8
 217              		@ frame_needed = 0, uses_anonymous_args = 0
 218              		@ link register save eliminated.
 219              	.LVL15:
 224:lib/STM32F10x_StdPeriph_Driver/src/stm32f10x_bkp.c ****   __IO uint32_t tmp = 0;
 220              		.loc 1 224 0
 221 0064 0023     		movs	r3, #0
 223:lib/STM32F10x_StdPeriph_Driver/src/stm32f10x_bkp.c ****   __IO uint32_t tmp = 0;
 222              		.loc 1 223 0
 223 0066 82B0     		sub	sp, sp, #8
 224              	.LCFI2:
 225              		.cfi_def_cfa_offset 8
 226              		.loc 1 224 0
 227 0068 0193     		str	r3, [sp, #4]
 225:lib/STM32F10x_StdPeriph_Driver/src/stm32f10x_bkp.c **** 
 226:lib/STM32F10x_StdPeriph_Driver/src/stm32f10x_bkp.c ****   /* Check the parameters */
 227:lib/STM32F10x_StdPeriph_Driver/src/stm32f10x_bkp.c ****   assert_param(IS_BKP_DR(BKP_DR));
 228:lib/STM32F10x_StdPeriph_Driver/src/stm32f10x_bkp.c **** 
 229:lib/STM32F10x_StdPeriph_Driver/src/stm32f10x_bkp.c ****   tmp = (uint32_t)BKP_BASE; 
 228              		.loc 1 229 0
 229 006a 044B     		ldr	r3, .L18
 230 006c 0193     		str	r3, [sp, #4]
 230:lib/STM32F10x_StdPeriph_Driver/src/stm32f10x_bkp.c ****   tmp += BKP_DR;
 231              		.loc 1 230 0
 232 006e 019B     		ldr	r3, [sp, #4]
 233 0070 1844     		add	r0, r0, r3
 234              	.LVL16:
 235 0072 0190     		str	r0, [sp, #4]
 231:lib/STM32F10x_StdPeriph_Driver/src/stm32f10x_bkp.c **** 
 232:lib/STM32F10x_StdPeriph_Driver/src/stm32f10x_bkp.c ****   *(__IO uint32_t *) tmp = Data;
 236              		.loc 1 232 0
 237 0074 019B     		ldr	r3, [sp, #4]
 238 0076 1960     		str	r1, [r3]
 233:lib/STM32F10x_StdPeriph_Driver/src/stm32f10x_bkp.c **** }
 239              		.loc 1 233 0
 240 0078 02B0     		add	sp, sp, #8
 241              	.LCFI3:
 242              		.cfi_def_cfa_offset 0
 243              		@ sp needed
 244 007a 7047     		bx	lr
 245              	.L19:
 246              		.align	2
 247              	.L18:
 248 007c 006C0040 		.word	1073769472
 249              		.cfi_endproc
 250              	.LFE35:
 252              		.align	1
 253              		.global	BKP_ReadBackupRegister
 254              		.syntax unified
 255              		.thumb
 256              		.thumb_func
 257              		.fpu softvfp
 259              	BKP_ReadBackupRegister:
 260              	.LFB36:
 234:lib/STM32F10x_StdPeriph_Driver/src/stm32f10x_bkp.c **** 
 235:lib/STM32F10x_StdPeriph_Driver/src/stm32f10x_bkp.c **** /**
 236:lib/STM32F10x_StdPeriph_Driver/src/stm32f10x_bkp.c ****   * @brief  Reads data from the specified Data Backup Register.
 237:lib/STM32F10x_StdPeriph_Driver/src/stm32f10x_bkp.c ****   * @param  BKP_DR: specifies the Data Backup Register.
 238:lib/STM32F10x_StdPeriph_Driver/src/stm32f10x_bkp.c ****   *   This parameter can be BKP_DRx where x:[1, 42]
 239:lib/STM32F10x_StdPeriph_Driver/src/stm32f10x_bkp.c ****   * @retval The content of the specified Data Backup Register
 240:lib/STM32F10x_StdPeriph_Driver/src/stm32f10x_bkp.c ****   */
 241:lib/STM32F10x_StdPeriph_Driver/src/stm32f10x_bkp.c **** uint16_t BKP_ReadBackupRegister(uint16_t BKP_DR)
 242:lib/STM32F10x_StdPeriph_Driver/src/stm32f10x_bkp.c **** {
 261              		.loc 1 242 0
 262              		.cfi_startproc
 263              		@ args = 0, pretend = 0, frame = 8
 264              		@ frame_needed = 0, uses_anonymous_args = 0
 265              		@ link register save eliminated.
 266              	.LVL17:
 243:lib/STM32F10x_StdPeriph_Driver/src/stm32f10x_bkp.c ****   __IO uint32_t tmp = 0;
 267              		.loc 1 243 0
 268 0080 0023     		movs	r3, #0
 242:lib/STM32F10x_StdPeriph_Driver/src/stm32f10x_bkp.c ****   __IO uint32_t tmp = 0;
 269              		.loc 1 242 0
 270 0082 82B0     		sub	sp, sp, #8
 271              	.LCFI4:
 272              		.cfi_def_cfa_offset 8
 273              		.loc 1 243 0
 274 0084 0193     		str	r3, [sp, #4]
 244:lib/STM32F10x_StdPeriph_Driver/src/stm32f10x_bkp.c **** 
 245:lib/STM32F10x_StdPeriph_Driver/src/stm32f10x_bkp.c ****   /* Check the parameters */
 246:lib/STM32F10x_StdPeriph_Driver/src/stm32f10x_bkp.c ****   assert_param(IS_BKP_DR(BKP_DR));
 247:lib/STM32F10x_StdPeriph_Driver/src/stm32f10x_bkp.c **** 
 248:lib/STM32F10x_StdPeriph_Driver/src/stm32f10x_bkp.c ****   tmp = (uint32_t)BKP_BASE; 
 275              		.loc 1 248 0
 276 0086 054B     		ldr	r3, .L21
 277 0088 0193     		str	r3, [sp, #4]
 249:lib/STM32F10x_StdPeriph_Driver/src/stm32f10x_bkp.c ****   tmp += BKP_DR;
 278              		.loc 1 249 0
 279 008a 019B     		ldr	r3, [sp, #4]
 280 008c 1844     		add	r0, r0, r3
 281              	.LVL18:
 282 008e 0190     		str	r0, [sp, #4]
 250:lib/STM32F10x_StdPeriph_Driver/src/stm32f10x_bkp.c **** 
 251:lib/STM32F10x_StdPeriph_Driver/src/stm32f10x_bkp.c ****   return (*(__IO uint16_t *) tmp);
 283              		.loc 1 251 0
 284 0090 019B     		ldr	r3, [sp, #4]
 285 0092 1888     		ldrh	r0, [r3]
 252:lib/STM32F10x_StdPeriph_Driver/src/stm32f10x_bkp.c **** }
 286              		.loc 1 252 0
 287 0094 80B2     		uxth	r0, r0
 288 0096 02B0     		add	sp, sp, #8
 289              	.LCFI5:
 290              		.cfi_def_cfa_offset 0
 291              		@ sp needed
 292 0098 7047     		bx	lr
 293              	.L22:
 294 009a 00BF     		.align	2
 295              	.L21:
 296 009c 006C0040 		.word	1073769472
 297              		.cfi_endproc
 298              	.LFE36:
 300              		.align	1
 301              		.global	BKP_GetFlagStatus
 302              		.syntax unified
 303              		.thumb
 304              		.thumb_func
 305              		.fpu softvfp
 307              	BKP_GetFlagStatus:
 308              	.LFB37:
 253:lib/STM32F10x_StdPeriph_Driver/src/stm32f10x_bkp.c **** 
 254:lib/STM32F10x_StdPeriph_Driver/src/stm32f10x_bkp.c **** /**
 255:lib/STM32F10x_StdPeriph_Driver/src/stm32f10x_bkp.c ****   * @brief  Checks whether the Tamper Pin Event flag is set or not.
 256:lib/STM32F10x_StdPeriph_Driver/src/stm32f10x_bkp.c ****   * @param  None
 257:lib/STM32F10x_StdPeriph_Driver/src/stm32f10x_bkp.c ****   * @retval The new state of the Tamper Pin Event flag (SET or RESET).
 258:lib/STM32F10x_StdPeriph_Driver/src/stm32f10x_bkp.c ****   */
 259:lib/STM32F10x_StdPeriph_Driver/src/stm32f10x_bkp.c **** FlagStatus BKP_GetFlagStatus(void)
 260:lib/STM32F10x_StdPeriph_Driver/src/stm32f10x_bkp.c **** {
 309              		.loc 1 260 0
 310              		.cfi_startproc
 311              		@ args = 0, pretend = 0, frame = 0
 312              		@ frame_needed = 0, uses_anonymous_args = 0
 313              		@ link register save eliminated.
 261:lib/STM32F10x_StdPeriph_Driver/src/stm32f10x_bkp.c ****   return (FlagStatus)(*(__IO uint32_t *) CSR_TEF_BB);
 314              		.loc 1 261 0
 315 00a0 014B     		ldr	r3, .L24
 316 00a2 1868     		ldr	r0, [r3]
 262:lib/STM32F10x_StdPeriph_Driver/src/stm32f10x_bkp.c **** }
 317              		.loc 1 262 0
 318 00a4 C0B2     		uxtb	r0, r0
 319 00a6 7047     		bx	lr
 320              	.L25:
 321              		.align	2
 322              	.L24:
 323 00a8 A0860D42 		.word	1108182688
 324              		.cfi_endproc
 325              	.LFE37:
 327              		.align	1
 328              		.global	BKP_ClearFlag
 329              		.syntax unified
 330              		.thumb
 331              		.thumb_func
 332              		.fpu softvfp
 334              	BKP_ClearFlag:
 335              	.LFB38:
 263:lib/STM32F10x_StdPeriph_Driver/src/stm32f10x_bkp.c **** 
 264:lib/STM32F10x_StdPeriph_Driver/src/stm32f10x_bkp.c **** /**
 265:lib/STM32F10x_StdPeriph_Driver/src/stm32f10x_bkp.c ****   * @brief  Clears Tamper Pin Event pending flag.
 266:lib/STM32F10x_StdPeriph_Driver/src/stm32f10x_bkp.c ****   * @param  None
 267:lib/STM32F10x_StdPeriph_Driver/src/stm32f10x_bkp.c ****   * @retval None
 268:lib/STM32F10x_StdPeriph_Driver/src/stm32f10x_bkp.c ****   */
 269:lib/STM32F10x_StdPeriph_Driver/src/stm32f10x_bkp.c **** void BKP_ClearFlag(void)
 270:lib/STM32F10x_StdPeriph_Driver/src/stm32f10x_bkp.c **** {
 336              		.loc 1 270 0
 337              		.cfi_startproc
 338              		@ args = 0, pretend = 0, frame = 0
 339              		@ frame_needed = 0, uses_anonymous_args = 0
 340              		@ link register save eliminated.
 271:lib/STM32F10x_StdPeriph_Driver/src/stm32f10x_bkp.c ****   /* Set CTE bit to clear Tamper Pin Event flag */
 272:lib/STM32F10x_StdPeriph_Driver/src/stm32f10x_bkp.c ****   BKP->CSR |= BKP_CSR_CTE;
 341              		.loc 1 272 0
 342 00ac 034A     		ldr	r2, .L27
 343 00ae 938E     		ldrh	r3, [r2, #52]
 344 00b0 9BB2     		uxth	r3, r3
 345 00b2 43F00103 		orr	r3, r3, #1
 346 00b6 9386     		strh	r3, [r2, #52]	@ movhi
 347 00b8 7047     		bx	lr
 348              	.L28:
 349 00ba 00BF     		.align	2
 350              	.L27:
 351 00bc 006C0040 		.word	1073769472
 352              		.cfi_endproc
 353              	.LFE38:
 355              		.align	1
 356              		.global	BKP_GetITStatus
 357              		.syntax unified
 358              		.thumb
 359              		.thumb_func
 360              		.fpu softvfp
 362              	BKP_GetITStatus:
 363              	.LFB39:
 273:lib/STM32F10x_StdPeriph_Driver/src/stm32f10x_bkp.c **** }
 274:lib/STM32F10x_StdPeriph_Driver/src/stm32f10x_bkp.c **** 
 275:lib/STM32F10x_StdPeriph_Driver/src/stm32f10x_bkp.c **** /**
 276:lib/STM32F10x_StdPeriph_Driver/src/stm32f10x_bkp.c ****   * @brief  Checks whether the Tamper Pin Interrupt has occurred or not.
 277:lib/STM32F10x_StdPeriph_Driver/src/stm32f10x_bkp.c ****   * @param  None
 278:lib/STM32F10x_StdPeriph_Driver/src/stm32f10x_bkp.c ****   * @retval The new state of the Tamper Pin Interrupt (SET or RESET).
 279:lib/STM32F10x_StdPeriph_Driver/src/stm32f10x_bkp.c ****   */
 280:lib/STM32F10x_StdPeriph_Driver/src/stm32f10x_bkp.c **** ITStatus BKP_GetITStatus(void)
 281:lib/STM32F10x_StdPeriph_Driver/src/stm32f10x_bkp.c **** {
 364              		.loc 1 281 0
 365              		.cfi_startproc
 366              		@ args = 0, pretend = 0, frame = 0
 367              		@ frame_needed = 0, uses_anonymous_args = 0
 368              		@ link register save eliminated.
 282:lib/STM32F10x_StdPeriph_Driver/src/stm32f10x_bkp.c ****   return (ITStatus)(*(__IO uint32_t *) CSR_TIF_BB);
 369              		.loc 1 282 0
 370 00c0 014B     		ldr	r3, .L30
 371 00c2 1868     		ldr	r0, [r3]
 283:lib/STM32F10x_StdPeriph_Driver/src/stm32f10x_bkp.c **** }
 372              		.loc 1 283 0
 373 00c4 C0B2     		uxtb	r0, r0
 374 00c6 7047     		bx	lr
 375              	.L31:
 376              		.align	2
 377              	.L30:
 378 00c8 A4860D42 		.word	1108182692
 379              		.cfi_endproc
 380              	.LFE39:
 382              		.align	1
 383              		.global	BKP_ClearITPendingBit
 384              		.syntax unified
 385              		.thumb
 386              		.thumb_func
 387              		.fpu softvfp
 389              	BKP_ClearITPendingBit:
 390              	.LFB40:
 284:lib/STM32F10x_StdPeriph_Driver/src/stm32f10x_bkp.c **** 
 285:lib/STM32F10x_StdPeriph_Driver/src/stm32f10x_bkp.c **** /**
 286:lib/STM32F10x_StdPeriph_Driver/src/stm32f10x_bkp.c ****   * @brief  Clears Tamper Pin Interrupt pending bit.
 287:lib/STM32F10x_StdPeriph_Driver/src/stm32f10x_bkp.c ****   * @param  None
 288:lib/STM32F10x_StdPeriph_Driver/src/stm32f10x_bkp.c ****   * @retval None
 289:lib/STM32F10x_StdPeriph_Driver/src/stm32f10x_bkp.c ****   */
 290:lib/STM32F10x_StdPeriph_Driver/src/stm32f10x_bkp.c **** void BKP_ClearITPendingBit(void)
 291:lib/STM32F10x_StdPeriph_Driver/src/stm32f10x_bkp.c **** {
 391              		.loc 1 291 0
 392              		.cfi_startproc
 393              		@ args = 0, pretend = 0, frame = 0
 394              		@ frame_needed = 0, uses_anonymous_args = 0
 395              		@ link register save eliminated.
 292:lib/STM32F10x_StdPeriph_Driver/src/stm32f10x_bkp.c ****   /* Set CTI bit to clear Tamper Pin Interrupt pending bit */
 293:lib/STM32F10x_StdPeriph_Driver/src/stm32f10x_bkp.c ****   BKP->CSR |= BKP_CSR_CTI;
 396              		.loc 1 293 0
 397 00cc 034A     		ldr	r2, .L33
 398 00ce 938E     		ldrh	r3, [r2, #52]
 399 00d0 9BB2     		uxth	r3, r3
 400 00d2 43F00203 		orr	r3, r3, #2
 401 00d6 9386     		strh	r3, [r2, #52]	@ movhi
 402 00d8 7047     		bx	lr
 403              	.L34:
 404 00da 00BF     		.align	2
 405              	.L33:
 406 00dc 006C0040 		.word	1073769472
 407              		.cfi_endproc
 408              	.LFE40:
 410              	.Letext0:
 411              		.file 2 "/opt/gcc-arm/gcc-arm-none-eabi-6_2-2016q4/arm-none-eabi/include/machine/_default_types.h"
 412              		.file 3 "/opt/gcc-arm/gcc-arm-none-eabi-6_2-2016q4/arm-none-eabi/include/sys/_stdint.h"
 413              		.file 4 "./lib/CMSIS/CM3/CoreSupport/core_cm3.h"
 414              		.file 5 "./lib/CMSIS/CM3/DeviceSupport/ST/STM32F10x/system_stm32f10x.h"
 415              		.file 6 "./lib/CMSIS/CM3/DeviceSupport/ST/STM32F10x/stm32f10x.h"
 416              		.file 7 "./lib/STM32F10x_StdPeriph_Driver/inc/stm32f10x_rcc.h"
DEFINED SYMBOLS
                            *ABS*:0000000000000000 stm32f10x_bkp.c
     /tmp/ccnvB5Ib.s:15     .text:0000000000000000 $t
     /tmp/ccnvB5Ib.s:22     .text:0000000000000000 BKP_DeInit
     /tmp/ccnvB5Ib.s:58     .text:0000000000000012 BKP_TamperPinLevelConfig
     /tmp/ccnvB5Ib.s:73     .text:0000000000000018 $d
     /tmp/ccnvB5Ib.s:77     .text:000000000000001c $t
     /tmp/ccnvB5Ib.s:84     .text:000000000000001c BKP_TamperPinCmd
     /tmp/ccnvB5Ib.s:99     .text:0000000000000024 $d
     /tmp/ccnvB5Ib.s:103    .text:0000000000000028 $t
     /tmp/ccnvB5Ib.s:110    .text:0000000000000028 BKP_ITConfig
     /tmp/ccnvB5Ib.s:125    .text:0000000000000030 $d
     /tmp/ccnvB5Ib.s:129    .text:0000000000000034 $t
     /tmp/ccnvB5Ib.s:136    .text:0000000000000034 BKP_RTCOutputConfig
     /tmp/ccnvB5Ib.s:163    .text:0000000000000048 $d
     /tmp/ccnvB5Ib.s:167    .text:000000000000004c $t
     /tmp/ccnvB5Ib.s:174    .text:000000000000004c BKP_SetRTCCalibrationValue
     /tmp/ccnvB5Ib.s:201    .text:0000000000000060 $d
     /tmp/ccnvB5Ib.s:205    .text:0000000000000064 $t
     /tmp/ccnvB5Ib.s:212    .text:0000000000000064 BKP_WriteBackupRegister
     /tmp/ccnvB5Ib.s:248    .text:000000000000007c $d
     /tmp/ccnvB5Ib.s:252    .text:0000000000000080 $t
     /tmp/ccnvB5Ib.s:259    .text:0000000000000080 BKP_ReadBackupRegister
     /tmp/ccnvB5Ib.s:296    .text:000000000000009c $d
     /tmp/ccnvB5Ib.s:300    .text:00000000000000a0 $t
     /tmp/ccnvB5Ib.s:307    .text:00000000000000a0 BKP_GetFlagStatus
     /tmp/ccnvB5Ib.s:323    .text:00000000000000a8 $d
     /tmp/ccnvB5Ib.s:327    .text:00000000000000ac $t
     /tmp/ccnvB5Ib.s:334    .text:00000000000000ac BKP_ClearFlag
     /tmp/ccnvB5Ib.s:351    .text:00000000000000bc $d
     /tmp/ccnvB5Ib.s:355    .text:00000000000000c0 $t
     /tmp/ccnvB5Ib.s:362    .text:00000000000000c0 BKP_GetITStatus
     /tmp/ccnvB5Ib.s:378    .text:00000000000000c8 $d
     /tmp/ccnvB5Ib.s:382    .text:00000000000000cc $t
     /tmp/ccnvB5Ib.s:389    .text:00000000000000cc BKP_ClearITPendingBit
     /tmp/ccnvB5Ib.s:406    .text:00000000000000dc $d
                     .debug_frame:0000000000000010 $d

UNDEFINED SYMBOLS
RCC_BackupResetCmd
