   1              		.cpu cortex-m3
   2              		.eabi_attribute 20, 1
   3              		.eabi_attribute 21, 1
   4              		.eabi_attribute 23, 3
   5              		.eabi_attribute 24, 1
   6              		.eabi_attribute 25, 1
   7              		.eabi_attribute 26, 1
   8              		.eabi_attribute 30, 4
   9              		.eabi_attribute 34, 1
  10              		.eabi_attribute 18, 4
  11              		.file	"stm32f10x_cec.c"
  12              		.text
  13              	.Ltext0:
  14              		.cfi_sections	.debug_frame
  15              		.align	1
  16              		.global	CEC_DeInit
  17              		.syntax unified
  18              		.thumb
  19              		.thumb_func
  20              		.fpu softvfp
  22              	CEC_DeInit:
  23              	.LFB29:
  24              		.file 1 "lib/STM32F10x_StdPeriph_Driver/src/stm32f10x_cec.c"
   1:lib/STM32F10x_StdPeriph_Driver/src/stm32f10x_cec.c **** /**
   2:lib/STM32F10x_StdPeriph_Driver/src/stm32f10x_cec.c ****   ******************************************************************************
   3:lib/STM32F10x_StdPeriph_Driver/src/stm32f10x_cec.c ****   * @file    stm32f10x_cec.c
   4:lib/STM32F10x_StdPeriph_Driver/src/stm32f10x_cec.c ****   * @author  MCD Application Team
   5:lib/STM32F10x_StdPeriph_Driver/src/stm32f10x_cec.c ****   * @version V3.5.0
   6:lib/STM32F10x_StdPeriph_Driver/src/stm32f10x_cec.c ****   * @date    11-March-2011
   7:lib/STM32F10x_StdPeriph_Driver/src/stm32f10x_cec.c ****   * @brief   This file provides all the CEC firmware functions.
   8:lib/STM32F10x_StdPeriph_Driver/src/stm32f10x_cec.c ****   ******************************************************************************
   9:lib/STM32F10x_StdPeriph_Driver/src/stm32f10x_cec.c ****   * @attention
  10:lib/STM32F10x_StdPeriph_Driver/src/stm32f10x_cec.c ****   *
  11:lib/STM32F10x_StdPeriph_Driver/src/stm32f10x_cec.c ****   * THE PRESENT FIRMWARE WHICH IS FOR GUIDANCE ONLY AIMS AT PROVIDING CUSTOMERS
  12:lib/STM32F10x_StdPeriph_Driver/src/stm32f10x_cec.c ****   * WITH CODING INFORMATION REGARDING THEIR PRODUCTS IN ORDER FOR THEM TO SAVE
  13:lib/STM32F10x_StdPeriph_Driver/src/stm32f10x_cec.c ****   * TIME. AS A RESULT, STMICROELECTRONICS SHALL NOT BE HELD LIABLE FOR ANY
  14:lib/STM32F10x_StdPeriph_Driver/src/stm32f10x_cec.c ****   * DIRECT, INDIRECT OR CONSEQUENTIAL DAMAGES WITH RESPECT TO ANY CLAIMS ARISING
  15:lib/STM32F10x_StdPeriph_Driver/src/stm32f10x_cec.c ****   * FROM THE CONTENT OF SUCH FIRMWARE AND/OR THE USE MADE BY CUSTOMERS OF THE
  16:lib/STM32F10x_StdPeriph_Driver/src/stm32f10x_cec.c ****   * CODING INFORMATION CONTAINED HEREIN IN CONNECTION WITH THEIR PRODUCTS.
  17:lib/STM32F10x_StdPeriph_Driver/src/stm32f10x_cec.c ****   *
  18:lib/STM32F10x_StdPeriph_Driver/src/stm32f10x_cec.c ****   * <h2><center>&copy; COPYRIGHT 2011 STMicroelectronics</center></h2>
  19:lib/STM32F10x_StdPeriph_Driver/src/stm32f10x_cec.c ****   ******************************************************************************
  20:lib/STM32F10x_StdPeriph_Driver/src/stm32f10x_cec.c ****   */
  21:lib/STM32F10x_StdPeriph_Driver/src/stm32f10x_cec.c **** 
  22:lib/STM32F10x_StdPeriph_Driver/src/stm32f10x_cec.c **** /* Includes ------------------------------------------------------------------*/
  23:lib/STM32F10x_StdPeriph_Driver/src/stm32f10x_cec.c **** #include "stm32f10x_cec.h"
  24:lib/STM32F10x_StdPeriph_Driver/src/stm32f10x_cec.c **** #include "stm32f10x_rcc.h"
  25:lib/STM32F10x_StdPeriph_Driver/src/stm32f10x_cec.c **** 
  26:lib/STM32F10x_StdPeriph_Driver/src/stm32f10x_cec.c **** /** @addtogroup STM32F10x_StdPeriph_Driver
  27:lib/STM32F10x_StdPeriph_Driver/src/stm32f10x_cec.c ****   * @{
  28:lib/STM32F10x_StdPeriph_Driver/src/stm32f10x_cec.c ****   */
  29:lib/STM32F10x_StdPeriph_Driver/src/stm32f10x_cec.c **** 
  30:lib/STM32F10x_StdPeriph_Driver/src/stm32f10x_cec.c **** /** @defgroup CEC 
  31:lib/STM32F10x_StdPeriph_Driver/src/stm32f10x_cec.c ****   * @brief CEC driver modules
  32:lib/STM32F10x_StdPeriph_Driver/src/stm32f10x_cec.c ****   * @{
  33:lib/STM32F10x_StdPeriph_Driver/src/stm32f10x_cec.c ****   */
  34:lib/STM32F10x_StdPeriph_Driver/src/stm32f10x_cec.c **** 
  35:lib/STM32F10x_StdPeriph_Driver/src/stm32f10x_cec.c **** /** @defgroup CEC_Private_TypesDefinitions
  36:lib/STM32F10x_StdPeriph_Driver/src/stm32f10x_cec.c ****   * @{
  37:lib/STM32F10x_StdPeriph_Driver/src/stm32f10x_cec.c ****   */
  38:lib/STM32F10x_StdPeriph_Driver/src/stm32f10x_cec.c **** 
  39:lib/STM32F10x_StdPeriph_Driver/src/stm32f10x_cec.c **** /**
  40:lib/STM32F10x_StdPeriph_Driver/src/stm32f10x_cec.c ****   * @}
  41:lib/STM32F10x_StdPeriph_Driver/src/stm32f10x_cec.c ****   */
  42:lib/STM32F10x_StdPeriph_Driver/src/stm32f10x_cec.c **** 
  43:lib/STM32F10x_StdPeriph_Driver/src/stm32f10x_cec.c **** 
  44:lib/STM32F10x_StdPeriph_Driver/src/stm32f10x_cec.c **** /** @defgroup CEC_Private_Defines
  45:lib/STM32F10x_StdPeriph_Driver/src/stm32f10x_cec.c ****   * @{
  46:lib/STM32F10x_StdPeriph_Driver/src/stm32f10x_cec.c ****   */ 
  47:lib/STM32F10x_StdPeriph_Driver/src/stm32f10x_cec.c **** 
  48:lib/STM32F10x_StdPeriph_Driver/src/stm32f10x_cec.c **** /* ------------ CEC registers bit address in the alias region ----------- */
  49:lib/STM32F10x_StdPeriph_Driver/src/stm32f10x_cec.c **** #define CEC_OFFSET                (CEC_BASE - PERIPH_BASE)
  50:lib/STM32F10x_StdPeriph_Driver/src/stm32f10x_cec.c **** 
  51:lib/STM32F10x_StdPeriph_Driver/src/stm32f10x_cec.c **** /* --- CFGR Register ---*/
  52:lib/STM32F10x_StdPeriph_Driver/src/stm32f10x_cec.c **** 
  53:lib/STM32F10x_StdPeriph_Driver/src/stm32f10x_cec.c **** /* Alias word address of PE bit */
  54:lib/STM32F10x_StdPeriph_Driver/src/stm32f10x_cec.c **** #define CFGR_OFFSET                 (CEC_OFFSET + 0x00)
  55:lib/STM32F10x_StdPeriph_Driver/src/stm32f10x_cec.c **** #define PE_BitNumber                0x00
  56:lib/STM32F10x_StdPeriph_Driver/src/stm32f10x_cec.c **** #define CFGR_PE_BB                  (PERIPH_BB_BASE + (CFGR_OFFSET * 32) + (PE_BitNumber * 4))
  57:lib/STM32F10x_StdPeriph_Driver/src/stm32f10x_cec.c **** 
  58:lib/STM32F10x_StdPeriph_Driver/src/stm32f10x_cec.c **** /* Alias word address of IE bit */
  59:lib/STM32F10x_StdPeriph_Driver/src/stm32f10x_cec.c **** #define IE_BitNumber                0x01
  60:lib/STM32F10x_StdPeriph_Driver/src/stm32f10x_cec.c **** #define CFGR_IE_BB                  (PERIPH_BB_BASE + (CFGR_OFFSET * 32) + (IE_BitNumber * 4))
  61:lib/STM32F10x_StdPeriph_Driver/src/stm32f10x_cec.c **** 
  62:lib/STM32F10x_StdPeriph_Driver/src/stm32f10x_cec.c **** /* --- CSR Register ---*/
  63:lib/STM32F10x_StdPeriph_Driver/src/stm32f10x_cec.c **** 
  64:lib/STM32F10x_StdPeriph_Driver/src/stm32f10x_cec.c **** /* Alias word address of TSOM bit */
  65:lib/STM32F10x_StdPeriph_Driver/src/stm32f10x_cec.c **** #define CSR_OFFSET                  (CEC_OFFSET + 0x10)
  66:lib/STM32F10x_StdPeriph_Driver/src/stm32f10x_cec.c **** #define TSOM_BitNumber              0x00
  67:lib/STM32F10x_StdPeriph_Driver/src/stm32f10x_cec.c **** #define CSR_TSOM_BB                 (PERIPH_BB_BASE + (CSR_OFFSET * 32) + (TSOM_BitNumber * 4))
  68:lib/STM32F10x_StdPeriph_Driver/src/stm32f10x_cec.c **** 
  69:lib/STM32F10x_StdPeriph_Driver/src/stm32f10x_cec.c **** /* Alias word address of TEOM bit */
  70:lib/STM32F10x_StdPeriph_Driver/src/stm32f10x_cec.c **** #define TEOM_BitNumber              0x01
  71:lib/STM32F10x_StdPeriph_Driver/src/stm32f10x_cec.c **** #define CSR_TEOM_BB                 (PERIPH_BB_BASE + (CSR_OFFSET * 32) + (TEOM_BitNumber * 4))
  72:lib/STM32F10x_StdPeriph_Driver/src/stm32f10x_cec.c ****   
  73:lib/STM32F10x_StdPeriph_Driver/src/stm32f10x_cec.c **** #define CFGR_CLEAR_Mask            (uint8_t)(0xF3)        /* CFGR register Mask */
  74:lib/STM32F10x_StdPeriph_Driver/src/stm32f10x_cec.c **** #define FLAG_Mask                  ((uint32_t)0x00FFFFFF) /* CEC FLAG mask */
  75:lib/STM32F10x_StdPeriph_Driver/src/stm32f10x_cec.c ****  
  76:lib/STM32F10x_StdPeriph_Driver/src/stm32f10x_cec.c **** /**
  77:lib/STM32F10x_StdPeriph_Driver/src/stm32f10x_cec.c ****   * @}
  78:lib/STM32F10x_StdPeriph_Driver/src/stm32f10x_cec.c ****   */ 
  79:lib/STM32F10x_StdPeriph_Driver/src/stm32f10x_cec.c **** 
  80:lib/STM32F10x_StdPeriph_Driver/src/stm32f10x_cec.c **** 
  81:lib/STM32F10x_StdPeriph_Driver/src/stm32f10x_cec.c **** /** @defgroup CEC_Private_Macros
  82:lib/STM32F10x_StdPeriph_Driver/src/stm32f10x_cec.c ****   * @{
  83:lib/STM32F10x_StdPeriph_Driver/src/stm32f10x_cec.c ****   */ 
  84:lib/STM32F10x_StdPeriph_Driver/src/stm32f10x_cec.c **** 
  85:lib/STM32F10x_StdPeriph_Driver/src/stm32f10x_cec.c **** /**
  86:lib/STM32F10x_StdPeriph_Driver/src/stm32f10x_cec.c ****   * @}
  87:lib/STM32F10x_StdPeriph_Driver/src/stm32f10x_cec.c ****   */ 
  88:lib/STM32F10x_StdPeriph_Driver/src/stm32f10x_cec.c **** 
  89:lib/STM32F10x_StdPeriph_Driver/src/stm32f10x_cec.c **** 
  90:lib/STM32F10x_StdPeriph_Driver/src/stm32f10x_cec.c **** /** @defgroup CEC_Private_Variables
  91:lib/STM32F10x_StdPeriph_Driver/src/stm32f10x_cec.c ****   * @{
  92:lib/STM32F10x_StdPeriph_Driver/src/stm32f10x_cec.c ****   */ 
  93:lib/STM32F10x_StdPeriph_Driver/src/stm32f10x_cec.c **** 
  94:lib/STM32F10x_StdPeriph_Driver/src/stm32f10x_cec.c **** /**
  95:lib/STM32F10x_StdPeriph_Driver/src/stm32f10x_cec.c ****   * @}
  96:lib/STM32F10x_StdPeriph_Driver/src/stm32f10x_cec.c ****   */ 
  97:lib/STM32F10x_StdPeriph_Driver/src/stm32f10x_cec.c **** 
  98:lib/STM32F10x_StdPeriph_Driver/src/stm32f10x_cec.c **** 
  99:lib/STM32F10x_StdPeriph_Driver/src/stm32f10x_cec.c **** /** @defgroup CEC_Private_FunctionPrototypes
 100:lib/STM32F10x_StdPeriph_Driver/src/stm32f10x_cec.c ****   * @{
 101:lib/STM32F10x_StdPeriph_Driver/src/stm32f10x_cec.c ****   */
 102:lib/STM32F10x_StdPeriph_Driver/src/stm32f10x_cec.c ****  
 103:lib/STM32F10x_StdPeriph_Driver/src/stm32f10x_cec.c **** /**
 104:lib/STM32F10x_StdPeriph_Driver/src/stm32f10x_cec.c ****   * @}
 105:lib/STM32F10x_StdPeriph_Driver/src/stm32f10x_cec.c ****   */ 
 106:lib/STM32F10x_StdPeriph_Driver/src/stm32f10x_cec.c **** 
 107:lib/STM32F10x_StdPeriph_Driver/src/stm32f10x_cec.c **** 
 108:lib/STM32F10x_StdPeriph_Driver/src/stm32f10x_cec.c **** /** @defgroup CEC_Private_Functions
 109:lib/STM32F10x_StdPeriph_Driver/src/stm32f10x_cec.c ****   * @{
 110:lib/STM32F10x_StdPeriph_Driver/src/stm32f10x_cec.c ****   */ 
 111:lib/STM32F10x_StdPeriph_Driver/src/stm32f10x_cec.c **** 
 112:lib/STM32F10x_StdPeriph_Driver/src/stm32f10x_cec.c **** /**
 113:lib/STM32F10x_StdPeriph_Driver/src/stm32f10x_cec.c ****   * @brief  Deinitializes the CEC peripheral registers to their default reset 
 114:lib/STM32F10x_StdPeriph_Driver/src/stm32f10x_cec.c ****   *         values.
 115:lib/STM32F10x_StdPeriph_Driver/src/stm32f10x_cec.c ****   * @param  None
 116:lib/STM32F10x_StdPeriph_Driver/src/stm32f10x_cec.c ****   * @retval None
 117:lib/STM32F10x_StdPeriph_Driver/src/stm32f10x_cec.c ****   */
 118:lib/STM32F10x_StdPeriph_Driver/src/stm32f10x_cec.c **** void CEC_DeInit(void)
 119:lib/STM32F10x_StdPeriph_Driver/src/stm32f10x_cec.c **** {
  25              		.loc 1 119 0
  26              		.cfi_startproc
  27              		@ args = 0, pretend = 0, frame = 0
  28              		@ frame_needed = 0, uses_anonymous_args = 0
  29 0000 08B5     		push	{r3, lr}
  30              	.LCFI0:
  31              		.cfi_def_cfa_offset 8
  32              		.cfi_offset 3, -8
  33              		.cfi_offset 14, -4
 120:lib/STM32F10x_StdPeriph_Driver/src/stm32f10x_cec.c ****   /* Enable CEC reset state */
 121:lib/STM32F10x_StdPeriph_Driver/src/stm32f10x_cec.c ****   RCC_APB1PeriphResetCmd(RCC_APB1Periph_CEC, ENABLE);  
  34              		.loc 1 121 0
  35 0002 0121     		movs	r1, #1
  36 0004 4FF08040 		mov	r0, #1073741824
  37 0008 FFF7FEFF 		bl	RCC_APB1PeriphResetCmd
  38              	.LVL0:
 122:lib/STM32F10x_StdPeriph_Driver/src/stm32f10x_cec.c ****   /* Release CEC from reset state */
 123:lib/STM32F10x_StdPeriph_Driver/src/stm32f10x_cec.c ****   RCC_APB1PeriphResetCmd(RCC_APB1Periph_CEC, DISABLE); 
 124:lib/STM32F10x_StdPeriph_Driver/src/stm32f10x_cec.c **** }
  39              		.loc 1 124 0
  40 000c BDE80840 		pop	{r3, lr}
  41              	.LCFI1:
  42              		.cfi_restore 14
  43              		.cfi_restore 3
  44              		.cfi_def_cfa_offset 0
 123:lib/STM32F10x_StdPeriph_Driver/src/stm32f10x_cec.c **** }
  45              		.loc 1 123 0
  46 0010 0021     		movs	r1, #0
  47 0012 4FF08040 		mov	r0, #1073741824
  48 0016 FFF7FEBF 		b	RCC_APB1PeriphResetCmd
  49              	.LVL1:
  50              		.cfi_endproc
  51              	.LFE29:
  53              		.align	1
  54              		.global	CEC_Init
  55              		.syntax unified
  56              		.thumb
  57              		.thumb_func
  58              		.fpu softvfp
  60              	CEC_Init:
  61              	.LFB30:
 125:lib/STM32F10x_StdPeriph_Driver/src/stm32f10x_cec.c **** 
 126:lib/STM32F10x_StdPeriph_Driver/src/stm32f10x_cec.c **** 
 127:lib/STM32F10x_StdPeriph_Driver/src/stm32f10x_cec.c **** /**
 128:lib/STM32F10x_StdPeriph_Driver/src/stm32f10x_cec.c ****   * @brief  Initializes the CEC peripheral according to the specified 
 129:lib/STM32F10x_StdPeriph_Driver/src/stm32f10x_cec.c ****   *         parameters in the CEC_InitStruct.
 130:lib/STM32F10x_StdPeriph_Driver/src/stm32f10x_cec.c ****   * @param  CEC_InitStruct: pointer to an CEC_InitTypeDef structure that
 131:lib/STM32F10x_StdPeriph_Driver/src/stm32f10x_cec.c ****   *         contains the configuration information for the specified
 132:lib/STM32F10x_StdPeriph_Driver/src/stm32f10x_cec.c ****   *         CEC peripheral.
 133:lib/STM32F10x_StdPeriph_Driver/src/stm32f10x_cec.c ****   * @retval None
 134:lib/STM32F10x_StdPeriph_Driver/src/stm32f10x_cec.c ****   */
 135:lib/STM32F10x_StdPeriph_Driver/src/stm32f10x_cec.c **** void CEC_Init(CEC_InitTypeDef* CEC_InitStruct)
 136:lib/STM32F10x_StdPeriph_Driver/src/stm32f10x_cec.c **** {
  62              		.loc 1 136 0
  63              		.cfi_startproc
  64              		@ args = 0, pretend = 0, frame = 0
  65              		@ frame_needed = 0, uses_anonymous_args = 0
  66              		@ link register save eliminated.
  67              	.LVL2:
 137:lib/STM32F10x_StdPeriph_Driver/src/stm32f10x_cec.c ****   uint16_t tmpreg = 0;
 138:lib/STM32F10x_StdPeriph_Driver/src/stm32f10x_cec.c ****  
 139:lib/STM32F10x_StdPeriph_Driver/src/stm32f10x_cec.c ****   /* Check the parameters */
 140:lib/STM32F10x_StdPeriph_Driver/src/stm32f10x_cec.c ****   assert_param(IS_CEC_BIT_TIMING_ERROR_MODE(CEC_InitStruct->CEC_BitTimingMode)); 
 141:lib/STM32F10x_StdPeriph_Driver/src/stm32f10x_cec.c ****   assert_param(IS_CEC_BIT_PERIOD_ERROR_MODE(CEC_InitStruct->CEC_BitPeriodMode));
 142:lib/STM32F10x_StdPeriph_Driver/src/stm32f10x_cec.c ****      
 143:lib/STM32F10x_StdPeriph_Driver/src/stm32f10x_cec.c ****   /*---------------------------- CEC CFGR Configuration -----------------*/
 144:lib/STM32F10x_StdPeriph_Driver/src/stm32f10x_cec.c ****   /* Get the CEC CFGR value */
 145:lib/STM32F10x_StdPeriph_Driver/src/stm32f10x_cec.c ****   tmpreg = CEC->CFGR;
  68              		.loc 1 145 0
  69 001a 0549     		ldr	r1, .L3
 146:lib/STM32F10x_StdPeriph_Driver/src/stm32f10x_cec.c ****   
 147:lib/STM32F10x_StdPeriph_Driver/src/stm32f10x_cec.c ****   /* Clear BTEM and BPEM bits */
 148:lib/STM32F10x_StdPeriph_Driver/src/stm32f10x_cec.c ****   tmpreg &= CFGR_CLEAR_Mask;
 149:lib/STM32F10x_StdPeriph_Driver/src/stm32f10x_cec.c ****   
 150:lib/STM32F10x_StdPeriph_Driver/src/stm32f10x_cec.c ****   /* Configure CEC: Bit Timing Error and Bit Period Error */
 151:lib/STM32F10x_StdPeriph_Driver/src/stm32f10x_cec.c ****   tmpreg |= (uint16_t)(CEC_InitStruct->CEC_BitTimingMode | CEC_InitStruct->CEC_BitPeriodMode);
  70              		.loc 1 151 0
  71 001c 0288     		ldrh	r2, [r0]
 145:lib/STM32F10x_StdPeriph_Driver/src/stm32f10x_cec.c ****   
  72              		.loc 1 145 0
  73 001e 0B68     		ldr	r3, [r1]
  74              	.LVL3:
  75              		.loc 1 151 0
  76 0020 4088     		ldrh	r0, [r0, #2]
  77              	.LVL4:
 148:lib/STM32F10x_StdPeriph_Driver/src/stm32f10x_cec.c ****   
  78              		.loc 1 148 0
  79 0022 03F0F303 		and	r3, r3, #243
  80              	.LVL5:
  81              		.loc 1 151 0
  82 0026 0243     		orrs	r2, r2, r0
  83 0028 1343     		orrs	r3, r3, r2
 152:lib/STM32F10x_StdPeriph_Driver/src/stm32f10x_cec.c **** 
 153:lib/STM32F10x_StdPeriph_Driver/src/stm32f10x_cec.c ****   /* Write to CEC CFGR  register*/
 154:lib/STM32F10x_StdPeriph_Driver/src/stm32f10x_cec.c ****   CEC->CFGR = tmpreg;
  84              		.loc 1 154 0
  85 002a 9BB2     		uxth	r3, r3
  86 002c 0B60     		str	r3, [r1]
  87 002e 7047     		bx	lr
  88              	.L4:
  89              		.align	2
  90              	.L3:
  91 0030 00780040 		.word	1073772544
  92              		.cfi_endproc
  93              	.LFE30:
  95              		.align	1
  96              		.global	CEC_Cmd
  97              		.syntax unified
  98              		.thumb
  99              		.thumb_func
 100              		.fpu softvfp
 102              	CEC_Cmd:
 103              	.LFB31:
 155:lib/STM32F10x_StdPeriph_Driver/src/stm32f10x_cec.c ****   
 156:lib/STM32F10x_StdPeriph_Driver/src/stm32f10x_cec.c **** }
 157:lib/STM32F10x_StdPeriph_Driver/src/stm32f10x_cec.c **** 
 158:lib/STM32F10x_StdPeriph_Driver/src/stm32f10x_cec.c **** /**
 159:lib/STM32F10x_StdPeriph_Driver/src/stm32f10x_cec.c ****   * @brief  Enables or disables the specified CEC peripheral.
 160:lib/STM32F10x_StdPeriph_Driver/src/stm32f10x_cec.c ****   * @param  NewState: new state of the CEC peripheral. 
 161:lib/STM32F10x_StdPeriph_Driver/src/stm32f10x_cec.c ****   *     This parameter can be: ENABLE or DISABLE.
 162:lib/STM32F10x_StdPeriph_Driver/src/stm32f10x_cec.c ****   * @retval None
 163:lib/STM32F10x_StdPeriph_Driver/src/stm32f10x_cec.c ****   */
 164:lib/STM32F10x_StdPeriph_Driver/src/stm32f10x_cec.c **** void CEC_Cmd(FunctionalState NewState)
 165:lib/STM32F10x_StdPeriph_Driver/src/stm32f10x_cec.c **** {
 104              		.loc 1 165 0
 105              		.cfi_startproc
 106              		@ args = 0, pretend = 0, frame = 0
 107              		@ frame_needed = 0, uses_anonymous_args = 0
 108              		@ link register save eliminated.
 109              	.LVL6:
 166:lib/STM32F10x_StdPeriph_Driver/src/stm32f10x_cec.c ****   /* Check the parameters */
 167:lib/STM32F10x_StdPeriph_Driver/src/stm32f10x_cec.c ****   assert_param(IS_FUNCTIONAL_STATE(NewState));
 168:lib/STM32F10x_StdPeriph_Driver/src/stm32f10x_cec.c **** 
 169:lib/STM32F10x_StdPeriph_Driver/src/stm32f10x_cec.c ****   *(__IO uint32_t *) CFGR_PE_BB = (uint32_t)NewState;
 110              		.loc 1 169 0
 111 0034 034B     		ldr	r3, .L9
 112 0036 1860     		str	r0, [r3]
 170:lib/STM32F10x_StdPeriph_Driver/src/stm32f10x_cec.c **** 
 171:lib/STM32F10x_StdPeriph_Driver/src/stm32f10x_cec.c ****   if(NewState == DISABLE)
 113              		.loc 1 171 0
 114 0038 18B9     		cbnz	r0, .L5
 172:lib/STM32F10x_StdPeriph_Driver/src/stm32f10x_cec.c ****   {
 173:lib/STM32F10x_StdPeriph_Driver/src/stm32f10x_cec.c ****     /* Wait until the PE bit is cleared by hardware (Idle Line detected) */
 174:lib/STM32F10x_StdPeriph_Driver/src/stm32f10x_cec.c ****     while((CEC->CFGR & CEC_CFGR_PE) != (uint32_t)RESET)
 115              		.loc 1 174 0
 116 003a 034A     		ldr	r2, .L9+4
 117              	.L7:
 118              		.loc 1 174 0 is_stmt 0 discriminator 1
 119 003c 1368     		ldr	r3, [r2]
 120 003e DB07     		lsls	r3, r3, #31
 121 0040 FCD4     		bmi	.L7
 122              	.L5:
 123 0042 7047     		bx	lr
 124              	.L10:
 125              		.align	2
 126              	.L9:
 127 0044 00000F42 		.word	1108279296
 128 0048 00780040 		.word	1073772544
 129              		.cfi_endproc
 130              	.LFE31:
 132              		.align	1
 133              		.global	CEC_ITConfig
 134              		.syntax unified
 135              		.thumb
 136              		.thumb_func
 137              		.fpu softvfp
 139              	CEC_ITConfig:
 140              	.LFB32:
 175:lib/STM32F10x_StdPeriph_Driver/src/stm32f10x_cec.c ****     {
 176:lib/STM32F10x_StdPeriph_Driver/src/stm32f10x_cec.c ****     }  
 177:lib/STM32F10x_StdPeriph_Driver/src/stm32f10x_cec.c ****   }  
 178:lib/STM32F10x_StdPeriph_Driver/src/stm32f10x_cec.c **** }
 179:lib/STM32F10x_StdPeriph_Driver/src/stm32f10x_cec.c **** 
 180:lib/STM32F10x_StdPeriph_Driver/src/stm32f10x_cec.c **** /**
 181:lib/STM32F10x_StdPeriph_Driver/src/stm32f10x_cec.c ****   * @brief  Enables or disables the CEC interrupt.
 182:lib/STM32F10x_StdPeriph_Driver/src/stm32f10x_cec.c ****   * @param  NewState: new state of the CEC interrupt.
 183:lib/STM32F10x_StdPeriph_Driver/src/stm32f10x_cec.c ****   *   This parameter can be: ENABLE or DISABLE.
 184:lib/STM32F10x_StdPeriph_Driver/src/stm32f10x_cec.c ****   * @retval None
 185:lib/STM32F10x_StdPeriph_Driver/src/stm32f10x_cec.c ****   */
 186:lib/STM32F10x_StdPeriph_Driver/src/stm32f10x_cec.c **** void CEC_ITConfig(FunctionalState NewState)
 187:lib/STM32F10x_StdPeriph_Driver/src/stm32f10x_cec.c **** {
 141              		.loc 1 187 0 is_stmt 1
 142              		.cfi_startproc
 143              		@ args = 0, pretend = 0, frame = 0
 144              		@ frame_needed = 0, uses_anonymous_args = 0
 145              		@ link register save eliminated.
 146              	.LVL7:
 188:lib/STM32F10x_StdPeriph_Driver/src/stm32f10x_cec.c ****   /* Check the parameters */
 189:lib/STM32F10x_StdPeriph_Driver/src/stm32f10x_cec.c ****   assert_param(IS_FUNCTIONAL_STATE(NewState));
 190:lib/STM32F10x_StdPeriph_Driver/src/stm32f10x_cec.c **** 
 191:lib/STM32F10x_StdPeriph_Driver/src/stm32f10x_cec.c ****   *(__IO uint32_t *) CFGR_IE_BB = (uint32_t)NewState;
 147              		.loc 1 191 0
 148 004c 014B     		ldr	r3, .L12
 149 004e 1860     		str	r0, [r3]
 150 0050 7047     		bx	lr
 151              	.L13:
 152 0052 00BF     		.align	2
 153              	.L12:
 154 0054 04000F42 		.word	1108279300
 155              		.cfi_endproc
 156              	.LFE32:
 158              		.align	1
 159              		.global	CEC_OwnAddressConfig
 160              		.syntax unified
 161              		.thumb
 162              		.thumb_func
 163              		.fpu softvfp
 165              	CEC_OwnAddressConfig:
 166              	.LFB33:
 192:lib/STM32F10x_StdPeriph_Driver/src/stm32f10x_cec.c **** }
 193:lib/STM32F10x_StdPeriph_Driver/src/stm32f10x_cec.c **** 
 194:lib/STM32F10x_StdPeriph_Driver/src/stm32f10x_cec.c **** /**
 195:lib/STM32F10x_StdPeriph_Driver/src/stm32f10x_cec.c ****   * @brief  Defines the Own Address of the CEC device.
 196:lib/STM32F10x_StdPeriph_Driver/src/stm32f10x_cec.c ****   * @param  CEC_OwnAddress: The CEC own address
 197:lib/STM32F10x_StdPeriph_Driver/src/stm32f10x_cec.c ****   * @retval None
 198:lib/STM32F10x_StdPeriph_Driver/src/stm32f10x_cec.c ****   */
 199:lib/STM32F10x_StdPeriph_Driver/src/stm32f10x_cec.c **** void CEC_OwnAddressConfig(uint8_t CEC_OwnAddress)
 200:lib/STM32F10x_StdPeriph_Driver/src/stm32f10x_cec.c **** {
 167              		.loc 1 200 0
 168              		.cfi_startproc
 169              		@ args = 0, pretend = 0, frame = 0
 170              		@ frame_needed = 0, uses_anonymous_args = 0
 171              		@ link register save eliminated.
 172              	.LVL8:
 201:lib/STM32F10x_StdPeriph_Driver/src/stm32f10x_cec.c ****   /* Check the parameters */
 202:lib/STM32F10x_StdPeriph_Driver/src/stm32f10x_cec.c ****   assert_param(IS_CEC_ADDRESS(CEC_OwnAddress));
 203:lib/STM32F10x_StdPeriph_Driver/src/stm32f10x_cec.c **** 
 204:lib/STM32F10x_StdPeriph_Driver/src/stm32f10x_cec.c ****   /* Set the CEC own address */
 205:lib/STM32F10x_StdPeriph_Driver/src/stm32f10x_cec.c ****   CEC->OAR = CEC_OwnAddress;
 173              		.loc 1 205 0
 174 0058 014B     		ldr	r3, .L15
 175 005a 5860     		str	r0, [r3, #4]
 176 005c 7047     		bx	lr
 177              	.L16:
 178 005e 00BF     		.align	2
 179              	.L15:
 180 0060 00780040 		.word	1073772544
 181              		.cfi_endproc
 182              	.LFE33:
 184              		.align	1
 185              		.global	CEC_SetPrescaler
 186              		.syntax unified
 187              		.thumb
 188              		.thumb_func
 189              		.fpu softvfp
 191              	CEC_SetPrescaler:
 192              	.LFB34:
 206:lib/STM32F10x_StdPeriph_Driver/src/stm32f10x_cec.c **** }
 207:lib/STM32F10x_StdPeriph_Driver/src/stm32f10x_cec.c **** 
 208:lib/STM32F10x_StdPeriph_Driver/src/stm32f10x_cec.c **** /**
 209:lib/STM32F10x_StdPeriph_Driver/src/stm32f10x_cec.c ****   * @brief  Sets the CEC prescaler value.
 210:lib/STM32F10x_StdPeriph_Driver/src/stm32f10x_cec.c ****   * @param  CEC_Prescaler: CEC prescaler new value
 211:lib/STM32F10x_StdPeriph_Driver/src/stm32f10x_cec.c ****   * @retval None
 212:lib/STM32F10x_StdPeriph_Driver/src/stm32f10x_cec.c ****   */
 213:lib/STM32F10x_StdPeriph_Driver/src/stm32f10x_cec.c **** void CEC_SetPrescaler(uint16_t CEC_Prescaler)
 214:lib/STM32F10x_StdPeriph_Driver/src/stm32f10x_cec.c **** {
 193              		.loc 1 214 0
 194              		.cfi_startproc
 195              		@ args = 0, pretend = 0, frame = 0
 196              		@ frame_needed = 0, uses_anonymous_args = 0
 197              		@ link register save eliminated.
 198              	.LVL9:
 215:lib/STM32F10x_StdPeriph_Driver/src/stm32f10x_cec.c ****   /* Check the parameters */
 216:lib/STM32F10x_StdPeriph_Driver/src/stm32f10x_cec.c ****   assert_param(IS_CEC_PRESCALER(CEC_Prescaler));
 217:lib/STM32F10x_StdPeriph_Driver/src/stm32f10x_cec.c **** 
 218:lib/STM32F10x_StdPeriph_Driver/src/stm32f10x_cec.c ****   /* Set the  Prescaler value*/
 219:lib/STM32F10x_StdPeriph_Driver/src/stm32f10x_cec.c ****   CEC->PRES = CEC_Prescaler;
 199              		.loc 1 219 0
 200 0064 014B     		ldr	r3, .L18
 201 0066 9860     		str	r0, [r3, #8]
 202 0068 7047     		bx	lr
 203              	.L19:
 204 006a 00BF     		.align	2
 205              	.L18:
 206 006c 00780040 		.word	1073772544
 207              		.cfi_endproc
 208              	.LFE34:
 210              		.align	1
 211              		.global	CEC_SendDataByte
 212              		.syntax unified
 213              		.thumb
 214              		.thumb_func
 215              		.fpu softvfp
 217              	CEC_SendDataByte:
 218              	.LFB35:
 220:lib/STM32F10x_StdPeriph_Driver/src/stm32f10x_cec.c **** }
 221:lib/STM32F10x_StdPeriph_Driver/src/stm32f10x_cec.c **** 
 222:lib/STM32F10x_StdPeriph_Driver/src/stm32f10x_cec.c **** /**
 223:lib/STM32F10x_StdPeriph_Driver/src/stm32f10x_cec.c ****   * @brief  Transmits single data through the CEC peripheral.
 224:lib/STM32F10x_StdPeriph_Driver/src/stm32f10x_cec.c ****   * @param  Data: the data to transmit.
 225:lib/STM32F10x_StdPeriph_Driver/src/stm32f10x_cec.c ****   * @retval None
 226:lib/STM32F10x_StdPeriph_Driver/src/stm32f10x_cec.c ****   */
 227:lib/STM32F10x_StdPeriph_Driver/src/stm32f10x_cec.c **** void CEC_SendDataByte(uint8_t Data)
 228:lib/STM32F10x_StdPeriph_Driver/src/stm32f10x_cec.c **** {  
 219              		.loc 1 228 0
 220              		.cfi_startproc
 221              		@ args = 0, pretend = 0, frame = 0
 222              		@ frame_needed = 0, uses_anonymous_args = 0
 223              		@ link register save eliminated.
 224              	.LVL10:
 229:lib/STM32F10x_StdPeriph_Driver/src/stm32f10x_cec.c ****   /* Transmit Data */
 230:lib/STM32F10x_StdPeriph_Driver/src/stm32f10x_cec.c ****   CEC->TXD = Data ;
 225              		.loc 1 230 0
 226 0070 014B     		ldr	r3, .L21
 227 0072 5861     		str	r0, [r3, #20]
 228 0074 7047     		bx	lr
 229              	.L22:
 230 0076 00BF     		.align	2
 231              	.L21:
 232 0078 00780040 		.word	1073772544
 233              		.cfi_endproc
 234              	.LFE35:
 236              		.align	1
 237              		.global	CEC_ReceiveDataByte
 238              		.syntax unified
 239              		.thumb
 240              		.thumb_func
 241              		.fpu softvfp
 243              	CEC_ReceiveDataByte:
 244              	.LFB36:
 231:lib/STM32F10x_StdPeriph_Driver/src/stm32f10x_cec.c **** }
 232:lib/STM32F10x_StdPeriph_Driver/src/stm32f10x_cec.c **** 
 233:lib/STM32F10x_StdPeriph_Driver/src/stm32f10x_cec.c **** 
 234:lib/STM32F10x_StdPeriph_Driver/src/stm32f10x_cec.c **** /**
 235:lib/STM32F10x_StdPeriph_Driver/src/stm32f10x_cec.c ****   * @brief  Returns the most recent received data by the CEC peripheral.
 236:lib/STM32F10x_StdPeriph_Driver/src/stm32f10x_cec.c ****   * @param  None
 237:lib/STM32F10x_StdPeriph_Driver/src/stm32f10x_cec.c ****   * @retval The received data.
 238:lib/STM32F10x_StdPeriph_Driver/src/stm32f10x_cec.c ****   */
 239:lib/STM32F10x_StdPeriph_Driver/src/stm32f10x_cec.c **** uint8_t CEC_ReceiveDataByte(void)
 240:lib/STM32F10x_StdPeriph_Driver/src/stm32f10x_cec.c **** {
 245              		.loc 1 240 0
 246              		.cfi_startproc
 247              		@ args = 0, pretend = 0, frame = 0
 248              		@ frame_needed = 0, uses_anonymous_args = 0
 249              		@ link register save eliminated.
 241:lib/STM32F10x_StdPeriph_Driver/src/stm32f10x_cec.c ****   /* Receive Data */
 242:lib/STM32F10x_StdPeriph_Driver/src/stm32f10x_cec.c ****   return (uint8_t)(CEC->RXD);
 250              		.loc 1 242 0
 251 007c 014B     		ldr	r3, .L24
 252 007e 9869     		ldr	r0, [r3, #24]
 243:lib/STM32F10x_StdPeriph_Driver/src/stm32f10x_cec.c **** }
 253              		.loc 1 243 0
 254 0080 C0B2     		uxtb	r0, r0
 255 0082 7047     		bx	lr
 256              	.L25:
 257              		.align	2
 258              	.L24:
 259 0084 00780040 		.word	1073772544
 260              		.cfi_endproc
 261              	.LFE36:
 263              		.align	1
 264              		.global	CEC_StartOfMessage
 265              		.syntax unified
 266              		.thumb
 267              		.thumb_func
 268              		.fpu softvfp
 270              	CEC_StartOfMessage:
 271              	.LFB37:
 244:lib/STM32F10x_StdPeriph_Driver/src/stm32f10x_cec.c **** 
 245:lib/STM32F10x_StdPeriph_Driver/src/stm32f10x_cec.c **** /**
 246:lib/STM32F10x_StdPeriph_Driver/src/stm32f10x_cec.c ****   * @brief  Starts a new message.
 247:lib/STM32F10x_StdPeriph_Driver/src/stm32f10x_cec.c ****   * @param  None
 248:lib/STM32F10x_StdPeriph_Driver/src/stm32f10x_cec.c ****   * @retval None
 249:lib/STM32F10x_StdPeriph_Driver/src/stm32f10x_cec.c ****   */
 250:lib/STM32F10x_StdPeriph_Driver/src/stm32f10x_cec.c **** void CEC_StartOfMessage(void)
 251:lib/STM32F10x_StdPeriph_Driver/src/stm32f10x_cec.c **** {  
 272              		.loc 1 251 0
 273              		.cfi_startproc
 274              		@ args = 0, pretend = 0, frame = 0
 275              		@ frame_needed = 0, uses_anonymous_args = 0
 276              		@ link register save eliminated.
 252:lib/STM32F10x_StdPeriph_Driver/src/stm32f10x_cec.c ****   /* Starts of new message */
 253:lib/STM32F10x_StdPeriph_Driver/src/stm32f10x_cec.c ****   *(__IO uint32_t *) CSR_TSOM_BB = (uint32_t)0x1;
 277              		.loc 1 253 0
 278 0088 0122     		movs	r2, #1
 279 008a 014B     		ldr	r3, .L27
 280 008c 1A60     		str	r2, [r3]
 281 008e 7047     		bx	lr
 282              	.L28:
 283              		.align	2
 284              	.L27:
 285 0090 00020F42 		.word	1108279808
 286              		.cfi_endproc
 287              	.LFE37:
 289              		.align	1
 290              		.global	CEC_EndOfMessageCmd
 291              		.syntax unified
 292              		.thumb
 293              		.thumb_func
 294              		.fpu softvfp
 296              	CEC_EndOfMessageCmd:
 297              	.LFB38:
 254:lib/STM32F10x_StdPeriph_Driver/src/stm32f10x_cec.c **** }
 255:lib/STM32F10x_StdPeriph_Driver/src/stm32f10x_cec.c **** 
 256:lib/STM32F10x_StdPeriph_Driver/src/stm32f10x_cec.c **** /**
 257:lib/STM32F10x_StdPeriph_Driver/src/stm32f10x_cec.c ****   * @brief  Transmits message with or without an EOM bit.
 258:lib/STM32F10x_StdPeriph_Driver/src/stm32f10x_cec.c ****   * @param  NewState: new state of the CEC Tx End Of Message. 
 259:lib/STM32F10x_StdPeriph_Driver/src/stm32f10x_cec.c ****   *     This parameter can be: ENABLE or DISABLE.
 260:lib/STM32F10x_StdPeriph_Driver/src/stm32f10x_cec.c ****   * @retval None
 261:lib/STM32F10x_StdPeriph_Driver/src/stm32f10x_cec.c ****   */
 262:lib/STM32F10x_StdPeriph_Driver/src/stm32f10x_cec.c **** void CEC_EndOfMessageCmd(FunctionalState NewState)
 263:lib/STM32F10x_StdPeriph_Driver/src/stm32f10x_cec.c **** {   
 298              		.loc 1 263 0
 299              		.cfi_startproc
 300              		@ args = 0, pretend = 0, frame = 0
 301              		@ frame_needed = 0, uses_anonymous_args = 0
 302              		@ link register save eliminated.
 303              	.LVL11:
 264:lib/STM32F10x_StdPeriph_Driver/src/stm32f10x_cec.c ****   /* Check the parameters */
 265:lib/STM32F10x_StdPeriph_Driver/src/stm32f10x_cec.c ****   assert_param(IS_FUNCTIONAL_STATE(NewState));
 266:lib/STM32F10x_StdPeriph_Driver/src/stm32f10x_cec.c ****   
 267:lib/STM32F10x_StdPeriph_Driver/src/stm32f10x_cec.c ****   /* The data byte will be transmitted with or without an EOM bit*/
 268:lib/STM32F10x_StdPeriph_Driver/src/stm32f10x_cec.c ****   *(__IO uint32_t *) CSR_TEOM_BB = (uint32_t)NewState;
 304              		.loc 1 268 0
 305 0094 014B     		ldr	r3, .L30
 306 0096 1860     		str	r0, [r3]
 307 0098 7047     		bx	lr
 308              	.L31:
 309 009a 00BF     		.align	2
 310              	.L30:
 311 009c 04020F42 		.word	1108279812
 312              		.cfi_endproc
 313              	.LFE38:
 315              		.align	1
 316              		.global	CEC_GetFlagStatus
 317              		.syntax unified
 318              		.thumb
 319              		.thumb_func
 320              		.fpu softvfp
 322              	CEC_GetFlagStatus:
 323              	.LFB39:
 269:lib/STM32F10x_StdPeriph_Driver/src/stm32f10x_cec.c **** }
 270:lib/STM32F10x_StdPeriph_Driver/src/stm32f10x_cec.c **** 
 271:lib/STM32F10x_StdPeriph_Driver/src/stm32f10x_cec.c **** /**
 272:lib/STM32F10x_StdPeriph_Driver/src/stm32f10x_cec.c ****   * @brief  Gets the CEC flag status
 273:lib/STM32F10x_StdPeriph_Driver/src/stm32f10x_cec.c ****   * @param  CEC_FLAG: specifies the CEC flag to check. 
 274:lib/STM32F10x_StdPeriph_Driver/src/stm32f10x_cec.c ****   *   This parameter can be one of the following values:
 275:lib/STM32F10x_StdPeriph_Driver/src/stm32f10x_cec.c ****   *     @arg CEC_FLAG_BTE: Bit Timing Error
 276:lib/STM32F10x_StdPeriph_Driver/src/stm32f10x_cec.c ****   *     @arg CEC_FLAG_BPE: Bit Period Error
 277:lib/STM32F10x_StdPeriph_Driver/src/stm32f10x_cec.c ****   *     @arg CEC_FLAG_RBTFE: Rx Block Transfer Finished Error
 278:lib/STM32F10x_StdPeriph_Driver/src/stm32f10x_cec.c ****   *     @arg CEC_FLAG_SBE: Start Bit Error
 279:lib/STM32F10x_StdPeriph_Driver/src/stm32f10x_cec.c ****   *     @arg CEC_FLAG_ACKE: Block Acknowledge Error
 280:lib/STM32F10x_StdPeriph_Driver/src/stm32f10x_cec.c ****   *     @arg CEC_FLAG_LINE: Line Error
 281:lib/STM32F10x_StdPeriph_Driver/src/stm32f10x_cec.c ****   *     @arg CEC_FLAG_TBTFE: Tx Block Transfer Finished Error
 282:lib/STM32F10x_StdPeriph_Driver/src/stm32f10x_cec.c ****   *     @arg CEC_FLAG_TEOM: Tx End Of Message 
 283:lib/STM32F10x_StdPeriph_Driver/src/stm32f10x_cec.c ****   *     @arg CEC_FLAG_TERR: Tx Error
 284:lib/STM32F10x_StdPeriph_Driver/src/stm32f10x_cec.c ****   *     @arg CEC_FLAG_TBTRF: Tx Byte Transfer Request or Block Transfer Finished
 285:lib/STM32F10x_StdPeriph_Driver/src/stm32f10x_cec.c ****   *     @arg CEC_FLAG_RSOM: Rx Start Of Message
 286:lib/STM32F10x_StdPeriph_Driver/src/stm32f10x_cec.c ****   *     @arg CEC_FLAG_REOM: Rx End Of Message
 287:lib/STM32F10x_StdPeriph_Driver/src/stm32f10x_cec.c ****   *     @arg CEC_FLAG_RERR: Rx Error
 288:lib/STM32F10x_StdPeriph_Driver/src/stm32f10x_cec.c ****   *     @arg CEC_FLAG_RBTF: Rx Byte/Block Transfer Finished
 289:lib/STM32F10x_StdPeriph_Driver/src/stm32f10x_cec.c ****   * @retval The new state of CEC_FLAG (SET or RESET)
 290:lib/STM32F10x_StdPeriph_Driver/src/stm32f10x_cec.c ****   */
 291:lib/STM32F10x_StdPeriph_Driver/src/stm32f10x_cec.c **** FlagStatus CEC_GetFlagStatus(uint32_t CEC_FLAG) 
 292:lib/STM32F10x_StdPeriph_Driver/src/stm32f10x_cec.c **** {
 324              		.loc 1 292 0
 325              		.cfi_startproc
 326              		@ args = 0, pretend = 0, frame = 0
 327              		@ frame_needed = 0, uses_anonymous_args = 0
 328              		@ link register save eliminated.
 329              	.LVL12:
 293:lib/STM32F10x_StdPeriph_Driver/src/stm32f10x_cec.c ****   FlagStatus bitstatus = RESET;
 294:lib/STM32F10x_StdPeriph_Driver/src/stm32f10x_cec.c ****   uint32_t cecreg = 0, cecbase = 0;
 295:lib/STM32F10x_StdPeriph_Driver/src/stm32f10x_cec.c ****   
 296:lib/STM32F10x_StdPeriph_Driver/src/stm32f10x_cec.c ****   /* Check the parameters */
 297:lib/STM32F10x_StdPeriph_Driver/src/stm32f10x_cec.c ****   assert_param(IS_CEC_GET_FLAG(CEC_FLAG));
 298:lib/STM32F10x_StdPeriph_Driver/src/stm32f10x_cec.c ****  
 299:lib/STM32F10x_StdPeriph_Driver/src/stm32f10x_cec.c ****   /* Get the CEC peripheral base address */
 300:lib/STM32F10x_StdPeriph_Driver/src/stm32f10x_cec.c ****   cecbase = (uint32_t)(CEC_BASE);
 301:lib/STM32F10x_StdPeriph_Driver/src/stm32f10x_cec.c ****   
 302:lib/STM32F10x_StdPeriph_Driver/src/stm32f10x_cec.c ****   /* Read flag register index */
 303:lib/STM32F10x_StdPeriph_Driver/src/stm32f10x_cec.c ****   cecreg = CEC_FLAG >> 28;
 304:lib/STM32F10x_StdPeriph_Driver/src/stm32f10x_cec.c ****   
 305:lib/STM32F10x_StdPeriph_Driver/src/stm32f10x_cec.c ****   /* Get bit[23:0] of the flag */
 306:lib/STM32F10x_StdPeriph_Driver/src/stm32f10x_cec.c ****   CEC_FLAG &= FLAG_Mask;
 307:lib/STM32F10x_StdPeriph_Driver/src/stm32f10x_cec.c ****   
 308:lib/STM32F10x_StdPeriph_Driver/src/stm32f10x_cec.c ****   if(cecreg != 0)
 330              		.loc 1 308 0
 331 00a0 020F     		lsrs	r2, r0, #28
 309:lib/STM32F10x_StdPeriph_Driver/src/stm32f10x_cec.c ****   {
 310:lib/STM32F10x_StdPeriph_Driver/src/stm32f10x_cec.c ****     /* Flag in CEC ESR Register */
 311:lib/STM32F10x_StdPeriph_Driver/src/stm32f10x_cec.c ****     CEC_FLAG = (uint32_t)(CEC_FLAG >> 16);
 312:lib/STM32F10x_StdPeriph_Driver/src/stm32f10x_cec.c ****     
 313:lib/STM32F10x_StdPeriph_Driver/src/stm32f10x_cec.c ****     /* Get the CEC ESR register address */
 314:lib/STM32F10x_StdPeriph_Driver/src/stm32f10x_cec.c ****     cecbase += 0xC;
 332              		.loc 1 314 0
 333 00a2 14BF     		ite	ne
 334 00a4 054A     		ldrne	r2, .L35
 315:lib/STM32F10x_StdPeriph_Driver/src/stm32f10x_cec.c ****   }
 316:lib/STM32F10x_StdPeriph_Driver/src/stm32f10x_cec.c ****   else
 317:lib/STM32F10x_StdPeriph_Driver/src/stm32f10x_cec.c ****   {
 318:lib/STM32F10x_StdPeriph_Driver/src/stm32f10x_cec.c ****     /* Get the CEC CSR register address */
 319:lib/STM32F10x_StdPeriph_Driver/src/stm32f10x_cec.c ****     cecbase += 0x10;
 335              		.loc 1 319 0
 336 00a6 064A     		ldreq	r2, .L35+4
 306:lib/STM32F10x_StdPeriph_Driver/src/stm32f10x_cec.c ****   
 337              		.loc 1 306 0
 338 00a8 20F07F43 		bic	r3, r0, #-16777216
 339              	.LVL13:
 320:lib/STM32F10x_StdPeriph_Driver/src/stm32f10x_cec.c ****   }
 321:lib/STM32F10x_StdPeriph_Driver/src/stm32f10x_cec.c ****   
 322:lib/STM32F10x_StdPeriph_Driver/src/stm32f10x_cec.c ****   if(((*(__IO uint32_t *)cecbase) & CEC_FLAG) != (uint32_t)RESET)
 340              		.loc 1 322 0
 341 00ac 1268     		ldr	r2, [r2]
 311:lib/STM32F10x_StdPeriph_Driver/src/stm32f10x_cec.c ****     
 342              		.loc 1 311 0
 343 00ae 18BF     		it	ne
 344 00b0 1B0C     		lsrne	r3, r3, #16
 345              	.LVL14:
 346              		.loc 1 322 0
 347 00b2 1342     		tst	r3, r2
 323:lib/STM32F10x_StdPeriph_Driver/src/stm32f10x_cec.c ****   {
 324:lib/STM32F10x_StdPeriph_Driver/src/stm32f10x_cec.c ****     /* CEC_FLAG is set */
 325:lib/STM32F10x_StdPeriph_Driver/src/stm32f10x_cec.c ****     bitstatus = SET;
 326:lib/STM32F10x_StdPeriph_Driver/src/stm32f10x_cec.c ****   }
 327:lib/STM32F10x_StdPeriph_Driver/src/stm32f10x_cec.c ****   else
 328:lib/STM32F10x_StdPeriph_Driver/src/stm32f10x_cec.c ****   {
 329:lib/STM32F10x_StdPeriph_Driver/src/stm32f10x_cec.c ****     /* CEC_FLAG is reset */
 330:lib/STM32F10x_StdPeriph_Driver/src/stm32f10x_cec.c ****     bitstatus = RESET;
 331:lib/STM32F10x_StdPeriph_Driver/src/stm32f10x_cec.c ****   }
 332:lib/STM32F10x_StdPeriph_Driver/src/stm32f10x_cec.c ****   
 333:lib/STM32F10x_StdPeriph_Driver/src/stm32f10x_cec.c ****   /* Return the CEC_FLAG status */
 334:lib/STM32F10x_StdPeriph_Driver/src/stm32f10x_cec.c ****   return  bitstatus;
 335:lib/STM32F10x_StdPeriph_Driver/src/stm32f10x_cec.c **** }
 348              		.loc 1 335 0
 349 00b4 14BF     		ite	ne
 350 00b6 0120     		movne	r0, #1
 351              	.LVL15:
 352 00b8 0020     		moveq	r0, #0
 353 00ba 7047     		bx	lr
 354              	.L36:
 355              		.align	2
 356              	.L35:
 357 00bc 0C780040 		.word	1073772556
 358 00c0 10780040 		.word	1073772560
 359              		.cfi_endproc
 360              	.LFE39:
 362              		.align	1
 363              		.global	CEC_ClearFlag
 364              		.syntax unified
 365              		.thumb
 366              		.thumb_func
 367              		.fpu softvfp
 369              	CEC_ClearFlag:
 370              	.LFB40:
 336:lib/STM32F10x_StdPeriph_Driver/src/stm32f10x_cec.c **** 
 337:lib/STM32F10x_StdPeriph_Driver/src/stm32f10x_cec.c **** /**
 338:lib/STM32F10x_StdPeriph_Driver/src/stm32f10x_cec.c ****   * @brief  Clears the CEC's pending flags.
 339:lib/STM32F10x_StdPeriph_Driver/src/stm32f10x_cec.c ****   * @param  CEC_FLAG: specifies the flag to clear. 
 340:lib/STM32F10x_StdPeriph_Driver/src/stm32f10x_cec.c ****   *   This parameter can be any combination of the following values:
 341:lib/STM32F10x_StdPeriph_Driver/src/stm32f10x_cec.c ****   *     @arg CEC_FLAG_TERR: Tx Error
 342:lib/STM32F10x_StdPeriph_Driver/src/stm32f10x_cec.c ****   *     @arg CEC_FLAG_TBTRF: Tx Byte Transfer Request or Block Transfer Finished
 343:lib/STM32F10x_StdPeriph_Driver/src/stm32f10x_cec.c ****   *     @arg CEC_FLAG_RSOM: Rx Start Of Message
 344:lib/STM32F10x_StdPeriph_Driver/src/stm32f10x_cec.c ****   *     @arg CEC_FLAG_REOM: Rx End Of Message
 345:lib/STM32F10x_StdPeriph_Driver/src/stm32f10x_cec.c ****   *     @arg CEC_FLAG_RERR: Rx Error
 346:lib/STM32F10x_StdPeriph_Driver/src/stm32f10x_cec.c ****   *     @arg CEC_FLAG_RBTF: Rx Byte/Block Transfer Finished
 347:lib/STM32F10x_StdPeriph_Driver/src/stm32f10x_cec.c ****   * @retval None
 348:lib/STM32F10x_StdPeriph_Driver/src/stm32f10x_cec.c ****   */
 349:lib/STM32F10x_StdPeriph_Driver/src/stm32f10x_cec.c **** void CEC_ClearFlag(uint32_t CEC_FLAG)
 350:lib/STM32F10x_StdPeriph_Driver/src/stm32f10x_cec.c **** { 
 371              		.loc 1 350 0
 372              		.cfi_startproc
 373              		@ args = 0, pretend = 0, frame = 0
 374              		@ frame_needed = 0, uses_anonymous_args = 0
 375              		@ link register save eliminated.
 376              	.LVL16:
 351:lib/STM32F10x_StdPeriph_Driver/src/stm32f10x_cec.c ****   uint32_t tmp = 0x0;
 352:lib/STM32F10x_StdPeriph_Driver/src/stm32f10x_cec.c ****   
 353:lib/STM32F10x_StdPeriph_Driver/src/stm32f10x_cec.c ****   /* Check the parameters */
 354:lib/STM32F10x_StdPeriph_Driver/src/stm32f10x_cec.c ****   assert_param(IS_CEC_CLEAR_FLAG(CEC_FLAG));
 355:lib/STM32F10x_StdPeriph_Driver/src/stm32f10x_cec.c **** 
 356:lib/STM32F10x_StdPeriph_Driver/src/stm32f10x_cec.c ****   tmp = CEC->CSR & 0x2;
 357:lib/STM32F10x_StdPeriph_Driver/src/stm32f10x_cec.c ****        
 358:lib/STM32F10x_StdPeriph_Driver/src/stm32f10x_cec.c ****   /* Clear the selected CEC flags */
 359:lib/STM32F10x_StdPeriph_Driver/src/stm32f10x_cec.c ****   CEC->CSR &= (uint32_t)(((~(uint32_t)CEC_FLAG) & 0xFFFFFFFC) | tmp);
 377              		.loc 1 359 0
 378 00c4 C043     		mvns	r0, r0
 379              	.LVL17:
 356:lib/STM32F10x_StdPeriph_Driver/src/stm32f10x_cec.c ****        
 380              		.loc 1 356 0
 381 00c6 054B     		ldr	r3, .L38
 382              		.loc 1 359 0
 383 00c8 20F00300 		bic	r0, r0, #3
 384              	.LVL18:
 356:lib/STM32F10x_StdPeriph_Driver/src/stm32f10x_cec.c ****        
 385              		.loc 1 356 0
 386 00cc 1A69     		ldr	r2, [r3, #16]
 387              	.LVL19:
 388              		.loc 1 359 0
 389 00ce 1969     		ldr	r1, [r3, #16]
 356:lib/STM32F10x_StdPeriph_Driver/src/stm32f10x_cec.c ****        
 390              		.loc 1 356 0
 391 00d0 02F00202 		and	r2, r2, #2
 392              	.LVL20:
 393              		.loc 1 359 0
 394 00d4 1043     		orrs	r0, r0, r2
 395 00d6 0840     		ands	r0, r0, r1
 396 00d8 1861     		str	r0, [r3, #16]
 397 00da 7047     		bx	lr
 398              	.L39:
 399              		.align	2
 400              	.L38:
 401 00dc 00780040 		.word	1073772544
 402              		.cfi_endproc
 403              	.LFE40:
 405              		.align	1
 406              		.global	CEC_GetITStatus
 407              		.syntax unified
 408              		.thumb
 409              		.thumb_func
 410              		.fpu softvfp
 412              	CEC_GetITStatus:
 413              	.LFB41:
 360:lib/STM32F10x_StdPeriph_Driver/src/stm32f10x_cec.c **** }
 361:lib/STM32F10x_StdPeriph_Driver/src/stm32f10x_cec.c **** 
 362:lib/STM32F10x_StdPeriph_Driver/src/stm32f10x_cec.c **** /**
 363:lib/STM32F10x_StdPeriph_Driver/src/stm32f10x_cec.c ****   * @brief  Checks whether the specified CEC interrupt has occurred or not.
 364:lib/STM32F10x_StdPeriph_Driver/src/stm32f10x_cec.c ****   * @param  CEC_IT: specifies the CEC interrupt source to check. 
 365:lib/STM32F10x_StdPeriph_Driver/src/stm32f10x_cec.c ****   *   This parameter can be one of the following values:
 366:lib/STM32F10x_StdPeriph_Driver/src/stm32f10x_cec.c ****   *     @arg CEC_IT_TERR: Tx Error
 367:lib/STM32F10x_StdPeriph_Driver/src/stm32f10x_cec.c ****   *     @arg CEC_IT_TBTF: Tx Block Transfer Finished
 368:lib/STM32F10x_StdPeriph_Driver/src/stm32f10x_cec.c ****   *     @arg CEC_IT_RERR: Rx Error
 369:lib/STM32F10x_StdPeriph_Driver/src/stm32f10x_cec.c ****   *     @arg CEC_IT_RBTF: Rx Block Transfer Finished
 370:lib/STM32F10x_StdPeriph_Driver/src/stm32f10x_cec.c ****   * @retval The new state of CEC_IT (SET or RESET).
 371:lib/STM32F10x_StdPeriph_Driver/src/stm32f10x_cec.c ****   */
 372:lib/STM32F10x_StdPeriph_Driver/src/stm32f10x_cec.c **** ITStatus CEC_GetITStatus(uint8_t CEC_IT)
 373:lib/STM32F10x_StdPeriph_Driver/src/stm32f10x_cec.c **** {
 414              		.loc 1 373 0
 415              		.cfi_startproc
 416              		@ args = 0, pretend = 0, frame = 0
 417              		@ frame_needed = 0, uses_anonymous_args = 0
 418              		@ link register save eliminated.
 419              	.LVL21:
 374:lib/STM32F10x_StdPeriph_Driver/src/stm32f10x_cec.c ****   ITStatus bitstatus = RESET;
 375:lib/STM32F10x_StdPeriph_Driver/src/stm32f10x_cec.c ****   uint32_t enablestatus = 0;
 376:lib/STM32F10x_StdPeriph_Driver/src/stm32f10x_cec.c ****   
 377:lib/STM32F10x_StdPeriph_Driver/src/stm32f10x_cec.c ****   /* Check the parameters */
 378:lib/STM32F10x_StdPeriph_Driver/src/stm32f10x_cec.c ****    assert_param(IS_CEC_GET_IT(CEC_IT));
 379:lib/STM32F10x_StdPeriph_Driver/src/stm32f10x_cec.c ****    
 380:lib/STM32F10x_StdPeriph_Driver/src/stm32f10x_cec.c ****   /* Get the CEC IT enable bit status */
 381:lib/STM32F10x_StdPeriph_Driver/src/stm32f10x_cec.c ****   enablestatus = (CEC->CFGR & (uint8_t)CEC_CFGR_IE) ;
 420              		.loc 1 381 0
 421 00e0 034A     		ldr	r2, .L43
 422 00e2 1168     		ldr	r1, [r2]
 423              	.LVL22:
 382:lib/STM32F10x_StdPeriph_Driver/src/stm32f10x_cec.c ****   
 383:lib/STM32F10x_StdPeriph_Driver/src/stm32f10x_cec.c ****   /* Check the status of the specified CEC interrupt */
 384:lib/STM32F10x_StdPeriph_Driver/src/stm32f10x_cec.c ****   if (((CEC->CSR & CEC_IT) != (uint32_t)RESET) && enablestatus)
 424              		.loc 1 384 0
 425 00e4 1369     		ldr	r3, [r2, #16]
 426 00e6 1840     		ands	r0, r0, r3
 427              	.LVL23:
 428 00e8 18BF     		it	ne
 429 00ea C1F34000 		ubfxne	r0, r1, #1, #1
 430              	.LVL24:
 385:lib/STM32F10x_StdPeriph_Driver/src/stm32f10x_cec.c ****   {
 386:lib/STM32F10x_StdPeriph_Driver/src/stm32f10x_cec.c ****     /* CEC_IT is set */
 387:lib/STM32F10x_StdPeriph_Driver/src/stm32f10x_cec.c ****     bitstatus = SET;
 388:lib/STM32F10x_StdPeriph_Driver/src/stm32f10x_cec.c ****   }
 389:lib/STM32F10x_StdPeriph_Driver/src/stm32f10x_cec.c ****   else
 390:lib/STM32F10x_StdPeriph_Driver/src/stm32f10x_cec.c ****   {
 391:lib/STM32F10x_StdPeriph_Driver/src/stm32f10x_cec.c ****     /* CEC_IT is reset */
 392:lib/STM32F10x_StdPeriph_Driver/src/stm32f10x_cec.c ****     bitstatus = RESET;
 393:lib/STM32F10x_StdPeriph_Driver/src/stm32f10x_cec.c ****   }
 394:lib/STM32F10x_StdPeriph_Driver/src/stm32f10x_cec.c ****   /* Return the CEC_IT status */
 395:lib/STM32F10x_StdPeriph_Driver/src/stm32f10x_cec.c ****   return  bitstatus;
 396:lib/STM32F10x_StdPeriph_Driver/src/stm32f10x_cec.c **** }
 431              		.loc 1 396 0
 432 00ee 7047     		bx	lr
 433              	.L44:
 434              		.align	2
 435              	.L43:
 436 00f0 00780040 		.word	1073772544
 437              		.cfi_endproc
 438              	.LFE41:
 440              		.align	1
 441              		.global	CEC_ClearITPendingBit
 442              		.syntax unified
 443              		.thumb
 444              		.thumb_func
 445              		.fpu softvfp
 447              	CEC_ClearITPendingBit:
 448              	.LFB42:
 397:lib/STM32F10x_StdPeriph_Driver/src/stm32f10x_cec.c **** 
 398:lib/STM32F10x_StdPeriph_Driver/src/stm32f10x_cec.c **** /**
 399:lib/STM32F10x_StdPeriph_Driver/src/stm32f10x_cec.c ****   * @brief  Clears the CEC's interrupt pending bits.
 400:lib/STM32F10x_StdPeriph_Driver/src/stm32f10x_cec.c ****   * @param  CEC_IT: specifies the CEC interrupt pending bit to clear.
 401:lib/STM32F10x_StdPeriph_Driver/src/stm32f10x_cec.c ****   *   This parameter can be any combination of the following values:
 402:lib/STM32F10x_StdPeriph_Driver/src/stm32f10x_cec.c ****   *     @arg CEC_IT_TERR: Tx Error
 403:lib/STM32F10x_StdPeriph_Driver/src/stm32f10x_cec.c ****   *     @arg CEC_IT_TBTF: Tx Block Transfer Finished
 404:lib/STM32F10x_StdPeriph_Driver/src/stm32f10x_cec.c ****   *     @arg CEC_IT_RERR: Rx Error
 405:lib/STM32F10x_StdPeriph_Driver/src/stm32f10x_cec.c ****   *     @arg CEC_IT_RBTF: Rx Block Transfer Finished
 406:lib/STM32F10x_StdPeriph_Driver/src/stm32f10x_cec.c ****   * @retval None
 407:lib/STM32F10x_StdPeriph_Driver/src/stm32f10x_cec.c ****   */
 408:lib/STM32F10x_StdPeriph_Driver/src/stm32f10x_cec.c **** void CEC_ClearITPendingBit(uint16_t CEC_IT)
 409:lib/STM32F10x_StdPeriph_Driver/src/stm32f10x_cec.c **** {
 449              		.loc 1 409 0
 450              		.cfi_startproc
 451              		@ args = 0, pretend = 0, frame = 0
 452              		@ frame_needed = 0, uses_anonymous_args = 0
 453              		@ link register save eliminated.
 454              	.LVL25:
 410:lib/STM32F10x_StdPeriph_Driver/src/stm32f10x_cec.c ****   uint32_t tmp = 0x0;
 411:lib/STM32F10x_StdPeriph_Driver/src/stm32f10x_cec.c ****   
 412:lib/STM32F10x_StdPeriph_Driver/src/stm32f10x_cec.c ****   /* Check the parameters */
 413:lib/STM32F10x_StdPeriph_Driver/src/stm32f10x_cec.c ****   assert_param(IS_CEC_GET_IT(CEC_IT));
 414:lib/STM32F10x_StdPeriph_Driver/src/stm32f10x_cec.c ****   
 415:lib/STM32F10x_StdPeriph_Driver/src/stm32f10x_cec.c ****   tmp = CEC->CSR & 0x2;
 416:lib/STM32F10x_StdPeriph_Driver/src/stm32f10x_cec.c ****   
 417:lib/STM32F10x_StdPeriph_Driver/src/stm32f10x_cec.c ****   /* Clear the selected CEC interrupt pending bits */
 418:lib/STM32F10x_StdPeriph_Driver/src/stm32f10x_cec.c ****   CEC->CSR &= (uint32_t)(((~(uint32_t)CEC_IT) & 0xFFFFFFFC) | tmp);
 455              		.loc 1 418 0
 456 00f4 C043     		mvns	r0, r0
 457              	.LVL26:
 415:lib/STM32F10x_StdPeriph_Driver/src/stm32f10x_cec.c ****   
 458              		.loc 1 415 0
 459 00f6 054B     		ldr	r3, .L46
 460              		.loc 1 418 0
 461 00f8 20F00300 		bic	r0, r0, #3
 415:lib/STM32F10x_StdPeriph_Driver/src/stm32f10x_cec.c ****   
 462              		.loc 1 415 0
 463 00fc 1A69     		ldr	r2, [r3, #16]
 464              	.LVL27:
 465              		.loc 1 418 0
 466 00fe 1969     		ldr	r1, [r3, #16]
 415:lib/STM32F10x_StdPeriph_Driver/src/stm32f10x_cec.c ****   
 467              		.loc 1 415 0
 468 0100 02F00202 		and	r2, r2, #2
 469              	.LVL28:
 470              		.loc 1 418 0
 471 0104 1043     		orrs	r0, r0, r2
 472 0106 0840     		ands	r0, r0, r1
 473 0108 1861     		str	r0, [r3, #16]
 474 010a 7047     		bx	lr
 475              	.L47:
 476              		.align	2
 477              	.L46:
 478 010c 00780040 		.word	1073772544
 479              		.cfi_endproc
 480              	.LFE42:
 482              	.Letext0:
 483              		.file 2 "/opt/gcc-arm/gcc-arm-none-eabi-6_2-2016q4/arm-none-eabi/include/machine/_default_types.h"
 484              		.file 3 "/opt/gcc-arm/gcc-arm-none-eabi-6_2-2016q4/arm-none-eabi/include/sys/_stdint.h"
 485              		.file 4 "./lib/CMSIS/CM3/CoreSupport/core_cm3.h"
 486              		.file 5 "./lib/CMSIS/CM3/DeviceSupport/ST/STM32F10x/system_stm32f10x.h"
 487              		.file 6 "./lib/CMSIS/CM3/DeviceSupport/ST/STM32F10x/stm32f10x.h"
 488              		.file 7 "./lib/STM32F10x_StdPeriph_Driver/inc/stm32f10x_cec.h"
 489              		.file 8 "./lib/STM32F10x_StdPeriph_Driver/inc/stm32f10x_rcc.h"
DEFINED SYMBOLS
                            *ABS*:0000000000000000 stm32f10x_cec.c
     /tmp/ccA1HROh.s:15     .text:0000000000000000 $t
     /tmp/ccA1HROh.s:22     .text:0000000000000000 CEC_DeInit
     /tmp/ccA1HROh.s:60     .text:000000000000001a CEC_Init
     /tmp/ccA1HROh.s:91     .text:0000000000000030 $d
     /tmp/ccA1HROh.s:95     .text:0000000000000034 $t
     /tmp/ccA1HROh.s:102    .text:0000000000000034 CEC_Cmd
     /tmp/ccA1HROh.s:127    .text:0000000000000044 $d
     /tmp/ccA1HROh.s:132    .text:000000000000004c $t
     /tmp/ccA1HROh.s:139    .text:000000000000004c CEC_ITConfig
     /tmp/ccA1HROh.s:154    .text:0000000000000054 $d
     /tmp/ccA1HROh.s:158    .text:0000000000000058 $t
     /tmp/ccA1HROh.s:165    .text:0000000000000058 CEC_OwnAddressConfig
     /tmp/ccA1HROh.s:180    .text:0000000000000060 $d
     /tmp/ccA1HROh.s:184    .text:0000000000000064 $t
     /tmp/ccA1HROh.s:191    .text:0000000000000064 CEC_SetPrescaler
     /tmp/ccA1HROh.s:206    .text:000000000000006c $d
     /tmp/ccA1HROh.s:210    .text:0000000000000070 $t
     /tmp/ccA1HROh.s:217    .text:0000000000000070 CEC_SendDataByte
     /tmp/ccA1HROh.s:232    .text:0000000000000078 $d
     /tmp/ccA1HROh.s:236    .text:000000000000007c $t
     /tmp/ccA1HROh.s:243    .text:000000000000007c CEC_ReceiveDataByte
     /tmp/ccA1HROh.s:259    .text:0000000000000084 $d
     /tmp/ccA1HROh.s:263    .text:0000000000000088 $t
     /tmp/ccA1HROh.s:270    .text:0000000000000088 CEC_StartOfMessage
     /tmp/ccA1HROh.s:285    .text:0000000000000090 $d
     /tmp/ccA1HROh.s:289    .text:0000000000000094 $t
     /tmp/ccA1HROh.s:296    .text:0000000000000094 CEC_EndOfMessageCmd
     /tmp/ccA1HROh.s:311    .text:000000000000009c $d
     /tmp/ccA1HROh.s:315    .text:00000000000000a0 $t
     /tmp/ccA1HROh.s:322    .text:00000000000000a0 CEC_GetFlagStatus
     /tmp/ccA1HROh.s:357    .text:00000000000000bc $d
     /tmp/ccA1HROh.s:362    .text:00000000000000c4 $t
     /tmp/ccA1HROh.s:369    .text:00000000000000c4 CEC_ClearFlag
     /tmp/ccA1HROh.s:401    .text:00000000000000dc $d
     /tmp/ccA1HROh.s:405    .text:00000000000000e0 $t
     /tmp/ccA1HROh.s:412    .text:00000000000000e0 CEC_GetITStatus
     /tmp/ccA1HROh.s:436    .text:00000000000000f0 $d
     /tmp/ccA1HROh.s:440    .text:00000000000000f4 $t
     /tmp/ccA1HROh.s:447    .text:00000000000000f4 CEC_ClearITPendingBit
     /tmp/ccA1HROh.s:478    .text:000000000000010c $d
                     .debug_frame:0000000000000010 $d

UNDEFINED SYMBOLS
RCC_APB1PeriphResetCmd
