   1              		.cpu cortex-m3
   2              		.eabi_attribute 20, 1
   3              		.eabi_attribute 21, 1
   4              		.eabi_attribute 23, 3
   5              		.eabi_attribute 24, 1
   6              		.eabi_attribute 25, 1
   7              		.eabi_attribute 26, 1
   8              		.eabi_attribute 30, 4
   9              		.eabi_attribute 34, 1
  10              		.eabi_attribute 18, 4
  11              		.file	"stm32f10x_dac.c"
  12              		.text
  13              	.Ltext0:
  14              		.cfi_sections	.debug_frame
  15              		.align	1
  16              		.global	DAC_DeInit
  17              		.syntax unified
  18              		.thumb
  19              		.thumb_func
  20              		.fpu softvfp
  22              	DAC_DeInit:
  23              	.LFB29:
  24              		.file 1 "lib/STM32F10x_StdPeriph_Driver/src/stm32f10x_dac.c"
   1:lib/STM32F10x_StdPeriph_Driver/src/stm32f10x_dac.c **** /**
   2:lib/STM32F10x_StdPeriph_Driver/src/stm32f10x_dac.c ****   ******************************************************************************
   3:lib/STM32F10x_StdPeriph_Driver/src/stm32f10x_dac.c ****   * @file    stm32f10x_dac.c
   4:lib/STM32F10x_StdPeriph_Driver/src/stm32f10x_dac.c ****   * @author  MCD Application Team
   5:lib/STM32F10x_StdPeriph_Driver/src/stm32f10x_dac.c ****   * @version V3.5.0
   6:lib/STM32F10x_StdPeriph_Driver/src/stm32f10x_dac.c ****   * @date    11-March-2011
   7:lib/STM32F10x_StdPeriph_Driver/src/stm32f10x_dac.c ****   * @brief   This file provides all the DAC firmware functions.
   8:lib/STM32F10x_StdPeriph_Driver/src/stm32f10x_dac.c ****   ******************************************************************************
   9:lib/STM32F10x_StdPeriph_Driver/src/stm32f10x_dac.c ****   * @attention
  10:lib/STM32F10x_StdPeriph_Driver/src/stm32f10x_dac.c ****   *
  11:lib/STM32F10x_StdPeriph_Driver/src/stm32f10x_dac.c ****   * THE PRESENT FIRMWARE WHICH IS FOR GUIDANCE ONLY AIMS AT PROVIDING CUSTOMERS
  12:lib/STM32F10x_StdPeriph_Driver/src/stm32f10x_dac.c ****   * WITH CODING INFORMATION REGARDING THEIR PRODUCTS IN ORDER FOR THEM TO SAVE
  13:lib/STM32F10x_StdPeriph_Driver/src/stm32f10x_dac.c ****   * TIME. AS A RESULT, STMICROELECTRONICS SHALL NOT BE HELD LIABLE FOR ANY
  14:lib/STM32F10x_StdPeriph_Driver/src/stm32f10x_dac.c ****   * DIRECT, INDIRECT OR CONSEQUENTIAL DAMAGES WITH RESPECT TO ANY CLAIMS ARISING
  15:lib/STM32F10x_StdPeriph_Driver/src/stm32f10x_dac.c ****   * FROM THE CONTENT OF SUCH FIRMWARE AND/OR THE USE MADE BY CUSTOMERS OF THE
  16:lib/STM32F10x_StdPeriph_Driver/src/stm32f10x_dac.c ****   * CODING INFORMATION CONTAINED HEREIN IN CONNECTION WITH THEIR PRODUCTS.
  17:lib/STM32F10x_StdPeriph_Driver/src/stm32f10x_dac.c ****   *
  18:lib/STM32F10x_StdPeriph_Driver/src/stm32f10x_dac.c ****   * <h2><center>&copy; COPYRIGHT 2011 STMicroelectronics</center></h2>
  19:lib/STM32F10x_StdPeriph_Driver/src/stm32f10x_dac.c ****   ******************************************************************************
  20:lib/STM32F10x_StdPeriph_Driver/src/stm32f10x_dac.c ****   */
  21:lib/STM32F10x_StdPeriph_Driver/src/stm32f10x_dac.c **** 
  22:lib/STM32F10x_StdPeriph_Driver/src/stm32f10x_dac.c **** /* Includes ------------------------------------------------------------------*/
  23:lib/STM32F10x_StdPeriph_Driver/src/stm32f10x_dac.c **** #include "stm32f10x_dac.h"
  24:lib/STM32F10x_StdPeriph_Driver/src/stm32f10x_dac.c **** #include "stm32f10x_rcc.h"
  25:lib/STM32F10x_StdPeriph_Driver/src/stm32f10x_dac.c **** 
  26:lib/STM32F10x_StdPeriph_Driver/src/stm32f10x_dac.c **** /** @addtogroup STM32F10x_StdPeriph_Driver
  27:lib/STM32F10x_StdPeriph_Driver/src/stm32f10x_dac.c ****   * @{
  28:lib/STM32F10x_StdPeriph_Driver/src/stm32f10x_dac.c ****   */
  29:lib/STM32F10x_StdPeriph_Driver/src/stm32f10x_dac.c **** 
  30:lib/STM32F10x_StdPeriph_Driver/src/stm32f10x_dac.c **** /** @defgroup DAC 
  31:lib/STM32F10x_StdPeriph_Driver/src/stm32f10x_dac.c ****   * @brief DAC driver modules
  32:lib/STM32F10x_StdPeriph_Driver/src/stm32f10x_dac.c ****   * @{
  33:lib/STM32F10x_StdPeriph_Driver/src/stm32f10x_dac.c ****   */ 
  34:lib/STM32F10x_StdPeriph_Driver/src/stm32f10x_dac.c **** 
  35:lib/STM32F10x_StdPeriph_Driver/src/stm32f10x_dac.c **** /** @defgroup DAC_Private_TypesDefinitions
  36:lib/STM32F10x_StdPeriph_Driver/src/stm32f10x_dac.c ****   * @{
  37:lib/STM32F10x_StdPeriph_Driver/src/stm32f10x_dac.c ****   */
  38:lib/STM32F10x_StdPeriph_Driver/src/stm32f10x_dac.c **** 
  39:lib/STM32F10x_StdPeriph_Driver/src/stm32f10x_dac.c **** /**
  40:lib/STM32F10x_StdPeriph_Driver/src/stm32f10x_dac.c ****   * @}
  41:lib/STM32F10x_StdPeriph_Driver/src/stm32f10x_dac.c ****   */
  42:lib/STM32F10x_StdPeriph_Driver/src/stm32f10x_dac.c **** 
  43:lib/STM32F10x_StdPeriph_Driver/src/stm32f10x_dac.c **** /** @defgroup DAC_Private_Defines
  44:lib/STM32F10x_StdPeriph_Driver/src/stm32f10x_dac.c ****   * @{
  45:lib/STM32F10x_StdPeriph_Driver/src/stm32f10x_dac.c ****   */
  46:lib/STM32F10x_StdPeriph_Driver/src/stm32f10x_dac.c **** 
  47:lib/STM32F10x_StdPeriph_Driver/src/stm32f10x_dac.c **** /* CR register Mask */
  48:lib/STM32F10x_StdPeriph_Driver/src/stm32f10x_dac.c **** #define CR_CLEAR_MASK              ((uint32_t)0x00000FFE)
  49:lib/STM32F10x_StdPeriph_Driver/src/stm32f10x_dac.c **** 
  50:lib/STM32F10x_StdPeriph_Driver/src/stm32f10x_dac.c **** /* DAC Dual Channels SWTRIG masks */
  51:lib/STM32F10x_StdPeriph_Driver/src/stm32f10x_dac.c **** #define DUAL_SWTRIG_SET            ((uint32_t)0x00000003)
  52:lib/STM32F10x_StdPeriph_Driver/src/stm32f10x_dac.c **** #define DUAL_SWTRIG_RESET          ((uint32_t)0xFFFFFFFC)
  53:lib/STM32F10x_StdPeriph_Driver/src/stm32f10x_dac.c **** 
  54:lib/STM32F10x_StdPeriph_Driver/src/stm32f10x_dac.c **** /* DHR registers offsets */
  55:lib/STM32F10x_StdPeriph_Driver/src/stm32f10x_dac.c **** #define DHR12R1_OFFSET             ((uint32_t)0x00000008)
  56:lib/STM32F10x_StdPeriph_Driver/src/stm32f10x_dac.c **** #define DHR12R2_OFFSET             ((uint32_t)0x00000014)
  57:lib/STM32F10x_StdPeriph_Driver/src/stm32f10x_dac.c **** #define DHR12RD_OFFSET             ((uint32_t)0x00000020)
  58:lib/STM32F10x_StdPeriph_Driver/src/stm32f10x_dac.c **** 
  59:lib/STM32F10x_StdPeriph_Driver/src/stm32f10x_dac.c **** /* DOR register offset */
  60:lib/STM32F10x_StdPeriph_Driver/src/stm32f10x_dac.c **** #define DOR_OFFSET                 ((uint32_t)0x0000002C)
  61:lib/STM32F10x_StdPeriph_Driver/src/stm32f10x_dac.c **** /**
  62:lib/STM32F10x_StdPeriph_Driver/src/stm32f10x_dac.c ****   * @}
  63:lib/STM32F10x_StdPeriph_Driver/src/stm32f10x_dac.c ****   */
  64:lib/STM32F10x_StdPeriph_Driver/src/stm32f10x_dac.c **** 
  65:lib/STM32F10x_StdPeriph_Driver/src/stm32f10x_dac.c **** /** @defgroup DAC_Private_Macros
  66:lib/STM32F10x_StdPeriph_Driver/src/stm32f10x_dac.c ****   * @{
  67:lib/STM32F10x_StdPeriph_Driver/src/stm32f10x_dac.c ****   */
  68:lib/STM32F10x_StdPeriph_Driver/src/stm32f10x_dac.c **** 
  69:lib/STM32F10x_StdPeriph_Driver/src/stm32f10x_dac.c **** /**
  70:lib/STM32F10x_StdPeriph_Driver/src/stm32f10x_dac.c ****   * @}
  71:lib/STM32F10x_StdPeriph_Driver/src/stm32f10x_dac.c ****   */
  72:lib/STM32F10x_StdPeriph_Driver/src/stm32f10x_dac.c **** 
  73:lib/STM32F10x_StdPeriph_Driver/src/stm32f10x_dac.c **** /** @defgroup DAC_Private_Variables
  74:lib/STM32F10x_StdPeriph_Driver/src/stm32f10x_dac.c ****   * @{
  75:lib/STM32F10x_StdPeriph_Driver/src/stm32f10x_dac.c ****   */
  76:lib/STM32F10x_StdPeriph_Driver/src/stm32f10x_dac.c **** 
  77:lib/STM32F10x_StdPeriph_Driver/src/stm32f10x_dac.c **** /**
  78:lib/STM32F10x_StdPeriph_Driver/src/stm32f10x_dac.c ****   * @}
  79:lib/STM32F10x_StdPeriph_Driver/src/stm32f10x_dac.c ****   */
  80:lib/STM32F10x_StdPeriph_Driver/src/stm32f10x_dac.c **** 
  81:lib/STM32F10x_StdPeriph_Driver/src/stm32f10x_dac.c **** /** @defgroup DAC_Private_FunctionPrototypes
  82:lib/STM32F10x_StdPeriph_Driver/src/stm32f10x_dac.c ****   * @{
  83:lib/STM32F10x_StdPeriph_Driver/src/stm32f10x_dac.c ****   */
  84:lib/STM32F10x_StdPeriph_Driver/src/stm32f10x_dac.c **** 
  85:lib/STM32F10x_StdPeriph_Driver/src/stm32f10x_dac.c **** /**
  86:lib/STM32F10x_StdPeriph_Driver/src/stm32f10x_dac.c ****   * @}
  87:lib/STM32F10x_StdPeriph_Driver/src/stm32f10x_dac.c ****   */
  88:lib/STM32F10x_StdPeriph_Driver/src/stm32f10x_dac.c **** 
  89:lib/STM32F10x_StdPeriph_Driver/src/stm32f10x_dac.c **** /** @defgroup DAC_Private_Functions
  90:lib/STM32F10x_StdPeriph_Driver/src/stm32f10x_dac.c ****   * @{
  91:lib/STM32F10x_StdPeriph_Driver/src/stm32f10x_dac.c ****   */
  92:lib/STM32F10x_StdPeriph_Driver/src/stm32f10x_dac.c **** 
  93:lib/STM32F10x_StdPeriph_Driver/src/stm32f10x_dac.c **** /**
  94:lib/STM32F10x_StdPeriph_Driver/src/stm32f10x_dac.c ****   * @brief  Deinitializes the DAC peripheral registers to their default reset values.
  95:lib/STM32F10x_StdPeriph_Driver/src/stm32f10x_dac.c ****   * @param  None
  96:lib/STM32F10x_StdPeriph_Driver/src/stm32f10x_dac.c ****   * @retval None
  97:lib/STM32F10x_StdPeriph_Driver/src/stm32f10x_dac.c ****   */
  98:lib/STM32F10x_StdPeriph_Driver/src/stm32f10x_dac.c **** void DAC_DeInit(void)
  99:lib/STM32F10x_StdPeriph_Driver/src/stm32f10x_dac.c **** {
  25              		.loc 1 99 0
  26              		.cfi_startproc
  27              		@ args = 0, pretend = 0, frame = 0
  28              		@ frame_needed = 0, uses_anonymous_args = 0
  29 0000 08B5     		push	{r3, lr}
  30              	.LCFI0:
  31              		.cfi_def_cfa_offset 8
  32              		.cfi_offset 3, -8
  33              		.cfi_offset 14, -4
 100:lib/STM32F10x_StdPeriph_Driver/src/stm32f10x_dac.c ****   /* Enable DAC reset state */
 101:lib/STM32F10x_StdPeriph_Driver/src/stm32f10x_dac.c ****   RCC_APB1PeriphResetCmd(RCC_APB1Periph_DAC, ENABLE);
  34              		.loc 1 101 0
  35 0002 0121     		movs	r1, #1
  36 0004 4FF00050 		mov	r0, #536870912
  37 0008 FFF7FEFF 		bl	RCC_APB1PeriphResetCmd
  38              	.LVL0:
 102:lib/STM32F10x_StdPeriph_Driver/src/stm32f10x_dac.c ****   /* Release DAC from reset state */
 103:lib/STM32F10x_StdPeriph_Driver/src/stm32f10x_dac.c ****   RCC_APB1PeriphResetCmd(RCC_APB1Periph_DAC, DISABLE);
 104:lib/STM32F10x_StdPeriph_Driver/src/stm32f10x_dac.c **** }
  39              		.loc 1 104 0
  40 000c BDE80840 		pop	{r3, lr}
  41              	.LCFI1:
  42              		.cfi_restore 14
  43              		.cfi_restore 3
  44              		.cfi_def_cfa_offset 0
 103:lib/STM32F10x_StdPeriph_Driver/src/stm32f10x_dac.c **** }
  45              		.loc 1 103 0
  46 0010 0021     		movs	r1, #0
  47 0012 4FF00050 		mov	r0, #536870912
  48 0016 FFF7FEBF 		b	RCC_APB1PeriphResetCmd
  49              	.LVL1:
  50              		.cfi_endproc
  51              	.LFE29:
  53              		.align	1
  54              		.global	DAC_Init
  55              		.syntax unified
  56              		.thumb
  57              		.thumb_func
  58              		.fpu softvfp
  60              	DAC_Init:
  61              	.LFB30:
 105:lib/STM32F10x_StdPeriph_Driver/src/stm32f10x_dac.c **** 
 106:lib/STM32F10x_StdPeriph_Driver/src/stm32f10x_dac.c **** /**
 107:lib/STM32F10x_StdPeriph_Driver/src/stm32f10x_dac.c ****   * @brief  Initializes the DAC peripheral according to the specified 
 108:lib/STM32F10x_StdPeriph_Driver/src/stm32f10x_dac.c ****   *         parameters in the DAC_InitStruct.
 109:lib/STM32F10x_StdPeriph_Driver/src/stm32f10x_dac.c ****   * @param  DAC_Channel: the selected DAC channel. 
 110:lib/STM32F10x_StdPeriph_Driver/src/stm32f10x_dac.c ****   *   This parameter can be one of the following values:
 111:lib/STM32F10x_StdPeriph_Driver/src/stm32f10x_dac.c ****   *     @arg DAC_Channel_1: DAC Channel1 selected
 112:lib/STM32F10x_StdPeriph_Driver/src/stm32f10x_dac.c ****   *     @arg DAC_Channel_2: DAC Channel2 selected
 113:lib/STM32F10x_StdPeriph_Driver/src/stm32f10x_dac.c ****   * @param  DAC_InitStruct: pointer to a DAC_InitTypeDef structure that
 114:lib/STM32F10x_StdPeriph_Driver/src/stm32f10x_dac.c ****   *        contains the configuration information for the specified DAC channel.
 115:lib/STM32F10x_StdPeriph_Driver/src/stm32f10x_dac.c ****   * @retval None
 116:lib/STM32F10x_StdPeriph_Driver/src/stm32f10x_dac.c ****   */
 117:lib/STM32F10x_StdPeriph_Driver/src/stm32f10x_dac.c **** void DAC_Init(uint32_t DAC_Channel, DAC_InitTypeDef* DAC_InitStruct)
 118:lib/STM32F10x_StdPeriph_Driver/src/stm32f10x_dac.c **** {
  62              		.loc 1 118 0
  63              		.cfi_startproc
  64              		@ args = 0, pretend = 0, frame = 0
  65              		@ frame_needed = 0, uses_anonymous_args = 0
  66              	.LVL2:
 119:lib/STM32F10x_StdPeriph_Driver/src/stm32f10x_dac.c ****   uint32_t tmpreg1 = 0, tmpreg2 = 0;
 120:lib/STM32F10x_StdPeriph_Driver/src/stm32f10x_dac.c ****   /* Check the DAC parameters */
 121:lib/STM32F10x_StdPeriph_Driver/src/stm32f10x_dac.c ****   assert_param(IS_DAC_TRIGGER(DAC_InitStruct->DAC_Trigger));
 122:lib/STM32F10x_StdPeriph_Driver/src/stm32f10x_dac.c ****   assert_param(IS_DAC_GENERATE_WAVE(DAC_InitStruct->DAC_WaveGeneration));
 123:lib/STM32F10x_StdPeriph_Driver/src/stm32f10x_dac.c ****   assert_param(IS_DAC_LFSR_UNMASK_TRIANGLE_AMPLITUDE(DAC_InitStruct->DAC_LFSRUnmask_TriangleAmplitu
 124:lib/STM32F10x_StdPeriph_Driver/src/stm32f10x_dac.c ****   assert_param(IS_DAC_OUTPUT_BUFFER_STATE(DAC_InitStruct->DAC_OutputBuffer));
 125:lib/STM32F10x_StdPeriph_Driver/src/stm32f10x_dac.c **** /*---------------------------- DAC CR Configuration --------------------------*/
 126:lib/STM32F10x_StdPeriph_Driver/src/stm32f10x_dac.c ****   /* Get the DAC CR value */
 127:lib/STM32F10x_StdPeriph_Driver/src/stm32f10x_dac.c ****   tmpreg1 = DAC->CR;
 128:lib/STM32F10x_StdPeriph_Driver/src/stm32f10x_dac.c ****   /* Clear BOFFx, TENx, TSELx, WAVEx and MAMPx bits */
 129:lib/STM32F10x_StdPeriph_Driver/src/stm32f10x_dac.c ****   tmpreg1 &= ~(CR_CLEAR_MASK << DAC_Channel);
  67              		.loc 1 129 0
  68 001a 40F6FE73 		movw	r3, #4094
 118:lib/STM32F10x_StdPeriph_Driver/src/stm32f10x_dac.c ****   uint32_t tmpreg1 = 0, tmpreg2 = 0;
  69              		.loc 1 118 0
  70 001e 30B5     		push	{r4, r5, lr}
  71              	.LCFI2:
  72              		.cfi_def_cfa_offset 12
  73              		.cfi_offset 4, -12
  74              		.cfi_offset 5, -8
  75              		.cfi_offset 14, -4
 127:lib/STM32F10x_StdPeriph_Driver/src/stm32f10x_dac.c ****   /* Clear BOFFx, TENx, TSELx, WAVEx and MAMPx bits */
  76              		.loc 1 127 0
  77 0020 084C     		ldr	r4, .L3
  78              		.loc 1 129 0
  79 0022 8340     		lsls	r3, r3, r0
 127:lib/STM32F10x_StdPeriph_Driver/src/stm32f10x_dac.c ****   /* Clear BOFFx, TENx, TSELx, WAVEx and MAMPx bits */
  80              		.loc 1 127 0
  81 0024 2268     		ldr	r2, [r4]
  82              	.LVL3:
  83              		.loc 1 129 0
  84 0026 22EA0302 		bic	r2, r2, r3
  85              	.LVL4:
 130:lib/STM32F10x_StdPeriph_Driver/src/stm32f10x_dac.c ****   /* Configure for the selected DAC channel: buffer output, trigger, wave generation,
 131:lib/STM32F10x_StdPeriph_Driver/src/stm32f10x_dac.c ****      mask/amplitude for wave generation */
 132:lib/STM32F10x_StdPeriph_Driver/src/stm32f10x_dac.c ****   /* Set TSELx and TENx bits according to DAC_Trigger value */
 133:lib/STM32F10x_StdPeriph_Driver/src/stm32f10x_dac.c ****   /* Set WAVEx bits according to DAC_WaveGeneration value */
 134:lib/STM32F10x_StdPeriph_Driver/src/stm32f10x_dac.c ****   /* Set MAMPx bits according to DAC_LFSRUnmask_TriangleAmplitude value */ 
 135:lib/STM32F10x_StdPeriph_Driver/src/stm32f10x_dac.c ****   /* Set BOFFx bit according to DAC_OutputBuffer value */   
 136:lib/STM32F10x_StdPeriph_Driver/src/stm32f10x_dac.c ****   tmpreg2 = (DAC_InitStruct->DAC_Trigger | DAC_InitStruct->DAC_WaveGeneration |
  86              		.loc 1 136 0
  87 002a 91E82800 		ldm	r1, {r3, r5}
  88 002e 2B43     		orrs	r3, r3, r5
  89 0030 8D68     		ldr	r5, [r1, #8]
  90 0032 C968     		ldr	r1, [r1, #12]
  91              	.LVL5:
  92 0034 2B43     		orrs	r3, r3, r5
  93 0036 0B43     		orrs	r3, r3, r1
 137:lib/STM32F10x_StdPeriph_Driver/src/stm32f10x_dac.c ****              DAC_InitStruct->DAC_LFSRUnmask_TriangleAmplitude | DAC_InitStruct->DAC_OutputBuffer);
 138:lib/STM32F10x_StdPeriph_Driver/src/stm32f10x_dac.c ****   /* Calculate CR register value depending on DAC_Channel */
 139:lib/STM32F10x_StdPeriph_Driver/src/stm32f10x_dac.c ****   tmpreg1 |= tmpreg2 << DAC_Channel;
  94              		.loc 1 139 0
  95 0038 03FA00F0 		lsl	r0, r3, r0
  96              	.LVL6:
  97 003c 1043     		orrs	r0, r0, r2
  98              	.LVL7:
 140:lib/STM32F10x_StdPeriph_Driver/src/stm32f10x_dac.c ****   /* Write to DAC CR */
 141:lib/STM32F10x_StdPeriph_Driver/src/stm32f10x_dac.c ****   DAC->CR = tmpreg1;
  99              		.loc 1 141 0
 100 003e 2060     		str	r0, [r4]
 101              	.LVL8:
 102 0040 30BD     		pop	{r4, r5, pc}
 103              	.L4:
 104 0042 00BF     		.align	2
 105              	.L3:
 106 0044 00740040 		.word	1073771520
 107              		.cfi_endproc
 108              	.LFE30:
 110              		.align	1
 111              		.global	DAC_StructInit
 112              		.syntax unified
 113              		.thumb
 114              		.thumb_func
 115              		.fpu softvfp
 117              	DAC_StructInit:
 118              	.LFB31:
 142:lib/STM32F10x_StdPeriph_Driver/src/stm32f10x_dac.c **** }
 143:lib/STM32F10x_StdPeriph_Driver/src/stm32f10x_dac.c **** 
 144:lib/STM32F10x_StdPeriph_Driver/src/stm32f10x_dac.c **** /**
 145:lib/STM32F10x_StdPeriph_Driver/src/stm32f10x_dac.c ****   * @brief  Fills each DAC_InitStruct member with its default value.
 146:lib/STM32F10x_StdPeriph_Driver/src/stm32f10x_dac.c ****   * @param  DAC_InitStruct : pointer to a DAC_InitTypeDef structure which will
 147:lib/STM32F10x_StdPeriph_Driver/src/stm32f10x_dac.c ****   *         be initialized.
 148:lib/STM32F10x_StdPeriph_Driver/src/stm32f10x_dac.c ****   * @retval None
 149:lib/STM32F10x_StdPeriph_Driver/src/stm32f10x_dac.c ****   */
 150:lib/STM32F10x_StdPeriph_Driver/src/stm32f10x_dac.c **** void DAC_StructInit(DAC_InitTypeDef* DAC_InitStruct)
 151:lib/STM32F10x_StdPeriph_Driver/src/stm32f10x_dac.c **** {
 119              		.loc 1 151 0
 120              		.cfi_startproc
 121              		@ args = 0, pretend = 0, frame = 0
 122              		@ frame_needed = 0, uses_anonymous_args = 0
 123              		@ link register save eliminated.
 124              	.LVL9:
 152:lib/STM32F10x_StdPeriph_Driver/src/stm32f10x_dac.c **** /*--------------- Reset DAC init structure parameters values -----------------*/
 153:lib/STM32F10x_StdPeriph_Driver/src/stm32f10x_dac.c ****   /* Initialize the DAC_Trigger member */
 154:lib/STM32F10x_StdPeriph_Driver/src/stm32f10x_dac.c ****   DAC_InitStruct->DAC_Trigger = DAC_Trigger_None;
 125              		.loc 1 154 0
 126 0048 0023     		movs	r3, #0
 127 004a 0360     		str	r3, [r0]
 155:lib/STM32F10x_StdPeriph_Driver/src/stm32f10x_dac.c ****   /* Initialize the DAC_WaveGeneration member */
 156:lib/STM32F10x_StdPeriph_Driver/src/stm32f10x_dac.c ****   DAC_InitStruct->DAC_WaveGeneration = DAC_WaveGeneration_None;
 128              		.loc 1 156 0
 129 004c 4360     		str	r3, [r0, #4]
 157:lib/STM32F10x_StdPeriph_Driver/src/stm32f10x_dac.c ****   /* Initialize the DAC_LFSRUnmask_TriangleAmplitude member */
 158:lib/STM32F10x_StdPeriph_Driver/src/stm32f10x_dac.c ****   DAC_InitStruct->DAC_LFSRUnmask_TriangleAmplitude = DAC_LFSRUnmask_Bit0;
 130              		.loc 1 158 0
 131 004e 8360     		str	r3, [r0, #8]
 159:lib/STM32F10x_StdPeriph_Driver/src/stm32f10x_dac.c ****   /* Initialize the DAC_OutputBuffer member */
 160:lib/STM32F10x_StdPeriph_Driver/src/stm32f10x_dac.c ****   DAC_InitStruct->DAC_OutputBuffer = DAC_OutputBuffer_Enable;
 132              		.loc 1 160 0
 133 0050 C360     		str	r3, [r0, #12]
 134 0052 7047     		bx	lr
 135              		.cfi_endproc
 136              	.LFE31:
 138              		.align	1
 139              		.global	DAC_Cmd
 140              		.syntax unified
 141              		.thumb
 142              		.thumb_func
 143              		.fpu softvfp
 145              	DAC_Cmd:
 146              	.LFB32:
 161:lib/STM32F10x_StdPeriph_Driver/src/stm32f10x_dac.c **** }
 162:lib/STM32F10x_StdPeriph_Driver/src/stm32f10x_dac.c **** 
 163:lib/STM32F10x_StdPeriph_Driver/src/stm32f10x_dac.c **** /**
 164:lib/STM32F10x_StdPeriph_Driver/src/stm32f10x_dac.c ****   * @brief  Enables or disables the specified DAC channel.
 165:lib/STM32F10x_StdPeriph_Driver/src/stm32f10x_dac.c ****   * @param  DAC_Channel: the selected DAC channel. 
 166:lib/STM32F10x_StdPeriph_Driver/src/stm32f10x_dac.c ****   *   This parameter can be one of the following values:
 167:lib/STM32F10x_StdPeriph_Driver/src/stm32f10x_dac.c ****   *     @arg DAC_Channel_1: DAC Channel1 selected
 168:lib/STM32F10x_StdPeriph_Driver/src/stm32f10x_dac.c ****   *     @arg DAC_Channel_2: DAC Channel2 selected
 169:lib/STM32F10x_StdPeriph_Driver/src/stm32f10x_dac.c ****   * @param  NewState: new state of the DAC channel. 
 170:lib/STM32F10x_StdPeriph_Driver/src/stm32f10x_dac.c ****   *   This parameter can be: ENABLE or DISABLE.
 171:lib/STM32F10x_StdPeriph_Driver/src/stm32f10x_dac.c ****   * @retval None
 172:lib/STM32F10x_StdPeriph_Driver/src/stm32f10x_dac.c ****   */
 173:lib/STM32F10x_StdPeriph_Driver/src/stm32f10x_dac.c **** void DAC_Cmd(uint32_t DAC_Channel, FunctionalState NewState)
 174:lib/STM32F10x_StdPeriph_Driver/src/stm32f10x_dac.c **** {
 147              		.loc 1 174 0
 148              		.cfi_startproc
 149              		@ args = 0, pretend = 0, frame = 0
 150              		@ frame_needed = 0, uses_anonymous_args = 0
 151              		@ link register save eliminated.
 152              	.LVL10:
 153 0054 064A     		ldr	r2, .L10
 154 0056 0123     		movs	r3, #1
 175:lib/STM32F10x_StdPeriph_Driver/src/stm32f10x_dac.c ****   /* Check the parameters */
 176:lib/STM32F10x_StdPeriph_Driver/src/stm32f10x_dac.c ****   assert_param(IS_DAC_CHANNEL(DAC_Channel));
 177:lib/STM32F10x_StdPeriph_Driver/src/stm32f10x_dac.c ****   assert_param(IS_FUNCTIONAL_STATE(NewState));
 178:lib/STM32F10x_StdPeriph_Driver/src/stm32f10x_dac.c ****   if (NewState != DISABLE)
 155              		.loc 1 178 0
 156 0058 21B1     		cbz	r1, .L7
 179:lib/STM32F10x_StdPeriph_Driver/src/stm32f10x_dac.c ****   {
 180:lib/STM32F10x_StdPeriph_Driver/src/stm32f10x_dac.c ****     /* Enable the selected DAC channel */
 181:lib/STM32F10x_StdPeriph_Driver/src/stm32f10x_dac.c ****     DAC->CR |= (DAC_CR_EN1 << DAC_Channel);
 157              		.loc 1 181 0
 158 005a 1168     		ldr	r1, [r2]
 159              	.LVL11:
 160 005c 8340     		lsls	r3, r3, r0
 161 005e 0B43     		orrs	r3, r3, r1
 162              	.L9:
 182:lib/STM32F10x_StdPeriph_Driver/src/stm32f10x_dac.c ****   }
 183:lib/STM32F10x_StdPeriph_Driver/src/stm32f10x_dac.c ****   else
 184:lib/STM32F10x_StdPeriph_Driver/src/stm32f10x_dac.c ****   {
 185:lib/STM32F10x_StdPeriph_Driver/src/stm32f10x_dac.c ****     /* Disable the selected DAC channel */
 186:lib/STM32F10x_StdPeriph_Driver/src/stm32f10x_dac.c ****     DAC->CR &= ~(DAC_CR_EN1 << DAC_Channel);
 163              		.loc 1 186 0
 164 0060 1360     		str	r3, [r2]
 165 0062 7047     		bx	lr
 166              	.LVL12:
 167              	.L7:
 168 0064 1168     		ldr	r1, [r2]
 169              	.LVL13:
 170 0066 8340     		lsls	r3, r3, r0
 171 0068 21EA0303 		bic	r3, r1, r3
 172 006c F8E7     		b	.L9
 173              	.L11:
 174 006e 00BF     		.align	2
 175              	.L10:
 176 0070 00740040 		.word	1073771520
 177              		.cfi_endproc
 178              	.LFE32:
 180              		.align	1
 181              		.global	DAC_DMACmd
 182              		.syntax unified
 183              		.thumb
 184              		.thumb_func
 185              		.fpu softvfp
 187              	DAC_DMACmd:
 188              	.LFB33:
 187:lib/STM32F10x_StdPeriph_Driver/src/stm32f10x_dac.c ****   }
 188:lib/STM32F10x_StdPeriph_Driver/src/stm32f10x_dac.c **** }
 189:lib/STM32F10x_StdPeriph_Driver/src/stm32f10x_dac.c **** #if defined (STM32F10X_LD_VL) || defined (STM32F10X_MD_VL) || defined (STM32F10X_HD_VL)
 190:lib/STM32F10x_StdPeriph_Driver/src/stm32f10x_dac.c **** /**
 191:lib/STM32F10x_StdPeriph_Driver/src/stm32f10x_dac.c ****   * @brief  Enables or disables the specified DAC interrupts.
 192:lib/STM32F10x_StdPeriph_Driver/src/stm32f10x_dac.c ****   * @param  DAC_Channel: the selected DAC channel. 
 193:lib/STM32F10x_StdPeriph_Driver/src/stm32f10x_dac.c ****   *   This parameter can be one of the following values:
 194:lib/STM32F10x_StdPeriph_Driver/src/stm32f10x_dac.c ****   *     @arg DAC_Channel_1: DAC Channel1 selected
 195:lib/STM32F10x_StdPeriph_Driver/src/stm32f10x_dac.c ****   *     @arg DAC_Channel_2: DAC Channel2 selected
 196:lib/STM32F10x_StdPeriph_Driver/src/stm32f10x_dac.c ****   * @param  DAC_IT: specifies the DAC interrupt sources to be enabled or disabled. 
 197:lib/STM32F10x_StdPeriph_Driver/src/stm32f10x_dac.c ****   *   This parameter can be the following values:
 198:lib/STM32F10x_StdPeriph_Driver/src/stm32f10x_dac.c ****   *     @arg DAC_IT_DMAUDR: DMA underrun interrupt mask                      
 199:lib/STM32F10x_StdPeriph_Driver/src/stm32f10x_dac.c ****   * @param  NewState: new state of the specified DAC interrupts.
 200:lib/STM32F10x_StdPeriph_Driver/src/stm32f10x_dac.c ****   *   This parameter can be: ENABLE or DISABLE.
 201:lib/STM32F10x_StdPeriph_Driver/src/stm32f10x_dac.c ****   * @retval None
 202:lib/STM32F10x_StdPeriph_Driver/src/stm32f10x_dac.c ****   */ 
 203:lib/STM32F10x_StdPeriph_Driver/src/stm32f10x_dac.c **** void DAC_ITConfig(uint32_t DAC_Channel, uint32_t DAC_IT, FunctionalState NewState)  
 204:lib/STM32F10x_StdPeriph_Driver/src/stm32f10x_dac.c **** {
 205:lib/STM32F10x_StdPeriph_Driver/src/stm32f10x_dac.c ****   /* Check the parameters */
 206:lib/STM32F10x_StdPeriph_Driver/src/stm32f10x_dac.c ****   assert_param(IS_DAC_CHANNEL(DAC_Channel));
 207:lib/STM32F10x_StdPeriph_Driver/src/stm32f10x_dac.c ****   assert_param(IS_FUNCTIONAL_STATE(NewState));
 208:lib/STM32F10x_StdPeriph_Driver/src/stm32f10x_dac.c ****   assert_param(IS_DAC_IT(DAC_IT)); 
 209:lib/STM32F10x_StdPeriph_Driver/src/stm32f10x_dac.c **** 
 210:lib/STM32F10x_StdPeriph_Driver/src/stm32f10x_dac.c ****   if (NewState != DISABLE)
 211:lib/STM32F10x_StdPeriph_Driver/src/stm32f10x_dac.c ****   {
 212:lib/STM32F10x_StdPeriph_Driver/src/stm32f10x_dac.c ****     /* Enable the selected DAC interrupts */
 213:lib/STM32F10x_StdPeriph_Driver/src/stm32f10x_dac.c ****     DAC->CR |=  (DAC_IT << DAC_Channel);
 214:lib/STM32F10x_StdPeriph_Driver/src/stm32f10x_dac.c ****   }
 215:lib/STM32F10x_StdPeriph_Driver/src/stm32f10x_dac.c ****   else
 216:lib/STM32F10x_StdPeriph_Driver/src/stm32f10x_dac.c ****   {
 217:lib/STM32F10x_StdPeriph_Driver/src/stm32f10x_dac.c ****     /* Disable the selected DAC interrupts */
 218:lib/STM32F10x_StdPeriph_Driver/src/stm32f10x_dac.c ****     DAC->CR &= (~(uint32_t)(DAC_IT << DAC_Channel));
 219:lib/STM32F10x_StdPeriph_Driver/src/stm32f10x_dac.c ****   }
 220:lib/STM32F10x_StdPeriph_Driver/src/stm32f10x_dac.c **** }
 221:lib/STM32F10x_StdPeriph_Driver/src/stm32f10x_dac.c **** #endif
 222:lib/STM32F10x_StdPeriph_Driver/src/stm32f10x_dac.c **** 
 223:lib/STM32F10x_StdPeriph_Driver/src/stm32f10x_dac.c **** /**
 224:lib/STM32F10x_StdPeriph_Driver/src/stm32f10x_dac.c ****   * @brief  Enables or disables the specified DAC channel DMA request.
 225:lib/STM32F10x_StdPeriph_Driver/src/stm32f10x_dac.c ****   * @param  DAC_Channel: the selected DAC channel. 
 226:lib/STM32F10x_StdPeriph_Driver/src/stm32f10x_dac.c ****   *   This parameter can be one of the following values:
 227:lib/STM32F10x_StdPeriph_Driver/src/stm32f10x_dac.c ****   *     @arg DAC_Channel_1: DAC Channel1 selected
 228:lib/STM32F10x_StdPeriph_Driver/src/stm32f10x_dac.c ****   *     @arg DAC_Channel_2: DAC Channel2 selected
 229:lib/STM32F10x_StdPeriph_Driver/src/stm32f10x_dac.c ****   * @param  NewState: new state of the selected DAC channel DMA request.
 230:lib/STM32F10x_StdPeriph_Driver/src/stm32f10x_dac.c ****   *   This parameter can be: ENABLE or DISABLE.
 231:lib/STM32F10x_StdPeriph_Driver/src/stm32f10x_dac.c ****   * @retval None
 232:lib/STM32F10x_StdPeriph_Driver/src/stm32f10x_dac.c ****   */
 233:lib/STM32F10x_StdPeriph_Driver/src/stm32f10x_dac.c **** void DAC_DMACmd(uint32_t DAC_Channel, FunctionalState NewState)
 234:lib/STM32F10x_StdPeriph_Driver/src/stm32f10x_dac.c **** {
 189              		.loc 1 234 0
 190              		.cfi_startproc
 191              		@ args = 0, pretend = 0, frame = 0
 192              		@ frame_needed = 0, uses_anonymous_args = 0
 193              		@ link register save eliminated.
 194              	.LVL14:
 195 0074 064A     		ldr	r2, .L16
 196 0076 4FF48053 		mov	r3, #4096
 235:lib/STM32F10x_StdPeriph_Driver/src/stm32f10x_dac.c ****   /* Check the parameters */
 236:lib/STM32F10x_StdPeriph_Driver/src/stm32f10x_dac.c ****   assert_param(IS_DAC_CHANNEL(DAC_Channel));
 237:lib/STM32F10x_StdPeriph_Driver/src/stm32f10x_dac.c ****   assert_param(IS_FUNCTIONAL_STATE(NewState));
 238:lib/STM32F10x_StdPeriph_Driver/src/stm32f10x_dac.c ****   if (NewState != DISABLE)
 197              		.loc 1 238 0
 198 007a 21B1     		cbz	r1, .L13
 239:lib/STM32F10x_StdPeriph_Driver/src/stm32f10x_dac.c ****   {
 240:lib/STM32F10x_StdPeriph_Driver/src/stm32f10x_dac.c ****     /* Enable the selected DAC channel DMA request */
 241:lib/STM32F10x_StdPeriph_Driver/src/stm32f10x_dac.c ****     DAC->CR |= (DAC_CR_DMAEN1 << DAC_Channel);
 199              		.loc 1 241 0
 200 007c 1168     		ldr	r1, [r2]
 201              	.LVL15:
 202 007e 8340     		lsls	r3, r3, r0
 203 0080 0B43     		orrs	r3, r3, r1
 204              	.L15:
 242:lib/STM32F10x_StdPeriph_Driver/src/stm32f10x_dac.c ****   }
 243:lib/STM32F10x_StdPeriph_Driver/src/stm32f10x_dac.c ****   else
 244:lib/STM32F10x_StdPeriph_Driver/src/stm32f10x_dac.c ****   {
 245:lib/STM32F10x_StdPeriph_Driver/src/stm32f10x_dac.c ****     /* Disable the selected DAC channel DMA request */
 246:lib/STM32F10x_StdPeriph_Driver/src/stm32f10x_dac.c ****     DAC->CR &= ~(DAC_CR_DMAEN1 << DAC_Channel);
 205              		.loc 1 246 0
 206 0082 1360     		str	r3, [r2]
 207 0084 7047     		bx	lr
 208              	.LVL16:
 209              	.L13:
 210 0086 1168     		ldr	r1, [r2]
 211              	.LVL17:
 212 0088 8340     		lsls	r3, r3, r0
 213 008a 21EA0303 		bic	r3, r1, r3
 214 008e F8E7     		b	.L15
 215              	.L17:
 216              		.align	2
 217              	.L16:
 218 0090 00740040 		.word	1073771520
 219              		.cfi_endproc
 220              	.LFE33:
 222              		.align	1
 223              		.global	DAC_SoftwareTriggerCmd
 224              		.syntax unified
 225              		.thumb
 226              		.thumb_func
 227              		.fpu softvfp
 229              	DAC_SoftwareTriggerCmd:
 230              	.LFB34:
 247:lib/STM32F10x_StdPeriph_Driver/src/stm32f10x_dac.c ****   }
 248:lib/STM32F10x_StdPeriph_Driver/src/stm32f10x_dac.c **** }
 249:lib/STM32F10x_StdPeriph_Driver/src/stm32f10x_dac.c **** 
 250:lib/STM32F10x_StdPeriph_Driver/src/stm32f10x_dac.c **** /**
 251:lib/STM32F10x_StdPeriph_Driver/src/stm32f10x_dac.c ****   * @brief  Enables or disables the selected DAC channel software trigger.
 252:lib/STM32F10x_StdPeriph_Driver/src/stm32f10x_dac.c ****   * @param  DAC_Channel: the selected DAC channel. 
 253:lib/STM32F10x_StdPeriph_Driver/src/stm32f10x_dac.c ****   *   This parameter can be one of the following values:
 254:lib/STM32F10x_StdPeriph_Driver/src/stm32f10x_dac.c ****   *     @arg DAC_Channel_1: DAC Channel1 selected
 255:lib/STM32F10x_StdPeriph_Driver/src/stm32f10x_dac.c ****   *     @arg DAC_Channel_2: DAC Channel2 selected
 256:lib/STM32F10x_StdPeriph_Driver/src/stm32f10x_dac.c ****   * @param  NewState: new state of the selected DAC channel software trigger.
 257:lib/STM32F10x_StdPeriph_Driver/src/stm32f10x_dac.c ****   *   This parameter can be: ENABLE or DISABLE.
 258:lib/STM32F10x_StdPeriph_Driver/src/stm32f10x_dac.c ****   * @retval None
 259:lib/STM32F10x_StdPeriph_Driver/src/stm32f10x_dac.c ****   */
 260:lib/STM32F10x_StdPeriph_Driver/src/stm32f10x_dac.c **** void DAC_SoftwareTriggerCmd(uint32_t DAC_Channel, FunctionalState NewState)
 261:lib/STM32F10x_StdPeriph_Driver/src/stm32f10x_dac.c **** {
 231              		.loc 1 261 0
 232              		.cfi_startproc
 233              		@ args = 0, pretend = 0, frame = 0
 234              		@ frame_needed = 0, uses_anonymous_args = 0
 235              		@ link register save eliminated.
 236              	.LVL18:
 237 0094 064A     		ldr	r2, .L22
 238 0096 0009     		lsrs	r0, r0, #4
 239              	.LVL19:
 240 0098 0123     		movs	r3, #1
 262:lib/STM32F10x_StdPeriph_Driver/src/stm32f10x_dac.c ****   /* Check the parameters */
 263:lib/STM32F10x_StdPeriph_Driver/src/stm32f10x_dac.c ****   assert_param(IS_DAC_CHANNEL(DAC_Channel));
 264:lib/STM32F10x_StdPeriph_Driver/src/stm32f10x_dac.c ****   assert_param(IS_FUNCTIONAL_STATE(NewState));
 265:lib/STM32F10x_StdPeriph_Driver/src/stm32f10x_dac.c ****   if (NewState != DISABLE)
 241              		.loc 1 265 0
 242 009a 21B1     		cbz	r1, .L19
 266:lib/STM32F10x_StdPeriph_Driver/src/stm32f10x_dac.c ****   {
 267:lib/STM32F10x_StdPeriph_Driver/src/stm32f10x_dac.c ****     /* Enable software trigger for the selected DAC channel */
 268:lib/STM32F10x_StdPeriph_Driver/src/stm32f10x_dac.c ****     DAC->SWTRIGR |= (uint32_t)DAC_SWTRIGR_SWTRIG1 << (DAC_Channel >> 4);
 243              		.loc 1 268 0
 244 009c 5168     		ldr	r1, [r2, #4]
 245              	.LVL20:
 246 009e 8340     		lsls	r3, r3, r0
 247 00a0 0B43     		orrs	r3, r3, r1
 248              	.L21:
 269:lib/STM32F10x_StdPeriph_Driver/src/stm32f10x_dac.c ****   }
 270:lib/STM32F10x_StdPeriph_Driver/src/stm32f10x_dac.c ****   else
 271:lib/STM32F10x_StdPeriph_Driver/src/stm32f10x_dac.c ****   {
 272:lib/STM32F10x_StdPeriph_Driver/src/stm32f10x_dac.c ****     /* Disable software trigger for the selected DAC channel */
 273:lib/STM32F10x_StdPeriph_Driver/src/stm32f10x_dac.c ****     DAC->SWTRIGR &= ~((uint32_t)DAC_SWTRIGR_SWTRIG1 << (DAC_Channel >> 4));
 249              		.loc 1 273 0
 250 00a2 5360     		str	r3, [r2, #4]
 251 00a4 7047     		bx	lr
 252              	.LVL21:
 253              	.L19:
 254 00a6 5168     		ldr	r1, [r2, #4]
 255              	.LVL22:
 256 00a8 8340     		lsls	r3, r3, r0
 257 00aa 21EA0303 		bic	r3, r1, r3
 258 00ae F8E7     		b	.L21
 259              	.L23:
 260              		.align	2
 261              	.L22:
 262 00b0 00740040 		.word	1073771520
 263              		.cfi_endproc
 264              	.LFE34:
 266              		.align	1
 267              		.global	DAC_DualSoftwareTriggerCmd
 268              		.syntax unified
 269              		.thumb
 270              		.thumb_func
 271              		.fpu softvfp
 273              	DAC_DualSoftwareTriggerCmd:
 274              	.LFB35:
 274:lib/STM32F10x_StdPeriph_Driver/src/stm32f10x_dac.c ****   }
 275:lib/STM32F10x_StdPeriph_Driver/src/stm32f10x_dac.c **** }
 276:lib/STM32F10x_StdPeriph_Driver/src/stm32f10x_dac.c **** 
 277:lib/STM32F10x_StdPeriph_Driver/src/stm32f10x_dac.c **** /**
 278:lib/STM32F10x_StdPeriph_Driver/src/stm32f10x_dac.c ****   * @brief  Enables or disables simultaneously the two DAC channels software
 279:lib/STM32F10x_StdPeriph_Driver/src/stm32f10x_dac.c ****   *   triggers.
 280:lib/STM32F10x_StdPeriph_Driver/src/stm32f10x_dac.c ****   * @param  NewState: new state of the DAC channels software triggers.
 281:lib/STM32F10x_StdPeriph_Driver/src/stm32f10x_dac.c ****   *   This parameter can be: ENABLE or DISABLE.
 282:lib/STM32F10x_StdPeriph_Driver/src/stm32f10x_dac.c ****   * @retval None
 283:lib/STM32F10x_StdPeriph_Driver/src/stm32f10x_dac.c ****   */
 284:lib/STM32F10x_StdPeriph_Driver/src/stm32f10x_dac.c **** void DAC_DualSoftwareTriggerCmd(FunctionalState NewState)
 285:lib/STM32F10x_StdPeriph_Driver/src/stm32f10x_dac.c **** {
 275              		.loc 1 285 0
 276              		.cfi_startproc
 277              		@ args = 0, pretend = 0, frame = 0
 278              		@ frame_needed = 0, uses_anonymous_args = 0
 279              		@ link register save eliminated.
 280              	.LVL23:
 281 00b4 044B     		ldr	r3, .L28
 286:lib/STM32F10x_StdPeriph_Driver/src/stm32f10x_dac.c ****   /* Check the parameters */
 287:lib/STM32F10x_StdPeriph_Driver/src/stm32f10x_dac.c ****   assert_param(IS_FUNCTIONAL_STATE(NewState));
 288:lib/STM32F10x_StdPeriph_Driver/src/stm32f10x_dac.c ****   if (NewState != DISABLE)
 289:lib/STM32F10x_StdPeriph_Driver/src/stm32f10x_dac.c ****   {
 290:lib/STM32F10x_StdPeriph_Driver/src/stm32f10x_dac.c ****     /* Enable software trigger for both DAC channels */
 291:lib/STM32F10x_StdPeriph_Driver/src/stm32f10x_dac.c ****     DAC->SWTRIGR |= DUAL_SWTRIG_SET ;
 282              		.loc 1 291 0
 283 00b6 5A68     		ldr	r2, [r3, #4]
 288:lib/STM32F10x_StdPeriph_Driver/src/stm32f10x_dac.c ****   {
 284              		.loc 1 288 0
 285 00b8 18B1     		cbz	r0, .L25
 286              		.loc 1 291 0
 287 00ba 42F00302 		orr	r2, r2, #3
 288              	.L27:
 292:lib/STM32F10x_StdPeriph_Driver/src/stm32f10x_dac.c ****   }
 293:lib/STM32F10x_StdPeriph_Driver/src/stm32f10x_dac.c ****   else
 294:lib/STM32F10x_StdPeriph_Driver/src/stm32f10x_dac.c ****   {
 295:lib/STM32F10x_StdPeriph_Driver/src/stm32f10x_dac.c ****     /* Disable software trigger for both DAC channels */
 296:lib/STM32F10x_StdPeriph_Driver/src/stm32f10x_dac.c ****     DAC->SWTRIGR &= DUAL_SWTRIG_RESET;
 289              		.loc 1 296 0
 290 00be 5A60     		str	r2, [r3, #4]
 291 00c0 7047     		bx	lr
 292              	.L25:
 293 00c2 22F00302 		bic	r2, r2, #3
 294 00c6 FAE7     		b	.L27
 295              	.L29:
 296              		.align	2
 297              	.L28:
 298 00c8 00740040 		.word	1073771520
 299              		.cfi_endproc
 300              	.LFE35:
 302              		.align	1
 303              		.global	DAC_WaveGenerationCmd
 304              		.syntax unified
 305              		.thumb
 306              		.thumb_func
 307              		.fpu softvfp
 309              	DAC_WaveGenerationCmd:
 310              	.LFB36:
 297:lib/STM32F10x_StdPeriph_Driver/src/stm32f10x_dac.c ****   }
 298:lib/STM32F10x_StdPeriph_Driver/src/stm32f10x_dac.c **** }
 299:lib/STM32F10x_StdPeriph_Driver/src/stm32f10x_dac.c **** 
 300:lib/STM32F10x_StdPeriph_Driver/src/stm32f10x_dac.c **** /**
 301:lib/STM32F10x_StdPeriph_Driver/src/stm32f10x_dac.c ****   * @brief  Enables or disables the selected DAC channel wave generation.
 302:lib/STM32F10x_StdPeriph_Driver/src/stm32f10x_dac.c ****   * @param  DAC_Channel: the selected DAC channel. 
 303:lib/STM32F10x_StdPeriph_Driver/src/stm32f10x_dac.c ****   *   This parameter can be one of the following values:
 304:lib/STM32F10x_StdPeriph_Driver/src/stm32f10x_dac.c ****   *     @arg DAC_Channel_1: DAC Channel1 selected
 305:lib/STM32F10x_StdPeriph_Driver/src/stm32f10x_dac.c ****   *     @arg DAC_Channel_2: DAC Channel2 selected
 306:lib/STM32F10x_StdPeriph_Driver/src/stm32f10x_dac.c ****   * @param  DAC_Wave: Specifies the wave type to enable or disable.
 307:lib/STM32F10x_StdPeriph_Driver/src/stm32f10x_dac.c ****   *   This parameter can be one of the following values:
 308:lib/STM32F10x_StdPeriph_Driver/src/stm32f10x_dac.c ****   *     @arg DAC_Wave_Noise: noise wave generation
 309:lib/STM32F10x_StdPeriph_Driver/src/stm32f10x_dac.c ****   *     @arg DAC_Wave_Triangle: triangle wave generation
 310:lib/STM32F10x_StdPeriph_Driver/src/stm32f10x_dac.c ****   * @param  NewState: new state of the selected DAC channel wave generation.
 311:lib/STM32F10x_StdPeriph_Driver/src/stm32f10x_dac.c ****   *   This parameter can be: ENABLE or DISABLE.
 312:lib/STM32F10x_StdPeriph_Driver/src/stm32f10x_dac.c ****   * @retval None
 313:lib/STM32F10x_StdPeriph_Driver/src/stm32f10x_dac.c ****   */
 314:lib/STM32F10x_StdPeriph_Driver/src/stm32f10x_dac.c **** void DAC_WaveGenerationCmd(uint32_t DAC_Channel, uint32_t DAC_Wave, FunctionalState NewState)
 315:lib/STM32F10x_StdPeriph_Driver/src/stm32f10x_dac.c **** {
 311              		.loc 1 315 0
 312              		.cfi_startproc
 313              		@ args = 0, pretend = 0, frame = 0
 314              		@ frame_needed = 0, uses_anonymous_args = 0
 315              		@ link register save eliminated.
 316              	.LVL24:
 317 00cc 044B     		ldr	r3, .L34
 318 00ce 8140     		lsls	r1, r1, r0
 319              	.LVL25:
 316:lib/STM32F10x_StdPeriph_Driver/src/stm32f10x_dac.c ****   /* Check the parameters */
 317:lib/STM32F10x_StdPeriph_Driver/src/stm32f10x_dac.c ****   assert_param(IS_DAC_CHANNEL(DAC_Channel));
 318:lib/STM32F10x_StdPeriph_Driver/src/stm32f10x_dac.c ****   assert_param(IS_DAC_WAVE(DAC_Wave)); 
 319:lib/STM32F10x_StdPeriph_Driver/src/stm32f10x_dac.c ****   assert_param(IS_FUNCTIONAL_STATE(NewState));
 320:lib/STM32F10x_StdPeriph_Driver/src/stm32f10x_dac.c ****   if (NewState != DISABLE)
 321:lib/STM32F10x_StdPeriph_Driver/src/stm32f10x_dac.c ****   {
 322:lib/STM32F10x_StdPeriph_Driver/src/stm32f10x_dac.c ****     /* Enable the selected wave generation for the selected DAC channel */
 323:lib/STM32F10x_StdPeriph_Driver/src/stm32f10x_dac.c ****     DAC->CR |= DAC_Wave << DAC_Channel;
 320              		.loc 1 323 0
 321 00d0 1868     		ldr	r0, [r3]
 322              	.LVL26:
 320:lib/STM32F10x_StdPeriph_Driver/src/stm32f10x_dac.c ****   {
 323              		.loc 1 320 0
 324 00d2 12B1     		cbz	r2, .L31
 325              		.loc 1 323 0
 326 00d4 0143     		orrs	r1, r1, r0
 327              	.L33:
 324:lib/STM32F10x_StdPeriph_Driver/src/stm32f10x_dac.c ****   }
 325:lib/STM32F10x_StdPeriph_Driver/src/stm32f10x_dac.c ****   else
 326:lib/STM32F10x_StdPeriph_Driver/src/stm32f10x_dac.c ****   {
 327:lib/STM32F10x_StdPeriph_Driver/src/stm32f10x_dac.c ****     /* Disable the selected wave generation for the selected DAC channel */
 328:lib/STM32F10x_StdPeriph_Driver/src/stm32f10x_dac.c ****     DAC->CR &= ~(DAC_Wave << DAC_Channel);
 328              		.loc 1 328 0
 329 00d6 1960     		str	r1, [r3]
 330 00d8 7047     		bx	lr
 331              	.L31:
 332 00da 20EA0101 		bic	r1, r0, r1
 333 00de FAE7     		b	.L33
 334              	.L35:
 335              		.align	2
 336              	.L34:
 337 00e0 00740040 		.word	1073771520
 338              		.cfi_endproc
 339              	.LFE36:
 341              		.align	1
 342              		.global	DAC_SetChannel1Data
 343              		.syntax unified
 344              		.thumb
 345              		.thumb_func
 346              		.fpu softvfp
 348              	DAC_SetChannel1Data:
 349              	.LFB37:
 329:lib/STM32F10x_StdPeriph_Driver/src/stm32f10x_dac.c ****   }
 330:lib/STM32F10x_StdPeriph_Driver/src/stm32f10x_dac.c **** }
 331:lib/STM32F10x_StdPeriph_Driver/src/stm32f10x_dac.c **** 
 332:lib/STM32F10x_StdPeriph_Driver/src/stm32f10x_dac.c **** /**
 333:lib/STM32F10x_StdPeriph_Driver/src/stm32f10x_dac.c ****   * @brief  Set the specified data holding register value for DAC channel1.
 334:lib/STM32F10x_StdPeriph_Driver/src/stm32f10x_dac.c ****   * @param  DAC_Align: Specifies the data alignment for DAC channel1.
 335:lib/STM32F10x_StdPeriph_Driver/src/stm32f10x_dac.c ****   *   This parameter can be one of the following values:
 336:lib/STM32F10x_StdPeriph_Driver/src/stm32f10x_dac.c ****   *     @arg DAC_Align_8b_R: 8bit right data alignment selected
 337:lib/STM32F10x_StdPeriph_Driver/src/stm32f10x_dac.c ****   *     @arg DAC_Align_12b_L: 12bit left data alignment selected
 338:lib/STM32F10x_StdPeriph_Driver/src/stm32f10x_dac.c ****   *     @arg DAC_Align_12b_R: 12bit right data alignment selected
 339:lib/STM32F10x_StdPeriph_Driver/src/stm32f10x_dac.c ****   * @param  Data : Data to be loaded in the selected data holding register.
 340:lib/STM32F10x_StdPeriph_Driver/src/stm32f10x_dac.c ****   * @retval None
 341:lib/STM32F10x_StdPeriph_Driver/src/stm32f10x_dac.c ****   */
 342:lib/STM32F10x_StdPeriph_Driver/src/stm32f10x_dac.c **** void DAC_SetChannel1Data(uint32_t DAC_Align, uint16_t Data)
 343:lib/STM32F10x_StdPeriph_Driver/src/stm32f10x_dac.c **** {  
 350              		.loc 1 343 0
 351              		.cfi_startproc
 352              		@ args = 0, pretend = 0, frame = 8
 353              		@ frame_needed = 0, uses_anonymous_args = 0
 354              		@ link register save eliminated.
 355              	.LVL27:
 344:lib/STM32F10x_StdPeriph_Driver/src/stm32f10x_dac.c ****   __IO uint32_t tmp = 0;
 356              		.loc 1 344 0
 357 00e4 0023     		movs	r3, #0
 343:lib/STM32F10x_StdPeriph_Driver/src/stm32f10x_dac.c ****   __IO uint32_t tmp = 0;
 358              		.loc 1 343 0
 359 00e6 82B0     		sub	sp, sp, #8
 360              	.LCFI3:
 361              		.cfi_def_cfa_offset 8
 362              		.loc 1 344 0
 363 00e8 0193     		str	r3, [sp, #4]
 345:lib/STM32F10x_StdPeriph_Driver/src/stm32f10x_dac.c ****   
 346:lib/STM32F10x_StdPeriph_Driver/src/stm32f10x_dac.c ****   /* Check the parameters */
 347:lib/STM32F10x_StdPeriph_Driver/src/stm32f10x_dac.c ****   assert_param(IS_DAC_ALIGN(DAC_Align));
 348:lib/STM32F10x_StdPeriph_Driver/src/stm32f10x_dac.c ****   assert_param(IS_DAC_DATA(Data));
 349:lib/STM32F10x_StdPeriph_Driver/src/stm32f10x_dac.c ****   
 350:lib/STM32F10x_StdPeriph_Driver/src/stm32f10x_dac.c ****   tmp = (uint32_t)DAC_BASE; 
 364              		.loc 1 350 0
 365 00ea 054B     		ldr	r3, .L37
 366 00ec 0193     		str	r3, [sp, #4]
 351:lib/STM32F10x_StdPeriph_Driver/src/stm32f10x_dac.c ****   tmp += DHR12R1_OFFSET + DAC_Align;
 367              		.loc 1 351 0
 368 00ee 019B     		ldr	r3, [sp, #4]
 369 00f0 0833     		adds	r3, r3, #8
 370 00f2 1844     		add	r0, r0, r3
 371              	.LVL28:
 372 00f4 0190     		str	r0, [sp, #4]
 352:lib/STM32F10x_StdPeriph_Driver/src/stm32f10x_dac.c **** 
 353:lib/STM32F10x_StdPeriph_Driver/src/stm32f10x_dac.c ****   /* Set the DAC channel1 selected data holding register */
 354:lib/STM32F10x_StdPeriph_Driver/src/stm32f10x_dac.c ****   *(__IO uint32_t *) tmp = Data;
 373              		.loc 1 354 0
 374 00f6 019B     		ldr	r3, [sp, #4]
 375 00f8 1960     		str	r1, [r3]
 355:lib/STM32F10x_StdPeriph_Driver/src/stm32f10x_dac.c **** }
 376              		.loc 1 355 0
 377 00fa 02B0     		add	sp, sp, #8
 378              	.LCFI4:
 379              		.cfi_def_cfa_offset 0
 380              		@ sp needed
 381 00fc 7047     		bx	lr
 382              	.L38:
 383 00fe 00BF     		.align	2
 384              	.L37:
 385 0100 00740040 		.word	1073771520
 386              		.cfi_endproc
 387              	.LFE37:
 389              		.align	1
 390              		.global	DAC_SetChannel2Data
 391              		.syntax unified
 392              		.thumb
 393              		.thumb_func
 394              		.fpu softvfp
 396              	DAC_SetChannel2Data:
 397              	.LFB38:
 356:lib/STM32F10x_StdPeriph_Driver/src/stm32f10x_dac.c **** 
 357:lib/STM32F10x_StdPeriph_Driver/src/stm32f10x_dac.c **** /**
 358:lib/STM32F10x_StdPeriph_Driver/src/stm32f10x_dac.c ****   * @brief  Set the specified data holding register value for DAC channel2.
 359:lib/STM32F10x_StdPeriph_Driver/src/stm32f10x_dac.c ****   * @param  DAC_Align: Specifies the data alignment for DAC channel2.
 360:lib/STM32F10x_StdPeriph_Driver/src/stm32f10x_dac.c ****   *   This parameter can be one of the following values:
 361:lib/STM32F10x_StdPeriph_Driver/src/stm32f10x_dac.c ****   *     @arg DAC_Align_8b_R: 8bit right data alignment selected
 362:lib/STM32F10x_StdPeriph_Driver/src/stm32f10x_dac.c ****   *     @arg DAC_Align_12b_L: 12bit left data alignment selected
 363:lib/STM32F10x_StdPeriph_Driver/src/stm32f10x_dac.c ****   *     @arg DAC_Align_12b_R: 12bit right data alignment selected
 364:lib/STM32F10x_StdPeriph_Driver/src/stm32f10x_dac.c ****   * @param  Data : Data to be loaded in the selected data holding register.
 365:lib/STM32F10x_StdPeriph_Driver/src/stm32f10x_dac.c ****   * @retval None
 366:lib/STM32F10x_StdPeriph_Driver/src/stm32f10x_dac.c ****   */
 367:lib/STM32F10x_StdPeriph_Driver/src/stm32f10x_dac.c **** void DAC_SetChannel2Data(uint32_t DAC_Align, uint16_t Data)
 368:lib/STM32F10x_StdPeriph_Driver/src/stm32f10x_dac.c **** {
 398              		.loc 1 368 0
 399              		.cfi_startproc
 400              		@ args = 0, pretend = 0, frame = 8
 401              		@ frame_needed = 0, uses_anonymous_args = 0
 402              		@ link register save eliminated.
 403              	.LVL29:
 369:lib/STM32F10x_StdPeriph_Driver/src/stm32f10x_dac.c ****   __IO uint32_t tmp = 0;
 404              		.loc 1 369 0
 405 0104 0023     		movs	r3, #0
 368:lib/STM32F10x_StdPeriph_Driver/src/stm32f10x_dac.c ****   __IO uint32_t tmp = 0;
 406              		.loc 1 368 0
 407 0106 82B0     		sub	sp, sp, #8
 408              	.LCFI5:
 409              		.cfi_def_cfa_offset 8
 410              		.loc 1 369 0
 411 0108 0193     		str	r3, [sp, #4]
 370:lib/STM32F10x_StdPeriph_Driver/src/stm32f10x_dac.c **** 
 371:lib/STM32F10x_StdPeriph_Driver/src/stm32f10x_dac.c ****   /* Check the parameters */
 372:lib/STM32F10x_StdPeriph_Driver/src/stm32f10x_dac.c ****   assert_param(IS_DAC_ALIGN(DAC_Align));
 373:lib/STM32F10x_StdPeriph_Driver/src/stm32f10x_dac.c ****   assert_param(IS_DAC_DATA(Data));
 374:lib/STM32F10x_StdPeriph_Driver/src/stm32f10x_dac.c ****   
 375:lib/STM32F10x_StdPeriph_Driver/src/stm32f10x_dac.c ****   tmp = (uint32_t)DAC_BASE;
 412              		.loc 1 375 0
 413 010a 054B     		ldr	r3, .L40
 414 010c 0193     		str	r3, [sp, #4]
 376:lib/STM32F10x_StdPeriph_Driver/src/stm32f10x_dac.c ****   tmp += DHR12R2_OFFSET + DAC_Align;
 415              		.loc 1 376 0
 416 010e 019B     		ldr	r3, [sp, #4]
 417 0110 1433     		adds	r3, r3, #20
 418 0112 1844     		add	r0, r0, r3
 419              	.LVL30:
 420 0114 0190     		str	r0, [sp, #4]
 377:lib/STM32F10x_StdPeriph_Driver/src/stm32f10x_dac.c **** 
 378:lib/STM32F10x_StdPeriph_Driver/src/stm32f10x_dac.c ****   /* Set the DAC channel2 selected data holding register */
 379:lib/STM32F10x_StdPeriph_Driver/src/stm32f10x_dac.c ****   *(__IO uint32_t *)tmp = Data;
 421              		.loc 1 379 0
 422 0116 019B     		ldr	r3, [sp, #4]
 423 0118 1960     		str	r1, [r3]
 380:lib/STM32F10x_StdPeriph_Driver/src/stm32f10x_dac.c **** }
 424              		.loc 1 380 0
 425 011a 02B0     		add	sp, sp, #8
 426              	.LCFI6:
 427              		.cfi_def_cfa_offset 0
 428              		@ sp needed
 429 011c 7047     		bx	lr
 430              	.L41:
 431 011e 00BF     		.align	2
 432              	.L40:
 433 0120 00740040 		.word	1073771520
 434              		.cfi_endproc
 435              	.LFE38:
 437              		.align	1
 438              		.global	DAC_SetDualChannelData
 439              		.syntax unified
 440              		.thumb
 441              		.thumb_func
 442              		.fpu softvfp
 444              	DAC_SetDualChannelData:
 445              	.LFB39:
 381:lib/STM32F10x_StdPeriph_Driver/src/stm32f10x_dac.c **** 
 382:lib/STM32F10x_StdPeriph_Driver/src/stm32f10x_dac.c **** /**
 383:lib/STM32F10x_StdPeriph_Driver/src/stm32f10x_dac.c ****   * @brief  Set the specified data holding register value for dual channel
 384:lib/STM32F10x_StdPeriph_Driver/src/stm32f10x_dac.c ****   *   DAC.
 385:lib/STM32F10x_StdPeriph_Driver/src/stm32f10x_dac.c ****   * @param  DAC_Align: Specifies the data alignment for dual channel DAC.
 386:lib/STM32F10x_StdPeriph_Driver/src/stm32f10x_dac.c ****   *   This parameter can be one of the following values:
 387:lib/STM32F10x_StdPeriph_Driver/src/stm32f10x_dac.c ****   *     @arg DAC_Align_8b_R: 8bit right data alignment selected
 388:lib/STM32F10x_StdPeriph_Driver/src/stm32f10x_dac.c ****   *     @arg DAC_Align_12b_L: 12bit left data alignment selected
 389:lib/STM32F10x_StdPeriph_Driver/src/stm32f10x_dac.c ****   *     @arg DAC_Align_12b_R: 12bit right data alignment selected
 390:lib/STM32F10x_StdPeriph_Driver/src/stm32f10x_dac.c ****   * @param  Data2: Data for DAC Channel2 to be loaded in the selected data 
 391:lib/STM32F10x_StdPeriph_Driver/src/stm32f10x_dac.c ****   *   holding register.
 392:lib/STM32F10x_StdPeriph_Driver/src/stm32f10x_dac.c ****   * @param  Data1: Data for DAC Channel1 to be loaded in the selected data 
 393:lib/STM32F10x_StdPeriph_Driver/src/stm32f10x_dac.c ****   *   holding register.
 394:lib/STM32F10x_StdPeriph_Driver/src/stm32f10x_dac.c ****   * @retval None
 395:lib/STM32F10x_StdPeriph_Driver/src/stm32f10x_dac.c ****   */
 396:lib/STM32F10x_StdPeriph_Driver/src/stm32f10x_dac.c **** void DAC_SetDualChannelData(uint32_t DAC_Align, uint16_t Data2, uint16_t Data1)
 397:lib/STM32F10x_StdPeriph_Driver/src/stm32f10x_dac.c **** {
 446              		.loc 1 397 0
 447              		.cfi_startproc
 448              		@ args = 0, pretend = 0, frame = 0
 449              		@ frame_needed = 0, uses_anonymous_args = 0
 450              		@ link register save eliminated.
 451              	.LVL31:
 398:lib/STM32F10x_StdPeriph_Driver/src/stm32f10x_dac.c ****   uint32_t data = 0, tmp = 0;
 399:lib/STM32F10x_StdPeriph_Driver/src/stm32f10x_dac.c ****   
 400:lib/STM32F10x_StdPeriph_Driver/src/stm32f10x_dac.c ****   /* Check the parameters */
 401:lib/STM32F10x_StdPeriph_Driver/src/stm32f10x_dac.c ****   assert_param(IS_DAC_ALIGN(DAC_Align));
 402:lib/STM32F10x_StdPeriph_Driver/src/stm32f10x_dac.c ****   assert_param(IS_DAC_DATA(Data1));
 403:lib/STM32F10x_StdPeriph_Driver/src/stm32f10x_dac.c ****   assert_param(IS_DAC_DATA(Data2));
 404:lib/STM32F10x_StdPeriph_Driver/src/stm32f10x_dac.c ****   
 405:lib/STM32F10x_StdPeriph_Driver/src/stm32f10x_dac.c ****   /* Calculate and set dual DAC data holding register value */
 406:lib/STM32F10x_StdPeriph_Driver/src/stm32f10x_dac.c ****   if (DAC_Align == DAC_Align_8b_R)
 452              		.loc 1 406 0
 453 0124 0828     		cmp	r0, #8
 407:lib/STM32F10x_StdPeriph_Driver/src/stm32f10x_dac.c ****   {
 408:lib/STM32F10x_StdPeriph_Driver/src/stm32f10x_dac.c ****     data = ((uint32_t)Data2 << 8) | Data1; 
 409:lib/STM32F10x_StdPeriph_Driver/src/stm32f10x_dac.c ****   }
 410:lib/STM32F10x_StdPeriph_Driver/src/stm32f10x_dac.c ****   else
 411:lib/STM32F10x_StdPeriph_Driver/src/stm32f10x_dac.c ****   {
 412:lib/STM32F10x_StdPeriph_Driver/src/stm32f10x_dac.c ****     data = ((uint32_t)Data2 << 16) | Data1;
 413:lib/STM32F10x_StdPeriph_Driver/src/stm32f10x_dac.c ****   }
 414:lib/STM32F10x_StdPeriph_Driver/src/stm32f10x_dac.c ****   
 415:lib/STM32F10x_StdPeriph_Driver/src/stm32f10x_dac.c ****   tmp = (uint32_t)DAC_BASE;
 416:lib/STM32F10x_StdPeriph_Driver/src/stm32f10x_dac.c ****   tmp += DHR12RD_OFFSET + DAC_Align;
 454              		.loc 1 416 0
 455 0126 044B     		ldr	r3, .L45
 408:lib/STM32F10x_StdPeriph_Driver/src/stm32f10x_dac.c ****   }
 456              		.loc 1 408 0
 457 0128 0CBF     		ite	eq
 458 012a 42EA0122 		orreq	r2, r2, r1, lsl #8
 459              	.LVL32:
 412:lib/STM32F10x_StdPeriph_Driver/src/stm32f10x_dac.c ****   }
 460              		.loc 1 412 0
 461 012e 42EA0142 		orrne	r2, r2, r1, lsl #16
 462              	.LVL33:
 417:lib/STM32F10x_StdPeriph_Driver/src/stm32f10x_dac.c **** 
 418:lib/STM32F10x_StdPeriph_Driver/src/stm32f10x_dac.c ****   /* Set the dual DAC selected data holding register */
 419:lib/STM32F10x_StdPeriph_Driver/src/stm32f10x_dac.c ****   *(__IO uint32_t *)tmp = data;
 463              		.loc 1 419 0
 464 0132 C250     		str	r2, [r0, r3]
 465 0134 7047     		bx	lr
 466              	.L46:
 467 0136 00BF     		.align	2
 468              	.L45:
 469 0138 20740040 		.word	1073771552
 470              		.cfi_endproc
 471              	.LFE39:
 473              		.align	1
 474              		.global	DAC_GetDataOutputValue
 475              		.syntax unified
 476              		.thumb
 477              		.thumb_func
 478              		.fpu softvfp
 480              	DAC_GetDataOutputValue:
 481              	.LFB40:
 420:lib/STM32F10x_StdPeriph_Driver/src/stm32f10x_dac.c **** }
 421:lib/STM32F10x_StdPeriph_Driver/src/stm32f10x_dac.c **** 
 422:lib/STM32F10x_StdPeriph_Driver/src/stm32f10x_dac.c **** /**
 423:lib/STM32F10x_StdPeriph_Driver/src/stm32f10x_dac.c ****   * @brief  Returns the last data output value of the selected DAC channel.
 424:lib/STM32F10x_StdPeriph_Driver/src/stm32f10x_dac.c ****   * @param  DAC_Channel: the selected DAC channel. 
 425:lib/STM32F10x_StdPeriph_Driver/src/stm32f10x_dac.c ****   *   This parameter can be one of the following values:
 426:lib/STM32F10x_StdPeriph_Driver/src/stm32f10x_dac.c ****   *     @arg DAC_Channel_1: DAC Channel1 selected
 427:lib/STM32F10x_StdPeriph_Driver/src/stm32f10x_dac.c ****   *     @arg DAC_Channel_2: DAC Channel2 selected
 428:lib/STM32F10x_StdPeriph_Driver/src/stm32f10x_dac.c ****   * @retval The selected DAC channel data output value.
 429:lib/STM32F10x_StdPeriph_Driver/src/stm32f10x_dac.c ****   */
 430:lib/STM32F10x_StdPeriph_Driver/src/stm32f10x_dac.c **** uint16_t DAC_GetDataOutputValue(uint32_t DAC_Channel)
 431:lib/STM32F10x_StdPeriph_Driver/src/stm32f10x_dac.c **** {
 482              		.loc 1 431 0
 483              		.cfi_startproc
 484              		@ args = 0, pretend = 0, frame = 8
 485              		@ frame_needed = 0, uses_anonymous_args = 0
 486              		@ link register save eliminated.
 487              	.LVL34:
 432:lib/STM32F10x_StdPeriph_Driver/src/stm32f10x_dac.c ****   __IO uint32_t tmp = 0;
 488              		.loc 1 432 0
 489 013c 0023     		movs	r3, #0
 431:lib/STM32F10x_StdPeriph_Driver/src/stm32f10x_dac.c ****   __IO uint32_t tmp = 0;
 490              		.loc 1 431 0
 491 013e 82B0     		sub	sp, sp, #8
 492              	.LCFI7:
 493              		.cfi_def_cfa_offset 8
 494              		.loc 1 432 0
 495 0140 0193     		str	r3, [sp, #4]
 433:lib/STM32F10x_StdPeriph_Driver/src/stm32f10x_dac.c ****   
 434:lib/STM32F10x_StdPeriph_Driver/src/stm32f10x_dac.c ****   /* Check the parameters */
 435:lib/STM32F10x_StdPeriph_Driver/src/stm32f10x_dac.c ****   assert_param(IS_DAC_CHANNEL(DAC_Channel));
 436:lib/STM32F10x_StdPeriph_Driver/src/stm32f10x_dac.c ****   
 437:lib/STM32F10x_StdPeriph_Driver/src/stm32f10x_dac.c ****   tmp = (uint32_t) DAC_BASE ;
 496              		.loc 1 437 0
 497 0142 064B     		ldr	r3, .L48
 498 0144 0193     		str	r3, [sp, #4]
 438:lib/STM32F10x_StdPeriph_Driver/src/stm32f10x_dac.c ****   tmp += DOR_OFFSET + ((uint32_t)DAC_Channel >> 2);
 499              		.loc 1 438 0
 500 0146 019B     		ldr	r3, [sp, #4]
 501 0148 2C33     		adds	r3, r3, #44
 502 014a 03EB9000 		add	r0, r3, r0, lsr #2
 503              	.LVL35:
 504 014e 0190     		str	r0, [sp, #4]
 439:lib/STM32F10x_StdPeriph_Driver/src/stm32f10x_dac.c ****   
 440:lib/STM32F10x_StdPeriph_Driver/src/stm32f10x_dac.c ****   /* Returns the DAC channel data output register value */
 441:lib/STM32F10x_StdPeriph_Driver/src/stm32f10x_dac.c ****   return (uint16_t) (*(__IO uint32_t*) tmp);
 505              		.loc 1 441 0
 506 0150 019B     		ldr	r3, [sp, #4]
 507 0152 1868     		ldr	r0, [r3]
 442:lib/STM32F10x_StdPeriph_Driver/src/stm32f10x_dac.c **** }
 508              		.loc 1 442 0
 509 0154 80B2     		uxth	r0, r0
 510 0156 02B0     		add	sp, sp, #8
 511              	.LCFI8:
 512              		.cfi_def_cfa_offset 0
 513              		@ sp needed
 514 0158 7047     		bx	lr
 515              	.L49:
 516 015a 00BF     		.align	2
 517              	.L48:
 518 015c 00740040 		.word	1073771520
 519              		.cfi_endproc
 520              	.LFE40:
 522              	.Letext0:
 523              		.file 2 "/opt/gcc-arm/gcc-arm-none-eabi-6_2-2016q4/arm-none-eabi/include/machine/_default_types.h"
 524              		.file 3 "/opt/gcc-arm/gcc-arm-none-eabi-6_2-2016q4/arm-none-eabi/include/sys/_stdint.h"
 525              		.file 4 "./lib/CMSIS/CM3/CoreSupport/core_cm3.h"
 526              		.file 5 "./lib/CMSIS/CM3/DeviceSupport/ST/STM32F10x/system_stm32f10x.h"
 527              		.file 6 "./lib/CMSIS/CM3/DeviceSupport/ST/STM32F10x/stm32f10x.h"
 528              		.file 7 "./lib/STM32F10x_StdPeriph_Driver/inc/stm32f10x_dac.h"
 529              		.file 8 "./lib/STM32F10x_StdPeriph_Driver/inc/stm32f10x_rcc.h"
DEFINED SYMBOLS
                            *ABS*:0000000000000000 stm32f10x_dac.c
     /tmp/cceZAIar.s:15     .text:0000000000000000 $t
     /tmp/cceZAIar.s:22     .text:0000000000000000 DAC_DeInit
     /tmp/cceZAIar.s:60     .text:000000000000001a DAC_Init
     /tmp/cceZAIar.s:106    .text:0000000000000044 $d
     /tmp/cceZAIar.s:110    .text:0000000000000048 $t
     /tmp/cceZAIar.s:117    .text:0000000000000048 DAC_StructInit
     /tmp/cceZAIar.s:145    .text:0000000000000054 DAC_Cmd
     /tmp/cceZAIar.s:176    .text:0000000000000070 $d
     /tmp/cceZAIar.s:180    .text:0000000000000074 $t
     /tmp/cceZAIar.s:187    .text:0000000000000074 DAC_DMACmd
     /tmp/cceZAIar.s:218    .text:0000000000000090 $d
     /tmp/cceZAIar.s:222    .text:0000000000000094 $t
     /tmp/cceZAIar.s:229    .text:0000000000000094 DAC_SoftwareTriggerCmd
     /tmp/cceZAIar.s:262    .text:00000000000000b0 $d
     /tmp/cceZAIar.s:266    .text:00000000000000b4 $t
     /tmp/cceZAIar.s:273    .text:00000000000000b4 DAC_DualSoftwareTriggerCmd
     /tmp/cceZAIar.s:298    .text:00000000000000c8 $d
     /tmp/cceZAIar.s:302    .text:00000000000000cc $t
     /tmp/cceZAIar.s:309    .text:00000000000000cc DAC_WaveGenerationCmd
     /tmp/cceZAIar.s:337    .text:00000000000000e0 $d
     /tmp/cceZAIar.s:341    .text:00000000000000e4 $t
     /tmp/cceZAIar.s:348    .text:00000000000000e4 DAC_SetChannel1Data
     /tmp/cceZAIar.s:385    .text:0000000000000100 $d
     /tmp/cceZAIar.s:389    .text:0000000000000104 $t
     /tmp/cceZAIar.s:396    .text:0000000000000104 DAC_SetChannel2Data
     /tmp/cceZAIar.s:433    .text:0000000000000120 $d
     /tmp/cceZAIar.s:437    .text:0000000000000124 $t
     /tmp/cceZAIar.s:444    .text:0000000000000124 DAC_SetDualChannelData
     /tmp/cceZAIar.s:469    .text:0000000000000138 $d
     /tmp/cceZAIar.s:473    .text:000000000000013c $t
     /tmp/cceZAIar.s:480    .text:000000000000013c DAC_GetDataOutputValue
     /tmp/cceZAIar.s:518    .text:000000000000015c $d
                     .debug_frame:0000000000000010 $d

UNDEFINED SYMBOLS
RCC_APB1PeriphResetCmd
