   1              		.cpu cortex-m3
   2              		.eabi_attribute 20, 1
   3              		.eabi_attribute 21, 1
   4              		.eabi_attribute 23, 3
   5              		.eabi_attribute 24, 1
   6              		.eabi_attribute 25, 1
   7              		.eabi_attribute 26, 1
   8              		.eabi_attribute 30, 4
   9              		.eabi_attribute 34, 1
  10              		.eabi_attribute 18, 4
  11              		.file	"stm32f10x_wwdg.c"
  12              		.text
  13              	.Ltext0:
  14              		.cfi_sections	.debug_frame
  15              		.align	1
  16              		.global	WWDG_DeInit
  17              		.syntax unified
  18              		.thumb
  19              		.thumb_func
  20              		.fpu softvfp
  22              	WWDG_DeInit:
  23              	.LFB29:
  24              		.file 1 "lib/STM32F10x_StdPeriph_Driver/src/stm32f10x_wwdg.c"
   1:lib/STM32F10x_StdPeriph_Driver/src/stm32f10x_wwdg.c **** /**
   2:lib/STM32F10x_StdPeriph_Driver/src/stm32f10x_wwdg.c ****   ******************************************************************************
   3:lib/STM32F10x_StdPeriph_Driver/src/stm32f10x_wwdg.c ****   * @file    stm32f10x_wwdg.c
   4:lib/STM32F10x_StdPeriph_Driver/src/stm32f10x_wwdg.c ****   * @author  MCD Application Team
   5:lib/STM32F10x_StdPeriph_Driver/src/stm32f10x_wwdg.c ****   * @version V3.5.0
   6:lib/STM32F10x_StdPeriph_Driver/src/stm32f10x_wwdg.c ****   * @date    11-March-2011
   7:lib/STM32F10x_StdPeriph_Driver/src/stm32f10x_wwdg.c ****   * @brief   This file provides all the WWDG firmware functions.
   8:lib/STM32F10x_StdPeriph_Driver/src/stm32f10x_wwdg.c ****   ******************************************************************************
   9:lib/STM32F10x_StdPeriph_Driver/src/stm32f10x_wwdg.c ****   * @attention
  10:lib/STM32F10x_StdPeriph_Driver/src/stm32f10x_wwdg.c ****   *
  11:lib/STM32F10x_StdPeriph_Driver/src/stm32f10x_wwdg.c ****   * THE PRESENT FIRMWARE WHICH IS FOR GUIDANCE ONLY AIMS AT PROVIDING CUSTOMERS
  12:lib/STM32F10x_StdPeriph_Driver/src/stm32f10x_wwdg.c ****   * WITH CODING INFORMATION REGARDING THEIR PRODUCTS IN ORDER FOR THEM TO SAVE
  13:lib/STM32F10x_StdPeriph_Driver/src/stm32f10x_wwdg.c ****   * TIME. AS A RESULT, STMICROELECTRONICS SHALL NOT BE HELD LIABLE FOR ANY
  14:lib/STM32F10x_StdPeriph_Driver/src/stm32f10x_wwdg.c ****   * DIRECT, INDIRECT OR CONSEQUENTIAL DAMAGES WITH RESPECT TO ANY CLAIMS ARISING
  15:lib/STM32F10x_StdPeriph_Driver/src/stm32f10x_wwdg.c ****   * FROM THE CONTENT OF SUCH FIRMWARE AND/OR THE USE MADE BY CUSTOMERS OF THE
  16:lib/STM32F10x_StdPeriph_Driver/src/stm32f10x_wwdg.c ****   * CODING INFORMATION CONTAINED HEREIN IN CONNECTION WITH THEIR PRODUCTS.
  17:lib/STM32F10x_StdPeriph_Driver/src/stm32f10x_wwdg.c ****   *
  18:lib/STM32F10x_StdPeriph_Driver/src/stm32f10x_wwdg.c ****   * <h2><center>&copy; COPYRIGHT 2011 STMicroelectronics</center></h2>
  19:lib/STM32F10x_StdPeriph_Driver/src/stm32f10x_wwdg.c ****   ******************************************************************************
  20:lib/STM32F10x_StdPeriph_Driver/src/stm32f10x_wwdg.c ****   */
  21:lib/STM32F10x_StdPeriph_Driver/src/stm32f10x_wwdg.c **** 
  22:lib/STM32F10x_StdPeriph_Driver/src/stm32f10x_wwdg.c **** /* Includes ------------------------------------------------------------------*/
  23:lib/STM32F10x_StdPeriph_Driver/src/stm32f10x_wwdg.c **** #include "stm32f10x_wwdg.h"
  24:lib/STM32F10x_StdPeriph_Driver/src/stm32f10x_wwdg.c **** #include "stm32f10x_rcc.h"
  25:lib/STM32F10x_StdPeriph_Driver/src/stm32f10x_wwdg.c **** 
  26:lib/STM32F10x_StdPeriph_Driver/src/stm32f10x_wwdg.c **** /** @addtogroup STM32F10x_StdPeriph_Driver
  27:lib/STM32F10x_StdPeriph_Driver/src/stm32f10x_wwdg.c ****   * @{
  28:lib/STM32F10x_StdPeriph_Driver/src/stm32f10x_wwdg.c ****   */
  29:lib/STM32F10x_StdPeriph_Driver/src/stm32f10x_wwdg.c **** 
  30:lib/STM32F10x_StdPeriph_Driver/src/stm32f10x_wwdg.c **** /** @defgroup WWDG 
  31:lib/STM32F10x_StdPeriph_Driver/src/stm32f10x_wwdg.c ****   * @brief WWDG driver modules
  32:lib/STM32F10x_StdPeriph_Driver/src/stm32f10x_wwdg.c ****   * @{
  33:lib/STM32F10x_StdPeriph_Driver/src/stm32f10x_wwdg.c ****   */
  34:lib/STM32F10x_StdPeriph_Driver/src/stm32f10x_wwdg.c **** 
  35:lib/STM32F10x_StdPeriph_Driver/src/stm32f10x_wwdg.c **** /** @defgroup WWDG_Private_TypesDefinitions
  36:lib/STM32F10x_StdPeriph_Driver/src/stm32f10x_wwdg.c ****   * @{
  37:lib/STM32F10x_StdPeriph_Driver/src/stm32f10x_wwdg.c ****   */
  38:lib/STM32F10x_StdPeriph_Driver/src/stm32f10x_wwdg.c **** 
  39:lib/STM32F10x_StdPeriph_Driver/src/stm32f10x_wwdg.c **** /**
  40:lib/STM32F10x_StdPeriph_Driver/src/stm32f10x_wwdg.c ****   * @}
  41:lib/STM32F10x_StdPeriph_Driver/src/stm32f10x_wwdg.c ****   */
  42:lib/STM32F10x_StdPeriph_Driver/src/stm32f10x_wwdg.c **** 
  43:lib/STM32F10x_StdPeriph_Driver/src/stm32f10x_wwdg.c **** /** @defgroup WWDG_Private_Defines
  44:lib/STM32F10x_StdPeriph_Driver/src/stm32f10x_wwdg.c ****   * @{
  45:lib/STM32F10x_StdPeriph_Driver/src/stm32f10x_wwdg.c ****   */
  46:lib/STM32F10x_StdPeriph_Driver/src/stm32f10x_wwdg.c **** 
  47:lib/STM32F10x_StdPeriph_Driver/src/stm32f10x_wwdg.c **** /* ----------- WWDG registers bit address in the alias region ----------- */
  48:lib/STM32F10x_StdPeriph_Driver/src/stm32f10x_wwdg.c **** #define WWDG_OFFSET       (WWDG_BASE - PERIPH_BASE)
  49:lib/STM32F10x_StdPeriph_Driver/src/stm32f10x_wwdg.c **** 
  50:lib/STM32F10x_StdPeriph_Driver/src/stm32f10x_wwdg.c **** /* Alias word address of EWI bit */
  51:lib/STM32F10x_StdPeriph_Driver/src/stm32f10x_wwdg.c **** #define CFR_OFFSET        (WWDG_OFFSET + 0x04)
  52:lib/STM32F10x_StdPeriph_Driver/src/stm32f10x_wwdg.c **** #define EWI_BitNumber     0x09
  53:lib/STM32F10x_StdPeriph_Driver/src/stm32f10x_wwdg.c **** #define CFR_EWI_BB        (PERIPH_BB_BASE + (CFR_OFFSET * 32) + (EWI_BitNumber * 4))
  54:lib/STM32F10x_StdPeriph_Driver/src/stm32f10x_wwdg.c **** 
  55:lib/STM32F10x_StdPeriph_Driver/src/stm32f10x_wwdg.c **** /* --------------------- WWDG registers bit mask ------------------------ */
  56:lib/STM32F10x_StdPeriph_Driver/src/stm32f10x_wwdg.c **** 
  57:lib/STM32F10x_StdPeriph_Driver/src/stm32f10x_wwdg.c **** /* CR register bit mask */
  58:lib/STM32F10x_StdPeriph_Driver/src/stm32f10x_wwdg.c **** #define CR_WDGA_Set       ((uint32_t)0x00000080)
  59:lib/STM32F10x_StdPeriph_Driver/src/stm32f10x_wwdg.c **** 
  60:lib/STM32F10x_StdPeriph_Driver/src/stm32f10x_wwdg.c **** /* CFR register bit mask */
  61:lib/STM32F10x_StdPeriph_Driver/src/stm32f10x_wwdg.c **** #define CFR_WDGTB_Mask    ((uint32_t)0xFFFFFE7F)
  62:lib/STM32F10x_StdPeriph_Driver/src/stm32f10x_wwdg.c **** #define CFR_W_Mask        ((uint32_t)0xFFFFFF80)
  63:lib/STM32F10x_StdPeriph_Driver/src/stm32f10x_wwdg.c **** #define BIT_Mask          ((uint8_t)0x7F)
  64:lib/STM32F10x_StdPeriph_Driver/src/stm32f10x_wwdg.c **** 
  65:lib/STM32F10x_StdPeriph_Driver/src/stm32f10x_wwdg.c **** /**
  66:lib/STM32F10x_StdPeriph_Driver/src/stm32f10x_wwdg.c ****   * @}
  67:lib/STM32F10x_StdPeriph_Driver/src/stm32f10x_wwdg.c ****   */
  68:lib/STM32F10x_StdPeriph_Driver/src/stm32f10x_wwdg.c **** 
  69:lib/STM32F10x_StdPeriph_Driver/src/stm32f10x_wwdg.c **** /** @defgroup WWDG_Private_Macros
  70:lib/STM32F10x_StdPeriph_Driver/src/stm32f10x_wwdg.c ****   * @{
  71:lib/STM32F10x_StdPeriph_Driver/src/stm32f10x_wwdg.c ****   */
  72:lib/STM32F10x_StdPeriph_Driver/src/stm32f10x_wwdg.c **** 
  73:lib/STM32F10x_StdPeriph_Driver/src/stm32f10x_wwdg.c **** /**
  74:lib/STM32F10x_StdPeriph_Driver/src/stm32f10x_wwdg.c ****   * @}
  75:lib/STM32F10x_StdPeriph_Driver/src/stm32f10x_wwdg.c ****   */
  76:lib/STM32F10x_StdPeriph_Driver/src/stm32f10x_wwdg.c **** 
  77:lib/STM32F10x_StdPeriph_Driver/src/stm32f10x_wwdg.c **** /** @defgroup WWDG_Private_Variables
  78:lib/STM32F10x_StdPeriph_Driver/src/stm32f10x_wwdg.c ****   * @{
  79:lib/STM32F10x_StdPeriph_Driver/src/stm32f10x_wwdg.c ****   */
  80:lib/STM32F10x_StdPeriph_Driver/src/stm32f10x_wwdg.c **** 
  81:lib/STM32F10x_StdPeriph_Driver/src/stm32f10x_wwdg.c **** /**
  82:lib/STM32F10x_StdPeriph_Driver/src/stm32f10x_wwdg.c ****   * @}
  83:lib/STM32F10x_StdPeriph_Driver/src/stm32f10x_wwdg.c ****   */
  84:lib/STM32F10x_StdPeriph_Driver/src/stm32f10x_wwdg.c **** 
  85:lib/STM32F10x_StdPeriph_Driver/src/stm32f10x_wwdg.c **** /** @defgroup WWDG_Private_FunctionPrototypes
  86:lib/STM32F10x_StdPeriph_Driver/src/stm32f10x_wwdg.c ****   * @{
  87:lib/STM32F10x_StdPeriph_Driver/src/stm32f10x_wwdg.c ****   */
  88:lib/STM32F10x_StdPeriph_Driver/src/stm32f10x_wwdg.c **** 
  89:lib/STM32F10x_StdPeriph_Driver/src/stm32f10x_wwdg.c **** /**
  90:lib/STM32F10x_StdPeriph_Driver/src/stm32f10x_wwdg.c ****   * @}
  91:lib/STM32F10x_StdPeriph_Driver/src/stm32f10x_wwdg.c ****   */
  92:lib/STM32F10x_StdPeriph_Driver/src/stm32f10x_wwdg.c **** 
  93:lib/STM32F10x_StdPeriph_Driver/src/stm32f10x_wwdg.c **** /** @defgroup WWDG_Private_Functions
  94:lib/STM32F10x_StdPeriph_Driver/src/stm32f10x_wwdg.c ****   * @{
  95:lib/STM32F10x_StdPeriph_Driver/src/stm32f10x_wwdg.c ****   */
  96:lib/STM32F10x_StdPeriph_Driver/src/stm32f10x_wwdg.c **** 
  97:lib/STM32F10x_StdPeriph_Driver/src/stm32f10x_wwdg.c **** /**
  98:lib/STM32F10x_StdPeriph_Driver/src/stm32f10x_wwdg.c ****   * @brief  Deinitializes the WWDG peripheral registers to their default reset values.
  99:lib/STM32F10x_StdPeriph_Driver/src/stm32f10x_wwdg.c ****   * @param  None
 100:lib/STM32F10x_StdPeriph_Driver/src/stm32f10x_wwdg.c ****   * @retval None
 101:lib/STM32F10x_StdPeriph_Driver/src/stm32f10x_wwdg.c ****   */
 102:lib/STM32F10x_StdPeriph_Driver/src/stm32f10x_wwdg.c **** void WWDG_DeInit(void)
 103:lib/STM32F10x_StdPeriph_Driver/src/stm32f10x_wwdg.c **** {
  25              		.loc 1 103 0
  26              		.cfi_startproc
  27              		@ args = 0, pretend = 0, frame = 0
  28              		@ frame_needed = 0, uses_anonymous_args = 0
  29 0000 08B5     		push	{r3, lr}
  30              	.LCFI0:
  31              		.cfi_def_cfa_offset 8
  32              		.cfi_offset 3, -8
  33              		.cfi_offset 14, -4
 104:lib/STM32F10x_StdPeriph_Driver/src/stm32f10x_wwdg.c ****   RCC_APB1PeriphResetCmd(RCC_APB1Periph_WWDG, ENABLE);
  34              		.loc 1 104 0
  35 0002 0121     		movs	r1, #1
  36 0004 4FF40060 		mov	r0, #2048
  37 0008 FFF7FEFF 		bl	RCC_APB1PeriphResetCmd
  38              	.LVL0:
 105:lib/STM32F10x_StdPeriph_Driver/src/stm32f10x_wwdg.c ****   RCC_APB1PeriphResetCmd(RCC_APB1Periph_WWDG, DISABLE);
 106:lib/STM32F10x_StdPeriph_Driver/src/stm32f10x_wwdg.c **** }
  39              		.loc 1 106 0
  40 000c BDE80840 		pop	{r3, lr}
  41              	.LCFI1:
  42              		.cfi_restore 14
  43              		.cfi_restore 3
  44              		.cfi_def_cfa_offset 0
 105:lib/STM32F10x_StdPeriph_Driver/src/stm32f10x_wwdg.c ****   RCC_APB1PeriphResetCmd(RCC_APB1Periph_WWDG, DISABLE);
  45              		.loc 1 105 0
  46 0010 0021     		movs	r1, #0
  47 0012 4FF40060 		mov	r0, #2048
  48 0016 FFF7FEBF 		b	RCC_APB1PeriphResetCmd
  49              	.LVL1:
  50              		.cfi_endproc
  51              	.LFE29:
  53              		.align	1
  54              		.global	WWDG_SetPrescaler
  55              		.syntax unified
  56              		.thumb
  57              		.thumb_func
  58              		.fpu softvfp
  60              	WWDG_SetPrescaler:
  61              	.LFB30:
 107:lib/STM32F10x_StdPeriph_Driver/src/stm32f10x_wwdg.c **** 
 108:lib/STM32F10x_StdPeriph_Driver/src/stm32f10x_wwdg.c **** /**
 109:lib/STM32F10x_StdPeriph_Driver/src/stm32f10x_wwdg.c ****   * @brief  Sets the WWDG Prescaler.
 110:lib/STM32F10x_StdPeriph_Driver/src/stm32f10x_wwdg.c ****   * @param  WWDG_Prescaler: specifies the WWDG Prescaler.
 111:lib/STM32F10x_StdPeriph_Driver/src/stm32f10x_wwdg.c ****   *   This parameter can be one of the following values:
 112:lib/STM32F10x_StdPeriph_Driver/src/stm32f10x_wwdg.c ****   *     @arg WWDG_Prescaler_1: WWDG counter clock = (PCLK1/4096)/1
 113:lib/STM32F10x_StdPeriph_Driver/src/stm32f10x_wwdg.c ****   *     @arg WWDG_Prescaler_2: WWDG counter clock = (PCLK1/4096)/2
 114:lib/STM32F10x_StdPeriph_Driver/src/stm32f10x_wwdg.c ****   *     @arg WWDG_Prescaler_4: WWDG counter clock = (PCLK1/4096)/4
 115:lib/STM32F10x_StdPeriph_Driver/src/stm32f10x_wwdg.c ****   *     @arg WWDG_Prescaler_8: WWDG counter clock = (PCLK1/4096)/8
 116:lib/STM32F10x_StdPeriph_Driver/src/stm32f10x_wwdg.c ****   * @retval None
 117:lib/STM32F10x_StdPeriph_Driver/src/stm32f10x_wwdg.c ****   */
 118:lib/STM32F10x_StdPeriph_Driver/src/stm32f10x_wwdg.c **** void WWDG_SetPrescaler(uint32_t WWDG_Prescaler)
 119:lib/STM32F10x_StdPeriph_Driver/src/stm32f10x_wwdg.c **** {
  62              		.loc 1 119 0
  63              		.cfi_startproc
  64              		@ args = 0, pretend = 0, frame = 0
  65              		@ frame_needed = 0, uses_anonymous_args = 0
  66              		@ link register save eliminated.
  67              	.LVL2:
 120:lib/STM32F10x_StdPeriph_Driver/src/stm32f10x_wwdg.c ****   uint32_t tmpreg = 0;
 121:lib/STM32F10x_StdPeriph_Driver/src/stm32f10x_wwdg.c ****   /* Check the parameters */
 122:lib/STM32F10x_StdPeriph_Driver/src/stm32f10x_wwdg.c ****   assert_param(IS_WWDG_PRESCALER(WWDG_Prescaler));
 123:lib/STM32F10x_StdPeriph_Driver/src/stm32f10x_wwdg.c ****   /* Clear WDGTB[1:0] bits */
 124:lib/STM32F10x_StdPeriph_Driver/src/stm32f10x_wwdg.c ****   tmpreg = WWDG->CFR & CFR_WDGTB_Mask;
  68              		.loc 1 124 0
  69 001a 034A     		ldr	r2, .L3
  70 001c 5368     		ldr	r3, [r2, #4]
  71 001e 23F4C073 		bic	r3, r3, #384
  72              	.LVL3:
 125:lib/STM32F10x_StdPeriph_Driver/src/stm32f10x_wwdg.c ****   /* Set WDGTB[1:0] bits according to WWDG_Prescaler value */
 126:lib/STM32F10x_StdPeriph_Driver/src/stm32f10x_wwdg.c ****   tmpreg |= WWDG_Prescaler;
  73              		.loc 1 126 0
  74 0022 1843     		orrs	r0, r0, r3
  75              	.LVL4:
 127:lib/STM32F10x_StdPeriph_Driver/src/stm32f10x_wwdg.c ****   /* Store the new value */
 128:lib/STM32F10x_StdPeriph_Driver/src/stm32f10x_wwdg.c ****   WWDG->CFR = tmpreg;
  76              		.loc 1 128 0
  77 0024 5060     		str	r0, [r2, #4]
  78 0026 7047     		bx	lr
  79              	.L4:
  80              		.align	2
  81              	.L3:
  82 0028 002C0040 		.word	1073753088
  83              		.cfi_endproc
  84              	.LFE30:
  86              		.align	1
  87              		.global	WWDG_SetWindowValue
  88              		.syntax unified
  89              		.thumb
  90              		.thumb_func
  91              		.fpu softvfp
  93              	WWDG_SetWindowValue:
  94              	.LFB31:
 129:lib/STM32F10x_StdPeriph_Driver/src/stm32f10x_wwdg.c **** }
 130:lib/STM32F10x_StdPeriph_Driver/src/stm32f10x_wwdg.c **** 
 131:lib/STM32F10x_StdPeriph_Driver/src/stm32f10x_wwdg.c **** /**
 132:lib/STM32F10x_StdPeriph_Driver/src/stm32f10x_wwdg.c ****   * @brief  Sets the WWDG window value.
 133:lib/STM32F10x_StdPeriph_Driver/src/stm32f10x_wwdg.c ****   * @param  WindowValue: specifies the window value to be compared to the downcounter.
 134:lib/STM32F10x_StdPeriph_Driver/src/stm32f10x_wwdg.c ****   *   This parameter value must be lower than 0x80.
 135:lib/STM32F10x_StdPeriph_Driver/src/stm32f10x_wwdg.c ****   * @retval None
 136:lib/STM32F10x_StdPeriph_Driver/src/stm32f10x_wwdg.c ****   */
 137:lib/STM32F10x_StdPeriph_Driver/src/stm32f10x_wwdg.c **** void WWDG_SetWindowValue(uint8_t WindowValue)
 138:lib/STM32F10x_StdPeriph_Driver/src/stm32f10x_wwdg.c **** {
  95              		.loc 1 138 0
  96              		.cfi_startproc
  97              		@ args = 0, pretend = 0, frame = 8
  98              		@ frame_needed = 0, uses_anonymous_args = 0
  99              		@ link register save eliminated.
 100              	.LVL5:
 139:lib/STM32F10x_StdPeriph_Driver/src/stm32f10x_wwdg.c ****   __IO uint32_t tmpreg = 0;
 101              		.loc 1 139 0
 102 002c 0023     		movs	r3, #0
 138:lib/STM32F10x_StdPeriph_Driver/src/stm32f10x_wwdg.c ****   __IO uint32_t tmpreg = 0;
 103              		.loc 1 138 0
 104 002e 82B0     		sub	sp, sp, #8
 105              	.LCFI2:
 106              		.cfi_def_cfa_offset 8
 140:lib/STM32F10x_StdPeriph_Driver/src/stm32f10x_wwdg.c **** 
 141:lib/STM32F10x_StdPeriph_Driver/src/stm32f10x_wwdg.c ****   /* Check the parameters */
 142:lib/STM32F10x_StdPeriph_Driver/src/stm32f10x_wwdg.c ****   assert_param(IS_WWDG_WINDOW_VALUE(WindowValue));
 143:lib/STM32F10x_StdPeriph_Driver/src/stm32f10x_wwdg.c ****   /* Clear W[6:0] bits */
 144:lib/STM32F10x_StdPeriph_Driver/src/stm32f10x_wwdg.c **** 
 145:lib/STM32F10x_StdPeriph_Driver/src/stm32f10x_wwdg.c ****   tmpreg = WWDG->CFR & CFR_W_Mask;
 107              		.loc 1 145 0
 108 0030 074A     		ldr	r2, .L6
 139:lib/STM32F10x_StdPeriph_Driver/src/stm32f10x_wwdg.c **** 
 109              		.loc 1 139 0
 110 0032 0193     		str	r3, [sp, #4]
 111              		.loc 1 145 0
 112 0034 5368     		ldr	r3, [r2, #4]
 146:lib/STM32F10x_StdPeriph_Driver/src/stm32f10x_wwdg.c **** 
 147:lib/STM32F10x_StdPeriph_Driver/src/stm32f10x_wwdg.c ****   /* Set W[6:0] bits according to WindowValue value */
 148:lib/STM32F10x_StdPeriph_Driver/src/stm32f10x_wwdg.c ****   tmpreg |= WindowValue & (uint32_t) BIT_Mask;
 113              		.loc 1 148 0
 114 0036 00F07F00 		and	r0, r0, #127
 115              	.LVL6:
 145:lib/STM32F10x_StdPeriph_Driver/src/stm32f10x_wwdg.c **** 
 116              		.loc 1 145 0
 117 003a 23F07F03 		bic	r3, r3, #127
 118 003e 0193     		str	r3, [sp, #4]
 119              		.loc 1 148 0
 120 0040 019B     		ldr	r3, [sp, #4]
 121 0042 1843     		orrs	r0, r0, r3
 122 0044 0190     		str	r0, [sp, #4]
 149:lib/STM32F10x_StdPeriph_Driver/src/stm32f10x_wwdg.c **** 
 150:lib/STM32F10x_StdPeriph_Driver/src/stm32f10x_wwdg.c ****   /* Store the new value */
 151:lib/STM32F10x_StdPeriph_Driver/src/stm32f10x_wwdg.c ****   WWDG->CFR = tmpreg;
 123              		.loc 1 151 0
 124 0046 019B     		ldr	r3, [sp, #4]
 125 0048 5360     		str	r3, [r2, #4]
 152:lib/STM32F10x_StdPeriph_Driver/src/stm32f10x_wwdg.c **** }
 126              		.loc 1 152 0
 127 004a 02B0     		add	sp, sp, #8
 128              	.LCFI3:
 129              		.cfi_def_cfa_offset 0
 130              		@ sp needed
 131 004c 7047     		bx	lr
 132              	.L7:
 133 004e 00BF     		.align	2
 134              	.L6:
 135 0050 002C0040 		.word	1073753088
 136              		.cfi_endproc
 137              	.LFE31:
 139              		.align	1
 140              		.global	WWDG_EnableIT
 141              		.syntax unified
 142              		.thumb
 143              		.thumb_func
 144              		.fpu softvfp
 146              	WWDG_EnableIT:
 147              	.LFB32:
 153:lib/STM32F10x_StdPeriph_Driver/src/stm32f10x_wwdg.c **** 
 154:lib/STM32F10x_StdPeriph_Driver/src/stm32f10x_wwdg.c **** /**
 155:lib/STM32F10x_StdPeriph_Driver/src/stm32f10x_wwdg.c ****   * @brief  Enables the WWDG Early Wakeup interrupt(EWI).
 156:lib/STM32F10x_StdPeriph_Driver/src/stm32f10x_wwdg.c ****   * @param  None
 157:lib/STM32F10x_StdPeriph_Driver/src/stm32f10x_wwdg.c ****   * @retval None
 158:lib/STM32F10x_StdPeriph_Driver/src/stm32f10x_wwdg.c ****   */
 159:lib/STM32F10x_StdPeriph_Driver/src/stm32f10x_wwdg.c **** void WWDG_EnableIT(void)
 160:lib/STM32F10x_StdPeriph_Driver/src/stm32f10x_wwdg.c **** {
 148              		.loc 1 160 0
 149              		.cfi_startproc
 150              		@ args = 0, pretend = 0, frame = 0
 151              		@ frame_needed = 0, uses_anonymous_args = 0
 152              		@ link register save eliminated.
 161:lib/STM32F10x_StdPeriph_Driver/src/stm32f10x_wwdg.c ****   *(__IO uint32_t *) CFR_EWI_BB = (uint32_t)ENABLE;
 153              		.loc 1 161 0
 154 0054 0122     		movs	r2, #1
 155 0056 014B     		ldr	r3, .L9
 156 0058 1A60     		str	r2, [r3]
 157 005a 7047     		bx	lr
 158              	.L10:
 159              		.align	2
 160              	.L9:
 161 005c A4800542 		.word	1107656868
 162              		.cfi_endproc
 163              	.LFE32:
 165              		.align	1
 166              		.global	WWDG_SetCounter
 167              		.syntax unified
 168              		.thumb
 169              		.thumb_func
 170              		.fpu softvfp
 172              	WWDG_SetCounter:
 173              	.LFB33:
 162:lib/STM32F10x_StdPeriph_Driver/src/stm32f10x_wwdg.c **** }
 163:lib/STM32F10x_StdPeriph_Driver/src/stm32f10x_wwdg.c **** 
 164:lib/STM32F10x_StdPeriph_Driver/src/stm32f10x_wwdg.c **** /**
 165:lib/STM32F10x_StdPeriph_Driver/src/stm32f10x_wwdg.c ****   * @brief  Sets the WWDG counter value.
 166:lib/STM32F10x_StdPeriph_Driver/src/stm32f10x_wwdg.c ****   * @param  Counter: specifies the watchdog counter value.
 167:lib/STM32F10x_StdPeriph_Driver/src/stm32f10x_wwdg.c ****   *   This parameter must be a number between 0x40 and 0x7F.
 168:lib/STM32F10x_StdPeriph_Driver/src/stm32f10x_wwdg.c ****   * @retval None
 169:lib/STM32F10x_StdPeriph_Driver/src/stm32f10x_wwdg.c ****   */
 170:lib/STM32F10x_StdPeriph_Driver/src/stm32f10x_wwdg.c **** void WWDG_SetCounter(uint8_t Counter)
 171:lib/STM32F10x_StdPeriph_Driver/src/stm32f10x_wwdg.c **** {
 174              		.loc 1 171 0
 175              		.cfi_startproc
 176              		@ args = 0, pretend = 0, frame = 0
 177              		@ frame_needed = 0, uses_anonymous_args = 0
 178              		@ link register save eliminated.
 179              	.LVL7:
 172:lib/STM32F10x_StdPeriph_Driver/src/stm32f10x_wwdg.c ****   /* Check the parameters */
 173:lib/STM32F10x_StdPeriph_Driver/src/stm32f10x_wwdg.c ****   assert_param(IS_WWDG_COUNTER(Counter));
 174:lib/STM32F10x_StdPeriph_Driver/src/stm32f10x_wwdg.c ****   /* Write to T[6:0] bits to configure the counter value, no need to do
 175:lib/STM32F10x_StdPeriph_Driver/src/stm32f10x_wwdg.c ****      a read-modify-write; writing a 0 to WDGA bit does nothing */
 176:lib/STM32F10x_StdPeriph_Driver/src/stm32f10x_wwdg.c ****   WWDG->CR = Counter & BIT_Mask;
 180              		.loc 1 176 0
 181 0060 024B     		ldr	r3, .L12
 182 0062 00F07F00 		and	r0, r0, #127
 183              	.LVL8:
 184 0066 1860     		str	r0, [r3]
 185 0068 7047     		bx	lr
 186              	.L13:
 187 006a 00BF     		.align	2
 188              	.L12:
 189 006c 002C0040 		.word	1073753088
 190              		.cfi_endproc
 191              	.LFE33:
 193              		.align	1
 194              		.global	WWDG_Enable
 195              		.syntax unified
 196              		.thumb
 197              		.thumb_func
 198              		.fpu softvfp
 200              	WWDG_Enable:
 201              	.LFB34:
 177:lib/STM32F10x_StdPeriph_Driver/src/stm32f10x_wwdg.c **** }
 178:lib/STM32F10x_StdPeriph_Driver/src/stm32f10x_wwdg.c **** 
 179:lib/STM32F10x_StdPeriph_Driver/src/stm32f10x_wwdg.c **** /**
 180:lib/STM32F10x_StdPeriph_Driver/src/stm32f10x_wwdg.c ****   * @brief  Enables WWDG and load the counter value.                  
 181:lib/STM32F10x_StdPeriph_Driver/src/stm32f10x_wwdg.c ****   * @param  Counter: specifies the watchdog counter value.
 182:lib/STM32F10x_StdPeriph_Driver/src/stm32f10x_wwdg.c ****   *   This parameter must be a number between 0x40 and 0x7F.
 183:lib/STM32F10x_StdPeriph_Driver/src/stm32f10x_wwdg.c ****   * @retval None
 184:lib/STM32F10x_StdPeriph_Driver/src/stm32f10x_wwdg.c ****   */
 185:lib/STM32F10x_StdPeriph_Driver/src/stm32f10x_wwdg.c **** void WWDG_Enable(uint8_t Counter)
 186:lib/STM32F10x_StdPeriph_Driver/src/stm32f10x_wwdg.c **** {
 202              		.loc 1 186 0
 203              		.cfi_startproc
 204              		@ args = 0, pretend = 0, frame = 0
 205              		@ frame_needed = 0, uses_anonymous_args = 0
 206              		@ link register save eliminated.
 207              	.LVL9:
 187:lib/STM32F10x_StdPeriph_Driver/src/stm32f10x_wwdg.c ****   /* Check the parameters */
 188:lib/STM32F10x_StdPeriph_Driver/src/stm32f10x_wwdg.c ****   assert_param(IS_WWDG_COUNTER(Counter));
 189:lib/STM32F10x_StdPeriph_Driver/src/stm32f10x_wwdg.c ****   WWDG->CR = CR_WDGA_Set | Counter;
 208              		.loc 1 189 0
 209 0070 024B     		ldr	r3, .L15
 210 0072 40F08000 		orr	r0, r0, #128
 211              	.LVL10:
 212 0076 1860     		str	r0, [r3]
 213 0078 7047     		bx	lr
 214              	.L16:
 215 007a 00BF     		.align	2
 216              	.L15:
 217 007c 002C0040 		.word	1073753088
 218              		.cfi_endproc
 219              	.LFE34:
 221              		.align	1
 222              		.global	WWDG_GetFlagStatus
 223              		.syntax unified
 224              		.thumb
 225              		.thumb_func
 226              		.fpu softvfp
 228              	WWDG_GetFlagStatus:
 229              	.LFB35:
 190:lib/STM32F10x_StdPeriph_Driver/src/stm32f10x_wwdg.c **** }
 191:lib/STM32F10x_StdPeriph_Driver/src/stm32f10x_wwdg.c **** 
 192:lib/STM32F10x_StdPeriph_Driver/src/stm32f10x_wwdg.c **** /**
 193:lib/STM32F10x_StdPeriph_Driver/src/stm32f10x_wwdg.c ****   * @brief  Checks whether the Early Wakeup interrupt flag is set or not.
 194:lib/STM32F10x_StdPeriph_Driver/src/stm32f10x_wwdg.c ****   * @param  None
 195:lib/STM32F10x_StdPeriph_Driver/src/stm32f10x_wwdg.c ****   * @retval The new state of the Early Wakeup interrupt flag (SET or RESET)
 196:lib/STM32F10x_StdPeriph_Driver/src/stm32f10x_wwdg.c ****   */
 197:lib/STM32F10x_StdPeriph_Driver/src/stm32f10x_wwdg.c **** FlagStatus WWDG_GetFlagStatus(void)
 198:lib/STM32F10x_StdPeriph_Driver/src/stm32f10x_wwdg.c **** {
 230              		.loc 1 198 0
 231              		.cfi_startproc
 232              		@ args = 0, pretend = 0, frame = 0
 233              		@ frame_needed = 0, uses_anonymous_args = 0
 234              		@ link register save eliminated.
 199:lib/STM32F10x_StdPeriph_Driver/src/stm32f10x_wwdg.c ****   return (FlagStatus)(WWDG->SR);
 235              		.loc 1 199 0
 236 0080 014B     		ldr	r3, .L18
 237 0082 9868     		ldr	r0, [r3, #8]
 200:lib/STM32F10x_StdPeriph_Driver/src/stm32f10x_wwdg.c **** }
 238              		.loc 1 200 0
 239 0084 C0B2     		uxtb	r0, r0
 240 0086 7047     		bx	lr
 241              	.L19:
 242              		.align	2
 243              	.L18:
 244 0088 002C0040 		.word	1073753088
 245              		.cfi_endproc
 246              	.LFE35:
 248              		.align	1
 249              		.global	WWDG_ClearFlag
 250              		.syntax unified
 251              		.thumb
 252              		.thumb_func
 253              		.fpu softvfp
 255              	WWDG_ClearFlag:
 256              	.LFB36:
 201:lib/STM32F10x_StdPeriph_Driver/src/stm32f10x_wwdg.c **** 
 202:lib/STM32F10x_StdPeriph_Driver/src/stm32f10x_wwdg.c **** /**
 203:lib/STM32F10x_StdPeriph_Driver/src/stm32f10x_wwdg.c ****   * @brief  Clears Early Wakeup interrupt flag.
 204:lib/STM32F10x_StdPeriph_Driver/src/stm32f10x_wwdg.c ****   * @param  None
 205:lib/STM32F10x_StdPeriph_Driver/src/stm32f10x_wwdg.c ****   * @retval None
 206:lib/STM32F10x_StdPeriph_Driver/src/stm32f10x_wwdg.c ****   */
 207:lib/STM32F10x_StdPeriph_Driver/src/stm32f10x_wwdg.c **** void WWDG_ClearFlag(void)
 208:lib/STM32F10x_StdPeriph_Driver/src/stm32f10x_wwdg.c **** {
 257              		.loc 1 208 0
 258              		.cfi_startproc
 259              		@ args = 0, pretend = 0, frame = 0
 260              		@ frame_needed = 0, uses_anonymous_args = 0
 261              		@ link register save eliminated.
 209:lib/STM32F10x_StdPeriph_Driver/src/stm32f10x_wwdg.c ****   WWDG->SR = (uint32_t)RESET;
 262              		.loc 1 209 0
 263 008c 0022     		movs	r2, #0
 264 008e 014B     		ldr	r3, .L21
 265 0090 9A60     		str	r2, [r3, #8]
 266 0092 7047     		bx	lr
 267              	.L22:
 268              		.align	2
 269              	.L21:
 270 0094 002C0040 		.word	1073753088
 271              		.cfi_endproc
 272              	.LFE36:
 274              	.Letext0:
 275              		.file 2 "/opt/gcc-arm/gcc-arm-none-eabi-6_2-2016q4/arm-none-eabi/include/machine/_default_types.h"
 276              		.file 3 "/opt/gcc-arm/gcc-arm-none-eabi-6_2-2016q4/arm-none-eabi/include/sys/_stdint.h"
 277              		.file 4 "./lib/CMSIS/CM3/CoreSupport/core_cm3.h"
 278              		.file 5 "./lib/CMSIS/CM3/DeviceSupport/ST/STM32F10x/system_stm32f10x.h"
 279              		.file 6 "./lib/CMSIS/CM3/DeviceSupport/ST/STM32F10x/stm32f10x.h"
 280              		.file 7 "./lib/STM32F10x_StdPeriph_Driver/inc/stm32f10x_rcc.h"
DEFINED SYMBOLS
                            *ABS*:0000000000000000 stm32f10x_wwdg.c
     /tmp/ccpMyWGc.s:15     .text:0000000000000000 $t
     /tmp/ccpMyWGc.s:22     .text:0000000000000000 WWDG_DeInit
     /tmp/ccpMyWGc.s:60     .text:000000000000001a WWDG_SetPrescaler
     /tmp/ccpMyWGc.s:82     .text:0000000000000028 $d
     /tmp/ccpMyWGc.s:86     .text:000000000000002c $t
     /tmp/ccpMyWGc.s:93     .text:000000000000002c WWDG_SetWindowValue
     /tmp/ccpMyWGc.s:135    .text:0000000000000050 $d
     /tmp/ccpMyWGc.s:139    .text:0000000000000054 $t
     /tmp/ccpMyWGc.s:146    .text:0000000000000054 WWDG_EnableIT
     /tmp/ccpMyWGc.s:161    .text:000000000000005c $d
     /tmp/ccpMyWGc.s:165    .text:0000000000000060 $t
     /tmp/ccpMyWGc.s:172    .text:0000000000000060 WWDG_SetCounter
     /tmp/ccpMyWGc.s:189    .text:000000000000006c $d
     /tmp/ccpMyWGc.s:193    .text:0000000000000070 $t
     /tmp/ccpMyWGc.s:200    .text:0000000000000070 WWDG_Enable
     /tmp/ccpMyWGc.s:217    .text:000000000000007c $d
     /tmp/ccpMyWGc.s:221    .text:0000000000000080 $t
     /tmp/ccpMyWGc.s:228    .text:0000000000000080 WWDG_GetFlagStatus
     /tmp/ccpMyWGc.s:244    .text:0000000000000088 $d
     /tmp/ccpMyWGc.s:248    .text:000000000000008c $t
     /tmp/ccpMyWGc.s:255    .text:000000000000008c WWDG_ClearFlag
     /tmp/ccpMyWGc.s:270    .text:0000000000000094 $d
                     .debug_frame:0000000000000010 $d

UNDEFINED SYMBOLS
RCC_APB1PeriphResetCmd
