   1              		.cpu cortex-m3
   2              		.eabi_attribute 20, 1
   3              		.eabi_attribute 21, 1
   4              		.eabi_attribute 23, 3
   5              		.eabi_attribute 24, 1
   6              		.eabi_attribute 25, 1
   7              		.eabi_attribute 26, 1
   8              		.eabi_attribute 30, 4
   9              		.eabi_attribute 34, 1
  10              		.eabi_attribute 18, 4
  11              		.file	"stm32f10x_iwdg.c"
  12              		.text
  13              	.Ltext0:
  14              		.cfi_sections	.debug_frame
  15              		.align	1
  16              		.global	IWDG_WriteAccessCmd
  17              		.syntax unified
  18              		.thumb
  19              		.thumb_func
  20              		.fpu softvfp
  22              	IWDG_WriteAccessCmd:
  23              	.LFB29:
  24              		.file 1 "lib/STM32F10x_StdPeriph_Driver/src/stm32f10x_iwdg.c"
   1:lib/STM32F10x_StdPeriph_Driver/src/stm32f10x_iwdg.c **** /**
   2:lib/STM32F10x_StdPeriph_Driver/src/stm32f10x_iwdg.c ****   ******************************************************************************
   3:lib/STM32F10x_StdPeriph_Driver/src/stm32f10x_iwdg.c ****   * @file    stm32f10x_iwdg.c
   4:lib/STM32F10x_StdPeriph_Driver/src/stm32f10x_iwdg.c ****   * @author  MCD Application Team
   5:lib/STM32F10x_StdPeriph_Driver/src/stm32f10x_iwdg.c ****   * @version V3.5.0
   6:lib/STM32F10x_StdPeriph_Driver/src/stm32f10x_iwdg.c ****   * @date    11-March-2011
   7:lib/STM32F10x_StdPeriph_Driver/src/stm32f10x_iwdg.c ****   * @brief   This file provides all the IWDG firmware functions.
   8:lib/STM32F10x_StdPeriph_Driver/src/stm32f10x_iwdg.c ****   ******************************************************************************
   9:lib/STM32F10x_StdPeriph_Driver/src/stm32f10x_iwdg.c ****   * @attention
  10:lib/STM32F10x_StdPeriph_Driver/src/stm32f10x_iwdg.c ****   *
  11:lib/STM32F10x_StdPeriph_Driver/src/stm32f10x_iwdg.c ****   * THE PRESENT FIRMWARE WHICH IS FOR GUIDANCE ONLY AIMS AT PROVIDING CUSTOMERS
  12:lib/STM32F10x_StdPeriph_Driver/src/stm32f10x_iwdg.c ****   * WITH CODING INFORMATION REGARDING THEIR PRODUCTS IN ORDER FOR THEM TO SAVE
  13:lib/STM32F10x_StdPeriph_Driver/src/stm32f10x_iwdg.c ****   * TIME. AS A RESULT, STMICROELECTRONICS SHALL NOT BE HELD LIABLE FOR ANY
  14:lib/STM32F10x_StdPeriph_Driver/src/stm32f10x_iwdg.c ****   * DIRECT, INDIRECT OR CONSEQUENTIAL DAMAGES WITH RESPECT TO ANY CLAIMS ARISING
  15:lib/STM32F10x_StdPeriph_Driver/src/stm32f10x_iwdg.c ****   * FROM THE CONTENT OF SUCH FIRMWARE AND/OR THE USE MADE BY CUSTOMERS OF THE
  16:lib/STM32F10x_StdPeriph_Driver/src/stm32f10x_iwdg.c ****   * CODING INFORMATION CONTAINED HEREIN IN CONNECTION WITH THEIR PRODUCTS.
  17:lib/STM32F10x_StdPeriph_Driver/src/stm32f10x_iwdg.c ****   *
  18:lib/STM32F10x_StdPeriph_Driver/src/stm32f10x_iwdg.c ****   * <h2><center>&copy; COPYRIGHT 2011 STMicroelectronics</center></h2>
  19:lib/STM32F10x_StdPeriph_Driver/src/stm32f10x_iwdg.c ****   ******************************************************************************
  20:lib/STM32F10x_StdPeriph_Driver/src/stm32f10x_iwdg.c ****   */
  21:lib/STM32F10x_StdPeriph_Driver/src/stm32f10x_iwdg.c **** 
  22:lib/STM32F10x_StdPeriph_Driver/src/stm32f10x_iwdg.c **** /* Includes ------------------------------------------------------------------*/
  23:lib/STM32F10x_StdPeriph_Driver/src/stm32f10x_iwdg.c **** #include "stm32f10x_iwdg.h"
  24:lib/STM32F10x_StdPeriph_Driver/src/stm32f10x_iwdg.c **** 
  25:lib/STM32F10x_StdPeriph_Driver/src/stm32f10x_iwdg.c **** /** @addtogroup STM32F10x_StdPeriph_Driver
  26:lib/STM32F10x_StdPeriph_Driver/src/stm32f10x_iwdg.c ****   * @{
  27:lib/STM32F10x_StdPeriph_Driver/src/stm32f10x_iwdg.c ****   */
  28:lib/STM32F10x_StdPeriph_Driver/src/stm32f10x_iwdg.c **** 
  29:lib/STM32F10x_StdPeriph_Driver/src/stm32f10x_iwdg.c **** /** @defgroup IWDG 
  30:lib/STM32F10x_StdPeriph_Driver/src/stm32f10x_iwdg.c ****   * @brief IWDG driver modules
  31:lib/STM32F10x_StdPeriph_Driver/src/stm32f10x_iwdg.c ****   * @{
  32:lib/STM32F10x_StdPeriph_Driver/src/stm32f10x_iwdg.c ****   */ 
  33:lib/STM32F10x_StdPeriph_Driver/src/stm32f10x_iwdg.c **** 
  34:lib/STM32F10x_StdPeriph_Driver/src/stm32f10x_iwdg.c **** /** @defgroup IWDG_Private_TypesDefinitions
  35:lib/STM32F10x_StdPeriph_Driver/src/stm32f10x_iwdg.c ****   * @{
  36:lib/STM32F10x_StdPeriph_Driver/src/stm32f10x_iwdg.c ****   */
  37:lib/STM32F10x_StdPeriph_Driver/src/stm32f10x_iwdg.c **** 
  38:lib/STM32F10x_StdPeriph_Driver/src/stm32f10x_iwdg.c **** /**
  39:lib/STM32F10x_StdPeriph_Driver/src/stm32f10x_iwdg.c ****   * @}
  40:lib/STM32F10x_StdPeriph_Driver/src/stm32f10x_iwdg.c ****   */
  41:lib/STM32F10x_StdPeriph_Driver/src/stm32f10x_iwdg.c **** 
  42:lib/STM32F10x_StdPeriph_Driver/src/stm32f10x_iwdg.c **** /** @defgroup IWDG_Private_Defines
  43:lib/STM32F10x_StdPeriph_Driver/src/stm32f10x_iwdg.c ****   * @{
  44:lib/STM32F10x_StdPeriph_Driver/src/stm32f10x_iwdg.c ****   */ 
  45:lib/STM32F10x_StdPeriph_Driver/src/stm32f10x_iwdg.c **** 
  46:lib/STM32F10x_StdPeriph_Driver/src/stm32f10x_iwdg.c **** /* ---------------------- IWDG registers bit mask ----------------------------*/
  47:lib/STM32F10x_StdPeriph_Driver/src/stm32f10x_iwdg.c **** 
  48:lib/STM32F10x_StdPeriph_Driver/src/stm32f10x_iwdg.c **** /* KR register bit mask */
  49:lib/STM32F10x_StdPeriph_Driver/src/stm32f10x_iwdg.c **** #define KR_KEY_Reload    ((uint16_t)0xAAAA)
  50:lib/STM32F10x_StdPeriph_Driver/src/stm32f10x_iwdg.c **** #define KR_KEY_Enable    ((uint16_t)0xCCCC)
  51:lib/STM32F10x_StdPeriph_Driver/src/stm32f10x_iwdg.c **** 
  52:lib/STM32F10x_StdPeriph_Driver/src/stm32f10x_iwdg.c **** /**
  53:lib/STM32F10x_StdPeriph_Driver/src/stm32f10x_iwdg.c ****   * @}
  54:lib/STM32F10x_StdPeriph_Driver/src/stm32f10x_iwdg.c ****   */ 
  55:lib/STM32F10x_StdPeriph_Driver/src/stm32f10x_iwdg.c **** 
  56:lib/STM32F10x_StdPeriph_Driver/src/stm32f10x_iwdg.c **** /** @defgroup IWDG_Private_Macros
  57:lib/STM32F10x_StdPeriph_Driver/src/stm32f10x_iwdg.c ****   * @{
  58:lib/STM32F10x_StdPeriph_Driver/src/stm32f10x_iwdg.c ****   */
  59:lib/STM32F10x_StdPeriph_Driver/src/stm32f10x_iwdg.c **** 
  60:lib/STM32F10x_StdPeriph_Driver/src/stm32f10x_iwdg.c **** /**
  61:lib/STM32F10x_StdPeriph_Driver/src/stm32f10x_iwdg.c ****   * @}
  62:lib/STM32F10x_StdPeriph_Driver/src/stm32f10x_iwdg.c ****   */
  63:lib/STM32F10x_StdPeriph_Driver/src/stm32f10x_iwdg.c **** 
  64:lib/STM32F10x_StdPeriph_Driver/src/stm32f10x_iwdg.c **** /** @defgroup IWDG_Private_Variables
  65:lib/STM32F10x_StdPeriph_Driver/src/stm32f10x_iwdg.c ****   * @{
  66:lib/STM32F10x_StdPeriph_Driver/src/stm32f10x_iwdg.c ****   */
  67:lib/STM32F10x_StdPeriph_Driver/src/stm32f10x_iwdg.c **** 
  68:lib/STM32F10x_StdPeriph_Driver/src/stm32f10x_iwdg.c **** /**
  69:lib/STM32F10x_StdPeriph_Driver/src/stm32f10x_iwdg.c ****   * @}
  70:lib/STM32F10x_StdPeriph_Driver/src/stm32f10x_iwdg.c ****   */
  71:lib/STM32F10x_StdPeriph_Driver/src/stm32f10x_iwdg.c **** 
  72:lib/STM32F10x_StdPeriph_Driver/src/stm32f10x_iwdg.c **** /** @defgroup IWDG_Private_FunctionPrototypes
  73:lib/STM32F10x_StdPeriph_Driver/src/stm32f10x_iwdg.c ****   * @{
  74:lib/STM32F10x_StdPeriph_Driver/src/stm32f10x_iwdg.c ****   */
  75:lib/STM32F10x_StdPeriph_Driver/src/stm32f10x_iwdg.c **** 
  76:lib/STM32F10x_StdPeriph_Driver/src/stm32f10x_iwdg.c **** /**
  77:lib/STM32F10x_StdPeriph_Driver/src/stm32f10x_iwdg.c ****   * @}
  78:lib/STM32F10x_StdPeriph_Driver/src/stm32f10x_iwdg.c ****   */
  79:lib/STM32F10x_StdPeriph_Driver/src/stm32f10x_iwdg.c **** 
  80:lib/STM32F10x_StdPeriph_Driver/src/stm32f10x_iwdg.c **** /** @defgroup IWDG_Private_Functions
  81:lib/STM32F10x_StdPeriph_Driver/src/stm32f10x_iwdg.c ****   * @{
  82:lib/STM32F10x_StdPeriph_Driver/src/stm32f10x_iwdg.c ****   */
  83:lib/STM32F10x_StdPeriph_Driver/src/stm32f10x_iwdg.c **** 
  84:lib/STM32F10x_StdPeriph_Driver/src/stm32f10x_iwdg.c **** /**
  85:lib/STM32F10x_StdPeriph_Driver/src/stm32f10x_iwdg.c ****   * @brief  Enables or disables write access to IWDG_PR and IWDG_RLR registers.
  86:lib/STM32F10x_StdPeriph_Driver/src/stm32f10x_iwdg.c ****   * @param  IWDG_WriteAccess: new state of write access to IWDG_PR and IWDG_RLR registers.
  87:lib/STM32F10x_StdPeriph_Driver/src/stm32f10x_iwdg.c ****   *   This parameter can be one of the following values:
  88:lib/STM32F10x_StdPeriph_Driver/src/stm32f10x_iwdg.c ****   *     @arg IWDG_WriteAccess_Enable: Enable write access to IWDG_PR and IWDG_RLR registers
  89:lib/STM32F10x_StdPeriph_Driver/src/stm32f10x_iwdg.c ****   *     @arg IWDG_WriteAccess_Disable: Disable write access to IWDG_PR and IWDG_RLR registers
  90:lib/STM32F10x_StdPeriph_Driver/src/stm32f10x_iwdg.c ****   * @retval None
  91:lib/STM32F10x_StdPeriph_Driver/src/stm32f10x_iwdg.c ****   */
  92:lib/STM32F10x_StdPeriph_Driver/src/stm32f10x_iwdg.c **** void IWDG_WriteAccessCmd(uint16_t IWDG_WriteAccess)
  93:lib/STM32F10x_StdPeriph_Driver/src/stm32f10x_iwdg.c **** {
  25              		.loc 1 93 0
  26              		.cfi_startproc
  27              		@ args = 0, pretend = 0, frame = 0
  28              		@ frame_needed = 0, uses_anonymous_args = 0
  29              		@ link register save eliminated.
  30              	.LVL0:
  94:lib/STM32F10x_StdPeriph_Driver/src/stm32f10x_iwdg.c ****   /* Check the parameters */
  95:lib/STM32F10x_StdPeriph_Driver/src/stm32f10x_iwdg.c ****   assert_param(IS_IWDG_WRITE_ACCESS(IWDG_WriteAccess));
  96:lib/STM32F10x_StdPeriph_Driver/src/stm32f10x_iwdg.c ****   IWDG->KR = IWDG_WriteAccess;
  31              		.loc 1 96 0
  32 0000 014B     		ldr	r3, .L2
  33 0002 1860     		str	r0, [r3]
  34 0004 7047     		bx	lr
  35              	.L3:
  36 0006 00BF     		.align	2
  37              	.L2:
  38 0008 00300040 		.word	1073754112
  39              		.cfi_endproc
  40              	.LFE29:
  42              		.align	1
  43              		.global	IWDG_SetPrescaler
  44              		.syntax unified
  45              		.thumb
  46              		.thumb_func
  47              		.fpu softvfp
  49              	IWDG_SetPrescaler:
  50              	.LFB30:
  97:lib/STM32F10x_StdPeriph_Driver/src/stm32f10x_iwdg.c **** }
  98:lib/STM32F10x_StdPeriph_Driver/src/stm32f10x_iwdg.c **** 
  99:lib/STM32F10x_StdPeriph_Driver/src/stm32f10x_iwdg.c **** /**
 100:lib/STM32F10x_StdPeriph_Driver/src/stm32f10x_iwdg.c ****   * @brief  Sets IWDG Prescaler value.
 101:lib/STM32F10x_StdPeriph_Driver/src/stm32f10x_iwdg.c ****   * @param  IWDG_Prescaler: specifies the IWDG Prescaler value.
 102:lib/STM32F10x_StdPeriph_Driver/src/stm32f10x_iwdg.c ****   *   This parameter can be one of the following values:
 103:lib/STM32F10x_StdPeriph_Driver/src/stm32f10x_iwdg.c ****   *     @arg IWDG_Prescaler_4: IWDG prescaler set to 4
 104:lib/STM32F10x_StdPeriph_Driver/src/stm32f10x_iwdg.c ****   *     @arg IWDG_Prescaler_8: IWDG prescaler set to 8
 105:lib/STM32F10x_StdPeriph_Driver/src/stm32f10x_iwdg.c ****   *     @arg IWDG_Prescaler_16: IWDG prescaler set to 16
 106:lib/STM32F10x_StdPeriph_Driver/src/stm32f10x_iwdg.c ****   *     @arg IWDG_Prescaler_32: IWDG prescaler set to 32
 107:lib/STM32F10x_StdPeriph_Driver/src/stm32f10x_iwdg.c ****   *     @arg IWDG_Prescaler_64: IWDG prescaler set to 64
 108:lib/STM32F10x_StdPeriph_Driver/src/stm32f10x_iwdg.c ****   *     @arg IWDG_Prescaler_128: IWDG prescaler set to 128
 109:lib/STM32F10x_StdPeriph_Driver/src/stm32f10x_iwdg.c ****   *     @arg IWDG_Prescaler_256: IWDG prescaler set to 256
 110:lib/STM32F10x_StdPeriph_Driver/src/stm32f10x_iwdg.c ****   * @retval None
 111:lib/STM32F10x_StdPeriph_Driver/src/stm32f10x_iwdg.c ****   */
 112:lib/STM32F10x_StdPeriph_Driver/src/stm32f10x_iwdg.c **** void IWDG_SetPrescaler(uint8_t IWDG_Prescaler)
 113:lib/STM32F10x_StdPeriph_Driver/src/stm32f10x_iwdg.c **** {
  51              		.loc 1 113 0
  52              		.cfi_startproc
  53              		@ args = 0, pretend = 0, frame = 0
  54              		@ frame_needed = 0, uses_anonymous_args = 0
  55              		@ link register save eliminated.
  56              	.LVL1:
 114:lib/STM32F10x_StdPeriph_Driver/src/stm32f10x_iwdg.c ****   /* Check the parameters */
 115:lib/STM32F10x_StdPeriph_Driver/src/stm32f10x_iwdg.c ****   assert_param(IS_IWDG_PRESCALER(IWDG_Prescaler));
 116:lib/STM32F10x_StdPeriph_Driver/src/stm32f10x_iwdg.c ****   IWDG->PR = IWDG_Prescaler;
  57              		.loc 1 116 0
  58 000c 014B     		ldr	r3, .L5
  59 000e 5860     		str	r0, [r3, #4]
  60 0010 7047     		bx	lr
  61              	.L6:
  62 0012 00BF     		.align	2
  63              	.L5:
  64 0014 00300040 		.word	1073754112
  65              		.cfi_endproc
  66              	.LFE30:
  68              		.align	1
  69              		.global	IWDG_SetReload
  70              		.syntax unified
  71              		.thumb
  72              		.thumb_func
  73              		.fpu softvfp
  75              	IWDG_SetReload:
  76              	.LFB31:
 117:lib/STM32F10x_StdPeriph_Driver/src/stm32f10x_iwdg.c **** }
 118:lib/STM32F10x_StdPeriph_Driver/src/stm32f10x_iwdg.c **** 
 119:lib/STM32F10x_StdPeriph_Driver/src/stm32f10x_iwdg.c **** /**
 120:lib/STM32F10x_StdPeriph_Driver/src/stm32f10x_iwdg.c ****   * @brief  Sets IWDG Reload value.
 121:lib/STM32F10x_StdPeriph_Driver/src/stm32f10x_iwdg.c ****   * @param  Reload: specifies the IWDG Reload value.
 122:lib/STM32F10x_StdPeriph_Driver/src/stm32f10x_iwdg.c ****   *   This parameter must be a number between 0 and 0x0FFF.
 123:lib/STM32F10x_StdPeriph_Driver/src/stm32f10x_iwdg.c ****   * @retval None
 124:lib/STM32F10x_StdPeriph_Driver/src/stm32f10x_iwdg.c ****   */
 125:lib/STM32F10x_StdPeriph_Driver/src/stm32f10x_iwdg.c **** void IWDG_SetReload(uint16_t Reload)
 126:lib/STM32F10x_StdPeriph_Driver/src/stm32f10x_iwdg.c **** {
  77              		.loc 1 126 0
  78              		.cfi_startproc
  79              		@ args = 0, pretend = 0, frame = 0
  80              		@ frame_needed = 0, uses_anonymous_args = 0
  81              		@ link register save eliminated.
  82              	.LVL2:
 127:lib/STM32F10x_StdPeriph_Driver/src/stm32f10x_iwdg.c ****   /* Check the parameters */
 128:lib/STM32F10x_StdPeriph_Driver/src/stm32f10x_iwdg.c ****   assert_param(IS_IWDG_RELOAD(Reload));
 129:lib/STM32F10x_StdPeriph_Driver/src/stm32f10x_iwdg.c ****   IWDG->RLR = Reload;
  83              		.loc 1 129 0
  84 0018 014B     		ldr	r3, .L8
  85 001a 9860     		str	r0, [r3, #8]
  86 001c 7047     		bx	lr
  87              	.L9:
  88 001e 00BF     		.align	2
  89              	.L8:
  90 0020 00300040 		.word	1073754112
  91              		.cfi_endproc
  92              	.LFE31:
  94              		.align	1
  95              		.global	IWDG_ReloadCounter
  96              		.syntax unified
  97              		.thumb
  98              		.thumb_func
  99              		.fpu softvfp
 101              	IWDG_ReloadCounter:
 102              	.LFB32:
 130:lib/STM32F10x_StdPeriph_Driver/src/stm32f10x_iwdg.c **** }
 131:lib/STM32F10x_StdPeriph_Driver/src/stm32f10x_iwdg.c **** 
 132:lib/STM32F10x_StdPeriph_Driver/src/stm32f10x_iwdg.c **** /**
 133:lib/STM32F10x_StdPeriph_Driver/src/stm32f10x_iwdg.c ****   * @brief  Reloads IWDG counter with value defined in the reload register
 134:lib/STM32F10x_StdPeriph_Driver/src/stm32f10x_iwdg.c ****   *   (write access to IWDG_PR and IWDG_RLR registers disabled).
 135:lib/STM32F10x_StdPeriph_Driver/src/stm32f10x_iwdg.c ****   * @param  None
 136:lib/STM32F10x_StdPeriph_Driver/src/stm32f10x_iwdg.c ****   * @retval None
 137:lib/STM32F10x_StdPeriph_Driver/src/stm32f10x_iwdg.c ****   */
 138:lib/STM32F10x_StdPeriph_Driver/src/stm32f10x_iwdg.c **** void IWDG_ReloadCounter(void)
 139:lib/STM32F10x_StdPeriph_Driver/src/stm32f10x_iwdg.c **** {
 103              		.loc 1 139 0
 104              		.cfi_startproc
 105              		@ args = 0, pretend = 0, frame = 0
 106              		@ frame_needed = 0, uses_anonymous_args = 0
 107              		@ link register save eliminated.
 140:lib/STM32F10x_StdPeriph_Driver/src/stm32f10x_iwdg.c ****   IWDG->KR = KR_KEY_Reload;
 108              		.loc 1 140 0
 109 0024 4AF6AA22 		movw	r2, #43690
 110 0028 014B     		ldr	r3, .L11
 111 002a 1A60     		str	r2, [r3]
 112 002c 7047     		bx	lr
 113              	.L12:
 114 002e 00BF     		.align	2
 115              	.L11:
 116 0030 00300040 		.word	1073754112
 117              		.cfi_endproc
 118              	.LFE32:
 120              		.align	1
 121              		.global	IWDG_Enable
 122              		.syntax unified
 123              		.thumb
 124              		.thumb_func
 125              		.fpu softvfp
 127              	IWDG_Enable:
 128              	.LFB33:
 141:lib/STM32F10x_StdPeriph_Driver/src/stm32f10x_iwdg.c **** }
 142:lib/STM32F10x_StdPeriph_Driver/src/stm32f10x_iwdg.c **** 
 143:lib/STM32F10x_StdPeriph_Driver/src/stm32f10x_iwdg.c **** /**
 144:lib/STM32F10x_StdPeriph_Driver/src/stm32f10x_iwdg.c ****   * @brief  Enables IWDG (write access to IWDG_PR and IWDG_RLR registers disabled).
 145:lib/STM32F10x_StdPeriph_Driver/src/stm32f10x_iwdg.c ****   * @param  None
 146:lib/STM32F10x_StdPeriph_Driver/src/stm32f10x_iwdg.c ****   * @retval None
 147:lib/STM32F10x_StdPeriph_Driver/src/stm32f10x_iwdg.c ****   */
 148:lib/STM32F10x_StdPeriph_Driver/src/stm32f10x_iwdg.c **** void IWDG_Enable(void)
 149:lib/STM32F10x_StdPeriph_Driver/src/stm32f10x_iwdg.c **** {
 129              		.loc 1 149 0
 130              		.cfi_startproc
 131              		@ args = 0, pretend = 0, frame = 0
 132              		@ frame_needed = 0, uses_anonymous_args = 0
 133              		@ link register save eliminated.
 150:lib/STM32F10x_StdPeriph_Driver/src/stm32f10x_iwdg.c ****   IWDG->KR = KR_KEY_Enable;
 134              		.loc 1 150 0
 135 0034 4CF6CC42 		movw	r2, #52428
 136 0038 014B     		ldr	r3, .L14
 137 003a 1A60     		str	r2, [r3]
 138 003c 7047     		bx	lr
 139              	.L15:
 140 003e 00BF     		.align	2
 141              	.L14:
 142 0040 00300040 		.word	1073754112
 143              		.cfi_endproc
 144              	.LFE33:
 146              		.align	1
 147              		.global	IWDG_GetFlagStatus
 148              		.syntax unified
 149              		.thumb
 150              		.thumb_func
 151              		.fpu softvfp
 153              	IWDG_GetFlagStatus:
 154              	.LFB34:
 151:lib/STM32F10x_StdPeriph_Driver/src/stm32f10x_iwdg.c **** }
 152:lib/STM32F10x_StdPeriph_Driver/src/stm32f10x_iwdg.c **** 
 153:lib/STM32F10x_StdPeriph_Driver/src/stm32f10x_iwdg.c **** /**
 154:lib/STM32F10x_StdPeriph_Driver/src/stm32f10x_iwdg.c ****   * @brief  Checks whether the specified IWDG flag is set or not.
 155:lib/STM32F10x_StdPeriph_Driver/src/stm32f10x_iwdg.c ****   * @param  IWDG_FLAG: specifies the flag to check.
 156:lib/STM32F10x_StdPeriph_Driver/src/stm32f10x_iwdg.c ****   *   This parameter can be one of the following values:
 157:lib/STM32F10x_StdPeriph_Driver/src/stm32f10x_iwdg.c ****   *     @arg IWDG_FLAG_PVU: Prescaler Value Update on going
 158:lib/STM32F10x_StdPeriph_Driver/src/stm32f10x_iwdg.c ****   *     @arg IWDG_FLAG_RVU: Reload Value Update on going
 159:lib/STM32F10x_StdPeriph_Driver/src/stm32f10x_iwdg.c ****   * @retval The new state of IWDG_FLAG (SET or RESET).
 160:lib/STM32F10x_StdPeriph_Driver/src/stm32f10x_iwdg.c ****   */
 161:lib/STM32F10x_StdPeriph_Driver/src/stm32f10x_iwdg.c **** FlagStatus IWDG_GetFlagStatus(uint16_t IWDG_FLAG)
 162:lib/STM32F10x_StdPeriph_Driver/src/stm32f10x_iwdg.c **** {
 155              		.loc 1 162 0
 156              		.cfi_startproc
 157              		@ args = 0, pretend = 0, frame = 0
 158              		@ frame_needed = 0, uses_anonymous_args = 0
 159              		@ link register save eliminated.
 160              	.LVL3:
 163:lib/STM32F10x_StdPeriph_Driver/src/stm32f10x_iwdg.c ****   FlagStatus bitstatus = RESET;
 164:lib/STM32F10x_StdPeriph_Driver/src/stm32f10x_iwdg.c ****   /* Check the parameters */
 165:lib/STM32F10x_StdPeriph_Driver/src/stm32f10x_iwdg.c ****   assert_param(IS_IWDG_FLAG(IWDG_FLAG));
 166:lib/STM32F10x_StdPeriph_Driver/src/stm32f10x_iwdg.c ****   if ((IWDG->SR & IWDG_FLAG) != (uint32_t)RESET)
 161              		.loc 1 166 0
 162 0044 034B     		ldr	r3, .L17
 163 0046 DB68     		ldr	r3, [r3, #12]
 164              	.LVL4:
 165 0048 1842     		tst	r0, r3
 167:lib/STM32F10x_StdPeriph_Driver/src/stm32f10x_iwdg.c ****   {
 168:lib/STM32F10x_StdPeriph_Driver/src/stm32f10x_iwdg.c ****     bitstatus = SET;
 169:lib/STM32F10x_StdPeriph_Driver/src/stm32f10x_iwdg.c ****   }
 170:lib/STM32F10x_StdPeriph_Driver/src/stm32f10x_iwdg.c ****   else
 171:lib/STM32F10x_StdPeriph_Driver/src/stm32f10x_iwdg.c ****   {
 172:lib/STM32F10x_StdPeriph_Driver/src/stm32f10x_iwdg.c ****     bitstatus = RESET;
 173:lib/STM32F10x_StdPeriph_Driver/src/stm32f10x_iwdg.c ****   }
 174:lib/STM32F10x_StdPeriph_Driver/src/stm32f10x_iwdg.c ****   /* Return the flag status */
 175:lib/STM32F10x_StdPeriph_Driver/src/stm32f10x_iwdg.c ****   return bitstatus;
 176:lib/STM32F10x_StdPeriph_Driver/src/stm32f10x_iwdg.c **** }
 166              		.loc 1 176 0
 167 004a 14BF     		ite	ne
 168 004c 0120     		movne	r0, #1
 169              	.LVL5:
 170 004e 0020     		moveq	r0, #0
 171 0050 7047     		bx	lr
 172              	.L18:
 173 0052 00BF     		.align	2
 174              	.L17:
 175 0054 00300040 		.word	1073754112
 176              		.cfi_endproc
 177              	.LFE34:
 179              	.Letext0:
 180              		.file 2 "/opt/gcc-arm/gcc-arm-none-eabi-6_2-2016q4/arm-none-eabi/include/machine/_default_types.h"
 181              		.file 3 "/opt/gcc-arm/gcc-arm-none-eabi-6_2-2016q4/arm-none-eabi/include/sys/_stdint.h"
 182              		.file 4 "./lib/CMSIS/CM3/CoreSupport/core_cm3.h"
 183              		.file 5 "./lib/CMSIS/CM3/DeviceSupport/ST/STM32F10x/system_stm32f10x.h"
 184              		.file 6 "./lib/CMSIS/CM3/DeviceSupport/ST/STM32F10x/stm32f10x.h"
DEFINED SYMBOLS
                            *ABS*:0000000000000000 stm32f10x_iwdg.c
     /tmp/cc0fwvNe.s:15     .text:0000000000000000 $t
     /tmp/cc0fwvNe.s:22     .text:0000000000000000 IWDG_WriteAccessCmd
     /tmp/cc0fwvNe.s:38     .text:0000000000000008 $d
     /tmp/cc0fwvNe.s:42     .text:000000000000000c $t
     /tmp/cc0fwvNe.s:49     .text:000000000000000c IWDG_SetPrescaler
     /tmp/cc0fwvNe.s:64     .text:0000000000000014 $d
     /tmp/cc0fwvNe.s:68     .text:0000000000000018 $t
     /tmp/cc0fwvNe.s:75     .text:0000000000000018 IWDG_SetReload
     /tmp/cc0fwvNe.s:90     .text:0000000000000020 $d
     /tmp/cc0fwvNe.s:94     .text:0000000000000024 $t
     /tmp/cc0fwvNe.s:101    .text:0000000000000024 IWDG_ReloadCounter
     /tmp/cc0fwvNe.s:116    .text:0000000000000030 $d
     /tmp/cc0fwvNe.s:120    .text:0000000000000034 $t
     /tmp/cc0fwvNe.s:127    .text:0000000000000034 IWDG_Enable
     /tmp/cc0fwvNe.s:142    .text:0000000000000040 $d
     /tmp/cc0fwvNe.s:146    .text:0000000000000044 $t
     /tmp/cc0fwvNe.s:153    .text:0000000000000044 IWDG_GetFlagStatus
     /tmp/cc0fwvNe.s:175    .text:0000000000000054 $d
                     .debug_frame:0000000000000010 $d

NO UNDEFINED SYMBOLS
